Copyright 1986-2018 Xilinx, Inc. All Rights Reserved.
-----------------------------------------------------------------------------------------------------------------------------------------------------------------
| Tool Version : Vivado v.2018.2 (win64) Build 2258646 Thu Jun 14 20:03:12 MDT 2018
| Date         : Thu Apr 25 14:54:29 2019
| Host         : SDHW-GL running 64-bit major release  (build 9200)
| Command      : report_methodology -file CTRL_FPGA_methodology_drc_routed.rpt -pb CTRL_FPGA_methodology_drc_routed.pb -rpx CTRL_FPGA_methodology_drc_routed.rpx
| Design       : CTRL_FPGA
| Device       : xc7a100tftg256-3
| Speed File   : -3
| Design State : Routed
-----------------------------------------------------------------------------------------------------------------------------------------------------------------

Report Methodology

Table of Contents
-----------------
1. REPORT SUMMARY
2. REPORT DETAILS

1. REPORT SUMMARY
-----------------
            Netlist: netlist
          Floorplan: design_1
      Design limits: <entire design considered>
             Max violations: <unlimited>
             Violations found: 139
+-----------+----------+-------------------------------+------------+
| Rule      | Severity | Description                   | Violations |
+-----------+----------+-------------------------------+------------+
| TIMING-18 | Warning  | Missing input or output delay | 139        |
+-----------+----------+-------------------------------+------------+

2. REPORT DETAILS
-----------------
TIMING-18#1 Warning
Missing input or output delay  
An input delay is missing on PRESENT relative to clock(s) sys_freq
Related violations: <none>

TIMING-18#2 Warning
Missing input or output delay  
An input delay is missing on SCL[0] relative to clock(s) sys_freq
Related violations: <none>

TIMING-18#3 Warning
Missing input or output delay  
An input delay is missing on SCL[10] relative to clock(s) sys_freq
Related violations: <none>

TIMING-18#4 Warning
Missing input or output delay  
An input delay is missing on SCL[11] relative to clock(s) sys_freq
Related violations: <none>

TIMING-18#5 Warning
Missing input or output delay  
An input delay is missing on SCL[12] relative to clock(s) sys_freq
Related violations: <none>

TIMING-18#6 Warning
Missing input or output delay  
An input delay is missing on SCL[13] relative to clock(s) sys_freq
Related violations: <none>

TIMING-18#7 Warning
Missing input or output delay  
An input delay is missing on SCL[14] relative to clock(s) sys_freq
Related violations: <none>

TIMING-18#8 Warning
Missing input or output delay  
An input delay is missing on SCL[15] relative to clock(s) sys_freq
Related violations: <none>

TIMING-18#9 Warning
Missing input or output delay  
An input delay is missing on SCL[16] relative to clock(s) sys_freq
Related violations: <none>

TIMING-18#10 Warning
Missing input or output delay  
An input delay is missing on SCL[17] relative to clock(s) sys_freq
Related violations: <none>

TIMING-18#11 Warning
Missing input or output delay  
An input delay is missing on SCL[18] relative to clock(s) sys_freq
Related violations: <none>

TIMING-18#12 Warning
Missing input or output delay  
An input delay is missing on SCL[19] relative to clock(s) sys_freq
Related violations: <none>

TIMING-18#13 Warning
Missing input or output delay  
An input delay is missing on SCL[1] relative to clock(s) sys_freq
Related violations: <none>

TIMING-18#14 Warning
Missing input or output delay  
An input delay is missing on SCL[20] relative to clock(s) sys_freq
Related violations: <none>

TIMING-18#15 Warning
Missing input or output delay  
An input delay is missing on SCL[21] relative to clock(s) sys_freq
Related violations: <none>

TIMING-18#16 Warning
Missing input or output delay  
An input delay is missing on SCL[22] relative to clock(s) sys_freq
Related violations: <none>

TIMING-18#17 Warning
Missing input or output delay  
An input delay is missing on SCL[23] relative to clock(s) sys_freq
Related violations: <none>

TIMING-18#18 Warning
Missing input or output delay  
An input delay is missing on SCL[24] relative to clock(s) sys_freq
Related violations: <none>

TIMING-18#19 Warning
Missing input or output delay  
An input delay is missing on SCL[25] relative to clock(s) sys_freq
Related violations: <none>

TIMING-18#20 Warning
Missing input or output delay  
An input delay is missing on SCL[26] relative to clock(s) sys_freq
Related violations: <none>

TIMING-18#21 Warning
Missing input or output delay  
An input delay is missing on SCL[27] relative to clock(s) sys_freq
Related violations: <none>

TIMING-18#22 Warning
Missing input or output delay  
An input delay is missing on SCL[28] relative to clock(s) sys_freq
Related violations: <none>

TIMING-18#23 Warning
Missing input or output delay  
An input delay is missing on SCL[29] relative to clock(s) sys_freq
Related violations: <none>

TIMING-18#24 Warning
Missing input or output delay  
An input delay is missing on SCL[2] relative to clock(s) sys_freq
Related violations: <none>

TIMING-18#25 Warning
Missing input or output delay  
An input delay is missing on SCL[30] relative to clock(s) sys_freq
Related violations: <none>

TIMING-18#26 Warning
Missing input or output delay  
An input delay is missing on SCL[31] relative to clock(s) sys_freq
Related violations: <none>

TIMING-18#27 Warning
Missing input or output delay  
An input delay is missing on SCL[32] relative to clock(s) sys_freq
Related violations: <none>

TIMING-18#28 Warning
Missing input or output delay  
An input delay is missing on SCL[33] relative to clock(s) sys_freq
Related violations: <none>

TIMING-18#29 Warning
Missing input or output delay  
An input delay is missing on SCL[34] relative to clock(s) sys_freq
Related violations: <none>

TIMING-18#30 Warning
Missing input or output delay  
An input delay is missing on SCL[35] relative to clock(s) sys_freq
Related violations: <none>

TIMING-18#31 Warning
Missing input or output delay  
An input delay is missing on SCL[36] relative to clock(s) sys_freq
Related violations: <none>

TIMING-18#32 Warning
Missing input or output delay  
An input delay is missing on SCL[37] relative to clock(s) sys_freq
Related violations: <none>

TIMING-18#33 Warning
Missing input or output delay  
An input delay is missing on SCL[38] relative to clock(s) sys_freq
Related violations: <none>

TIMING-18#34 Warning
Missing input or output delay  
An input delay is missing on SCL[39] relative to clock(s) sys_freq
Related violations: <none>

TIMING-18#35 Warning
Missing input or output delay  
An input delay is missing on SCL[3] relative to clock(s) sys_freq
Related violations: <none>

TIMING-18#36 Warning
Missing input or output delay  
An input delay is missing on SCL[40] relative to clock(s) sys_freq
Related violations: <none>

TIMING-18#37 Warning
Missing input or output delay  
An input delay is missing on SCL[41] relative to clock(s) sys_freq
Related violations: <none>

TIMING-18#38 Warning
Missing input or output delay  
An input delay is missing on SCL[42] relative to clock(s) sys_freq
Related violations: <none>

TIMING-18#39 Warning
Missing input or output delay  
An input delay is missing on SCL[43] relative to clock(s) sys_freq
Related violations: <none>

TIMING-18#40 Warning
Missing input or output delay  
An input delay is missing on SCL[44] relative to clock(s) sys_freq
Related violations: <none>

TIMING-18#41 Warning
Missing input or output delay  
An input delay is missing on SCL[45] relative to clock(s) sys_freq
Related violations: <none>

TIMING-18#42 Warning
Missing input or output delay  
An input delay is missing on SCL[46] relative to clock(s) sys_freq
Related violations: <none>

TIMING-18#43 Warning
Missing input or output delay  
An input delay is missing on SCL[47] relative to clock(s) sys_freq
Related violations: <none>

TIMING-18#44 Warning
Missing input or output delay  
An input delay is missing on SCL[48] relative to clock(s) sys_freq
Related violations: <none>

TIMING-18#45 Warning
Missing input or output delay  
An input delay is missing on SCL[49] relative to clock(s) sys_freq
Related violations: <none>

TIMING-18#46 Warning
Missing input or output delay  
An input delay is missing on SCL[4] relative to clock(s) sys_freq
Related violations: <none>

TIMING-18#47 Warning
Missing input or output delay  
An input delay is missing on SCL[50] relative to clock(s) sys_freq
Related violations: <none>

TIMING-18#48 Warning
Missing input or output delay  
An input delay is missing on SCL[51] relative to clock(s) sys_freq
Related violations: <none>

TIMING-18#49 Warning
Missing input or output delay  
An input delay is missing on SCL[52] relative to clock(s) sys_freq
Related violations: <none>

TIMING-18#50 Warning
Missing input or output delay  
An input delay is missing on SCL[53] relative to clock(s) sys_freq
Related violations: <none>

TIMING-18#51 Warning
Missing input or output delay  
An input delay is missing on SCL[54] relative to clock(s) sys_freq
Related violations: <none>

TIMING-18#52 Warning
Missing input or output delay  
An input delay is missing on SCL[55] relative to clock(s) sys_freq
Related violations: <none>

TIMING-18#53 Warning
Missing input or output delay  
An input delay is missing on SCL[56] relative to clock(s) sys_freq
Related violations: <none>

TIMING-18#54 Warning
Missing input or output delay  
An input delay is missing on SCL[57] relative to clock(s) sys_freq
Related violations: <none>

TIMING-18#55 Warning
Missing input or output delay  
An input delay is missing on SCL[58] relative to clock(s) sys_freq
Related violations: <none>

TIMING-18#56 Warning
Missing input or output delay  
An input delay is missing on SCL[59] relative to clock(s) sys_freq
Related violations: <none>

TIMING-18#57 Warning
Missing input or output delay  
An input delay is missing on SCL[5] relative to clock(s) sys_freq
Related violations: <none>

TIMING-18#58 Warning
Missing input or output delay  
An input delay is missing on SCL[60] relative to clock(s) sys_freq
Related violations: <none>

TIMING-18#59 Warning
Missing input or output delay  
An input delay is missing on SCL[61] relative to clock(s) sys_freq
Related violations: <none>

TIMING-18#60 Warning
Missing input or output delay  
An input delay is missing on SCL[62] relative to clock(s) sys_freq
Related violations: <none>

TIMING-18#61 Warning
Missing input or output delay  
An input delay is missing on SCL[63] relative to clock(s) sys_freq
Related violations: <none>

TIMING-18#62 Warning
Missing input or output delay  
An input delay is missing on SCL[6] relative to clock(s) sys_freq
Related violations: <none>

TIMING-18#63 Warning
Missing input or output delay  
An input delay is missing on SCL[7] relative to clock(s) sys_freq
Related violations: <none>

TIMING-18#64 Warning
Missing input or output delay  
An input delay is missing on SCL[8] relative to clock(s) sys_freq
Related violations: <none>

TIMING-18#65 Warning
Missing input or output delay  
An input delay is missing on SCL[9] relative to clock(s) sys_freq
Related violations: <none>

TIMING-18#66 Warning
Missing input or output delay  
An input delay is missing on SCL_FAN_IN relative to clock(s) sys_freq
Related violations: <none>

TIMING-18#67 Warning
Missing input or output delay  
An input delay is missing on SCL_FAN_OUT relative to clock(s) sys_freq
Related violations: <none>

TIMING-18#68 Warning
Missing input or output delay  
An input delay is missing on SCL_SLAVE relative to clock(s) sys_freq
Related violations: <none>

TIMING-18#69 Warning
Missing input or output delay  
An input delay is missing on SDA[0] relative to clock(s) sys_freq
Related violations: <none>

TIMING-18#70 Warning
Missing input or output delay  
An input delay is missing on SDA[10] relative to clock(s) sys_freq
Related violations: <none>

TIMING-18#71 Warning
Missing input or output delay  
An input delay is missing on SDA[11] relative to clock(s) sys_freq
Related violations: <none>

TIMING-18#72 Warning
Missing input or output delay  
An input delay is missing on SDA[12] relative to clock(s) sys_freq
Related violations: <none>

TIMING-18#73 Warning
Missing input or output delay  
An input delay is missing on SDA[13] relative to clock(s) sys_freq
Related violations: <none>

TIMING-18#74 Warning
Missing input or output delay  
An input delay is missing on SDA[14] relative to clock(s) sys_freq
Related violations: <none>

TIMING-18#75 Warning
Missing input or output delay  
An input delay is missing on SDA[15] relative to clock(s) sys_freq
Related violations: <none>

TIMING-18#76 Warning
Missing input or output delay  
An input delay is missing on SDA[16] relative to clock(s) sys_freq
Related violations: <none>

TIMING-18#77 Warning
Missing input or output delay  
An input delay is missing on SDA[17] relative to clock(s) sys_freq
Related violations: <none>

TIMING-18#78 Warning
Missing input or output delay  
An input delay is missing on SDA[18] relative to clock(s) sys_freq
Related violations: <none>

TIMING-18#79 Warning
Missing input or output delay  
An input delay is missing on SDA[19] relative to clock(s) sys_freq
Related violations: <none>

TIMING-18#80 Warning
Missing input or output delay  
An input delay is missing on SDA[1] relative to clock(s) sys_freq
Related violations: <none>

TIMING-18#81 Warning
Missing input or output delay  
An input delay is missing on SDA[20] relative to clock(s) sys_freq
Related violations: <none>

TIMING-18#82 Warning
Missing input or output delay  
An input delay is missing on SDA[21] relative to clock(s) sys_freq
Related violations: <none>

TIMING-18#83 Warning
Missing input or output delay  
An input delay is missing on SDA[22] relative to clock(s) sys_freq
Related violations: <none>

TIMING-18#84 Warning
Missing input or output delay  
An input delay is missing on SDA[23] relative to clock(s) sys_freq
Related violations: <none>

TIMING-18#85 Warning
Missing input or output delay  
An input delay is missing on SDA[24] relative to clock(s) sys_freq
Related violations: <none>

TIMING-18#86 Warning
Missing input or output delay  
An input delay is missing on SDA[25] relative to clock(s) sys_freq
Related violations: <none>

TIMING-18#87 Warning
Missing input or output delay  
An input delay is missing on SDA[26] relative to clock(s) sys_freq
Related violations: <none>

TIMING-18#88 Warning
Missing input or output delay  
An input delay is missing on SDA[27] relative to clock(s) sys_freq
Related violations: <none>

TIMING-18#89 Warning
Missing input or output delay  
An input delay is missing on SDA[28] relative to clock(s) sys_freq
Related violations: <none>

TIMING-18#90 Warning
Missing input or output delay  
An input delay is missing on SDA[29] relative to clock(s) sys_freq
Related violations: <none>

TIMING-18#91 Warning
Missing input or output delay  
An input delay is missing on SDA[2] relative to clock(s) sys_freq
Related violations: <none>

TIMING-18#92 Warning
Missing input or output delay  
An input delay is missing on SDA[30] relative to clock(s) sys_freq
Related violations: <none>

TIMING-18#93 Warning
Missing input or output delay  
An input delay is missing on SDA[31] relative to clock(s) sys_freq
Related violations: <none>

TIMING-18#94 Warning
Missing input or output delay  
An input delay is missing on SDA[32] relative to clock(s) sys_freq
Related violations: <none>

TIMING-18#95 Warning
Missing input or output delay  
An input delay is missing on SDA[33] relative to clock(s) sys_freq
Related violations: <none>

TIMING-18#96 Warning
Missing input or output delay  
An input delay is missing on SDA[34] relative to clock(s) sys_freq
Related violations: <none>

TIMING-18#97 Warning
Missing input or output delay  
An input delay is missing on SDA[35] relative to clock(s) sys_freq
Related violations: <none>

TIMING-18#98 Warning
Missing input or output delay  
An input delay is missing on SDA[36] relative to clock(s) sys_freq
Related violations: <none>

TIMING-18#99 Warning
Missing input or output delay  
An input delay is missing on SDA[37] relative to clock(s) sys_freq
Related violations: <none>

TIMING-18#100 Warning
Missing input or output delay  
An input delay is missing on SDA[38] relative to clock(s) sys_freq
Related violations: <none>

TIMING-18#101 Warning
Missing input or output delay  
An input delay is missing on SDA[39] relative to clock(s) sys_freq
Related violations: <none>

TIMING-18#102 Warning
Missing input or output delay  
An input delay is missing on SDA[3] relative to clock(s) sys_freq
Related violations: <none>

TIMING-18#103 Warning
Missing input or output delay  
An input delay is missing on SDA[40] relative to clock(s) sys_freq
Related violations: <none>

TIMING-18#104 Warning
Missing input or output delay  
An input delay is missing on SDA[41] relative to clock(s) sys_freq
Related violations: <none>

TIMING-18#105 Warning
Missing input or output delay  
An input delay is missing on SDA[42] relative to clock(s) sys_freq
Related violations: <none>

TIMING-18#106 Warning
Missing input or output delay  
An input delay is missing on SDA[43] relative to clock(s) sys_freq
Related violations: <none>

TIMING-18#107 Warning
Missing input or output delay  
An input delay is missing on SDA[44] relative to clock(s) sys_freq
Related violations: <none>

TIMING-18#108 Warning
Missing input or output delay  
An input delay is missing on SDA[45] relative to clock(s) sys_freq
Related violations: <none>

TIMING-18#109 Warning
Missing input or output delay  
An input delay is missing on SDA[46] relative to clock(s) sys_freq
Related violations: <none>

TIMING-18#110 Warning
Missing input or output delay  
An input delay is missing on SDA[47] relative to clock(s) sys_freq
Related violations: <none>

TIMING-18#111 Warning
Missing input or output delay  
An input delay is missing on SDA[48] relative to clock(s) sys_freq
Related violations: <none>

TIMING-18#112 Warning
Missing input or output delay  
An input delay is missing on SDA[49] relative to clock(s) sys_freq
Related violations: <none>

TIMING-18#113 Warning
Missing input or output delay  
An input delay is missing on SDA[4] relative to clock(s) sys_freq
Related violations: <none>

TIMING-18#114 Warning
Missing input or output delay  
An input delay is missing on SDA[50] relative to clock(s) sys_freq
Related violations: <none>

TIMING-18#115 Warning
Missing input or output delay  
An input delay is missing on SDA[51] relative to clock(s) sys_freq
Related violations: <none>

TIMING-18#116 Warning
Missing input or output delay  
An input delay is missing on SDA[52] relative to clock(s) sys_freq
Related violations: <none>

TIMING-18#117 Warning
Missing input or output delay  
An input delay is missing on SDA[53] relative to clock(s) sys_freq
Related violations: <none>

TIMING-18#118 Warning
Missing input or output delay  
An input delay is missing on SDA[54] relative to clock(s) sys_freq
Related violations: <none>

TIMING-18#119 Warning
Missing input or output delay  
An input delay is missing on SDA[55] relative to clock(s) sys_freq
Related violations: <none>

TIMING-18#120 Warning
Missing input or output delay  
An input delay is missing on SDA[56] relative to clock(s) sys_freq
Related violations: <none>

TIMING-18#121 Warning
Missing input or output delay  
An input delay is missing on SDA[57] relative to clock(s) sys_freq
Related violations: <none>

TIMING-18#122 Warning
Missing input or output delay  
An input delay is missing on SDA[58] relative to clock(s) sys_freq
Related violations: <none>

TIMING-18#123 Warning
Missing input or output delay  
An input delay is missing on SDA[59] relative to clock(s) sys_freq
Related violations: <none>

TIMING-18#124 Warning
Missing input or output delay  
An input delay is missing on SDA[5] relative to clock(s) sys_freq
Related violations: <none>

TIMING-18#125 Warning
Missing input or output delay  
An input delay is missing on SDA[60] relative to clock(s) sys_freq
Related violations: <none>

TIMING-18#126 Warning
Missing input or output delay  
An input delay is missing on SDA[61] relative to clock(s) sys_freq
Related violations: <none>

TIMING-18#127 Warning
Missing input or output delay  
An input delay is missing on SDA[62] relative to clock(s) sys_freq
Related violations: <none>

TIMING-18#128 Warning
Missing input or output delay  
An input delay is missing on SDA[63] relative to clock(s) sys_freq
Related violations: <none>

TIMING-18#129 Warning
Missing input or output delay  
An input delay is missing on SDA[6] relative to clock(s) sys_freq
Related violations: <none>

TIMING-18#130 Warning
Missing input or output delay  
An input delay is missing on SDA[7] relative to clock(s) sys_freq
Related violations: <none>

TIMING-18#131 Warning
Missing input or output delay  
An input delay is missing on SDA[8] relative to clock(s) sys_freq
Related violations: <none>

TIMING-18#132 Warning
Missing input or output delay  
An input delay is missing on SDA[9] relative to clock(s) sys_freq
Related violations: <none>

TIMING-18#133 Warning
Missing input or output delay  
An input delay is missing on SDA_FAN_IN relative to clock(s) sys_freq
Related violations: <none>

TIMING-18#134 Warning
Missing input or output delay  
An input delay is missing on SDA_FAN_OUT relative to clock(s) sys_freq
Related violations: <none>

TIMING-18#135 Warning
Missing input or output delay  
An input delay is missing on SDA_SLAVE relative to clock(s) sys_freq
Related violations: <none>

TIMING-18#136 Warning
Missing input or output delay  
An output delay is missing on IRQ relative to clock(s) sys_freq
Related violations: <none>

TIMING-18#137 Warning
Missing input or output delay  
An output delay is missing on LED[0] relative to clock(s) sys_freq
Related violations: <none>

TIMING-18#138 Warning
Missing input or output delay  
An output delay is missing on LED[1] relative to clock(s) sys_freq
Related violations: <none>

TIMING-18#139 Warning
Missing input or output delay  
An output delay is missing on PWM relative to clock(s) sys_freq
Related violations: <none>


