Copyright 1986-2018 Xilinx, Inc. All Rights Reserved.
-------------------------------------------------------------------------------------------------
| Tool Version              : Vivado v.2018.2 (win64) Build 2258646 Thu Jun 14 20:03:12 MDT 2018
| Date                      : Thu Apr 25 14:53:11 2019
| Host                      : SDHW-GL running 64-bit major release  (build 9200)
| Command                   : report_io -file CTRL_FPGA_io_placed.rpt
| Design                    : CTRL_FPGA
| Device                    : xc7a100t
| Speed File                : -3
| Package                   : ftg256
| Package Version           : FINAL 2012-06-26
| Package Pin Delay Version : VERS. 2.0 2012-06-26
-------------------------------------------------------------------------------------------------

IO Information

Table of Contents
-----------------
1. Summary
2. IO Assignments by Package Pin

1. Summary
----------

+---------------+
| Total User IO |
+---------------+
|           161 |
+---------------+


2. IO Assignments by Package Pin
--------------------------------

+------------+-------------+------------+------------------------------+-------------+-------------+---------+------------+------+---------------------+----------------------+---------+------------+-----------+----------+------+------------------+--------------+-------------------+--------------+
| Pin Number | Signal Name | Bank Type  | Pin Name                     | Use         | IO Standard | IO Bank | Drive (mA) | Slew | On-Chip Termination | Off-Chip Termination | Voltage | Constraint | Pull Type | DQS Bias | Vref | Signal Integrity | Pre Emphasis | Lvds Pre Emphasis | Equalization |
+------------+-------------+------------+------------------------------+-------------+-------------+---------+------------+------+---------------------+----------------------+---------+------------+-----------+----------+------+------------------+--------------+-------------------+--------------+
| A1         |             |            | GND                          | GND         |             |         |            |      |                     |                      |     0.0 |            |           |          |      |                  |              |                   |              |
| A2         | SDA[38]     | High Range | IO_L8N_T1_AD14N_35           | BIDIR       | LVCMOS33    |      35 |         12 | SLOW |                     |            FP_VTT_50 |         | FIXED      | PULLUP    |          |      | NONE             |              |                   |              |
| A3         | SDA[62]     | High Range | IO_L4N_T0_35                 | BIDIR       | LVCMOS33    |      35 |         12 | SLOW |                     |            FP_VTT_50 |         | FIXED      | PULLUP    |          |      | NONE             |              |                   |              |
| A4         | SDA[55]     | High Range | IO_L3N_T0_DQS_AD5N_35        | BIDIR       | LVCMOS33    |      35 |         12 | SLOW |                     |            FP_VTT_50 |         | FIXED      | PULLUP    |          |      | NONE             |              |                   |              |
| A5         | SDA[39]     | High Range | IO_L3P_T0_DQS_AD5P_35        | BIDIR       | LVCMOS33    |      35 |         12 | SLOW |                     |            FP_VTT_50 |         | FIXED      | PULLUP    |          |      | NONE             |              |                   |              |
| A6         |             | High Range | VCCO_35                      | VCCO        |             |      35 |            |      |                     |                      |    3.30 |            |           |          |      |                  |              |                   |              |
| A7         | SDA[19]     | High Range | IO_L1N_T0_AD4N_35            | BIDIR       | LVCMOS33    |      35 |         12 | SLOW |                     |            FP_VTT_50 |         | FIXED      | PULLUP    |          |      | NONE             |              |                   |              |
| A8         | SDA[8]      | High Range | IO_L2P_T0_AD8P_15            | BIDIR       | LVCMOS33    |      15 |         12 | SLOW |                     |            FP_VTT_50 |         | FIXED      | PULLUP    |          |      | NONE             |              |                   |              |
| A9         | SDA[10]     | High Range | IO_L2N_T0_AD8N_15            | BIDIR       | LVCMOS33    |      15 |         12 | SLOW |                     |            FP_VTT_50 |         | FIXED      | PULLUP    |          |      | NONE             |              |                   |              |
| A10        | SDA[0]      | High Range | IO_L3N_T0_DQS_AD1N_15        | BIDIR       | LVCMOS33    |      15 |         12 | SLOW |                     |            FP_VTT_50 |         | FIXED      | PULLUP    |          |      | NONE             |              |                   |              |
| A11        |             |            | GND                          | GND         |             |         |            |      |                     |                      |     0.0 |            |           |          |      |                  |              |                   |              |
| A12        | SDA[3]      | High Range | IO_L5N_T0_AD9N_15            | BIDIR       | LVCMOS33    |      15 |         12 | SLOW |                     |            FP_VTT_50 |         | FIXED      | PULLUP    |          |      | NONE             |              |                   |              |
| A13        | SCL[20]     | High Range | IO_L7P_T1_AD2P_15            | BIDIR       | LVCMOS33    |      15 |         12 | SLOW |                     |            FP_VTT_50 |         | FIXED      | PULLUP    |          |      | NONE             |              |                   |              |
| A14        | SCL[4]      | High Range | IO_L7N_T1_AD2N_15            | BIDIR       | LVCMOS33    |      15 |         12 | SLOW |                     |            FP_VTT_50 |         | FIXED      | PULLUP    |          |      | NONE             |              |                   |              |
| A15        | SDA[29]     | High Range | IO_L9N_T1_DQS_AD3N_15        | BIDIR       | LVCMOS33    |      15 |         12 | SLOW |                     |            FP_VTT_50 |         | FIXED      | PULLUP    |          |      | NONE             |              |                   |              |
| A16        |             | High Range | VCCO_15                      | VCCO        |             |      15 |            |      |                     |                      |    3.30 |            |           |          |      |                  |              |                   |              |
| B1         | SDA[54]     | High Range | IO_L9N_T1_DQS_AD7N_35        | BIDIR       | LVCMOS33    |      35 |         12 | SLOW |                     |            FP_VTT_50 |         | FIXED      | PULLUP    |          |      | NONE             |              |                   |              |
| B2         | SDA[46]     | High Range | IO_L8P_T1_AD14P_35           | BIDIR       | LVCMOS33    |      35 |         12 | SLOW |                     |            FP_VTT_50 |         | FIXED      | PULLUP    |          |      | NONE             |              |                   |              |
| B3         |             | High Range | VCCO_35                      | VCCO        |             |      35 |            |      |                     |                      |    3.30 |            |           |          |      |                  |              |                   |              |
| B4         | SDA[63]     | High Range | IO_L4P_T0_35                 | BIDIR       | LVCMOS33    |      35 |         12 | SLOW |                     |            FP_VTT_50 |         | FIXED      | PULLUP    |          |      | NONE             |              |                   |              |
| B5         | SDA[47]     | High Range | IO_L2N_T0_AD12N_35           | BIDIR       | LVCMOS33    |      35 |         12 | SLOW |                     |            FP_VTT_50 |         | FIXED      | PULLUP    |          |      | NONE             |              |                   |              |
| B6         | SDA[18]     | High Range | IO_L2P_T0_AD12P_35           | BIDIR       | LVCMOS33    |      35 |         12 | SLOW |                     |            FP_VTT_50 |         | FIXED      | PULLUP    |          |      | NONE             |              |                   |              |
| B7         | SCL[55]     | High Range | IO_L1P_T0_AD4P_35            | BIDIR       | LVCMOS33    |      35 |         12 | SLOW |                     |            FP_VTT_50 |         | FIXED      | PULLUP    |          |      | NONE             |              |                   |              |
| B8         |             |            | GND                          | GND         |             |         |            |      |                     |                      |     0.0 |            |           |          |      |                  |              |                   |              |
| B9         | SDA[9]      | High Range | IO_L3P_T0_DQS_AD1P_15        | BIDIR       | LVCMOS33    |      15 |         12 | SLOW |                     |            FP_VTT_50 |         | FIXED      | PULLUP    |          |      | NONE             |              |                   |              |
| B10        | SDA[11]     | High Range | IO_L4P_T0_15                 | BIDIR       | LVCMOS33    |      15 |         12 | SLOW |                     |            FP_VTT_50 |         | FIXED      | PULLUP    |          |      | NONE             |              |                   |              |
| B11        | SDA[1]      | High Range | IO_L4N_T0_15                 | BIDIR       | LVCMOS33    |      15 |         12 | SLOW |                     |            FP_VTT_50 |         | FIXED      | PULLUP    |          |      | NONE             |              |                   |              |
| B12        | SCL[28]     | High Range | IO_L5P_T0_AD9P_15            | BIDIR       | LVCMOS33    |      15 |         12 | SLOW |                     |            FP_VTT_50 |         | FIXED      | PULLUP    |          |      | NONE             |              |                   |              |
| B13        |             | High Range | VCCO_15                      | VCCO        |             |      15 |            |      |                     |                      |    3.30 |            |           |          |      |                  |              |                   |              |
| B14        | SDA[5]      | High Range | IO_L8N_T1_AD10N_15           | BIDIR       | LVCMOS33    |      15 |         12 | SLOW |                     |            FP_VTT_50 |         | FIXED      | PULLUP    |          |      | NONE             |              |                   |              |
| B15        | SDA[21]     | High Range | IO_L9P_T1_DQS_AD3P_15        | BIDIR       | LVCMOS33    |      15 |         12 | SLOW |                     |            FP_VTT_50 |         | FIXED      | PULLUP    |          |      | NONE             |              |                   |              |
| B16        | LED_PWR_OUT | High Range | IO_L10N_T1_AD11N_15          | OUTPUT      | LVCMOS33    |      15 |         12 | SLOW |                     |            FP_VTT_50 |         | FIXED      |           |          |      | NONE             |              |                   |              |
| C1         | SDA[45]     | High Range | IO_L9P_T1_DQS_AD7P_35        | BIDIR       | LVCMOS33    |      35 |         12 | SLOW |                     |            FP_VTT_50 |         | FIXED      | PULLUP    |          |      | NONE             |              |                   |              |
| C2         | SDA[53]     | High Range | IO_L7N_T1_AD6N_35            | BIDIR       | LVCMOS33    |      35 |         12 | SLOW |                     |            FP_VTT_50 |         | FIXED      | PULLUP    |          |      | NONE             |              |                   |              |
| C3         | SCL[54]     | High Range | IO_L7P_T1_AD6P_35            | BIDIR       | LVCMOS33    |      35 |         12 | SLOW |                     |            FP_VTT_50 |         | FIXED      | PULLUP    |          |      | NONE             |              |                   |              |
| C4         | SCL[46]     | High Range | IO_L12N_T1_MRCC_35           | BIDIR       | LVCMOS33    |      35 |         12 | SLOW |                     |            FP_VTT_50 |         | FIXED      | PULLUP    |          |      | NONE             |              |                   |              |
| C5         |             |            | GND                          | GND         |             |         |            |      |                     |                      |     0.0 |            |           |          |      |                  |              |                   |              |
| C6         | SCL[62]     | High Range | IO_L5N_T0_AD13N_35           | BIDIR       | LVCMOS33    |      35 |         12 | SLOW |                     |            FP_VTT_50 |         | FIXED      | PULLUP    |          |      | NONE             |              |                   |              |
| C7         | SCL[29]     | High Range | IO_L5P_T0_AD13P_35           | BIDIR       | LVCMOS33    |      35 |         12 | SLOW |                     |            FP_VTT_50 |         | FIXED      | PULLUP    |          |      | NONE             |              |                   |              |
| C8         | SCL[47]     | High Range | IO_L1P_T0_AD0P_15            | BIDIR       | LVCMOS33    |      15 |         12 | SLOW |                     |            FP_VTT_50 |         | FIXED      | PULLUP    |          |      | NONE             |              |                   |              |
| C9         | SCL[31]     | High Range | IO_L1N_T0_AD0N_15            | BIDIR       | LVCMOS33    |      15 |         12 | SLOW |                     |            FP_VTT_50 |         | FIXED      | PULLUP    |          |      | NONE             |              |                   |              |
| C10        |             | High Range | VCCO_15                      | VCCO        |             |      15 |            |      |                     |                      |    3.30 |            |           |          |      |                  |              |                   |              |
| C11        | SCL_FAN_OUT | High Range | IO_L11P_T1_SRCC_15           | BIDIR       | LVCMOS33    |      15 |         12 | SLOW |                     |            FP_VTT_50 |         | FIXED      | PULLUP    |          |      | NONE             |              |                   |              |
| C12        |             | High Range | IO_L11N_T1_SRCC_15           | User IO     |             |      15 |            |      |                     |                      |         |            |           |          |      |                  |              |                   |              |
| C13        |             | High Range | IO_L12N_T1_MRCC_15           | User IO     |             |      15 |            |      |                     |                      |         |            |           |          |      |                  |              |                   |              |
| C14        | SCL[12]     | High Range | IO_L8P_T1_AD10P_15           | BIDIR       | LVCMOS33    |      15 |         12 | SLOW |                     |            FP_VTT_50 |         | FIXED      | PULLUP    |          |      | NONE             |              |                   |              |
| C15        |             |            | GND                          | GND         |             |         |            |      |                     |                      |     0.0 |            |           |          |      |                  |              |                   |              |
| C16        | LED_COM     | High Range | IO_L10P_T1_AD11P_15          | OUTPUT      | LVCMOS33    |      15 |         12 | SLOW |                     |            FP_VTT_50 |         | FIXED      |           |          |      | NONE             |              |                   |              |
| D1         | SDA[37]     | High Range | IO_L10N_T1_AD15N_35          | BIDIR       | LVCMOS33    |      35 |         12 | SLOW |                     |            FP_VTT_50 |         | FIXED      | PULLUP    |          |      | NONE             |              |                   |              |
| D2         |             |            | GND                          | GND         |             |         |            |      |                     |                      |     0.0 |            |           |          |      |                  |              |                   |              |
| D3         | SCL[53]     | High Range | IO_L11N_T1_SRCC_35           | BIDIR       | LVCMOS33    |      35 |         12 | SLOW |                     |            FP_VTT_50 |         | FIXED      | PULLUP    |          |      | NONE             |              |                   |              |
| D4         | CLK_IN      | High Range | IO_L12P_T1_MRCC_35           | INPUT       | LVCMOS33    |      35 |            |      |                     |                 NONE |         | FIXED      |           |          |      | NONE             |              |                   |              |
| D5         | SCL[38]     | High Range | IO_L6N_T0_VREF_35            | BIDIR       | LVCMOS33    |      35 |         12 | SLOW |                     |            FP_VTT_50 |         | FIXED      | PULLUP    |          |      | NONE             |              |                   |              |
| D6         | SCL[63]     | High Range | IO_L6P_T0_35                 | BIDIR       | LVCMOS33    |      35 |         12 | SLOW |                     |            FP_VTT_50 |         | FIXED      | PULLUP    |          |      | NONE             |              |                   |              |
| D7         |             | High Range | VCCO_35                      | VCCO        |             |      35 |            |      |                     |                      |    3.30 |            |           |          |      |                  |              |                   |              |
| D8         | SCL[39]     | High Range | IO_L6P_T0_15                 | BIDIR       | LVCMOS33    |      15 |         12 | SLOW |                     |            FP_VTT_50 |         | FIXED      | PULLUP    |          |      | NONE             |              |                   |              |
| D9         |             | High Range | IO_L6N_T0_VREF_15            | User IO     |             |      15 |            |      |                     |                      |         |            |           |          |      |                  |              |                   |              |
| D10        | SCL[21]     | High Range | IO_0_15                      | BIDIR       | LVCMOS33    |      15 |         12 | SLOW |                     |            FP_VTT_50 |         | FIXED      | PULLUP    |          |      | NONE             |              |                   |              |
| D11        |             | High Range | IO_L14N_T2_SRCC_15           | User IO     |             |      15 |            |      |                     |                      |         |            |           |          |      |                  |              |                   |              |
| D12        |             |            | GND                          | GND         |             |         |            |      |                     |                      |     0.0 |            |           |          |      |                  |              |                   |              |
| D13        | SDA_SLAVE   | High Range | IO_L12P_T1_MRCC_15           | BIDIR       | LVCMOS33    |      15 |         12 | SLOW |                     |            FP_VTT_50 |         | FIXED      | PULLUP    |          |      | NONE             |              |                   |              |
| D14        | SDA[13]     | High Range | IO_L15P_T2_DQS_15            | BIDIR       | LVCMOS33    |      15 |         12 | SLOW |                     |            FP_VTT_50 |         | FIXED      | PULLUP    |          |      | NONE             |              |                   |              |
| D15        | SCL_PROB    | High Range | IO_L15N_T2_DQS_ADV_B_15      | INPUT       | LVCMOS33    |      15 |            |      |                     |                 NONE |         | FIXED      | PULLUP    |          |      | NONE             |              |                   |              |
| D16        | SDA_PROB    | High Range | IO_L17N_T2_A25_15            | INPUT       | LVCMOS33    |      15 |            |      |                     |                 NONE |         | FIXED      | PULLUP    |          |      | NONE             |              |                   |              |
| E1         | SCL[60]     | High Range | IO_L15N_T2_DQS_35            | BIDIR       | LVCMOS33    |      35 |         12 | SLOW |                     |            FP_VTT_50 |         | FIXED      | PULLUP    |          |      | NONE             |              |                   |              |
| E2         | SDA[61]     | High Range | IO_L10P_T1_AD15P_35          | BIDIR       | LVCMOS33    |      35 |         12 | SLOW |                     |            FP_VTT_50 |         | FIXED      | PULLUP    |          |      | NONE             |              |                   |              |
| E3         | SCL[45]     | High Range | IO_L11P_T1_SRCC_35           | BIDIR       | LVCMOS33    |      35 |         12 | SLOW |                     |            FP_VTT_50 |         | FIXED      | PULLUP    |          |      | NONE             |              |                   |              |
| E4         |             | High Range | VCCO_35                      | VCCO        |             |      35 |            |      |                     |                      |    3.30 |            |           |          |      |                  |              |                   |              |
| E5         | SDA[4]      | High Range | IO_L13N_T2_MRCC_35           | BIDIR       | LVCMOS33    |      35 |         12 | SLOW |                     |            FP_VTT_50 |         | FIXED      | PULLUP    |          |      | NONE             |              |                   |              |
| E6         | SCL[5]      | High Range | IO_0_35                      | BIDIR       | LVCMOS33    |      35 |         12 | SLOW |                     |            FP_VTT_50 |         | FIXED      | PULLUP    |          |      | NONE             |              |                   |              |
| E7         |             | Dedicated  | CFGBVS_0                     | Config      |             |       0 |            |      |                     |                      |         |            |           |          |      |                  |              |                   |              |
| E8         |             | Dedicated  | CCLK_0                       | Config      |             |       0 |            |      |                     |                      |         |            |           |          |      |                  |              |                   |              |
| E9         |             |            | GND                          | GND         |             |         |            |      |                     |                      |     0.0 |            |           |          |      |                  |              |                   |              |
| E10        |             |            | VCCBRAM                      | VCCBRAM     |             |         |            |      |                     |                      |         |            |           |          |      |                  |              |                   |              |
| E11        | SCL[13]     | High Range | IO_L14P_T2_SRCC_15           | BIDIR       | LVCMOS33    |      15 |         12 | SLOW |                     |            FP_VTT_50 |         | FIXED      | PULLUP    |          |      | NONE             |              |                   |              |
| E12        | SCL[14]     | High Range | IO_L13P_T2_MRCC_15           | BIDIR       | LVCMOS33    |      15 |         12 | SLOW |                     |            FP_VTT_50 |         | FIXED      | PULLUP    |          |      | NONE             |              |                   |              |
| E13        | SDA[14]     | High Range | IO_L13N_T2_MRCC_15           | BIDIR       | LVCMOS33    |      15 |         12 | SLOW |                     |            FP_VTT_50 |         | FIXED      | PULLUP    |          |      | NONE             |              |                   |              |
| E14        |             | High Range | VCCO_15                      | VCCO        |             |      15 |            |      |                     |                      |    3.30 |            |           |          |      |                  |              |                   |              |
| E15        | SDA_FAN_IN  | High Range | IO_L18N_T2_A23_15            | BIDIR       | LVCMOS33    |      15 |         12 | SLOW |                     |            FP_VTT_50 |         | FIXED      | PULLUP    |          |      | NONE             |              |                   |              |
| E16        | PRESENT     | High Range | IO_L17P_T2_A26_15            | INPUT       | LVCMOS33    |      15 |            |      |                     |                 NONE |         | FIXED      |           |          |      | NONE             |              |                   |              |
| F1         |             | High Range | VCCO_35                      | VCCO        |             |      35 |            |      |                     |                      |    3.30 |            |           |          |      |                  |              |                   |              |
| F2         | SCL[37]     | High Range | IO_L15P_T2_DQS_35            | BIDIR       | LVCMOS33    |      35 |         12 | SLOW |                     |            FP_VTT_50 |         | FIXED      | PULLUP    |          |      | NONE             |              |                   |              |
| F3         |             | High Range | IO_L14N_T2_SRCC_35           | User IO     |             |      35 |            |      |                     |                      |         |            |           |          |      |                  |              |                   |              |
| F4         | SCL[61]     | High Range | IO_L14P_T2_SRCC_35           | BIDIR       | LVCMOS33    |      35 |         12 | SLOW |                     |            FP_VTT_50 |         | FIXED      | PULLUP    |          |      | NONE             |              |                   |              |
| F5         | SDA[12]     | High Range | IO_L13P_T2_MRCC_35           | BIDIR       | LVCMOS33    |      35 |         12 | SLOW |                     |            FP_VTT_50 |         | FIXED      | PULLUP    |          |      | NONE             |              |                   |              |
| F6         |             |            | GND                          | GND         |             |         |            |      |                     |                      |     0.0 |            |           |          |      |                  |              |                   |              |
| F7         |             |            | VCCINT                       | VCCINT      |             |         |            |      |                     |                      |         |            |           |          |      |                  |              |                   |              |
| F8         |             | Dedicated  | VCCBATT_0                    | Config      |             |       0 |            |      |                     |                      |         |            |           |          |      |                  |              |                   |              |
| F9         |             |            | VCCINT                       | VCCINT      |             |         |            |      |                     |                      |         |            |           |          |      |                  |              |                   |              |
| F10        |             |            | GND                          | GND         |             |         |            |      |                     |                      |     0.0 |            |           |          |      |                  |              |                   |              |
| F11        |             |            | VCCBRAM                      | VCCBRAM     |             |         |            |      |                     |                      |         |            |           |          |      |                  |              |                   |              |
| F12        | SCL[22]     | High Range | IO_L16P_T2_A28_15            | BIDIR       | LVCMOS33    |      15 |         12 | SLOW |                     |            FP_VTT_50 |         | FIXED      | PULLUP    |          |      | NONE             |              |                   |              |
| F13        | SDA[22]     | High Range | IO_L16N_T2_A27_15            | BIDIR       | LVCMOS33    |      15 |         12 | SLOW |                     |            FP_VTT_50 |         | FIXED      | PULLUP    |          |      | NONE             |              |                   |              |
| F14        | SDA[30]     | High Range | IO_L21N_T3_DQS_A18_15        | BIDIR       | LVCMOS33    |      15 |         12 | SLOW |                     |            FP_VTT_50 |         | FIXED      | PULLUP    |          |      | NONE             |              |                   |              |
| F15        | SDA[6]      | High Range | IO_L18P_T2_A24_15            | BIDIR       | LVCMOS33    |      15 |         12 | SLOW |                     |            FP_VTT_50 |         | FIXED      | PULLUP    |          |      | NONE             |              |                   |              |
| F16        |             |            | GND                          | GND         |             |         |            |      |                     |                      |     0.0 |            |           |          |      |                  |              |                   |              |
| G1         | SCL[44]     | High Range | IO_L17N_T2_35                | BIDIR       | LVCMOS33    |      35 |         12 | SLOW |                     |            FP_VTT_50 |         | FIXED      | PULLUP    |          |      | NONE             |              |                   |              |
| G2         | SCL[52]     | High Range | IO_L17P_T2_35                | BIDIR       | LVCMOS33    |      35 |         12 | SLOW |                     |            FP_VTT_50 |         | FIXED      | PULLUP    |          |      | NONE             |              |                   |              |
| G3         |             |            | GND                          | GND         |             |         |            |      |                     |                      |     0.0 |            |           |          |      |                  |              |                   |              |
| G4         | SDA[60]     | High Range | IO_L16N_T2_35                | BIDIR       | LVCMOS33    |      35 |         12 | SLOW |                     |            FP_VTT_50 |         | FIXED      | PULLUP    |          |      | NONE             |              |                   |              |
| G5         | SDA[20]     | High Range | IO_L16P_T2_35                | BIDIR       | LVCMOS33    |      35 |         12 | SLOW |                     |            FP_VTT_50 |         | FIXED      | PULLUP    |          |      | NONE             |              |                   |              |
| G6         |             |            | VCCINT                       | VCCINT      |             |         |            |      |                     |                      |         |            |           |          |      |                  |              |                   |              |
| G7         |             | Dedicated  | GNDADC_0                     | XADC        |             |       0 |            |      |                     |                      |         |            |           |          |      |                  |              |                   |              |
| G8         |             | Dedicated  | VCCADC_0                     | XADC        |             |       0 |            |      |                     |                      |         |            |           |          |      |                  |              |                   |              |
| G9         |             |            | GND                          | GND         |             |         |            |      |                     |                      |     0.0 |            |           |          |      |                  |              |                   |              |
| G10        |             |            | VCCAUX                       | VCCAUX      |             |         |            |      |                     |                      |    1.80 |            |           |          |      |                  |              |                   |              |
| G11        | SCL[6]      | High Range | IO_25_15                     | BIDIR       | LVCMOS33    |      15 |         12 | SLOW |                     |            FP_VTT_50 |         | FIXED      | PULLUP    |          |      | NONE             |              |                   |              |
| G12        | SCL[30]     | High Range | IO_L19N_T3_A21_VREF_15       | BIDIR       | LVCMOS33    |      15 |         12 | SLOW |                     |            FP_VTT_50 |         | FIXED      | PULLUP    |          |      | NONE             |              |                   |              |
| G13        |             |            | GND                          | GND         |             |         |            |      |                     |                      |     0.0 |            |           |          |      |                  |              |                   |              |
| G14        | SDA[7]      | High Range | IO_L21P_T3_DQS_15            | BIDIR       | LVCMOS33    |      15 |         12 | SLOW |                     |            FP_VTT_50 |         | FIXED      | PULLUP    |          |      | NONE             |              |                   |              |
| G15        | SDA_FAN_OUT | High Range | IO_L24N_T3_RS0_15            | BIDIR       | LVCMOS33    |      15 |         12 | SLOW |                     |            FP_VTT_50 |         | FIXED      | PULLUP    |          |      | NONE             |              |                   |              |
| G16        | SCL_FAN_IN  | High Range | IO_L22N_T3_A16_15            | BIDIR       | LVCMOS33    |      15 |         12 | SLOW |                     |            FP_VTT_50 |         | FIXED      | PULLUP    |          |      | NONE             |              |                   |              |
| H1         | TRIGGER_IN  | High Range | IO_L20N_T3_35                | INPUT       | LVCMOS33    |      35 |            |      |                     |                 NONE |         | FIXED      |           |          |      | NONE             |              |                   |              |
| H2         | SCL[36]     | High Range | IO_L20P_T3_35                | BIDIR       | LVCMOS33    |      35 |         12 | SLOW |                     |            FP_VTT_50 |         | FIXED      | PULLUP    |          |      | NONE             |              |                   |              |
| H3         | SDA[52]     | High Range | IO_L21N_T3_DQS_35            | BIDIR       | LVCMOS33    |      35 |         12 | SLOW |                     |            FP_VTT_50 |         | FIXED      | PULLUP    |          |      | NONE             |              |                   |              |
| H4         | SDA[44]     | High Range | IO_L18N_T2_35                | BIDIR       | LVCMOS33    |      35 |         12 | SLOW |                     |            FP_VTT_50 |         | FIXED      | PULLUP    |          |      | NONE             |              |                   |              |
| H5         | SDA[28]     | High Range | IO_L18P_T2_35                | BIDIR       | LVCMOS33    |      35 |         12 | SLOW |                     |            FP_VTT_50 |         | FIXED      | PULLUP    |          |      | NONE             |              |                   |              |
| H6         |             |            | GND                          | GND         |             |         |            |      |                     |                      |     0.0 |            |           |          |      |                  |              |                   |              |
| H7         |             | Dedicated  | VREFN_0                      | XADC        |             |       0 |            |      |                     |                      |         |            |           |          |      |                  |              |                   |              |
| H8         |             | Dedicated  | VP_0                         | XADC        |             |       0 |            |      |                     |                      |         |            |           |          |      |                  |              |                   |              |
| H9         |             |            | VCCINT                       | VCCINT      |             |         |            |      |                     |                      |         |            |           |          |      |                  |              |                   |              |
| H10        |             | Dedicated  | DONE_0                       | Config      |             |       0 |            |      |                     |                      |         |            |           |          |      |                  |              |                   |              |
| H11        | SCL[7]      | High Range | IO_L19P_T3_A22_15            | BIDIR       | LVCMOS33    |      15 |         12 | SLOW |                     |            FP_VTT_50 |         | FIXED      | PULLUP    |          |      | NONE             |              |                   |              |
| H12        | SCL_SLAVE   | High Range | IO_L20P_T3_A20_15            | BIDIR       | LVCMOS33    |      15 |         12 | SLOW |                     |            FP_VTT_50 |         | FIXED      | PULLUP    |          |      | NONE             |              |                   |              |
| H13        | SDA[23]     | High Range | IO_L20N_T3_A19_15            | BIDIR       | LVCMOS33    |      15 |         12 | SLOW |                     |            FP_VTT_50 |         | FIXED      | PULLUP    |          |      | NONE             |              |                   |              |
| H14        | SDA[15]     | High Range | IO_L24P_T3_RS1_15            | BIDIR       | LVCMOS33    |      15 |         12 | SLOW |                     |            FP_VTT_50 |         | FIXED      | PULLUP    |          |      | NONE             |              |                   |              |
| H15        |             | High Range | VCCO_15                      | VCCO        |             |      15 |            |      |                     |                      |    3.30 |            |           |          |      |                  |              |                   |              |
| H16        | LED[0]      | High Range | IO_L22P_T3_A17_15            | OUTPUT      | LVCMOS33    |      15 |         16 | SLOW |                     |            FP_VTT_50 |         | FIXED      |           |          |      | NONE             |              |                   |              |
| J1         | SDA[59]     | High Range | IO_L22N_T3_35                | BIDIR       | LVCMOS33    |      35 |         12 | SLOW |                     |            FP_VTT_50 |         | FIXED      | PULLUP    |          |      | NONE             |              |                   |              |
| J2         |             | High Range | VCCO_35                      | VCCO        |             |      35 |            |      |                     |                      |    3.30 |            |           |          |      |                  |              |                   |              |
| J3         | SCL[59]     | High Range | IO_L21P_T3_DQS_35            | BIDIR       | LVCMOS33    |      35 |         12 | SLOW |                     |            FP_VTT_50 |         | FIXED      | PULLUP    |          |      | NONE             |              |                   |              |
| J4         | SDA[36]     | High Range | IO_L19N_T3_VREF_35           | BIDIR       | LVCMOS33    |      35 |         12 | SLOW |                     |            FP_VTT_50 |         | FIXED      | PULLUP    |          |      | NONE             |              |                   |              |
| J5         | SCL[3]      | High Range | IO_L19P_T3_35                | BIDIR       | LVCMOS33    |      35 |         12 | SLOW |                     |            FP_VTT_50 |         | FIXED      | PULLUP    |          |      | NONE             |              |                   |              |
| J6         |             |            | VCCINT                       | VCCINT      |             |         |            |      |                     |                      |         |            |           |          |      |                  |              |                   |              |
| J7         |             | Dedicated  | VN_0                         | XADC        |             |       0 |            |      |                     |                      |         |            |           |          |      |                  |              |                   |              |
| J8         |             | Dedicated  | VREFP_0                      | XADC        |             |       0 |            |      |                     |                      |         |            |           |          |      |                  |              |                   |              |
| J9         |             |            | GND                          | GND         |             |         |            |      |                     |                      |     0.0 |            |           |          |      |                  |              |                   |              |
| J10        |             |            | VCCAUX                       | VCCAUX      |             |         |            |      |                     |                      |    1.80 |            |           |          |      |                  |              |                   |              |
| J11        |             |            | GND                          | GND         |             |         |            |      |                     |                      |     0.0 |            |           |          |      |                  |              |                   |              |
| J12        |             | High Range | VCCO_15                      | VCCO        |             |      15 |            |      |                     |                      |    3.30 |            |           |          |      |                  |              |                   |              |
| J13        | SDA[2]      | High Range | IO_L1P_T0_D00_MOSI_14        | BIDIR       | LVCMOS33    |      14 |         12 | SLOW |                     |            FP_VTT_50 |         | FIXED      | PULLUP    |          |      | NONE             |              |                   |              |
| J14        |             | High Range | IO_L1N_T0_D01_DIN_14         | User IO     |             |      14 |            |      |                     |                      |         |            |           |          |      |                  |              |                   |              |
| J15        | SPI_SS      | High Range | IO_L23P_T3_FOE_B_15          | OUTPUT      | LVCMOS33    |      15 |         12 | SLOW |                     |            FP_VTT_50 |         | FIXED      |           |          |      | NONE             |              |                   |              |
| J16        | LED[1]      | High Range | IO_L23N_T3_FWE_B_15          | OUTPUT      | LVCMOS33    |      15 |         16 | SLOW |                     |            FP_VTT_50 |         | FIXED      |           |          |      | NONE             |              |                   |              |
| K1         | SDA[57]     | High Range | IO_L22P_T3_35                | BIDIR       | LVCMOS33    |      35 |         12 | SLOW |                     |            FP_VTT_50 |         | FIXED      | PULLUP    |          |      | NONE             |              |                   |              |
| K2         | SDA[58]     | High Range | IO_L24N_T3_35                | BIDIR       | LVCMOS33    |      35 |         12 | SLOW |                     |            FP_VTT_50 |         | FIXED      | PULLUP    |          |      | NONE             |              |                   |              |
| K3         | SCL[58]     | High Range | IO_L24P_T3_35                | BIDIR       | LVCMOS33    |      35 |         12 | SLOW |                     |            FP_VTT_50 |         | FIXED      | PULLUP    |          |      | NONE             |              |                   |              |
| K4         |             |            | GND                          | GND         |             |         |            |      |                     |                      |     0.0 |            |           |          |      |                  |              |                   |              |
| K5         | SCL[2]      | High Range | IO_25_35                     | BIDIR       | LVCMOS33    |      35 |         12 | SLOW |                     |            FP_VTT_50 |         | FIXED      | PULLUP    |          |      | NONE             |              |                   |              |
| K6         |             |            | GND                          | GND         |             |         |            |      |                     |                      |     0.0 |            |           |          |      |                  |              |                   |              |
| K7         |             | Dedicated  | DXN_0                        | Temp Sensor |             |       0 |            |      |                     |                      |         |            |           |          |      |                  |              |                   |              |
| K8         |             | Dedicated  | DXP_0                        | Temp Sensor |             |       0 |            |      |                     |                      |         |            |           |          |      |                  |              |                   |              |
| K9         |             |            | VCCINT                       | VCCINT      |             |         |            |      |                     |                      |         |            |           |          |      |                  |              |                   |              |
| K10        |             | Dedicated  | INIT_B_0                     | Config      |             |       0 |            |      |                     |                      |         |            |           |          |      |                  |              |                   |              |
| K11        |             |            | VCCAUX                       | VCCAUX      |             |         |            |      |                     |                      |    1.80 |            |           |          |      |                  |              |                   |              |
| K12        |             | High Range | IO_0_14                      | User IO     |             |      14 |            |      |                     |                      |         |            |           |          |      |                  |              |                   |              |
| K13        | PWM         | High Range | IO_L5P_T0_D06_14             | OUTPUT      | LVCMOS33    |      14 |         12 | SLOW |                     |            FP_VTT_50 |         | FIXED      |           |          |      | NONE             |              |                   |              |
| K14        |             |            | GND                          | GND         |             |         |            |      |                     |                      |     0.0 |            |           |          |      |                  |              |                   |              |
| K15        | SPI_CLK     | High Range | IO_L2P_T0_D02_14             | OUTPUT      | LVCMOS33    |      14 |         12 | SLOW |                     |            FP_VTT_50 |         | FIXED      |           |          |      | NONE             |              |                   |              |
| K16        | SPI_SI      | High Range | IO_L2N_T0_D03_14             | TRISTATE    | LVCMOS33    |      14 |         12 | SLOW |                     |            FP_VTT_50 |         | FIXED      |           |          |      | NONE             |              |                   |              |
| L1         |             |            | GND                          | GND         |             |         |            |      |                     |                      |     0.0 |            |           |          |      |                  |              |                   |              |
| L2         | SDA[56]     | High Range | IO_L23N_T3_35                | BIDIR       | LVCMOS33    |      35 |         12 | SLOW |                     |            FP_VTT_50 |         | FIXED      | PULLUP    |          |      | NONE             |              |                   |              |
| L3         | SCL[56]     | High Range | IO_L23P_T3_35                | BIDIR       | LVCMOS33    |      35 |         12 | SLOW |                     |            FP_VTT_50 |         | FIXED      | PULLUP    |          |      | NONE             |              |                   |              |
| L4         | SCL[57]     | High Range | IO_L1P_T0_34                 | BIDIR       | LVCMOS33    |      34 |         12 | SLOW |                     |            FP_VTT_50 |         | FIXED      | PULLUP    |          |      | NONE             |              |                   |              |
| L5         | SCL[1]      | High Range | IO_0_34                      | BIDIR       | LVCMOS33    |      34 |         12 | SLOW |                     |            FP_VTT_50 |         | FIXED      | PULLUP    |          |      | NONE             |              |                   |              |
| L6         |             | Dedicated  | VCCO_0                       | VCCO        |             |       0 |            |      |                     |                      |   any** |            |           |          |      |                  |              |                   |              |
| L7         |             | Dedicated  | TCK_0                        | Config      |             |       0 |            |      |                     |                      |         |            |           |          |      |                  |              |                   |              |
| L8         |             |            | VCCINT                       | VCCINT      |             |         |            |      |                     |                      |         |            |           |          |      |                  |              |                   |              |
| L9         |             | Dedicated  | PROGRAM_B_0                  | Config      |             |       0 |            |      |                     |                      |         |            |           |          |      |                  |              |                   |              |
| L10        |             |            | VCCAUX                       | VCCAUX      |             |         |            |      |                     |                      |    1.80 |            |           |          |      |                  |              |                   |              |
| L11        |             |            | GND                          | GND         |             |         |            |      |                     |                      |     0.0 |            |           |          |      |                  |              |                   |              |
| L12        | SCL[23]     | High Range | IO_L6P_T0_FCS_B_14           | BIDIR       | LVCMOS33    |      14 |         12 | SLOW |                     |            FP_VTT_50 |         | FIXED      | PULLUP    |          |      | NONE             |              |                   |              |
| L13        | SDA[31]     | High Range | IO_L5N_T0_D07_14             | BIDIR       | LVCMOS33    |      14 |         12 | SLOW |                     |            FP_VTT_50 |         | FIXED      | PULLUP    |          |      | NONE             |              |                   |              |
| L14        | SCL[15]     | High Range | IO_L4P_T0_D04_14             | BIDIR       | LVCMOS33    |      14 |         12 | SLOW |                     |            FP_VTT_50 |         | FIXED      | PULLUP    |          |      | NONE             |              |                   |              |
| L15        |             | High Range | IO_L3P_T0_DQS_PUDC_B_14      | User IO     |             |      14 |            |      |                     |                      |         |            |           |          |      |                  |              |                   |              |
| L16        |             | High Range | VCCO_14                      | VCCO        |             |      14 |            |      |                     |                      |    3.30 |            |           |          |      |                  |              |                   |              |
| M1         | SDA[50]     | High Range | IO_L2N_T0_34                 | BIDIR       | LVCMOS33    |      34 |         12 | SLOW |                     |            FP_VTT_50 |         | FIXED      | PULLUP    |          |      | NONE             |              |                   |              |
| M2         | SDA[51]     | High Range | IO_L2P_T0_34                 | BIDIR       | LVCMOS33    |      34 |         12 | SLOW |                     |            FP_VTT_50 |         | FIXED      | PULLUP    |          |      | NONE             |              |                   |              |
| M3         |             | High Range | VCCO_34                      | VCCO        |             |      34 |            |      |                     |                      |    3.30 |            |           |          |      |                  |              |                   |              |
| M4         | SCL[51]     | High Range | IO_L1N_T0_34                 | BIDIR       | LVCMOS33    |      34 |         12 | SLOW |                     |            FP_VTT_50 |         | FIXED      | PULLUP    |          |      | NONE             |              |                   |              |
| M5         | SCL[0]      | High Range | IO_L6P_T0_34                 | BIDIR       | LVCMOS33    |      34 |         12 | SLOW |                     |            FP_VTT_50 |         | FIXED      | PULLUP    |          |      | NONE             |              |                   |              |
| M6         | SCL[41]     | High Range | IO_L19P_T3_A10_D26_14        | BIDIR       | LVCMOS33    |      14 |         12 | SLOW |                     |            FP_VTT_50 |         | FIXED      | PULLUP    |          |      | NONE             |              |                   |              |
| M7         |             | Dedicated  | TMS_0                        | Config      |             |       0 |            |      |                     |                      |         |            |           |          |      |                  |              |                   |              |
| M8         |             |            | GND                          | GND         |             |         |            |      |                     |                      |     0.0 |            |           |          |      |                  |              |                   |              |
| M9         |             | Dedicated  | M0_0                         | Config      |             |       0 |            |      |                     |                      |         |            |           |          |      |                  |              |                   |              |
| M10        |             | Dedicated  | M1_0                         | Config      |             |       0 |            |      |                     |                      |         |            |           |          |      |                  |              |                   |              |
| M11        |             | Dedicated  | M2_0                         | Config      |             |       0 |            |      |                     |                      |         |            |           |          |      |                  |              |                   |              |
| M12        | SCL[10]     | High Range | IO_L6N_T0_D08_VREF_14        | BIDIR       | LVCMOS33    |      14 |         12 | SLOW |                     |            FP_VTT_50 |         | FIXED      | PULLUP    |          |      | NONE             |              |                   |              |
| M13        |             | High Range | VCCO_14                      | VCCO        |             |      14 |            |      |                     |                      |    3.30 |            |           |          |      |                  |              |                   |              |
| M14        | SWITCH[6]   | High Range | IO_L4N_T0_D05_14             | INPUT       | LVCMOS33    |      14 |            |      |                     |                 NONE |         | FIXED      |           |          |      | NONE             |              |                   |              |
| M15        | SWITCH[7]   | High Range | IO_L3N_T0_DQS_EMCCLK_14      | INPUT       | LVCMOS33    |      14 |            |      |                     |                 NONE |         | FIXED      |           |          |      | NONE             |              |                   |              |
| M16        | SPI_SO      | High Range | IO_L7P_T1_D09_14             | INPUT       | LVCMOS33    |      14 |            |      |                     |                 NONE |         | FIXED      |           |          |      | NONE             |              |                   |              |
| N1         | SDA[49]     | High Range | IO_L4P_T0_34                 | BIDIR       | LVCMOS33    |      34 |         12 | SLOW |                     |            FP_VTT_50 |         | FIXED      | PULLUP    |          |      | NONE             |              |                   |              |
| N2         | SDA[48]     | High Range | IO_L3N_T0_DQS_34             | BIDIR       | LVCMOS33    |      34 |         12 | SLOW |                     |            FP_VTT_50 |         | FIXED      | PULLUP    |          |      | NONE             |              |                   |              |
| N3         | SCL[49]     | High Range | IO_L3P_T0_DQS_34             | BIDIR       | LVCMOS33    |      34 |         12 | SLOW |                     |            FP_VTT_50 |         | FIXED      | PULLUP    |          |      | NONE             |              |                   |              |
| N4         | SCL[50]     | High Range | IO_L6N_T0_VREF_34            | BIDIR       | LVCMOS33    |      34 |         12 | SLOW |                     |            FP_VTT_50 |         | FIXED      | PULLUP    |          |      | NONE             |              |                   |              |
| N5         |             |            | GND                          | GND         |             |         |            |      |                     |                      |     0.0 |            |           |          |      |                  |              |                   |              |
| N6         | SCL[35]     | High Range | IO_L19N_T3_A09_D25_VREF_14   | BIDIR       | LVCMOS33    |      14 |         12 | SLOW |                     |            FP_VTT_50 |         | FIXED      | PULLUP    |          |      | NONE             |              |                   |              |
| N7         |             | Dedicated  | TDI_0                        | Config      |             |       0 |            |      |                     |                      |         |            |           |          |      |                  |              |                   |              |
| N8         |             | Dedicated  | TDO_0                        | Config      |             |       0 |            |      |                     |                      |         |            |           |          |      |                  |              |                   |              |
| N9         | IRQ         | High Range | IO_L18P_T2_A12_D28_14        | OUTPUT      | LVCMOS33    |      14 |         12 | SLOW |                     |            FP_VTT_50 |         | FIXED      | PULLDOWN  |          |      | NONE             |              |                   |              |
| N10        |             | High Range | VCCO_14                      | VCCO        |             |      14 |            |      |                     |                      |    3.30 |            |           |          |      |                  |              |                   |              |
| N11        | SDA[26]     | High Range | IO_L13P_T2_MRCC_14           | BIDIR       | LVCMOS33    |      14 |         12 | SLOW |                     |            FP_VTT_50 |         | FIXED      | PULLUP    |          |      | NONE             |              |                   |              |
| N12        | SDA[27]     | High Range | IO_L13N_T2_MRCC_14           | BIDIR       | LVCMOS33    |      14 |         12 | SLOW |                     |            FP_VTT_50 |         | FIXED      | PULLUP    |          |      | NONE             |              |                   |              |
| N13        | SDA[17]     | High Range | IO_L11P_T1_SRCC_14           | BIDIR       | LVCMOS33    |      14 |         12 | SLOW |                     |            FP_VTT_50 |         | FIXED      | PULLUP    |          |      | NONE             |              |                   |              |
| N14        | SWITCH[4]   | High Range | IO_L12P_T1_MRCC_14           | INPUT       | LVCMOS33    |      14 |            |      |                     |                 NONE |         | FIXED      |           |          |      | NONE             |              |                   |              |
| N15        |             |            | GND                          | GND         |             |         |            |      |                     |                      |     0.0 |            |           |          |      |                  |              |                   |              |
| N16        | SWITCH[5]   | High Range | IO_L7N_T1_D10_14             | INPUT       | LVCMOS33    |      14 |            |      |                     |                 NONE |         | FIXED      |           |          |      | NONE             |              |                   |              |
| P1         | SDA[43]     | High Range | IO_L4N_T0_34                 | BIDIR       | LVCMOS33    |      34 |         12 | SLOW |                     |            FP_VTT_50 |         | FIXED      | PULLUP    |          |      | NONE             |              |                   |              |
| P2         |             |            | GND                          | GND         |             |         |            |      |                     |                      |     0.0 |            |           |          |      |                  |              |                   |              |
| P3         | SCL[43]     | High Range | IO_L5N_T0_34                 | BIDIR       | LVCMOS33    |      34 |         12 | SLOW |                     |            FP_VTT_50 |         | FIXED      | PULLUP    |          |      | NONE             |              |                   |              |
| P4         | SCL[42]     | High Range | IO_L5P_T0_34                 | BIDIR       | LVCMOS33    |      34 |         12 | SLOW |                     |            FP_VTT_50 |         | FIXED      | PULLUP    |          |      | NONE             |              |                   |              |
| P5         | SCL[48]     | High Range | IO_L10P_T1_34                | BIDIR       | LVCMOS33    |      34 |         12 | SLOW |                     |            FP_VTT_50 |         | FIXED      | PULLUP    |          |      | NONE             |              |                   |              |
| P6         | SCL[40]     | High Range | IO_25_14                     | BIDIR       | LVCMOS33    |      14 |         12 | SLOW |                     |            FP_VTT_50 |         | FIXED      | PULLUP    |          |      | NONE             |              |                   |              |
| P7         |             | High Range | VCCO_14                      | VCCO        |             |      14 |            |      |                     |                      |    3.30 |            |           |          |      |                  |              |                   |              |
| P8         | SCL[33]     | High Range | IO_L20P_T3_A08_D24_14        | BIDIR       | LVCMOS33    |      14 |         12 | SLOW |                     |            FP_VTT_50 |         | FIXED      | PULLUP    |          |      | NONE             |              |                   |              |
| P9         | SCL[32]     | High Range | IO_L18N_T2_A11_D27_14        | BIDIR       | LVCMOS33    |      14 |         12 | SLOW |                     |            FP_VTT_50 |         | FIXED      | PULLUP    |          |      | NONE             |              |                   |              |
| P10        | SDA[25]     | High Range | IO_L14P_T2_SRCC_14           | BIDIR       | LVCMOS33    |      14 |         12 | SLOW |                     |            FP_VTT_50 |         | FIXED      | PULLUP    |          |      | NONE             |              |                   |              |
| P11        | SCL[11]     | High Range | IO_L14N_T2_SRCC_14           | BIDIR       | LVCMOS33    |      14 |         12 | SLOW |                     |            FP_VTT_50 |         | FIXED      | PULLUP    |          |      | NONE             |              |                   |              |
| P12        |             |            | GND                          | GND         |             |         |            |      |                     |                      |     0.0 |            |           |          |      |                  |              |                   |              |
| P13        | SDA[16]     | High Range | IO_L11N_T1_SRCC_14           | BIDIR       | LVCMOS33    |      14 |         12 | SLOW |                     |            FP_VTT_50 |         | FIXED      | PULLUP    |          |      | NONE             |              |                   |              |
| P14        | EXT_IO[1]   | High Range | IO_L12N_T1_MRCC_14           | OUTPUT      | LVCMOS33    |      14 |         12 | SLOW |                     |            FP_VTT_50 |         | FIXED      |           |          |      | NONE             |              |                   |              |
| P15        | SWITCH[2]   | High Range | IO_L8P_T1_D11_14             | INPUT       | LVCMOS33    |      14 |            |      |                     |                 NONE |         | FIXED      |           |          |      | NONE             |              |                   |              |
| P16        | SWITCH[3]   | High Range | IO_L8N_T1_D12_14             | INPUT       | LVCMOS33    |      14 |            |      |                     |                 NONE |         | FIXED      |           |          |      | NONE             |              |                   |              |
| R1         | SDA[42]     | High Range | IO_L7N_T1_34                 | BIDIR       | LVCMOS33    |      34 |         12 | SLOW |                     |            FP_VTT_50 |         | FIXED      | PULLUP    |          |      | NONE             |              |                   |              |
| R2         | SDA[41]     | High Range | IO_L7P_T1_34                 | BIDIR       | LVCMOS33    |      34 |         12 | SLOW |                     |            FP_VTT_50 |         | FIXED      | PULLUP    |          |      | NONE             |              |                   |              |
| R3         | SDA[35]     | High Range | IO_L8P_T1_34                 | BIDIR       | LVCMOS33    |      34 |         12 | SLOW |                     |            FP_VTT_50 |         | FIXED      | PULLUP    |          |      | NONE             |              |                   |              |
| R4         |             | High Range | VCCO_34                      | VCCO        |             |      34 |            |      |                     |                      |    3.30 |            |           |          |      |                  |              |                   |              |
| R5         | SDA[32]     | High Range | IO_L23P_T3_A03_D19_14        | BIDIR       | LVCMOS33    |      14 |         12 | SLOW |                     |            FP_VTT_50 |         | FIXED      | PULLUP    |          |      | NONE             |              |                   |              |
| R6         | SCL[25]     | High Range | IO_L24P_T3_A01_D17_14        | BIDIR       | LVCMOS33    |      14 |         12 | SLOW |                     |            FP_VTT_50 |         | FIXED      | PULLUP    |          |      | NONE             |              |                   |              |
| R7         | SCL[34]     | High Range | IO_L24N_T3_A00_D16_14        | BIDIR       | LVCMOS33    |      14 |         12 | SLOW |                     |            FP_VTT_50 |         | FIXED      | PULLUP    |          |      | NONE             |              |                   |              |
| R8         | SCL[27]     | High Range | IO_L20N_T3_A07_D23_14        | BIDIR       | LVCMOS33    |      14 |         12 | SLOW |                     |            FP_VTT_50 |         | FIXED      | PULLUP    |          |      | NONE             |              |                   |              |
| R9         |             |            | GND                          | GND         |             |         |            |      |                     |                      |     0.0 |            |           |          |      |                  |              |                   |              |
| R10        | SCL[17]     | High Range | IO_L17P_T2_A14_D30_14        | BIDIR       | LVCMOS33    |      14 |         12 | SLOW |                     |            FP_VTT_50 |         | FIXED      | PULLUP    |          |      | NONE             |              |                   |              |
| R11        | SCL[19]     | High Range | IO_L17N_T2_A13_D29_14        | BIDIR       | LVCMOS33    |      14 |         12 | SLOW |                     |            FP_VTT_50 |         | FIXED      | PULLUP    |          |      | NONE             |              |                   |              |
| R12        | SCL[8]      | High Range | IO_L15P_T2_DQS_RDWR_B_14     | BIDIR       | LVCMOS33    |      14 |         12 | SLOW |                     |            FP_VTT_50 |         | FIXED      | PULLUP    |          |      | NONE             |              |                   |              |
| R13        | EXT_IO[3]   | High Range | IO_L16P_T2_CSI_B_14          | OUTPUT      | LVCMOS33    |      14 |         12 | SLOW |                     |            FP_VTT_50 |         | FIXED      |           |          |      | NONE             |              |                   |              |
| R14        |             | High Range | VCCO_14                      | VCCO        |             |      14 |            |      |                     |                      |    3.30 |            |           |          |      |                  |              |                   |              |
| R15        | SWITCH[0]   | High Range | IO_L9P_T1_DQS_14             | INPUT       | LVCMOS33    |      14 |            |      |                     |                 NONE |         | FIXED      |           |          |      | NONE             |              |                   |              |
| R16        | SWITCH[1]   | High Range | IO_L9N_T1_DQS_D13_14         | INPUT       | LVCMOS33    |      14 |            |      |                     |                 NONE |         | FIXED      |           |          |      | NONE             |              |                   |              |
| T1         |             | High Range | VCCO_34                      | VCCO        |             |      34 |            |      |                     |                      |    3.30 |            |           |          |      |                  |              |                   |              |
| T2         | SDA[40]     | High Range | IO_L8N_T1_34                 | BIDIR       | LVCMOS33    |      34 |         12 | SLOW |                     |            FP_VTT_50 |         | FIXED      | PULLUP    |          |      | NONE             |              |                   |              |
| T3         | SDA[34]     | High Range | IO_L9N_T1_DQS_34             | BIDIR       | LVCMOS33    |      34 |         12 | SLOW |                     |            FP_VTT_50 |         | FIXED      | PULLUP    |          |      | NONE             |              |                   |              |
| T4         | SDA[33]     | High Range | IO_L9P_T1_DQS_34             | BIDIR       | LVCMOS33    |      34 |         12 | SLOW |                     |            FP_VTT_50 |         | FIXED      | PULLUP    |          |      | NONE             |              |                   |              |
| T5         | SCL[26]     | High Range | IO_L23N_T3_A02_D18_14        | BIDIR       | LVCMOS33    |      14 |         12 | SLOW |                     |            FP_VTT_50 |         | FIXED      | PULLUP    |          |      | NONE             |              |                   |              |
| T6         |             |            | GND                          | GND         |             |         |            |      |                     |                      |     0.0 |            |           |          |      |                  |              |                   |              |
| T7         | SCL[24]     | High Range | IO_L21P_T3_DQS_14            | BIDIR       | LVCMOS33    |      14 |         12 | SLOW |                     |            FP_VTT_50 |         | FIXED      | PULLUP    |          |      | NONE             |              |                   |              |
| T8         | SDA[24]     | High Range | IO_L21N_T3_DQS_A06_D22_14    | BIDIR       | LVCMOS33    |      14 |         12 | SLOW |                     |            FP_VTT_50 |         | FIXED      | PULLUP    |          |      | NONE             |              |                   |              |
| T9         | SCL[16]     | High Range | IO_L22P_T3_A05_D21_14        | BIDIR       | LVCMOS33    |      14 |         12 | SLOW |                     |            FP_VTT_50 |         | FIXED      | PULLUP    |          |      | NONE             |              |                   |              |
| T10        | SCL[18]     | High Range | IO_L22N_T3_A04_D20_14        | BIDIR       | LVCMOS33    |      14 |         12 | SLOW |                     |            FP_VTT_50 |         | FIXED      | PULLUP    |          |      | NONE             |              |                   |              |
| T11        |             | High Range | VCCO_14                      | VCCO        |             |      14 |            |      |                     |                      |    3.30 |            |           |          |      |                  |              |                   |              |
| T12        |             | High Range | IO_L15N_T2_DQS_DOUT_CSO_B_14 | User IO     |             |      14 |            |      |                     |                      |         |            |           |          |      |                  |              |                   |              |
| T13        | SCL[9]      | High Range | IO_L16N_T2_A15_D31_14        | BIDIR       | LVCMOS33    |      14 |         12 | SLOW |                     |            FP_VTT_50 |         | FIXED      | PULLUP    |          |      | NONE             |              |                   |              |
| T14        | EXT_IO[2]   | High Range | IO_L10P_T1_D14_14            | OUTPUT      | LVCMOS33    |      14 |         12 | SLOW |                     |            FP_VTT_50 |         | FIXED      |           |          |      | NONE             |              |                   |              |
| T15        | EXT_IO[0]   | High Range | IO_L10N_T1_D15_14            | OUTPUT      | LVCMOS33    |      14 |         12 | SLOW |                     |            FP_VTT_50 |         | FIXED      |           |          |      | NONE             |              |                   |              |
| T16        |             |            | GND                          | GND         |             |         |            |      |                     |                      |     0.0 |            |           |          |      |                  |              |                   |              |
+------------+-------------+------------+------------------------------+-------------+-------------+---------+------------+------+---------------------+----------------------+---------+------------+-----------+----------+------+------------------+--------------+-------------------+--------------+
* Default value
** Special VCCO requirements may apply. Please consult the device family datasheet for specific guideline on VCCO requirements.


