#-----------------------------------------------------------
# Vivado v2018.1 (64-bit)
# SW Build 2188600 on Wed Apr  4 18:40:38 MDT 2018
# IP Build 2185939 on Wed Apr  4 20:55:05 MDT 2018
# Start of session at: Mon Nov 12 18:41:21 2018
# Process ID: 43996
# Current directory: C:/Users/admin/Desktop/测试通过工程/PAU_dummy_load通过/PAU_DUMMY_LOAD/project_1
# Command line: vivado.exe -gui_launcher_event rodinguilauncherevent44376 C:\Users\admin\Desktop\测试通过工程\PAU_dummy_load通过\PAU_DUMMY_LOAD\project_1\project_1.xpr
# Log file: C:/Users/admin/Desktop/测试通过工程/PAU_dummy_load通过/PAU_DUMMY_LOAD/project_1/vivado.log
# Journal file: C:/Users/admin/Desktop/测试通过工程/PAU_dummy_load通过/PAU_DUMMY_LOAD/project_1\vivado.jou
#-----------------------------------------------------------
start_gui
open_project C:/Users/admin/Desktop/测试通过工程/PAU_dummy_load通过/PAU_DUMMY_LOAD/project_1/project_1.xpr
INFO: [Project 1-313] Project file moved from 'E:/Users/Ykersatomi/Desktop/project_1' since last save.
CRITICAL WARNING: [Project 1-311] Could not find the file 'C:/Users/admin/Desktop/测试通过工程/PAU_dummy_load通过/PAU_DUMMY_LOAD/PHS_CTRL_DUMMY/PHS_CTRL_DUMMY.srcs/sources_1/new/tb.v', nor could it be found using path 'E:/Users/Ykersatomi/Desktop/PHS_CTRL_DUMMY/PHS_CTRL_DUMMY.srcs/sources_1/new/tb.v'.
Scanning sources...
Finished scanning sources
INFO: [IP_Flow 19-234] Refreshing IP repositories
INFO: [IP_Flow 19-1704] No user IP repositories specified
INFO: [IP_Flow 19-2313] Loaded Vivado IP repository 'C:/Xilinx/Vivado/2018.1/data/ip'.
WARNING: [IP_Flow 19-2162] IP 'clk_gen' is locked:
* IP definition 'Clocking Wizard (5.3)' for IP 'clk_gen' (customized with software release 2016.4) has a newer major version in the IP Catalog.
Please select 'Report IP Status' from the 'Tools/Report' menu or run Tcl command 'report_ip_status' for more information.
WARNING: [IP_Flow 19-2162] IP 'clk_wiz_0' is locked:
* IP definition 'Clocking Wizard (5.3)' for IP 'clk_wiz_0' (customized with software release 2016.4) has a newer major version in the IP Catalog.
Please select 'Report IP Status' from the 'Tools/Report' menu or run Tcl command 'report_ip_status' for more information.
INFO: [Project 1-230] Project 'project_1.xpr' upgraded for this version of Vivado.
open_project: Time (s): cpu = 00:00:12 ; elapsed = 00:00:08 . Memory (MB): peak = 912.703 ; gain = 198.211
report_ip_status -name ip_status 
update_compile_order -fileset sources_1
upgrade_ip [get_ips  {c:/Users/admin/Desktop/2aê1y1¤3ì/PAU_dummy_load1y/PAU_DUMMY_LOAD/project_1/project_1.srcs/sources_1/ip/clk_gen/clk_g c:/Users/admin/Desktop/2aê1y1¤3ì/PAU_dummy_load1y/PAU_DUMMY_LOAD/project_1/project_1.srcs/sources_1/ip/clk_wiz_0/clk_wiz}] -log ip_upgrade.log
WARNING: [Coretcl 2-176] No IPs found
ERROR: [Common 17-69] Command failed: No IP specified.  Please specify IP with 'objects'
exit
INFO: [Common 17-206] Exiting Vivado at Mon Nov 12 18:42:33 2018...
