#-----------------------------------------------------------
# Vivado v2018.2 (64-bit)
# SW Build 2258646 on Thu Jun 14 20:03:12 MDT 2018
# IP Build 2256618 on Thu Jun 14 22:10:49 MDT 2018
# Start of session at: Tue Mar 19 15:08:41 2019
# Process ID: 23048
# Current directory: C:/Users/admin/Desktop/debounce/debounce
# Command line: vivado.exe -gui_launcher_event rodinguilauncherevent24672 C:\Users\admin\Desktop\debounce\debounce\debounce.xpr
# Log file: C:/Users/admin/Desktop/debounce/debounce/vivado.log
# Journal file: C:/Users/admin/Desktop/debounce/debounce\vivado.jou
#-----------------------------------------------------------
start_gui
open_project C:/Users/admin/Desktop/debounce/debounce/debounce.xpr
Scanning sources...
Finished scanning sources
INFO: [IP_Flow 19-234] Refreshing IP repositories
INFO: [IP_Flow 19-1704] No user IP repositories specified
INFO: [IP_Flow 19-2313] Loaded Vivado IP repository 'D:/Xilinx/Vivado/2018.2/data/ip'.
open_project: Time (s): cpu = 00:00:08 ; elapsed = 00:00:05 . Memory (MB): peak = 875.297 ; gain = 146.371
update_compile_order -fileset sources_1
update_compile_order -fileset sources_1
export_ip_user_files -of_objects  [get_files C:/Users/admin/Desktop/debounce/debounce/debounce.srcs/sources_1/new/sd_deb.v] -no_script -reset -force -quiet
remove_files  C:/Users/admin/Desktop/debounce/debounce/debounce.srcs/sources_1/new/sd_deb.v
file delete -force C:/Users/admin/Desktop/debounce/debounce/debounce.srcs/sources_1/new/sd_deb.v
launch_simulation
INFO: [Vivado 12-5682] Launching behavioral simulation in 'C:/Users/admin/Desktop/debounce/debounce/debounce.sim/sim_1/behav/xsim'
INFO: [SIM-utils-51] Simulation object is 'sim_1'
INFO: [SIM-utils-54] Inspecting design source files for 'top_test' in fileset 'sim_1'...
INFO: [USF-XSim-97] Finding global include files...
INFO: [USF-XSim-98] Fetching design files from 'sim_1'...
INFO: [USF-XSim-2] XSim::Compile design
INFO: [USF-XSim-61] Executing 'COMPILE and ANALYZE' step in 'C:/Users/admin/Desktop/debounce/debounce/debounce.sim/sim_1/behav/xsim'
"xvlog --incr --relax -prj top_test_vlog.prj"
INFO: [VRFC 10-2263] Analyzing Verilog file "C:/Users/admin/Desktop/debounce/debounce/debounce.srcs/sources_1/new/top.v" into library xil_defaultlib
INFO: [VRFC 10-311] analyzing module top
WARNING: [VRFC 10-1315] redeclaration of ansi port i_r is not allowed [C:/Users/admin/Desktop/debounce/debounce/debounce.srcs/sources_1/new/top.v:12]
ERROR: [VRFC 10-91] wrEn is not declared [C:/Users/admin/Desktop/debounce/debounce/debounce.srcs/sources_1/new/top.v:19]
ERROR: [VRFC 10-91] cs_i is not declared [C:/Users/admin/Desktop/debounce/debounce/debounce.srcs/sources_1/new/top.v:20]
ERROR: [VRFC 10-91] cs_j is not declared [C:/Users/admin/Desktop/debounce/debounce/debounce.srcs/sources_1/new/top.v:21]
ERROR: [VRFC 10-2787] module top ignored due to previous errors [C:/Users/admin/Desktop/debounce/debounce/debounce.srcs/sources_1/new/top.v:3]
INFO: [USF-XSim-69] 'compile' step finished in '1' seconds
INFO: [USF-XSim-99] Step results log file:'C:/Users/admin/Desktop/debounce/debounce/debounce.sim/sim_1/behav/xsim/xvlog.log'
ERROR: [USF-XSim-62] 'compile' step failed with error(s). Please check the Tcl console output or 'C:/Users/admin/Desktop/debounce/debounce/debounce.sim/sim_1/behav/xsim/xvlog.log' file for more information.
ERROR: [Vivado 12-4473] Detected error while running simulation. Please correct the issue and retry this operation.
ERROR: [Common 17-39] 'launch_simulation' failed due to earlier errors.
launch_simulation
INFO: [Vivado 12-5682] Launching behavioral simulation in 'C:/Users/admin/Desktop/debounce/debounce/debounce.sim/sim_1/behav/xsim'
INFO: [SIM-utils-51] Simulation object is 'sim_1'
INFO: [SIM-utils-54] Inspecting design source files for 'top_test' in fileset 'sim_1'...
INFO: [USF-XSim-97] Finding global include files...
INFO: [USF-XSim-98] Fetching design files from 'sim_1'...
INFO: [USF-XSim-2] XSim::Compile design
INFO: [USF-XSim-61] Executing 'COMPILE and ANALYZE' step in 'C:/Users/admin/Desktop/debounce/debounce/debounce.sim/sim_1/behav/xsim'
"xvlog --incr --relax -prj top_test_vlog.prj"
INFO: [VRFC 10-2263] Analyzing Verilog file "C:/Users/admin/Desktop/debounce/debounce/debounce.srcs/sources_1/new/top.v" into library xil_defaultlib
INFO: [VRFC 10-311] analyzing module top
WARNING: [VRFC 10-1315] redeclaration of ansi port i_r is not allowed [C:/Users/admin/Desktop/debounce/debounce/debounce.srcs/sources_1/new/top.v:15]
WARNING: [VRFC 10-1315] redeclaration of ansi port cs_i is not allowed [C:/Users/admin/Desktop/debounce/debounce/debounce.srcs/sources_1/new/top.v:16]
WARNING: [VRFC 10-1315] redeclaration of ansi port wrEn is not allowed [C:/Users/admin/Desktop/debounce/debounce/debounce.srcs/sources_1/new/top.v:17]
INFO: [VRFC 10-2263] Analyzing Verilog file "C:/Users/admin/Desktop/debounce/debounce/debounce.srcs/sim_1/new/top_test.v" into library xil_defaultlib
INFO: [VRFC 10-311] analyzing module top_test
INFO: [VRFC 10-2458] undeclared symbol i_r, assumed default net type wire [C:/Users/admin/Desktop/debounce/debounce/debounce.srcs/sim_1/new/top_test.v:47]
INFO: [VRFC 10-2458] undeclared symbol j_r, assumed default net type wire [C:/Users/admin/Desktop/debounce/debounce/debounce.srcs/sim_1/new/top_test.v:48]
INFO: [USF-XSim-69] 'compile' step finished in '1' seconds
INFO: [USF-XSim-3] XSim::Elaborate design
INFO: [USF-XSim-61] Executing 'ELABORATE' step in 'C:/Users/admin/Desktop/debounce/debounce/debounce.sim/sim_1/behav/xsim'
Vivado Simulator 2018.2
Copyright 1986-1999, 2001-2018 Xilinx, Inc. All Rights Reserved.
Running: D:/Xilinx/Vivado/2018.2/bin/unwrapped/win64.o/xelab.exe -wto 2571681400834b31a8527f68b61e8f81 --incr --debug typical --relax --mt 2 -L xil_defaultlib -L unisims_ver -L unimacro_ver -L secureip --snapshot top_test_behav xil_defaultlib.top_test xil_defaultlib.glbl -log elaborate.log 
Using 2 slave threads.
Starting static elaboration
Completed static elaboration
Starting simulation data flow analysis
Completed simulation data flow analysis
Time Resolution for simulation is 1ps
Compiling module xil_defaultlib.top
Compiling module xil_defaultlib.top_test
Compiling module xil_defaultlib.glbl
Built simulation snapshot top_test_behav

****** Webtalk v2018.2 (64-bit)
  **** SW Build 2258646 on Thu Jun 14 20:03:12 MDT 2018
  **** IP Build 2256618 on Thu Jun 14 22:10:49 MDT 2018
    ** Copyright 1986-2018 Xilinx, Inc. All Rights Reserved.

source C:/Users/admin/Desktop/debounce/debounce/debounce.sim/sim_1/behav/xsim/xsim.dir/top_test_behav/webtalk/xsim_webtalk.tcl -notrace
INFO: [Common 17-206] Exiting Webtalk at Tue Mar 19 15:22:41 2019...
INFO: [USF-XSim-69] 'elaborate' step finished in '4' seconds
INFO: [USF-XSim-4] XSim::Simulate design
INFO: [USF-XSim-61] Executing 'SIMULATE' step in 'C:/Users/admin/Desktop/debounce/debounce/debounce.sim/sim_1/behav/xsim'
INFO: [USF-XSim-98] *** Running xsim
   with args "top_test_behav -key {Behavioral:sim_1:Functional:top_test} -tclbatch {top_test.tcl} -log {simulate.log}"
INFO: [USF-XSim-8] Loading simulator feature
Vivado Simulator 2018.2
Time resolution is 1 ps
source top_test.tcl
# set curr_wave [current_wave_config]
# if { [string length $curr_wave] == 0 } {
#   if { [llength [get_objects]] > 0} {
#     add_wave /
#     set_property needs_save false [current_wave_config]
#   } else {
#      send_msg_id Add_Wave-1 WARNING "No top level signals found. Simulator will start without a wave window. If you want to open a wave window go to 'File->New Waveform Configuration' or type 'create_wave_config' in the TCL console."
#   }
# }
# run 1000ns
INFO: [USF-XSim-96] XSim completed. Design snapshot 'top_test_behav' loaded.
INFO: [USF-XSim-97] XSim simulation ran for 1000ns
launch_simulation: Time (s): cpu = 00:00:03 ; elapsed = 00:00:08 . Memory (MB): peak = 991.852 ; gain = 14.586
run all
run: Time (s): cpu = 00:00:06 ; elapsed = 00:00:06 . Memory (MB): peak = 995.563 ; gain = 2.648
close_sim
INFO: [Simtcl 6-16] Simulation closed
launch_simulation
INFO: [Vivado 12-5682] Launching behavioral simulation in 'C:/Users/admin/Desktop/debounce/debounce/debounce.sim/sim_1/behav/xsim'
INFO: [SIM-utils-51] Simulation object is 'sim_1'
INFO: [SIM-utils-54] Inspecting design source files for 'top_test' in fileset 'sim_1'...
INFO: [USF-XSim-97] Finding global include files...
INFO: [USF-XSim-98] Fetching design files from 'sim_1'...
INFO: [USF-XSim-2] XSim::Compile design
INFO: [USF-XSim-61] Executing 'COMPILE and ANALYZE' step in 'C:/Users/admin/Desktop/debounce/debounce/debounce.sim/sim_1/behav/xsim'
"xvlog --incr --relax -prj top_test_vlog.prj"
INFO: [VRFC 10-2263] Analyzing Verilog file "C:/Users/admin/Desktop/debounce/debounce/debounce.srcs/sources_1/new/top.v" into library xil_defaultlib
INFO: [VRFC 10-311] analyzing module top
WARNING: [VRFC 10-1315] redeclaration of ansi port i_r is not allowed [C:/Users/admin/Desktop/debounce/debounce/debounce.srcs/sources_1/new/top.v:15]
WARNING: [VRFC 10-1315] redeclaration of ansi port cs_i is not allowed [C:/Users/admin/Desktop/debounce/debounce/debounce.srcs/sources_1/new/top.v:16]
WARNING: [VRFC 10-1315] redeclaration of ansi port wrEn is not allowed [C:/Users/admin/Desktop/debounce/debounce/debounce.srcs/sources_1/new/top.v:17]
INFO: [VRFC 10-2263] Analyzing Verilog file "C:/Users/admin/Desktop/debounce/debounce/debounce.srcs/sim_1/new/top_test.v" into library xil_defaultlib
INFO: [VRFC 10-311] analyzing module top_test
INFO: [VRFC 10-2458] undeclared symbol i_r, assumed default net type wire [C:/Users/admin/Desktop/debounce/debounce/debounce.srcs/sim_1/new/top_test.v:47]
INFO: [VRFC 10-2458] undeclared symbol j_r, assumed default net type wire [C:/Users/admin/Desktop/debounce/debounce/debounce.srcs/sim_1/new/top_test.v:48]
INFO: [USF-XSim-69] 'compile' step finished in '1' seconds
INFO: [USF-XSim-3] XSim::Elaborate design
INFO: [USF-XSim-61] Executing 'ELABORATE' step in 'C:/Users/admin/Desktop/debounce/debounce/debounce.sim/sim_1/behav/xsim'
Vivado Simulator 2018.2
Copyright 1986-1999, 2001-2018 Xilinx, Inc. All Rights Reserved.
Running: D:/Xilinx/Vivado/2018.2/bin/unwrapped/win64.o/xelab.exe -wto 2571681400834b31a8527f68b61e8f81 --incr --debug typical --relax --mt 2 -L xil_defaultlib -L unisims_ver -L unimacro_ver -L secureip --snapshot top_test_behav xil_defaultlib.top_test xil_defaultlib.glbl -log elaborate.log 
Using 2 slave threads.
Starting static elaboration
Completed static elaboration
Starting simulation data flow analysis
Completed simulation data flow analysis
Time Resolution for simulation is 1ps
Compiling module xil_defaultlib.top
Compiling module xil_defaultlib.top_test
Compiling module xil_defaultlib.glbl
Built simulation snapshot top_test_behav
INFO: [USF-XSim-69] 'elaborate' step finished in '1' seconds
INFO: [USF-XSim-4] XSim::Simulate design
INFO: [USF-XSim-61] Executing 'SIMULATE' step in 'C:/Users/admin/Desktop/debounce/debounce/debounce.sim/sim_1/behav/xsim'
INFO: [USF-XSim-98] *** Running xsim
   with args "top_test_behav -key {Behavioral:sim_1:Functional:top_test} -tclbatch {top_test.tcl} -log {simulate.log}"
INFO: [USF-XSim-8] Loading simulator feature
Vivado Simulator 2018.2
Time resolution is 1 ps
source top_test.tcl
# set curr_wave [current_wave_config]
# if { [string length $curr_wave] == 0 } {
#   if { [llength [get_objects]] > 0} {
#     add_wave /
#     set_property needs_save false [current_wave_config]
#   } else {
#      send_msg_id Add_Wave-1 WARNING "No top level signals found. Simulator will start without a wave window. If you want to open a wave window go to 'File->New Waveform Configuration' or type 'create_wave_config' in the TCL console."
#   }
# }
# run 1000ns
INFO: [USF-XSim-96] XSim completed. Design snapshot 'top_test_behav' loaded.
INFO: [USF-XSim-97] XSim simulation ran for 1000ns
run all
close_sim
INFO: [Simtcl 6-16] Simulation closed
launch_simulation
INFO: [Vivado 12-5682] Launching behavioral simulation in 'C:/Users/admin/Desktop/debounce/debounce/debounce.sim/sim_1/behav/xsim'
INFO: [SIM-utils-51] Simulation object is 'sim_1'
INFO: [SIM-utils-54] Inspecting design source files for 'top_test' in fileset 'sim_1'...
INFO: [USF-XSim-97] Finding global include files...
INFO: [USF-XSim-98] Fetching design files from 'sim_1'...
INFO: [USF-XSim-2] XSim::Compile design
INFO: [USF-XSim-61] Executing 'COMPILE and ANALYZE' step in 'C:/Users/admin/Desktop/debounce/debounce/debounce.sim/sim_1/behav/xsim'
"xvlog --incr --relax -prj top_test_vlog.prj"
INFO: [VRFC 10-2263] Analyzing Verilog file "C:/Users/admin/Desktop/debounce/debounce/debounce.srcs/sources_1/new/top.v" into library xil_defaultlib
INFO: [VRFC 10-311] analyzing module top
WARNING: [VRFC 10-1315] redeclaration of ansi port i_r is not allowed [C:/Users/admin/Desktop/debounce/debounce/debounce.srcs/sources_1/new/top.v:15]
WARNING: [VRFC 10-1315] redeclaration of ansi port cs_i is not allowed [C:/Users/admin/Desktop/debounce/debounce/debounce.srcs/sources_1/new/top.v:16]
WARNING: [VRFC 10-1315] redeclaration of ansi port wrEn is not allowed [C:/Users/admin/Desktop/debounce/debounce/debounce.srcs/sources_1/new/top.v:17]
INFO: [VRFC 10-2263] Analyzing Verilog file "C:/Users/admin/Desktop/debounce/debounce/debounce.srcs/sim_1/new/top_test.v" into library xil_defaultlib
INFO: [VRFC 10-311] analyzing module top_test
INFO: [VRFC 10-2458] undeclared symbol i_r, assumed default net type wire [C:/Users/admin/Desktop/debounce/debounce/debounce.srcs/sim_1/new/top_test.v:48]
INFO: [VRFC 10-2458] undeclared symbol j_r, assumed default net type wire [C:/Users/admin/Desktop/debounce/debounce/debounce.srcs/sim_1/new/top_test.v:49]
INFO: [USF-XSim-69] 'compile' step finished in '1' seconds
INFO: [USF-XSim-3] XSim::Elaborate design
INFO: [USF-XSim-61] Executing 'ELABORATE' step in 'C:/Users/admin/Desktop/debounce/debounce/debounce.sim/sim_1/behav/xsim'
Vivado Simulator 2018.2
Copyright 1986-1999, 2001-2018 Xilinx, Inc. All Rights Reserved.
Running: D:/Xilinx/Vivado/2018.2/bin/unwrapped/win64.o/xelab.exe -wto 2571681400834b31a8527f68b61e8f81 --incr --debug typical --relax --mt 2 -L xil_defaultlib -L unisims_ver -L unimacro_ver -L secureip --snapshot top_test_behav xil_defaultlib.top_test xil_defaultlib.glbl -log elaborate.log 
Using 2 slave threads.
Starting static elaboration
Completed static elaboration
Starting simulation data flow analysis
Completed simulation data flow analysis
Time Resolution for simulation is 1ps
Compiling module xil_defaultlib.top
Compiling module xil_defaultlib.top_test
Compiling module xil_defaultlib.glbl
Built simulation snapshot top_test_behav
INFO: [USF-XSim-69] 'elaborate' step finished in '2' seconds
INFO: [USF-XSim-4] XSim::Simulate design
INFO: [USF-XSim-61] Executing 'SIMULATE' step in 'C:/Users/admin/Desktop/debounce/debounce/debounce.sim/sim_1/behav/xsim'
INFO: [USF-XSim-98] *** Running xsim
   with args "top_test_behav -key {Behavioral:sim_1:Functional:top_test} -tclbatch {top_test.tcl} -log {simulate.log}"
INFO: [USF-XSim-8] Loading simulator feature
Vivado Simulator 2018.2
Time resolution is 1 ps
source top_test.tcl
# set curr_wave [current_wave_config]
# if { [string length $curr_wave] == 0 } {
#   if { [llength [get_objects]] > 0} {
#     add_wave /
#     set_property needs_save false [current_wave_config]
#   } else {
#      send_msg_id Add_Wave-1 WARNING "No top level signals found. Simulator will start without a wave window. If you want to open a wave window go to 'File->New Waveform Configuration' or type 'create_wave_config' in the TCL console."
#   }
# }
# run 1000ns
INFO: [USF-XSim-96] XSim completed. Design snapshot 'top_test_behav' loaded.
INFO: [USF-XSim-97] XSim simulation ran for 1000ns
run all
close_sim
INFO: [Simtcl 6-16] Simulation closed
launch_simulation
INFO: [Vivado 12-5682] Launching behavioral simulation in 'C:/Users/admin/Desktop/debounce/debounce/debounce.sim/sim_1/behav/xsim'
INFO: [SIM-utils-51] Simulation object is 'sim_1'
INFO: [SIM-utils-54] Inspecting design source files for 'top_test' in fileset 'sim_1'...
INFO: [USF-XSim-97] Finding global include files...
INFO: [USF-XSim-98] Fetching design files from 'sim_1'...
INFO: [USF-XSim-2] XSim::Compile design
INFO: [USF-XSim-61] Executing 'COMPILE and ANALYZE' step in 'C:/Users/admin/Desktop/debounce/debounce/debounce.sim/sim_1/behav/xsim'
"xvlog --incr --relax -prj top_test_vlog.prj"
INFO: [VRFC 10-2263] Analyzing Verilog file "C:/Users/admin/Desktop/debounce/debounce/debounce.srcs/sources_1/new/top.v" into library xil_defaultlib
INFO: [VRFC 10-311] analyzing module top
WARNING: [VRFC 10-1315] redeclaration of ansi port i_r is not allowed [C:/Users/admin/Desktop/debounce/debounce/debounce.srcs/sources_1/new/top.v:15]
WARNING: [VRFC 10-1315] redeclaration of ansi port cs_i is not allowed [C:/Users/admin/Desktop/debounce/debounce/debounce.srcs/sources_1/new/top.v:16]
WARNING: [VRFC 10-1315] redeclaration of ansi port wrEn is not allowed [C:/Users/admin/Desktop/debounce/debounce/debounce.srcs/sources_1/new/top.v:17]
INFO: [VRFC 10-2263] Analyzing Verilog file "C:/Users/admin/Desktop/debounce/debounce/debounce.srcs/sim_1/new/top_test.v" into library xil_defaultlib
INFO: [VRFC 10-311] analyzing module top_test
INFO: [VRFC 10-2458] undeclared symbol i_r, assumed default net type wire [C:/Users/admin/Desktop/debounce/debounce/debounce.srcs/sim_1/new/top_test.v:50]
INFO: [VRFC 10-2458] undeclared symbol j_r, assumed default net type wire [C:/Users/admin/Desktop/debounce/debounce/debounce.srcs/sim_1/new/top_test.v:51]
INFO: [USF-XSim-69] 'compile' step finished in '1' seconds
INFO: [USF-XSim-3] XSim::Elaborate design
INFO: [USF-XSim-61] Executing 'ELABORATE' step in 'C:/Users/admin/Desktop/debounce/debounce/debounce.sim/sim_1/behav/xsim'
Vivado Simulator 2018.2
Copyright 1986-1999, 2001-2018 Xilinx, Inc. All Rights Reserved.
Running: D:/Xilinx/Vivado/2018.2/bin/unwrapped/win64.o/xelab.exe -wto 2571681400834b31a8527f68b61e8f81 --incr --debug typical --relax --mt 2 -L xil_defaultlib -L unisims_ver -L unimacro_ver -L secureip --snapshot top_test_behav xil_defaultlib.top_test xil_defaultlib.glbl -log elaborate.log 
Using 2 slave threads.
Starting static elaboration
Completed static elaboration
Starting simulation data flow analysis
Completed simulation data flow analysis
Time Resolution for simulation is 1ps
Compiling module xil_defaultlib.top
Compiling module xil_defaultlib.top_test
Compiling module xil_defaultlib.glbl
Built simulation snapshot top_test_behav
INFO: [USF-XSim-69] 'elaborate' step finished in '2' seconds
INFO: [USF-XSim-4] XSim::Simulate design
INFO: [USF-XSim-61] Executing 'SIMULATE' step in 'C:/Users/admin/Desktop/debounce/debounce/debounce.sim/sim_1/behav/xsim'
INFO: [USF-XSim-98] *** Running xsim
   with args "top_test_behav -key {Behavioral:sim_1:Functional:top_test} -tclbatch {top_test.tcl} -log {simulate.log}"
INFO: [USF-XSim-8] Loading simulator feature
Vivado Simulator 2018.2
Time resolution is 1 ps
source top_test.tcl
# set curr_wave [current_wave_config]
# if { [string length $curr_wave] == 0 } {
#   if { [llength [get_objects]] > 0} {
#     add_wave /
#     set_property needs_save false [current_wave_config]
#   } else {
#      send_msg_id Add_Wave-1 WARNING "No top level signals found. Simulator will start without a wave window. If you want to open a wave window go to 'File->New Waveform Configuration' or type 'create_wave_config' in the TCL console."
#   }
# }
# run 1000ns
INFO: [USF-XSim-96] XSim completed. Design snapshot 'top_test_behav' loaded.
INFO: [USF-XSim-97] XSim simulation ran for 1000ns
run all
close_sim
INFO: [Simtcl 6-16] Simulation closed
exit
INFO: [Common 17-206] Exiting Vivado at Tue Mar 19 15:57:18 2019...
