#-----------------------------------------------------------
# Vivado v2018.2 (64-bit)
# SW Build 2258646 on Thu Jun 14 20:03:12 MDT 2018
# IP Build 2256618 on Thu Jun 14 22:10:49 MDT 2018
# Start of session at: Fri Mar 15 13:45:55 2019
# Process ID: 2916
# Current directory: C:/Users/admin/Desktop/debounce/debounce
# Command line: vivado.exe -gui_launcher_event rodinguilauncherevent143820 C:\Users\admin\Desktop\debounce\debounce\debounce.xpr
# Log file: C:/Users/admin/Desktop/debounce/debounce/vivado.log
# Journal file: C:/Users/admin/Desktop/debounce/debounce\vivado.jou
#-----------------------------------------------------------
start_gui
open_project C:/Users/admin/Desktop/debounce/debounce/debounce.xpr
Scanning sources...
Finished scanning sources
INFO: [IP_Flow 19-234] Refreshing IP repositories
INFO: [IP_Flow 19-1704] No user IP repositories specified
INFO: [IP_Flow 19-2313] Loaded Vivado IP repository 'D:/Xilinx/Vivado/2018.2/data/ip'.
update_compile_order -fileset sources_1
close [ open C:/Users/admin/Desktop/debounce/debounce/debounce.srcs/sources_1/new/sd_deb.v w ]
add_files C:/Users/admin/Desktop/debounce/debounce/debounce.srcs/sources_1/new/sd_deb.v
update_compile_order -fileset sources_1
update_compile_order -fileset sources_1
update_compile_order -fileset sources_1
update_compile_order -fileset sources_1
launch_simulation
INFO: [Vivado 12-5682] Launching behavioral simulation in 'C:/Users/admin/Desktop/debounce/debounce/debounce.sim/sim_1/behav/xsim'
INFO: [SIM-utils-51] Simulation object is 'sim_1'
INFO: [SIM-utils-54] Inspecting design source files for 'top_test' in fileset 'sim_1'...
INFO: [USF-XSim-97] Finding global include files...
INFO: [USF-XSim-98] Fetching design files from 'sim_1'...
INFO: [USF-XSim-2] XSim::Compile design
INFO: [USF-XSim-61] Executing 'COMPILE and ANALYZE' step in 'C:/Users/admin/Desktop/debounce/debounce/debounce.sim/sim_1/behav/xsim'
"xvlog --incr --relax -prj top_test_vlog.prj"
INFO: [VRFC 10-2263] Analyzing Verilog file "C:/Users/admin/Desktop/debounce/debounce/debounce.srcs/sources_1/new/sd_deb.v" into library xil_defaultlib
INFO: [VRFC 10-311] analyzing module sd_deb
INFO: [VRFC 10-2263] Analyzing Verilog file "C:/Users/admin/Desktop/debounce/debounce/debounce.srcs/sources_1/new/top.v" into library xil_defaultlib
INFO: [VRFC 10-311] analyzing module top
WARNING: [VRFC 10-1315] redeclaration of ansi port i_r is not allowed [C:/Users/admin/Desktop/debounce/debounce/debounce.srcs/sources_1/new/top.v:16]
WARNING: [VRFC 10-1315] redeclaration of ansi port o is not allowed [C:/Users/admin/Desktop/debounce/debounce/debounce.srcs/sources_1/new/top.v:17]
WARNING: [VRFC 10-1315] redeclaration of ansi port o_deb is not allowed [C:/Users/admin/Desktop/debounce/debounce/debounce.srcs/sources_1/new/top.v:18]
INFO: [VRFC 10-2263] Analyzing Verilog file "C:/Users/admin/Desktop/debounce/debounce/debounce.srcs/sim_1/new/top_test.v" into library xil_defaultlib
INFO: [VRFC 10-311] analyzing module top_test
WARNING: [VRFC 10-756] identifier LEVEL is used before its declaration [C:/Users/admin/Desktop/debounce/debounce/debounce.srcs/sim_1/new/top_test.v:8]
INFO: [USF-XSim-69] 'compile' step finished in '1' seconds
INFO: [USF-XSim-3] XSim::Elaborate design
INFO: [USF-XSim-61] Executing 'ELABORATE' step in 'C:/Users/admin/Desktop/debounce/debounce/debounce.sim/sim_1/behav/xsim'
Vivado Simulator 2018.2
Copyright 1986-1999, 2001-2018 Xilinx, Inc. All Rights Reserved.
Running: D:/Xilinx/Vivado/2018.2/bin/unwrapped/win64.o/xelab.exe -wto 2571681400834b31a8527f68b61e8f81 --incr --debug typical --relax --mt 2 -L xil_defaultlib -L unisims_ver -L unimacro_ver -L secureip --snapshot top_test_behav xil_defaultlib.top_test xil_defaultlib.glbl -log elaborate.log 
Using 2 slave threads.
Starting static elaboration
WARNING: [VRFC 10-1233] port o is already connected [C:/Users/admin/Desktop/debounce/debounce/debounce.srcs/sim_1/new/top_test.v:32]
ERROR: [VRFC 10-1233] port o is already connected [C:/Users/admin/Desktop/debounce/debounce/debounce.srcs/sim_1/new/top_test.v:39]
ERROR: [XSIM 43-3322] Static elaboration of top level Verilog design unit(s) in library work failed.
INFO: [USF-XSim-69] 'elaborate' step finished in '1' seconds
INFO: [USF-XSim-99] Step results log file:'C:/Users/admin/Desktop/debounce/debounce/debounce.sim/sim_1/behav/xsim/elaborate.log'
ERROR: [USF-XSim-62] 'elaborate' step failed with error(s). Please check the Tcl console output or 'C:/Users/admin/Desktop/debounce/debounce/debounce.sim/sim_1/behav/xsim/elaborate.log' file for more information.
ERROR: [Vivado 12-4473] Detected error while running simulation. Please correct the issue and retry this operation.
ERROR: [Common 17-39] 'launch_simulation' failed due to earlier errors.
launch_simulation
INFO: [Vivado 12-5682] Launching behavioral simulation in 'C:/Users/admin/Desktop/debounce/debounce/debounce.sim/sim_1/behav/xsim'
INFO: [SIM-utils-51] Simulation object is 'sim_1'
INFO: [SIM-utils-54] Inspecting design source files for 'top_test' in fileset 'sim_1'...
INFO: [USF-XSim-97] Finding global include files...
INFO: [USF-XSim-98] Fetching design files from 'sim_1'...
INFO: [USF-XSim-2] XSim::Compile design
INFO: [USF-XSim-61] Executing 'COMPILE and ANALYZE' step in 'C:/Users/admin/Desktop/debounce/debounce/debounce.sim/sim_1/behav/xsim'
"xvlog --incr --relax -prj top_test_vlog.prj"
INFO: [VRFC 10-2263] Analyzing Verilog file "C:/Users/admin/Desktop/debounce/debounce/debounce.srcs/sources_1/new/sd_deb.v" into library xil_defaultlib
INFO: [VRFC 10-311] analyzing module sd_deb
INFO: [VRFC 10-2263] Analyzing Verilog file "C:/Users/admin/Desktop/debounce/debounce/debounce.srcs/sources_1/new/top.v" into library xil_defaultlib
INFO: [VRFC 10-311] analyzing module top
WARNING: [VRFC 10-1315] redeclaration of ansi port i_r is not allowed [C:/Users/admin/Desktop/debounce/debounce/debounce.srcs/sources_1/new/top.v:16]
WARNING: [VRFC 10-1315] redeclaration of ansi port o is not allowed [C:/Users/admin/Desktop/debounce/debounce/debounce.srcs/sources_1/new/top.v:17]
WARNING: [VRFC 10-1315] redeclaration of ansi port o_deb is not allowed [C:/Users/admin/Desktop/debounce/debounce/debounce.srcs/sources_1/new/top.v:18]
INFO: [VRFC 10-2263] Analyzing Verilog file "C:/Users/admin/Desktop/debounce/debounce/debounce.srcs/sim_1/new/top_test.v" into library xil_defaultlib
INFO: [VRFC 10-311] analyzing module top_test
WARNING: [VRFC 10-756] identifier LEVEL is used before its declaration [C:/Users/admin/Desktop/debounce/debounce/debounce.srcs/sim_1/new/top_test.v:8]
INFO: [USF-XSim-69] 'compile' step finished in '1' seconds
INFO: [USF-XSim-3] XSim::Elaborate design
INFO: [USF-XSim-61] Executing 'ELABORATE' step in 'C:/Users/admin/Desktop/debounce/debounce/debounce.sim/sim_1/behav/xsim'
Vivado Simulator 2018.2
Copyright 1986-1999, 2001-2018 Xilinx, Inc. All Rights Reserved.
Running: D:/Xilinx/Vivado/2018.2/bin/unwrapped/win64.o/xelab.exe -wto 2571681400834b31a8527f68b61e8f81 --incr --debug typical --relax --mt 2 -L xil_defaultlib -L unisims_ver -L unimacro_ver -L secureip --snapshot top_test_behav xil_defaultlib.top_test xil_defaultlib.glbl -log elaborate.log 
Using 2 slave threads.
Starting static elaboration
WARNING: [VRFC 10-1233] port o is already connected [C:/Users/admin/Desktop/debounce/debounce/debounce.srcs/sim_1/new/top_test.v:32]
ERROR: [VRFC 10-1233] port o is already connected [C:/Users/admin/Desktop/debounce/debounce/debounce.srcs/sim_1/new/top_test.v:39]
ERROR: [XSIM 43-3322] Static elaboration of top level Verilog design unit(s) in library work failed.
INFO: [USF-XSim-69] 'elaborate' step finished in '1' seconds
INFO: [USF-XSim-99] Step results log file:'C:/Users/admin/Desktop/debounce/debounce/debounce.sim/sim_1/behav/xsim/elaborate.log'
ERROR: [USF-XSim-62] 'elaborate' step failed with error(s). Please check the Tcl console output or 'C:/Users/admin/Desktop/debounce/debounce/debounce.sim/sim_1/behav/xsim/elaborate.log' file for more information.
ERROR: [Vivado 12-4473] Detected error while running simulation. Please correct the issue and retry this operation.
ERROR: [Common 17-39] 'launch_simulation' failed due to earlier errors.
launch_simulation
INFO: [Vivado 12-5682] Launching behavioral simulation in 'C:/Users/admin/Desktop/debounce/debounce/debounce.sim/sim_1/behav/xsim'
INFO: [SIM-utils-51] Simulation object is 'sim_1'
INFO: [SIM-utils-54] Inspecting design source files for 'top_test' in fileset 'sim_1'...
INFO: [USF-XSim-97] Finding global include files...
INFO: [USF-XSim-98] Fetching design files from 'sim_1'...
INFO: [USF-XSim-2] XSim::Compile design
INFO: [USF-XSim-61] Executing 'COMPILE and ANALYZE' step in 'C:/Users/admin/Desktop/debounce/debounce/debounce.sim/sim_1/behav/xsim'
"xvlog --incr --relax -prj top_test_vlog.prj"
INFO: [VRFC 10-2263] Analyzing Verilog file "C:/Users/admin/Desktop/debounce/debounce/debounce.srcs/sources_1/new/sd_deb.v" into library xil_defaultlib
INFO: [VRFC 10-311] analyzing module sd_deb
INFO: [VRFC 10-2263] Analyzing Verilog file "C:/Users/admin/Desktop/debounce/debounce/debounce.srcs/sources_1/new/top.v" into library xil_defaultlib
INFO: [VRFC 10-311] analyzing module top
WARNING: [VRFC 10-1315] redeclaration of ansi port i_r is not allowed [C:/Users/admin/Desktop/debounce/debounce/debounce.srcs/sources_1/new/top.v:16]
WARNING: [VRFC 10-1315] redeclaration of ansi port o is not allowed [C:/Users/admin/Desktop/debounce/debounce/debounce.srcs/sources_1/new/top.v:17]
WARNING: [VRFC 10-1315] redeclaration of ansi port o_deb is not allowed [C:/Users/admin/Desktop/debounce/debounce/debounce.srcs/sources_1/new/top.v:18]
INFO: [VRFC 10-2263] Analyzing Verilog file "C:/Users/admin/Desktop/debounce/debounce/debounce.srcs/sim_1/new/top_test.v" into library xil_defaultlib
INFO: [VRFC 10-311] analyzing module top_test
WARNING: [VRFC 10-756] identifier LEVEL is used before its declaration [C:/Users/admin/Desktop/debounce/debounce/debounce.srcs/sim_1/new/top_test.v:8]
INFO: [USF-XSim-69] 'compile' step finished in '1' seconds
INFO: [USF-XSim-3] XSim::Elaborate design
INFO: [USF-XSim-61] Executing 'ELABORATE' step in 'C:/Users/admin/Desktop/debounce/debounce/debounce.sim/sim_1/behav/xsim'
Vivado Simulator 2018.2
Copyright 1986-1999, 2001-2018 Xilinx, Inc. All Rights Reserved.
Running: D:/Xilinx/Vivado/2018.2/bin/unwrapped/win64.o/xelab.exe -wto 2571681400834b31a8527f68b61e8f81 --incr --debug typical --relax --mt 2 -L xil_defaultlib -L unisims_ver -L unimacro_ver -L secureip --snapshot top_test_behav xil_defaultlib.top_test xil_defaultlib.glbl -log elaborate.log 
Using 2 slave threads.
Starting static elaboration
ERROR: [VRFC 10-529] concurrent assignment to a non-net o_deb is not permitted [C:/Users/admin/Desktop/debounce/debounce/debounce.srcs/sources_1/new/top.v:32]
ERROR: [XSIM 43-3322] Static elaboration of top level Verilog design unit(s) in library work failed.
INFO: [USF-XSim-69] 'elaborate' step finished in '1' seconds
INFO: [USF-XSim-99] Step results log file:'C:/Users/admin/Desktop/debounce/debounce/debounce.sim/sim_1/behav/xsim/elaborate.log'
ERROR: [USF-XSim-62] 'elaborate' step failed with error(s). Please check the Tcl console output or 'C:/Users/admin/Desktop/debounce/debounce/debounce.sim/sim_1/behav/xsim/elaborate.log' file for more information.
ERROR: [Vivado 12-4473] Detected error while running simulation. Please correct the issue and retry this operation.
ERROR: [Common 17-39] 'launch_simulation' failed due to earlier errors.
launch_simulation
INFO: [Vivado 12-5682] Launching behavioral simulation in 'C:/Users/admin/Desktop/debounce/debounce/debounce.sim/sim_1/behav/xsim'
INFO: [SIM-utils-51] Simulation object is 'sim_1'
INFO: [SIM-utils-54] Inspecting design source files for 'top_test' in fileset 'sim_1'...
INFO: [USF-XSim-97] Finding global include files...
INFO: [USF-XSim-98] Fetching design files from 'sim_1'...
INFO: [USF-XSim-2] XSim::Compile design
INFO: [USF-XSim-61] Executing 'COMPILE and ANALYZE' step in 'C:/Users/admin/Desktop/debounce/debounce/debounce.sim/sim_1/behav/xsim'
"xvlog --incr --relax -prj top_test_vlog.prj"
INFO: [VRFC 10-2263] Analyzing Verilog file "C:/Users/admin/Desktop/debounce/debounce/debounce.srcs/sources_1/new/sd_deb.v" into library xil_defaultlib
INFO: [VRFC 10-311] analyzing module sd_deb
INFO: [VRFC 10-2263] Analyzing Verilog file "C:/Users/admin/Desktop/debounce/debounce/debounce.srcs/sources_1/new/top.v" into library xil_defaultlib
INFO: [VRFC 10-311] analyzing module top
WARNING: [VRFC 10-1315] redeclaration of ansi port i_r is not allowed [C:/Users/admin/Desktop/debounce/debounce/debounce.srcs/sources_1/new/top.v:16]
WARNING: [VRFC 10-1315] redeclaration of ansi port o is not allowed [C:/Users/admin/Desktop/debounce/debounce/debounce.srcs/sources_1/new/top.v:17]
WARNING: [VRFC 10-1315] redeclaration of ansi port o_deb is not allowed [C:/Users/admin/Desktop/debounce/debounce/debounce.srcs/sources_1/new/top.v:18]
INFO: [VRFC 10-2263] Analyzing Verilog file "C:/Users/admin/Desktop/debounce/debounce/debounce.srcs/sim_1/new/top_test.v" into library xil_defaultlib
INFO: [VRFC 10-311] analyzing module top_test
WARNING: [VRFC 10-756] identifier LEVEL is used before its declaration [C:/Users/admin/Desktop/debounce/debounce/debounce.srcs/sim_1/new/top_test.v:8]
INFO: [USF-XSim-69] 'compile' step finished in '1' seconds
INFO: [USF-XSim-3] XSim::Elaborate design
INFO: [USF-XSim-61] Executing 'ELABORATE' step in 'C:/Users/admin/Desktop/debounce/debounce/debounce.sim/sim_1/behav/xsim'
Vivado Simulator 2018.2
Copyright 1986-1999, 2001-2018 Xilinx, Inc. All Rights Reserved.
Running: D:/Xilinx/Vivado/2018.2/bin/unwrapped/win64.o/xelab.exe -wto 2571681400834b31a8527f68b61e8f81 --incr --debug typical --relax --mt 2 -L xil_defaultlib -L unisims_ver -L unimacro_ver -L secureip --snapshot top_test_behav xil_defaultlib.top_test xil_defaultlib.glbl -log elaborate.log 
Using 2 slave threads.
Starting static elaboration
Completed static elaboration
Starting simulation data flow analysis
Completed simulation data flow analysis
Time Resolution for simulation is 1ps
Compiling module xil_defaultlib.sd_deb
Compiling module xil_defaultlib.top
Compiling module xil_defaultlib.top_test
Compiling module xil_defaultlib.glbl
Built simulation snapshot top_test_behav
INFO: [USF-XSim-69] 'elaborate' step finished in '2' seconds
INFO: [USF-XSim-4] XSim::Simulate design
INFO: [USF-XSim-61] Executing 'SIMULATE' step in 'C:/Users/admin/Desktop/debounce/debounce/debounce.sim/sim_1/behav/xsim'
INFO: [USF-XSim-98] *** Running xsim
   with args "top_test_behav -key {Behavioral:sim_1:Functional:top_test} -tclbatch {top_test.tcl} -log {simulate.log}"
INFO: [USF-XSim-8] Loading simulator feature
Vivado Simulator 2018.2
Time resolution is 1 ps
source top_test.tcl
# set curr_wave [current_wave_config]
# if { [string length $curr_wave] == 0 } {
#   if { [llength [get_objects]] > 0} {
#     add_wave /
#     set_property needs_save false [current_wave_config]
#   } else {
#      send_msg_id Add_Wave-1 WARNING "No top level signals found. Simulator will start without a wave window. If you want to open a wave window go to 'File->New Waveform Configuration' or type 'create_wave_config' in the TCL console."
#   }
# }
# run 1000ns
INFO: [USF-XSim-96] XSim completed. Design snapshot 'top_test_behav' loaded.
INFO: [USF-XSim-97] XSim simulation ran for 1000ns
launch_simulation: Time (s): cpu = 00:00:02 ; elapsed = 00:00:05 . Memory (MB): peak = 933.938 ; gain = 12.594
run all
close_sim
INFO: [Simtcl 6-16] Simulation closed
launch_simulation
INFO: [Vivado 12-5682] Launching behavioral simulation in 'C:/Users/admin/Desktop/debounce/debounce/debounce.sim/sim_1/behav/xsim'
INFO: [SIM-utils-51] Simulation object is 'sim_1'
INFO: [SIM-utils-54] Inspecting design source files for 'top_test' in fileset 'sim_1'...
INFO: [USF-XSim-97] Finding global include files...
INFO: [USF-XSim-98] Fetching design files from 'sim_1'...
INFO: [USF-XSim-2] XSim::Compile design
INFO: [USF-XSim-61] Executing 'COMPILE and ANALYZE' step in 'C:/Users/admin/Desktop/debounce/debounce/debounce.sim/sim_1/behav/xsim'
"xvlog --incr --relax -prj top_test_vlog.prj"
INFO: [VRFC 10-2263] Analyzing Verilog file "C:/Users/admin/Desktop/debounce/debounce/debounce.srcs/sources_1/new/sd_deb.v" into library xil_defaultlib
INFO: [VRFC 10-311] analyzing module sd_deb
INFO: [VRFC 10-2263] Analyzing Verilog file "C:/Users/admin/Desktop/debounce/debounce/debounce.srcs/sources_1/new/top.v" into library xil_defaultlib
INFO: [VRFC 10-311] analyzing module top
WARNING: [VRFC 10-1315] redeclaration of ansi port i_r is not allowed [C:/Users/admin/Desktop/debounce/debounce/debounce.srcs/sources_1/new/top.v:16]
WARNING: [VRFC 10-1315] redeclaration of ansi port o is not allowed [C:/Users/admin/Desktop/debounce/debounce/debounce.srcs/sources_1/new/top.v:17]
WARNING: [VRFC 10-1315] redeclaration of ansi port o_deb is not allowed [C:/Users/admin/Desktop/debounce/debounce/debounce.srcs/sources_1/new/top.v:18]
INFO: [VRFC 10-2263] Analyzing Verilog file "C:/Users/admin/Desktop/debounce/debounce/debounce.srcs/sim_1/new/top_test.v" into library xil_defaultlib
INFO: [VRFC 10-311] analyzing module top_test
WARNING: [VRFC 10-756] identifier LEVEL is used before its declaration [C:/Users/admin/Desktop/debounce/debounce/debounce.srcs/sim_1/new/top_test.v:8]
INFO: [USF-XSim-69] 'compile' step finished in '1' seconds
INFO: [USF-XSim-3] XSim::Elaborate design
INFO: [USF-XSim-61] Executing 'ELABORATE' step in 'C:/Users/admin/Desktop/debounce/debounce/debounce.sim/sim_1/behav/xsim'
Vivado Simulator 2018.2
Copyright 1986-1999, 2001-2018 Xilinx, Inc. All Rights Reserved.
Running: D:/Xilinx/Vivado/2018.2/bin/unwrapped/win64.o/xelab.exe -wto 2571681400834b31a8527f68b61e8f81 --incr --debug typical --relax --mt 2 -L xil_defaultlib -L unisims_ver -L unimacro_ver -L secureip --snapshot top_test_behav xil_defaultlib.top_test xil_defaultlib.glbl -log elaborate.log 
Using 2 slave threads.
Starting static elaboration
Completed static elaboration
Starting simulation data flow analysis
Completed simulation data flow analysis
Time Resolution for simulation is 1ps
Compiling module xil_defaultlib.sd_deb
Compiling module xil_defaultlib.top
Compiling module xil_defaultlib.top_test
Compiling module xil_defaultlib.glbl
Built simulation snapshot top_test_behav
INFO: [USF-XSim-69] 'elaborate' step finished in '1' seconds
INFO: [USF-XSim-4] XSim::Simulate design
INFO: [USF-XSim-61] Executing 'SIMULATE' step in 'C:/Users/admin/Desktop/debounce/debounce/debounce.sim/sim_1/behav/xsim'
INFO: [USF-XSim-98] *** Running xsim
   with args "top_test_behav -key {Behavioral:sim_1:Functional:top_test} -tclbatch {top_test.tcl} -log {simulate.log}"
INFO: [USF-XSim-8] Loading simulator feature
Vivado Simulator 2018.2
Time resolution is 1 ps
source top_test.tcl
# set curr_wave [current_wave_config]
# if { [string length $curr_wave] == 0 } {
#   if { [llength [get_objects]] > 0} {
#     add_wave /
#     set_property needs_save false [current_wave_config]
#   } else {
#      send_msg_id Add_Wave-1 WARNING "No top level signals found. Simulator will start without a wave window. If you want to open a wave window go to 'File->New Waveform Configuration' or type 'create_wave_config' in the TCL console."
#   }
# }
# run 1000ns
INFO: [USF-XSim-96] XSim completed. Design snapshot 'top_test_behav' loaded.
INFO: [USF-XSim-97] XSim simulation ran for 1000ns
run all
close_sim
INFO: [Simtcl 6-16] Simulation closed
launch_simulation
INFO: [Vivado 12-5682] Launching behavioral simulation in 'C:/Users/admin/Desktop/debounce/debounce/debounce.sim/sim_1/behav/xsim'
INFO: [SIM-utils-51] Simulation object is 'sim_1'
INFO: [SIM-utils-54] Inspecting design source files for 'top_test' in fileset 'sim_1'...
INFO: [USF-XSim-97] Finding global include files...
INFO: [USF-XSim-98] Fetching design files from 'sim_1'...
INFO: [USF-XSim-2] XSim::Compile design
INFO: [USF-XSim-61] Executing 'COMPILE and ANALYZE' step in 'C:/Users/admin/Desktop/debounce/debounce/debounce.sim/sim_1/behav/xsim'
"xvlog --incr --relax -prj top_test_vlog.prj"
INFO: [VRFC 10-2263] Analyzing Verilog file "C:/Users/admin/Desktop/debounce/debounce/debounce.srcs/sources_1/new/sd_deb.v" into library xil_defaultlib
INFO: [VRFC 10-311] analyzing module sd_deb
INFO: [VRFC 10-2263] Analyzing Verilog file "C:/Users/admin/Desktop/debounce/debounce/debounce.srcs/sources_1/new/top.v" into library xil_defaultlib
INFO: [VRFC 10-311] analyzing module top
WARNING: [VRFC 10-1315] redeclaration of ansi port i_r is not allowed [C:/Users/admin/Desktop/debounce/debounce/debounce.srcs/sources_1/new/top.v:16]
WARNING: [VRFC 10-1315] redeclaration of ansi port o is not allowed [C:/Users/admin/Desktop/debounce/debounce/debounce.srcs/sources_1/new/top.v:17]
WARNING: [VRFC 10-1315] redeclaration of ansi port o_deb is not allowed [C:/Users/admin/Desktop/debounce/debounce/debounce.srcs/sources_1/new/top.v:18]
INFO: [VRFC 10-2263] Analyzing Verilog file "C:/Users/admin/Desktop/debounce/debounce/debounce.srcs/sim_1/new/top_test.v" into library xil_defaultlib
INFO: [VRFC 10-311] analyzing module top_test
WARNING: [VRFC 10-756] identifier LEVEL is used before its declaration [C:/Users/admin/Desktop/debounce/debounce/debounce.srcs/sim_1/new/top_test.v:8]
INFO: [USF-XSim-69] 'compile' step finished in '1' seconds
INFO: [USF-XSim-3] XSim::Elaborate design
INFO: [USF-XSim-61] Executing 'ELABORATE' step in 'C:/Users/admin/Desktop/debounce/debounce/debounce.sim/sim_1/behav/xsim'
Vivado Simulator 2018.2
Copyright 1986-1999, 2001-2018 Xilinx, Inc. All Rights Reserved.
Running: D:/Xilinx/Vivado/2018.2/bin/unwrapped/win64.o/xelab.exe -wto 2571681400834b31a8527f68b61e8f81 --incr --debug typical --relax --mt 2 -L xil_defaultlib -L unisims_ver -L unimacro_ver -L secureip --snapshot top_test_behav xil_defaultlib.top_test xil_defaultlib.glbl -log elaborate.log 
Using 2 slave threads.
Starting static elaboration
Completed static elaboration
Starting simulation data flow analysis
Completed simulation data flow analysis
Time Resolution for simulation is 1ps
Compiling module xil_defaultlib.sd_deb
Compiling module xil_defaultlib.top
Compiling module xil_defaultlib.top_test
Compiling module xil_defaultlib.glbl
Built simulation snapshot top_test_behav
INFO: [USF-XSim-69] 'elaborate' step finished in '1' seconds
INFO: [USF-XSim-4] XSim::Simulate design
INFO: [USF-XSim-61] Executing 'SIMULATE' step in 'C:/Users/admin/Desktop/debounce/debounce/debounce.sim/sim_1/behav/xsim'
INFO: [USF-XSim-98] *** Running xsim
   with args "top_test_behav -key {Behavioral:sim_1:Functional:top_test} -tclbatch {top_test.tcl} -log {simulate.log}"
INFO: [USF-XSim-8] Loading simulator feature
Vivado Simulator 2018.2
Time resolution is 1 ps
source top_test.tcl
# set curr_wave [current_wave_config]
# if { [string length $curr_wave] == 0 } {
#   if { [llength [get_objects]] > 0} {
#     add_wave /
#     set_property needs_save false [current_wave_config]
#   } else {
#      send_msg_id Add_Wave-1 WARNING "No top level signals found. Simulator will start without a wave window. If you want to open a wave window go to 'File->New Waveform Configuration' or type 'create_wave_config' in the TCL console."
#   }
# }
# run 1000ns
INFO: [USF-XSim-96] XSim completed. Design snapshot 'top_test_behav' loaded.
INFO: [USF-XSim-97] XSim simulation ran for 1000ns
run all
run: Time (s): cpu = 00:00:06 ; elapsed = 00:00:06 . Memory (MB): peak = 949.754 ; gain = 1.523
close_sim
INFO: [Simtcl 6-16] Simulation closed
launch_simulation
INFO: [Vivado 12-5682] Launching behavioral simulation in 'C:/Users/admin/Desktop/debounce/debounce/debounce.sim/sim_1/behav/xsim'
INFO: [SIM-utils-51] Simulation object is 'sim_1'
INFO: [SIM-utils-54] Inspecting design source files for 'top_test' in fileset 'sim_1'...
INFO: [USF-XSim-97] Finding global include files...
INFO: [USF-XSim-98] Fetching design files from 'sim_1'...
INFO: [USF-XSim-2] XSim::Compile design
INFO: [USF-XSim-61] Executing 'COMPILE and ANALYZE' step in 'C:/Users/admin/Desktop/debounce/debounce/debounce.sim/sim_1/behav/xsim'
"xvlog --incr --relax -prj top_test_vlog.prj"
INFO: [VRFC 10-2263] Analyzing Verilog file "C:/Users/admin/Desktop/debounce/debounce/debounce.srcs/sources_1/new/sd_deb.v" into library xil_defaultlib
INFO: [VRFC 10-311] analyzing module sd_deb
INFO: [VRFC 10-2263] Analyzing Verilog file "C:/Users/admin/Desktop/debounce/debounce/debounce.srcs/sources_1/new/top.v" into library xil_defaultlib
INFO: [VRFC 10-311] analyzing module top
WARNING: [VRFC 10-1315] redeclaration of ansi port i_r is not allowed [C:/Users/admin/Desktop/debounce/debounce/debounce.srcs/sources_1/new/top.v:16]
WARNING: [VRFC 10-1315] redeclaration of ansi port o is not allowed [C:/Users/admin/Desktop/debounce/debounce/debounce.srcs/sources_1/new/top.v:17]
WARNING: [VRFC 10-1315] redeclaration of ansi port o_deb is not allowed [C:/Users/admin/Desktop/debounce/debounce/debounce.srcs/sources_1/new/top.v:19]
INFO: [VRFC 10-2263] Analyzing Verilog file "C:/Users/admin/Desktop/debounce/debounce/debounce.srcs/sim_1/new/top_test.v" into library xil_defaultlib
INFO: [VRFC 10-311] analyzing module top_test
WARNING: [VRFC 10-756] identifier LEVEL is used before its declaration [C:/Users/admin/Desktop/debounce/debounce/debounce.srcs/sim_1/new/top_test.v:8]
INFO: [USF-XSim-69] 'compile' step finished in '1' seconds
INFO: [USF-XSim-3] XSim::Elaborate design
INFO: [USF-XSim-61] Executing 'ELABORATE' step in 'C:/Users/admin/Desktop/debounce/debounce/debounce.sim/sim_1/behav/xsim'
Vivado Simulator 2018.2
Copyright 1986-1999, 2001-2018 Xilinx, Inc. All Rights Reserved.
Running: D:/Xilinx/Vivado/2018.2/bin/unwrapped/win64.o/xelab.exe -wto 2571681400834b31a8527f68b61e8f81 --incr --debug typical --relax --mt 2 -L xil_defaultlib -L unisims_ver -L unimacro_ver -L secureip --snapshot top_test_behav xil_defaultlib.top_test xil_defaultlib.glbl -log elaborate.log 
Using 2 slave threads.
Starting static elaboration
Completed static elaboration
Starting simulation data flow analysis
Completed simulation data flow analysis
Time Resolution for simulation is 1ps
Compiling module xil_defaultlib.sd_deb
Compiling module xil_defaultlib.top
Compiling module xil_defaultlib.top_test
Compiling module xil_defaultlib.glbl
Built simulation snapshot top_test_behav
INFO: [USF-XSim-69] 'elaborate' step finished in '1' seconds
INFO: [USF-XSim-4] XSim::Simulate design
INFO: [USF-XSim-61] Executing 'SIMULATE' step in 'C:/Users/admin/Desktop/debounce/debounce/debounce.sim/sim_1/behav/xsim'
INFO: [USF-XSim-98] *** Running xsim
   with args "top_test_behav -key {Behavioral:sim_1:Functional:top_test} -tclbatch {top_test.tcl} -log {simulate.log}"
INFO: [USF-XSim-8] Loading simulator feature
Vivado Simulator 2018.2
Time resolution is 1 ps
source top_test.tcl
# set curr_wave [current_wave_config]
# if { [string length $curr_wave] == 0 } {
#   if { [llength [get_objects]] > 0} {
#     add_wave /
#     set_property needs_save false [current_wave_config]
#   } else {
#      send_msg_id Add_Wave-1 WARNING "No top level signals found. Simulator will start without a wave window. If you want to open a wave window go to 'File->New Waveform Configuration' or type 'create_wave_config' in the TCL console."
#   }
# }
# run 1000ns
INFO: [USF-XSim-96] XSim completed. Design snapshot 'top_test_behav' loaded.
INFO: [USF-XSim-97] XSim simulation ran for 1000ns
run all
current_wave_config {Untitled 4}
Untitled 4
add_wave {{/top_test/rand_num}} 
run all
close_sim
INFO: [Simtcl 6-16] Simulation closed
launch_simulation
INFO: [Vivado 12-5682] Launching behavioral simulation in 'C:/Users/admin/Desktop/debounce/debounce/debounce.sim/sim_1/behav/xsim'
INFO: [SIM-utils-51] Simulation object is 'sim_1'
INFO: [SIM-utils-54] Inspecting design source files for 'top_test' in fileset 'sim_1'...
INFO: [USF-XSim-97] Finding global include files...
INFO: [USF-XSim-98] Fetching design files from 'sim_1'...
INFO: [USF-XSim-2] XSim::Compile design
INFO: [USF-XSim-61] Executing 'COMPILE and ANALYZE' step in 'C:/Users/admin/Desktop/debounce/debounce/debounce.sim/sim_1/behav/xsim'
"xvlog --incr --relax -prj top_test_vlog.prj"
INFO: [VRFC 10-2263] Analyzing Verilog file "C:/Users/admin/Desktop/debounce/debounce/debounce.srcs/sources_1/new/sd_deb.v" into library xil_defaultlib
INFO: [VRFC 10-311] analyzing module sd_deb
INFO: [VRFC 10-2263] Analyzing Verilog file "C:/Users/admin/Desktop/debounce/debounce/debounce.srcs/sources_1/new/top.v" into library xil_defaultlib
INFO: [VRFC 10-311] analyzing module top
WARNING: [VRFC 10-1315] redeclaration of ansi port i_r is not allowed [C:/Users/admin/Desktop/debounce/debounce/debounce.srcs/sources_1/new/top.v:16]
WARNING: [VRFC 10-1315] redeclaration of ansi port o is not allowed [C:/Users/admin/Desktop/debounce/debounce/debounce.srcs/sources_1/new/top.v:17]
WARNING: [VRFC 10-1315] redeclaration of ansi port o_deb is not allowed [C:/Users/admin/Desktop/debounce/debounce/debounce.srcs/sources_1/new/top.v:19]
INFO: [VRFC 10-2263] Analyzing Verilog file "C:/Users/admin/Desktop/debounce/debounce/debounce.srcs/sim_1/new/top_test.v" into library xil_defaultlib
INFO: [VRFC 10-311] analyzing module top_test
WARNING: [VRFC 10-756] identifier LEVEL is used before its declaration [C:/Users/admin/Desktop/debounce/debounce/debounce.srcs/sim_1/new/top_test.v:8]
INFO: [USF-XSim-69] 'compile' step finished in '1' seconds
INFO: [USF-XSim-3] XSim::Elaborate design
INFO: [USF-XSim-61] Executing 'ELABORATE' step in 'C:/Users/admin/Desktop/debounce/debounce/debounce.sim/sim_1/behav/xsim'
Vivado Simulator 2018.2
Copyright 1986-1999, 2001-2018 Xilinx, Inc. All Rights Reserved.
Running: D:/Xilinx/Vivado/2018.2/bin/unwrapped/win64.o/xelab.exe -wto 2571681400834b31a8527f68b61e8f81 --incr --debug typical --relax --mt 2 -L xil_defaultlib -L unisims_ver -L unimacro_ver -L secureip --snapshot top_test_behav xil_defaultlib.top_test xil_defaultlib.glbl -log elaborate.log 
Using 2 slave threads.
Starting static elaboration
Completed static elaboration
Starting simulation data flow analysis
Completed simulation data flow analysis
Time Resolution for simulation is 1ps
Compiling module xil_defaultlib.sd_deb
Compiling module xil_defaultlib.top
Compiling module xil_defaultlib.top_test
Compiling module xil_defaultlib.glbl
Built simulation snapshot top_test_behav
INFO: [USF-XSim-69] 'elaborate' step finished in '2' seconds
INFO: [USF-XSim-4] XSim::Simulate design
INFO: [USF-XSim-61] Executing 'SIMULATE' step in 'C:/Users/admin/Desktop/debounce/debounce/debounce.sim/sim_1/behav/xsim'
INFO: [USF-XSim-98] *** Running xsim
   with args "top_test_behav -key {Behavioral:sim_1:Functional:top_test} -tclbatch {top_test.tcl} -log {simulate.log}"
INFO: [USF-XSim-8] Loading simulator feature
Vivado Simulator 2018.2
Time resolution is 1 ps
source top_test.tcl
# set curr_wave [current_wave_config]
# if { [string length $curr_wave] == 0 } {
#   if { [llength [get_objects]] > 0} {
#     add_wave /
#     set_property needs_save false [current_wave_config]
#   } else {
#      send_msg_id Add_Wave-1 WARNING "No top level signals found. Simulator will start without a wave window. If you want to open a wave window go to 'File->New Waveform Configuration' or type 'create_wave_config' in the TCL console."
#   }
# }
# run 1000ns
INFO: [USF-XSim-96] XSim completed. Design snapshot 'top_test_behav' loaded.
INFO: [USF-XSim-97] XSim simulation ran for 1000ns
run all
close_sim
INFO: [Simtcl 6-16] Simulation closed
launch_simulation
INFO: [Vivado 12-5682] Launching behavioral simulation in 'C:/Users/admin/Desktop/debounce/debounce/debounce.sim/sim_1/behav/xsim'
INFO: [SIM-utils-51] Simulation object is 'sim_1'
INFO: [SIM-utils-54] Inspecting design source files for 'top_test' in fileset 'sim_1'...
INFO: [USF-XSim-97] Finding global include files...
INFO: [USF-XSim-98] Fetching design files from 'sim_1'...
INFO: [USF-XSim-2] XSim::Compile design
INFO: [USF-XSim-61] Executing 'COMPILE and ANALYZE' step in 'C:/Users/admin/Desktop/debounce/debounce/debounce.sim/sim_1/behav/xsim'
"xvlog --incr --relax -prj top_test_vlog.prj"
INFO: [VRFC 10-2263] Analyzing Verilog file "C:/Users/admin/Desktop/debounce/debounce/debounce.srcs/sources_1/new/sd_deb.v" into library xil_defaultlib
INFO: [VRFC 10-311] analyzing module sd_deb
INFO: [VRFC 10-2263] Analyzing Verilog file "C:/Users/admin/Desktop/debounce/debounce/debounce.srcs/sources_1/new/top.v" into library xil_defaultlib
INFO: [VRFC 10-311] analyzing module top
WARNING: [VRFC 10-1315] redeclaration of ansi port i_r is not allowed [C:/Users/admin/Desktop/debounce/debounce/debounce.srcs/sources_1/new/top.v:16]
WARNING: [VRFC 10-1315] redeclaration of ansi port o is not allowed [C:/Users/admin/Desktop/debounce/debounce/debounce.srcs/sources_1/new/top.v:17]
WARNING: [VRFC 10-1315] redeclaration of ansi port o_deb is not allowed [C:/Users/admin/Desktop/debounce/debounce/debounce.srcs/sources_1/new/top.v:19]
INFO: [VRFC 10-2263] Analyzing Verilog file "C:/Users/admin/Desktop/debounce/debounce/debounce.srcs/sim_1/new/top_test.v" into library xil_defaultlib
INFO: [VRFC 10-311] analyzing module top_test
WARNING: [VRFC 10-756] identifier LEVEL is used before its declaration [C:/Users/admin/Desktop/debounce/debounce/debounce.srcs/sim_1/new/top_test.v:8]
INFO: [USF-XSim-69] 'compile' step finished in '1' seconds
INFO: [USF-XSim-3] XSim::Elaborate design
INFO: [USF-XSim-61] Executing 'ELABORATE' step in 'C:/Users/admin/Desktop/debounce/debounce/debounce.sim/sim_1/behav/xsim'
Vivado Simulator 2018.2
Copyright 1986-1999, 2001-2018 Xilinx, Inc. All Rights Reserved.
Running: D:/Xilinx/Vivado/2018.2/bin/unwrapped/win64.o/xelab.exe -wto 2571681400834b31a8527f68b61e8f81 --incr --debug typical --relax --mt 2 -L xil_defaultlib -L unisims_ver -L unimacro_ver -L secureip --snapshot top_test_behav xil_defaultlib.top_test xil_defaultlib.glbl -log elaborate.log 
Using 2 slave threads.
Starting static elaboration
Completed static elaboration
Starting simulation data flow analysis
Completed simulation data flow analysis
Time Resolution for simulation is 1ps
Compiling module xil_defaultlib.sd_deb
Compiling module xil_defaultlib.top
Compiling module xil_defaultlib.top_test
Compiling module xil_defaultlib.glbl
Built simulation snapshot top_test_behav
INFO: [USF-XSim-69] 'elaborate' step finished in '2' seconds
INFO: [USF-XSim-4] XSim::Simulate design
INFO: [USF-XSim-61] Executing 'SIMULATE' step in 'C:/Users/admin/Desktop/debounce/debounce/debounce.sim/sim_1/behav/xsim'
INFO: [USF-XSim-98] *** Running xsim
   with args "top_test_behav -key {Behavioral:sim_1:Functional:top_test} -tclbatch {top_test.tcl} -log {simulate.log}"
INFO: [USF-XSim-8] Loading simulator feature
Vivado Simulator 2018.2
Time resolution is 1 ps
source top_test.tcl
# set curr_wave [current_wave_config]
# if { [string length $curr_wave] == 0 } {
#   if { [llength [get_objects]] > 0} {
#     add_wave /
#     set_property needs_save false [current_wave_config]
#   } else {
#      send_msg_id Add_Wave-1 WARNING "No top level signals found. Simulator will start without a wave window. If you want to open a wave window go to 'File->New Waveform Configuration' or type 'create_wave_config' in the TCL console."
#   }
# }
# run 1000ns
INFO: [USF-XSim-96] XSim completed. Design snapshot 'top_test_behav' loaded.
INFO: [USF-XSim-97] XSim simulation ran for 1000ns
run all
run all
run: Time (s): cpu = 00:00:28 ; elapsed = 00:00:30 . Memory (MB): peak = 956.172 ; gain = 0.000
close_sim
INFO: [Simtcl 6-16] Simulation closed
exit
INFO: [Common 17-206] Exiting Vivado at Fri Mar 15 14:19:16 2019...
