#-----------------------------------------------------------
# Vivado v2018.2 (64-bit)
# SW Build 2258646 on Thu Jun 14 20:03:12 MDT 2018
# IP Build 2256618 on Thu Jun 14 22:10:49 MDT 2018
# Start of session at: Thu Mar 14 15:24:23 2019
# Process ID: 132880
# Current directory: C:/Users/admin/Desktop/debounce/debounce
# Command line: vivado.exe -gui_launcher_event rodinguilauncherevent137108 C:\Users\admin\Desktop\debounce\debounce\debounce.xpr
# Log file: C:/Users/admin/Desktop/debounce/debounce/vivado.log
# Journal file: C:/Users/admin/Desktop/debounce/debounce\vivado.jou
#-----------------------------------------------------------
start_gui
open_project C:/Users/admin/Desktop/debounce/debounce/debounce.xpr
Scanning sources...
Finished scanning sources
INFO: [IP_Flow 19-234] Refreshing IP repositories
INFO: [IP_Flow 19-1704] No user IP repositories specified
INFO: [IP_Flow 19-2313] Loaded Vivado IP repository 'D:/Xilinx/Vivado/2018.2/data/ip'.
update_compile_order -fileset sources_1
exit
INFO: [Common 17-206] Exiting Vivado at Thu Mar 14 15:25:34 2019...
