#-----------------------------------------------------------
# Vivado v2018.2 (64-bit)
# SW Build 2258646 on Thu Jun 14 20:03:12 MDT 2018
# IP Build 2256618 on Thu Jun 14 22:10:49 MDT 2018
# Start of session at: Fri Feb  1 10:15:52 2019
# Process ID: 2340
# Current directory: C:/Users/admin/Desktop/SDHW-CCU-FPGA-ZYNQ-I
# Command line: vivado.exe -gui_launcher_event rodinguilauncherevent20632 C:\Users\admin\Desktop\SDHW-CCU-FPGA-ZYNQ-I\SD_DA512_ZYNQ_FPGA.xpr
# Log file: C:/Users/admin/Desktop/SDHW-CCU-FPGA-ZYNQ-I/vivado.log
# Journal file: C:/Users/admin/Desktop/SDHW-CCU-FPGA-ZYNQ-I\vivado.jou
#-----------------------------------------------------------
start_gui
open_project C:/Users/admin/Desktop/SDHW-CCU-FPGA-ZYNQ-I/SD_DA512_ZYNQ_FPGA.xpr
Scanning sources...
Finished scanning sources
INFO: [IP_Flow 19-234] Refreshing IP repositories
INFO: [IP_Flow 19-1700] Loaded user IP repository 'c:/Users/admin/Desktop/SDHW-CCU-FPGA-ZYNQ-I/SD_DA512_ZYNQ_FPGA.ipdefs/AXI4_DEV_0_0_0'.
INFO: [IP_Flow 19-2313] Loaded Vivado IP repository 'D:/Xilinx/Vivado/2018.2/data/ip'.
open_project: Time (s): cpu = 00:00:11 ; elapsed = 00:00:07 . Memory (MB): peak = 980.645 ; gain = 231.609
update_compile_order -fileset sources_1
ipx::edit_ip_in_project -upgrade true -name AXI4_DEV_v1_0_project -directory C:/Users/admin/Desktop/SDHW-CCU-FPGA-ZYNQ-I/SD_DA512_ZYNQ_FPGA.tmp/AXI4_DEV_v1_0_project c:/Users/admin/Desktop/SDHW-CCU-FPGA-ZYNQ-I/SD_DA512_ZYNQ_FPGA.ipdefs/AXI4_DEV_0_0_0/component.xml
INFO: [ProjectBase 1-489] The host OS only allows 260 characters in a normal path. The project is stored in a path with more than 80 characters. If you experience issues with IP, Block Designs, or files not being found, please consider moving the project to a location with a shorter path. Alternately consider using the OS subst command to map part of the path to a drive letter.
Current project path is 'c:/users/admin/desktop/sdhw-ccu-fpga-zynq-i/sd_da512_zynq_fpga.tmp/axi4_dev_v1_0_project'
INFO: [IP_Flow 19-234] Refreshing IP repositories
INFO: [IP_Flow 19-1704] No user IP repositories specified
INFO: [IP_Flow 19-2313] Loaded Vivado IP repository 'D:/Xilinx/Vivado/2018.2/data/ip'.
INFO: [IP_Flow 19-234] Refreshing IP repositories
INFO: [IP_Flow 19-1700] Loaded user IP repository 'c:/Users/admin/Desktop/SDHW-CCU-FPGA-ZYNQ-I/SD_DA512_ZYNQ_FPGA.ipdefs/AXI4_DEV_0_0_0'.
INFO: [IP_Flow 19-795] Syncing license key meta-data
ipx::edit_ip_in_project: Time (s): cpu = 00:00:08 ; elapsed = 00:00:07 . Memory (MB): peak = 1038.320 ; gain = 44.715
update_compile_order -fileset sources_1
launch_runs impl_1 -jobs 6
[Fri Feb  1 15:59:10 2019] Launched synth_1...
Run output will be captured here: c:/users/admin/desktop/sdhw-ccu-fpga-zynq-i/sd_da512_zynq_fpga.tmp/axi4_dev_v1_0_project/AXI4_DEV_v1_0_project.runs/synth_1/runme.log
[Fri Feb  1 15:59:10 2019] Launched impl_1...
Run output will be captured here: c:/users/admin/desktop/sdhw-ccu-fpga-zynq-i/sd_da512_zynq_fpga.tmp/axi4_dev_v1_0_project/AXI4_DEV_v1_0_project.runs/impl_1/runme.log
open_run impl_1
INFO: [Netlist 29-17] Analyzing 2752 Unisim elements for replacement
INFO: [Netlist 29-28] Unisim Transformation completed in 0 CPU seconds
INFO: [Project 1-479] Netlist was created with Vivado 2018.2
INFO: [Device 21-403] Loading part xc7z020clg484-1
INFO: [Project 1-570] Preparing netlist for logic optimization
Reading XDEF placement.
Reading placer database...
Reading XDEF routing.
Read XDEF File: Time (s): cpu = 00:00:02 ; elapsed = 00:00:02 . Memory (MB): peak = 1501.121 ; gain = 37.453
Restored from archive | CPU: 2.000000 secs | Memory: 0.000000 MB |
Finished XDEF File Restore: Time (s): cpu = 00:00:02 ; elapsed = 00:00:02 . Memory (MB): peak = 1501.121 ; gain = 37.453
INFO: [Project 1-111] Unisim Transformation Summary:
  A total of 16 instances were transformed.
  IOBUF => IOBUF (IBUF, OBUFT): 16 instances

open_run: Time (s): cpu = 00:00:17 ; elapsed = 00:00:14 . Memory (MB): peak = 1593.492 ; gain = 515.766
open_report: Time (s): cpu = 00:00:12 ; elapsed = 00:00:06 . Memory (MB): peak = 1741.477 ; gain = 124.602
WARNING: [Timing 38-313] There are no user specified timing constraints. Timing constraints are needed for proper timing analysis.
ipx::merge_project_changes files [ipx::current_core]
CRITICAL WARNING: [IP_Flow 19-5376] File 'c:/Users/admin/Desktop/SDHW-CCU-FPGA-ZYNQ-I/SD_DA512_ZYNQ_FPGA.ipdefs/AXI4_DEV_0_0_0/src/zynqfpgaregdef.vh' is marked as a global include. The packaging process cannot preserve this information, instead the file will be marked as an include file.
CRITICAL WARNING: [IP_Flow 19-5376] File 'c:/Users/admin/Desktop/SDHW-CCU-FPGA-ZYNQ-I/SD_DA512_ZYNQ_FPGA.ipdefs/AXI4_DEV_0_0_0/src/timescale.vh' is marked as a global include. The packaging process cannot preserve this information, instead the file will be marked as an include file.
CRITICAL WARNING: [IP_Flow 19-5376] File 'c:/Users/admin/Desktop/SDHW-CCU-FPGA-ZYNQ-I/SD_DA512_ZYNQ_FPGA.ipdefs/AXI4_DEV_0_0_0/src/simulation.vh' is marked as a global include. The packaging process cannot preserve this information, instead the file will be marked as an include file.
CRITICAL WARNING: [IP_Flow 19-5376] File 'c:/Users/admin/Desktop/SDHW-CCU-FPGA-ZYNQ-I/SD_DA512_ZYNQ_FPGA.ipdefs/AXI4_DEV_0_0_0/src/hardwarefpgadefine.vh' is marked as a global include. The packaging process cannot preserve this information, instead the file will be marked as an include file.
WARNING: [IP_Flow 19-5226] Project source file 'c:/Users/admin/Desktop/SDHW-CCU-FPGA-ZYNQ-I/SD_DA512_ZYNQ_FPGA.ipdefs/AXI4_DEV_0_0_0/component.xml' ignored by IP packager.
set_property core_revision 133 [ipx::current_core]
ipx::update_source_project_archive -component [ipx::current_core]
ipx::create_xgui_files [ipx::current_core]
ipx::update_checksums [ipx::current_core]
ipx::save_core [ipx::current_core]
ipx::move_temp_component_back -component [ipx::current_core]
close_project -delete
update_ip_catalog -rebuild -repo_path c:/Users/admin/Desktop/SDHW-CCU-FPGA-ZYNQ-I/SD_DA512_ZYNQ_FPGA.ipdefs/AXI4_DEV_0_0_0
INFO: [IP_Flow 19-725] Reloaded user IP repository 'c:/Users/admin/Desktop/SDHW-CCU-FPGA-ZYNQ-I/SD_DA512_ZYNQ_FPGA.ipdefs/AXI4_DEV_0_0_0'
report_ip_status -name ip_status 
upgrade_ip -vlnv xilinx.com:user:AXI4_DEV:1.0 [get_ips  CPU_AXI4_DEV_0_1] -log ip_upgrade.log
Adding cell -- xilinx.com:ip:processing_system7:5.5 - processing_system7_0
Adding cell -- xilinx.com:ip:proc_sys_reset:5.0 - rst_ps7_0_100M
Adding cell -- xilinx.com:user:AXI4_DEV:1.0 - AXI4_DEV_0
Adding cell -- xilinx.com:ip:axi_protocol_converter:2.1 - auto_pc
Successfully read diagram <CPU> from BD file <C:/Users/admin/Desktop/SDHW-CCU-FPGA-ZYNQ-I/SD_DA512_ZYNQ_FPGA.srcs/sources_1/bd/CPU/CPU.bd>
Upgrading 'C:/Users/admin/Desktop/SDHW-CCU-FPGA-ZYNQ-I/SD_DA512_ZYNQ_FPGA.srcs/sources_1/bd/CPU/CPU.bd'
INFO: [IP_Flow 19-3422] Upgraded CPU_AXI4_DEV_0_1 (AXI4_DEV_v1.0 1.0) from revision 132 to revision 133
Wrote  : <C:/Users/admin/Desktop/SDHW-CCU-FPGA-ZYNQ-I/SD_DA512_ZYNQ_FPGA.srcs/sources_1/bd/CPU/CPU.bd> 
INFO: [Coretcl 2-1525] Wrote upgrade log to 'C:/Users/admin/Desktop/SDHW-CCU-FPGA-ZYNQ-I/ip_upgrade.log'.
upgrade_ip: Time (s): cpu = 00:00:06 ; elapsed = 00:00:08 . Memory (MB): peak = 2155.938 ; gain = 0.000
export_ip_user_files -of_objects [get_ips CPU_AXI4_DEV_0_1] -no_script -sync -force -quiet
generate_target all [get_files  C:/Users/admin/Desktop/SDHW-CCU-FPGA-ZYNQ-I/SD_DA512_ZYNQ_FPGA.srcs/sources_1/bd/CPU/CPU.bd]
Wrote  : <C:/Users/admin/Desktop/SDHW-CCU-FPGA-ZYNQ-I/SD_DA512_ZYNQ_FPGA.srcs/sources_1/bd/CPU/CPU.bd> 
VHDL Output written to : C:/Users/admin/Desktop/SDHW-CCU-FPGA-ZYNQ-I/SD_DA512_ZYNQ_FPGA.srcs/sources_1/bd/CPU/synth/CPU.v
VHDL Output written to : C:/Users/admin/Desktop/SDHW-CCU-FPGA-ZYNQ-I/SD_DA512_ZYNQ_FPGA.srcs/sources_1/bd/CPU/sim/CPU.v
VHDL Output written to : C:/Users/admin/Desktop/SDHW-CCU-FPGA-ZYNQ-I/SD_DA512_ZYNQ_FPGA.srcs/sources_1/bd/CPU/hdl/CPU_wrapper.v
INFO: [BD 41-1029] Generation completed for the IP Integrator block AXI4_DEV_0 .
INFO: [BD 41-1029] Generation completed for the IP Integrator block processing_system7_0 .
INFO: [BD 41-1029] Generation completed for the IP Integrator block rst_ps7_0_100M .
WARNING: [IP_Flow 19-3452] Invalid long/float value '5e+07' specified for parameter 'FREQ_HZ(CLK)' for CPU_auto_pc_0.
INFO: [BD 41-1029] Generation completed for the IP Integrator block ps7_0_axi_periph/s00_couplers/auto_pc .
Exporting to file C:/Users/admin/Desktop/SDHW-CCU-FPGA-ZYNQ-I/SD_DA512_ZYNQ_FPGA.srcs/sources_1/bd/CPU/hw_handoff/CPU.hwh
Generated Block Design Tcl file C:/Users/admin/Desktop/SDHW-CCU-FPGA-ZYNQ-I/SD_DA512_ZYNQ_FPGA.srcs/sources_1/bd/CPU/hw_handoff/CPU_bd.tcl
Generated Hardware Definition File C:/Users/admin/Desktop/SDHW-CCU-FPGA-ZYNQ-I/SD_DA512_ZYNQ_FPGA.srcs/sources_1/bd/CPU/synth/CPU.hwdef
export_ip_user_files -of_objects [get_files C:/Users/admin/Desktop/SDHW-CCU-FPGA-ZYNQ-I/SD_DA512_ZYNQ_FPGA.srcs/sources_1/bd/CPU/CPU.bd] -no_script -sync -force -quiet
export_simulation -of_objects [get_files C:/Users/admin/Desktop/SDHW-CCU-FPGA-ZYNQ-I/SD_DA512_ZYNQ_FPGA.srcs/sources_1/bd/CPU/CPU.bd] -directory C:/Users/admin/Desktop/SDHW-CCU-FPGA-ZYNQ-I/SD_DA512_ZYNQ_FPGA.ip_user_files/sim_scripts -ip_user_files_dir C:/Users/admin/Desktop/SDHW-CCU-FPGA-ZYNQ-I/SD_DA512_ZYNQ_FPGA.ip_user_files -ipstatic_source_dir C:/Users/admin/Desktop/SDHW-CCU-FPGA-ZYNQ-I/SD_DA512_ZYNQ_FPGA.ip_user_files/ipstatic -lib_map_path [list {modelsim=C:/Users/admin/Desktop/SDHW-CCU-FPGA-ZYNQ-I/SD_DA512_ZYNQ_FPGA.cache/compile_simlib/modelsim} {questa=C:/Users/admin/Desktop/SDHW-CCU-FPGA-ZYNQ-I/SD_DA512_ZYNQ_FPGA.cache/compile_simlib/questa} {riviera=C:/Users/admin/Desktop/SDHW-CCU-FPGA-ZYNQ-I/SD_DA512_ZYNQ_FPGA.cache/compile_simlib/riviera} {activehdl=C:/Users/admin/Desktop/SDHW-CCU-FPGA-ZYNQ-I/SD_DA512_ZYNQ_FPGA.cache/compile_simlib/activehdl}] -use_ip_compiled_libs -force -quiet
update_ip_catalog -rebuild -scan_changes
INFO: [IP_Flow 19-234] Refreshing IP repositories
INFO: [IP_Flow 19-1700] Loaded user IP repository 'c:/Users/admin/Desktop/SDHW-CCU-FPGA-ZYNQ-I/SD_DA512_ZYNQ_FPGA.ipdefs/AXI4_DEV_0_0_0'.
report_ip_status -name ip_status
reset_run synth_1
WARNING: [Vivado 12-1017] Problems encountered:
1. Failed to delete one or more files in run directory C:/Users/admin/Desktop/SDHW-CCU-FPGA-ZYNQ-I/SD_DA512_ZYNQ_FPGA.runs/synth_1

launch_runs impl_1 -to_step write_bitstream -jobs 6
[Fri Feb  1 16:11:22 2019] Launched synth_1...
Run output will be captured here: C:/Users/admin/Desktop/SDHW-CCU-FPGA-ZYNQ-I/SD_DA512_ZYNQ_FPGA.runs/synth_1/runme.log
[Fri Feb  1 16:11:22 2019] Launched impl_1...
Run output will be captured here: C:/Users/admin/Desktop/SDHW-CCU-FPGA-ZYNQ-I/SD_DA512_ZYNQ_FPGA.runs/impl_1/runme.log
set_param general.MaxThreads 8
8
file copy -force C:/Users/admin/Desktop/SDHW-CCU-FPGA-ZYNQ-I/SD_DA512_ZYNQ_FPGA.runs/impl_1/CPU_wrapper.sysdef C:/Users/admin/Desktop/SDHW-CCU-FPGA-ZYNQ-I/SD_DA512_ZYNQ_FPGA.sdk/CPU_wrapper.hdf

launch_sdk -workspace C:/Users/admin/Desktop/SDHW-CCU-FPGA-ZYNQ-I/SD_DA512_ZYNQ_FPGA.sdk -hwspec C:/Users/admin/Desktop/SDHW-CCU-FPGA-ZYNQ-I/SD_DA512_ZYNQ_FPGA.sdk/CPU_wrapper.hdf
INFO: [Vivado 12-393] Launching SDK...
INFO: [Vivado 12-417] Running xsdk -workspace C:/Users/admin/Desktop/SDHW-CCU-FPGA-ZYNQ-I/SD_DA512_ZYNQ_FPGA.sdk -hwspec C:/Users/admin/Desktop/SDHW-CCU-FPGA-ZYNQ-I/SD_DA512_ZYNQ_FPGA.sdk/CPU_wrapper.hdf
INFO: [Vivado 12-3157] SDK launch initiated. Please check console for any further messages.
ipx::edit_ip_in_project -upgrade true -name AXI4_DEV_v1_0_project -directory C:/Users/admin/Desktop/SDHW-CCU-FPGA-ZYNQ-I/SD_DA512_ZYNQ_FPGA.tmp/AXI4_DEV_v1_0_project c:/Users/admin/Desktop/SDHW-CCU-FPGA-ZYNQ-I/SD_DA512_ZYNQ_FPGA.ipdefs/AXI4_DEV_0_0_0/component.xml
INFO: [ProjectBase 1-489] The host OS only allows 260 characters in a normal path. The project is stored in a path with more than 80 characters. If you experience issues with IP, Block Designs, or files not being found, please consider moving the project to a location with a shorter path. Alternately consider using the OS subst command to map part of the path to a drive letter.
Current project path is 'c:/users/admin/desktop/sdhw-ccu-fpga-zynq-i/sd_da512_zynq_fpga.tmp/axi4_dev_v1_0_project'
INFO: [IP_Flow 19-234] Refreshing IP repositories
INFO: [IP_Flow 19-1704] No user IP repositories specified
INFO: [IP_Flow 19-2313] Loaded Vivado IP repository 'D:/Xilinx/Vivado/2018.2/data/ip'.
INFO: [IP_Flow 19-234] Refreshing IP repositories
INFO: [IP_Flow 19-1700] Loaded user IP repository 'c:/Users/admin/Desktop/SDHW-CCU-FPGA-ZYNQ-I/SD_DA512_ZYNQ_FPGA.ipdefs/AXI4_DEV_0_0_0'.
INFO: [IP_Flow 19-795] Syncing license key meta-data
ipx::edit_ip_in_project: Time (s): cpu = 00:00:05 ; elapsed = 00:00:05 . Memory (MB): peak = 2155.938 ; gain = 0.000
update_compile_order -fileset sources_1
launch_runs impl_1 -jobs 6
[Fri Feb  1 16:27:17 2019] Launched synth_1...
Run output will be captured here: c:/users/admin/desktop/sdhw-ccu-fpga-zynq-i/sd_da512_zynq_fpga.tmp/axi4_dev_v1_0_project/AXI4_DEV_v1_0_project.runs/synth_1/runme.log
[Fri Feb  1 16:27:17 2019] Launched impl_1...
Run output will be captured here: c:/users/admin/desktop/sdhw-ccu-fpga-zynq-i/sd_da512_zynq_fpga.tmp/axi4_dev_v1_0_project/AXI4_DEV_v1_0_project.runs/impl_1/runme.log
ipx::merge_project_changes files [ipx::current_core]
CRITICAL WARNING: [IP_Flow 19-5376] File 'c:/Users/admin/Desktop/SDHW-CCU-FPGA-ZYNQ-I/SD_DA512_ZYNQ_FPGA.ipdefs/AXI4_DEV_0_0_0/src/zynqfpgaregdef.vh' is marked as a global include. The packaging process cannot preserve this information, instead the file will be marked as an include file.
CRITICAL WARNING: [IP_Flow 19-5376] File 'c:/Users/admin/Desktop/SDHW-CCU-FPGA-ZYNQ-I/SD_DA512_ZYNQ_FPGA.ipdefs/AXI4_DEV_0_0_0/src/timescale.vh' is marked as a global include. The packaging process cannot preserve this information, instead the file will be marked as an include file.
CRITICAL WARNING: [IP_Flow 19-5376] File 'c:/Users/admin/Desktop/SDHW-CCU-FPGA-ZYNQ-I/SD_DA512_ZYNQ_FPGA.ipdefs/AXI4_DEV_0_0_0/src/simulation.vh' is marked as a global include. The packaging process cannot preserve this information, instead the file will be marked as an include file.
CRITICAL WARNING: [IP_Flow 19-5376] File 'c:/Users/admin/Desktop/SDHW-CCU-FPGA-ZYNQ-I/SD_DA512_ZYNQ_FPGA.ipdefs/AXI4_DEV_0_0_0/src/hardwarefpgadefine.vh' is marked as a global include. The packaging process cannot preserve this information, instead the file will be marked as an include file.
WARNING: [IP_Flow 19-5226] Project source file 'c:/Users/admin/Desktop/SDHW-CCU-FPGA-ZYNQ-I/SD_DA512_ZYNQ_FPGA.ipdefs/AXI4_DEV_0_0_0/component.xml' ignored by IP packager.
set_property core_revision 134 [ipx::current_core]
ipx::update_source_project_archive -component [ipx::current_core]
ipx::create_xgui_files [ipx::current_core]
ipx::update_checksums [ipx::current_core]
ipx::save_core [ipx::current_core]
ipx::move_temp_component_back -component [ipx::current_core]
close_project -delete
update_ip_catalog -rebuild -repo_path c:/Users/admin/Desktop/SDHW-CCU-FPGA-ZYNQ-I/SD_DA512_ZYNQ_FPGA.ipdefs/AXI4_DEV_0_0_0
INFO: [IP_Flow 19-725] Reloaded user IP repository 'c:/Users/admin/Desktop/SDHW-CCU-FPGA-ZYNQ-I/SD_DA512_ZYNQ_FPGA.ipdefs/AXI4_DEV_0_0_0'
report_ip_status -name ip_status 
upgrade_ip -vlnv xilinx.com:user:AXI4_DEV:1.0 [get_ips  CPU_AXI4_DEV_0_1] -log ip_upgrade.log
Upgrading 'C:/Users/admin/Desktop/SDHW-CCU-FPGA-ZYNQ-I/SD_DA512_ZYNQ_FPGA.srcs/sources_1/bd/CPU/CPU.bd'
INFO: [IP_Flow 19-3422] Upgraded CPU_AXI4_DEV_0_1 (AXI4_DEV_v1.0 1.0) from revision 133 to revision 134
Wrote  : <C:/Users/admin/Desktop/SDHW-CCU-FPGA-ZYNQ-I/SD_DA512_ZYNQ_FPGA.srcs/sources_1/bd/CPU/CPU.bd> 
INFO: [Coretcl 2-1525] Wrote upgrade log to 'C:/Users/admin/Desktop/SDHW-CCU-FPGA-ZYNQ-I/ip_upgrade.log'.
export_ip_user_files -of_objects [get_ips CPU_AXI4_DEV_0_1] -no_script -sync -force -quiet
generate_target all [get_files  C:/Users/admin/Desktop/SDHW-CCU-FPGA-ZYNQ-I/SD_DA512_ZYNQ_FPGA.srcs/sources_1/bd/CPU/CPU.bd]
Wrote  : <C:/Users/admin/Desktop/SDHW-CCU-FPGA-ZYNQ-I/SD_DA512_ZYNQ_FPGA.srcs/sources_1/bd/CPU/CPU.bd> 
VHDL Output written to : C:/Users/admin/Desktop/SDHW-CCU-FPGA-ZYNQ-I/SD_DA512_ZYNQ_FPGA.srcs/sources_1/bd/CPU/synth/CPU.v
VHDL Output written to : C:/Users/admin/Desktop/SDHW-CCU-FPGA-ZYNQ-I/SD_DA512_ZYNQ_FPGA.srcs/sources_1/bd/CPU/sim/CPU.v
VHDL Output written to : C:/Users/admin/Desktop/SDHW-CCU-FPGA-ZYNQ-I/SD_DA512_ZYNQ_FPGA.srcs/sources_1/bd/CPU/hdl/CPU_wrapper.v
INFO: [BD 41-1029] Generation completed for the IP Integrator block AXI4_DEV_0 .
INFO: [BD 41-1029] Generation completed for the IP Integrator block processing_system7_0 .
INFO: [BD 41-1029] Generation completed for the IP Integrator block rst_ps7_0_100M .
WARNING: [IP_Flow 19-3452] Invalid long/float value '5e+07' specified for parameter 'FREQ_HZ(CLK)' for CPU_auto_pc_0.
INFO: [BD 41-1029] Generation completed for the IP Integrator block ps7_0_axi_periph/s00_couplers/auto_pc .
Exporting to file C:/Users/admin/Desktop/SDHW-CCU-FPGA-ZYNQ-I/SD_DA512_ZYNQ_FPGA.srcs/sources_1/bd/CPU/hw_handoff/CPU.hwh
Generated Block Design Tcl file C:/Users/admin/Desktop/SDHW-CCU-FPGA-ZYNQ-I/SD_DA512_ZYNQ_FPGA.srcs/sources_1/bd/CPU/hw_handoff/CPU_bd.tcl
Generated Hardware Definition File C:/Users/admin/Desktop/SDHW-CCU-FPGA-ZYNQ-I/SD_DA512_ZYNQ_FPGA.srcs/sources_1/bd/CPU/synth/CPU.hwdef
export_ip_user_files -of_objects [get_files C:/Users/admin/Desktop/SDHW-CCU-FPGA-ZYNQ-I/SD_DA512_ZYNQ_FPGA.srcs/sources_1/bd/CPU/CPU.bd] -no_script -sync -force -quiet
export_simulation -of_objects [get_files C:/Users/admin/Desktop/SDHW-CCU-FPGA-ZYNQ-I/SD_DA512_ZYNQ_FPGA.srcs/sources_1/bd/CPU/CPU.bd] -directory C:/Users/admin/Desktop/SDHW-CCU-FPGA-ZYNQ-I/SD_DA512_ZYNQ_FPGA.ip_user_files/sim_scripts -ip_user_files_dir C:/Users/admin/Desktop/SDHW-CCU-FPGA-ZYNQ-I/SD_DA512_ZYNQ_FPGA.ip_user_files -ipstatic_source_dir C:/Users/admin/Desktop/SDHW-CCU-FPGA-ZYNQ-I/SD_DA512_ZYNQ_FPGA.ip_user_files/ipstatic -lib_map_path [list {modelsim=C:/Users/admin/Desktop/SDHW-CCU-FPGA-ZYNQ-I/SD_DA512_ZYNQ_FPGA.cache/compile_simlib/modelsim} {questa=C:/Users/admin/Desktop/SDHW-CCU-FPGA-ZYNQ-I/SD_DA512_ZYNQ_FPGA.cache/compile_simlib/questa} {riviera=C:/Users/admin/Desktop/SDHW-CCU-FPGA-ZYNQ-I/SD_DA512_ZYNQ_FPGA.cache/compile_simlib/riviera} {activehdl=C:/Users/admin/Desktop/SDHW-CCU-FPGA-ZYNQ-I/SD_DA512_ZYNQ_FPGA.cache/compile_simlib/activehdl}] -use_ip_compiled_libs -force -quiet
reset_run synth_1
WARNING: [Vivado 12-1017] Problems encountered:
1. Failed to delete one or more files in run directory C:/Users/admin/Desktop/SDHW-CCU-FPGA-ZYNQ-I/SD_DA512_ZYNQ_FPGA.runs/synth_1

launch_runs impl_1 -to_step write_bitstream -jobs 6
[Fri Feb  1 16:33:27 2019] Launched synth_1...
Run output will be captured here: C:/Users/admin/Desktop/SDHW-CCU-FPGA-ZYNQ-I/SD_DA512_ZYNQ_FPGA.runs/synth_1/runme.log
[Fri Feb  1 16:33:27 2019] Launched impl_1...
Run output will be captured here: C:/Users/admin/Desktop/SDHW-CCU-FPGA-ZYNQ-I/SD_DA512_ZYNQ_FPGA.runs/impl_1/runme.log
ipx::edit_ip_in_project -upgrade true -name AXI4_DEV_v1_0_project -directory C:/Users/admin/Desktop/SDHW-CCU-FPGA-ZYNQ-I/SD_DA512_ZYNQ_FPGA.tmp/AXI4_DEV_v1_0_project c:/Users/admin/Desktop/SDHW-CCU-FPGA-ZYNQ-I/SD_DA512_ZYNQ_FPGA.ipdefs/AXI4_DEV_0_0_0/component.xml
INFO: [ProjectBase 1-489] The host OS only allows 260 characters in a normal path. The project is stored in a path with more than 80 characters. If you experience issues with IP, Block Designs, or files not being found, please consider moving the project to a location with a shorter path. Alternately consider using the OS subst command to map part of the path to a drive letter.
Current project path is 'c:/users/admin/desktop/sdhw-ccu-fpga-zynq-i/sd_da512_zynq_fpga.tmp/axi4_dev_v1_0_project'
INFO: [IP_Flow 19-234] Refreshing IP repositories
INFO: [IP_Flow 19-1704] No user IP repositories specified
INFO: [IP_Flow 19-2313] Loaded Vivado IP repository 'D:/Xilinx/Vivado/2018.2/data/ip'.
INFO: [IP_Flow 19-234] Refreshing IP repositories
INFO: [IP_Flow 19-1700] Loaded user IP repository 'c:/Users/admin/Desktop/SDHW-CCU-FPGA-ZYNQ-I/SD_DA512_ZYNQ_FPGA.ipdefs/AXI4_DEV_0_0_0'.
INFO: [IP_Flow 19-795] Syncing license key meta-data
ipx::edit_ip_in_project: Time (s): cpu = 00:00:04 ; elapsed = 00:00:05 . Memory (MB): peak = 2155.938 ; gain = 0.000
update_compile_order -fileset sources_1
launch_runs synth_1 -jobs 6
[Fri Feb  1 16:56:56 2019] Launched synth_1...
Run output will be captured here: c:/users/admin/desktop/sdhw-ccu-fpga-zynq-i/sd_da512_zynq_fpga.tmp/axi4_dev_v1_0_project/AXI4_DEV_v1_0_project.runs/synth_1/runme.log
ipx::merge_project_changes files [ipx::current_core]
CRITICAL WARNING: [IP_Flow 19-5376] File 'c:/Users/admin/Desktop/SDHW-CCU-FPGA-ZYNQ-I/SD_DA512_ZYNQ_FPGA.ipdefs/AXI4_DEV_0_0_0/src/zynqfpgaregdef.vh' is marked as a global include. The packaging process cannot preserve this information, instead the file will be marked as an include file.
CRITICAL WARNING: [IP_Flow 19-5376] File 'c:/Users/admin/Desktop/SDHW-CCU-FPGA-ZYNQ-I/SD_DA512_ZYNQ_FPGA.ipdefs/AXI4_DEV_0_0_0/src/timescale.vh' is marked as a global include. The packaging process cannot preserve this information, instead the file will be marked as an include file.
CRITICAL WARNING: [IP_Flow 19-5376] File 'c:/Users/admin/Desktop/SDHW-CCU-FPGA-ZYNQ-I/SD_DA512_ZYNQ_FPGA.ipdefs/AXI4_DEV_0_0_0/src/simulation.vh' is marked as a global include. The packaging process cannot preserve this information, instead the file will be marked as an include file.
CRITICAL WARNING: [IP_Flow 19-5376] File 'c:/Users/admin/Desktop/SDHW-CCU-FPGA-ZYNQ-I/SD_DA512_ZYNQ_FPGA.ipdefs/AXI4_DEV_0_0_0/src/hardwarefpgadefine.vh' is marked as a global include. The packaging process cannot preserve this information, instead the file will be marked as an include file.
WARNING: [IP_Flow 19-5226] Project source file 'c:/Users/admin/Desktop/SDHW-CCU-FPGA-ZYNQ-I/SD_DA512_ZYNQ_FPGA.ipdefs/AXI4_DEV_0_0_0/component.xml' ignored by IP packager.
set_property core_revision 135 [ipx::current_core]
ipx::update_source_project_archive -component [ipx::current_core]
ipx::create_xgui_files [ipx::current_core]
ipx::update_checksums [ipx::current_core]
ipx::save_core [ipx::current_core]
ipx::move_temp_component_back -component [ipx::current_core]
close_project -delete
update_ip_catalog -rebuild -repo_path c:/Users/admin/Desktop/SDHW-CCU-FPGA-ZYNQ-I/SD_DA512_ZYNQ_FPGA.ipdefs/AXI4_DEV_0_0_0
INFO: [IP_Flow 19-725] Reloaded user IP repository 'c:/Users/admin/Desktop/SDHW-CCU-FPGA-ZYNQ-I/SD_DA512_ZYNQ_FPGA.ipdefs/AXI4_DEV_0_0_0'
report_ip_status -name ip_status 
upgrade_ip -vlnv xilinx.com:user:AXI4_DEV:1.0 [get_ips  CPU_AXI4_DEV_0_1] -log ip_upgrade.log
Upgrading 'C:/Users/admin/Desktop/SDHW-CCU-FPGA-ZYNQ-I/SD_DA512_ZYNQ_FPGA.srcs/sources_1/bd/CPU/CPU.bd'
INFO: [IP_Flow 19-3422] Upgraded CPU_AXI4_DEV_0_1 (AXI4_DEV_v1.0 1.0) from revision 134 to revision 135
Wrote  : <C:/Users/admin/Desktop/SDHW-CCU-FPGA-ZYNQ-I/SD_DA512_ZYNQ_FPGA.srcs/sources_1/bd/CPU/CPU.bd> 
INFO: [Coretcl 2-1525] Wrote upgrade log to 'C:/Users/admin/Desktop/SDHW-CCU-FPGA-ZYNQ-I/ip_upgrade.log'.
export_ip_user_files -of_objects [get_ips CPU_AXI4_DEV_0_1] -no_script -sync -force -quiet
generate_target all [get_files  C:/Users/admin/Desktop/SDHW-CCU-FPGA-ZYNQ-I/SD_DA512_ZYNQ_FPGA.srcs/sources_1/bd/CPU/CPU.bd]
Wrote  : <C:/Users/admin/Desktop/SDHW-CCU-FPGA-ZYNQ-I/SD_DA512_ZYNQ_FPGA.srcs/sources_1/bd/CPU/CPU.bd> 
VHDL Output written to : C:/Users/admin/Desktop/SDHW-CCU-FPGA-ZYNQ-I/SD_DA512_ZYNQ_FPGA.srcs/sources_1/bd/CPU/synth/CPU.v
VHDL Output written to : C:/Users/admin/Desktop/SDHW-CCU-FPGA-ZYNQ-I/SD_DA512_ZYNQ_FPGA.srcs/sources_1/bd/CPU/sim/CPU.v
VHDL Output written to : C:/Users/admin/Desktop/SDHW-CCU-FPGA-ZYNQ-I/SD_DA512_ZYNQ_FPGA.srcs/sources_1/bd/CPU/hdl/CPU_wrapper.v
INFO: [BD 41-1029] Generation completed for the IP Integrator block AXI4_DEV_0 .
INFO: [BD 41-1029] Generation completed for the IP Integrator block processing_system7_0 .
INFO: [BD 41-1029] Generation completed for the IP Integrator block rst_ps7_0_100M .
WARNING: [IP_Flow 19-3452] Invalid long/float value '5e+07' specified for parameter 'FREQ_HZ(CLK)' for CPU_auto_pc_0.
INFO: [BD 41-1029] Generation completed for the IP Integrator block ps7_0_axi_periph/s00_couplers/auto_pc .
Exporting to file C:/Users/admin/Desktop/SDHW-CCU-FPGA-ZYNQ-I/SD_DA512_ZYNQ_FPGA.srcs/sources_1/bd/CPU/hw_handoff/CPU.hwh
Generated Block Design Tcl file C:/Users/admin/Desktop/SDHW-CCU-FPGA-ZYNQ-I/SD_DA512_ZYNQ_FPGA.srcs/sources_1/bd/CPU/hw_handoff/CPU_bd.tcl
Generated Hardware Definition File C:/Users/admin/Desktop/SDHW-CCU-FPGA-ZYNQ-I/SD_DA512_ZYNQ_FPGA.srcs/sources_1/bd/CPU/synth/CPU.hwdef
export_ip_user_files -of_objects [get_files C:/Users/admin/Desktop/SDHW-CCU-FPGA-ZYNQ-I/SD_DA512_ZYNQ_FPGA.srcs/sources_1/bd/CPU/CPU.bd] -no_script -sync -force -quiet
export_simulation -of_objects [get_files C:/Users/admin/Desktop/SDHW-CCU-FPGA-ZYNQ-I/SD_DA512_ZYNQ_FPGA.srcs/sources_1/bd/CPU/CPU.bd] -directory C:/Users/admin/Desktop/SDHW-CCU-FPGA-ZYNQ-I/SD_DA512_ZYNQ_FPGA.ip_user_files/sim_scripts -ip_user_files_dir C:/Users/admin/Desktop/SDHW-CCU-FPGA-ZYNQ-I/SD_DA512_ZYNQ_FPGA.ip_user_files -ipstatic_source_dir C:/Users/admin/Desktop/SDHW-CCU-FPGA-ZYNQ-I/SD_DA512_ZYNQ_FPGA.ip_user_files/ipstatic -lib_map_path [list {modelsim=C:/Users/admin/Desktop/SDHW-CCU-FPGA-ZYNQ-I/SD_DA512_ZYNQ_FPGA.cache/compile_simlib/modelsim} {questa=C:/Users/admin/Desktop/SDHW-CCU-FPGA-ZYNQ-I/SD_DA512_ZYNQ_FPGA.cache/compile_simlib/questa} {riviera=C:/Users/admin/Desktop/SDHW-CCU-FPGA-ZYNQ-I/SD_DA512_ZYNQ_FPGA.cache/compile_simlib/riviera} {activehdl=C:/Users/admin/Desktop/SDHW-CCU-FPGA-ZYNQ-I/SD_DA512_ZYNQ_FPGA.cache/compile_simlib/activehdl}] -use_ip_compiled_libs -force -quiet
reset_run synth_1
WARNING: [Vivado 12-1017] Problems encountered:
1. Failed to delete one or more files in run directory C:/Users/admin/Desktop/SDHW-CCU-FPGA-ZYNQ-I/SD_DA512_ZYNQ_FPGA.runs/synth_1

launch_runs impl_1 -to_step write_bitstream -jobs 6
[Fri Feb  1 17:01:35 2019] Launched synth_1...
Run output will be captured here: C:/Users/admin/Desktop/SDHW-CCU-FPGA-ZYNQ-I/SD_DA512_ZYNQ_FPGA.runs/synth_1/runme.log
[Fri Feb  1 17:01:35 2019] Launched impl_1...
Run output will be captured here: C:/Users/admin/Desktop/SDHW-CCU-FPGA-ZYNQ-I/SD_DA512_ZYNQ_FPGA.runs/impl_1/runme.log
file copy -force C:/Users/admin/Desktop/SDHW-CCU-FPGA-ZYNQ-I/SD_DA512_ZYNQ_FPGA.runs/impl_1/CPU_wrapper.sysdef C:/Users/admin/Desktop/SDHW-CCU-FPGA-ZYNQ-I/SD_DA512_ZYNQ_FPGA.sdk/CPU_wrapper.hdf

launch_sdk -workspace C:/Users/admin/Desktop/SDHW-CCU-FPGA-ZYNQ-I/SD_DA512_ZYNQ_FPGA.sdk -hwspec C:/Users/admin/Desktop/SDHW-CCU-FPGA-ZYNQ-I/SD_DA512_ZYNQ_FPGA.sdk/CPU_wrapper.hdf
INFO: [Vivado 12-393] Launching SDK...
INFO: [Vivado 12-417] Running xsdk -workspace C:/Users/admin/Desktop/SDHW-CCU-FPGA-ZYNQ-I/SD_DA512_ZYNQ_FPGA.sdk -hwspec C:/Users/admin/Desktop/SDHW-CCU-FPGA-ZYNQ-I/SD_DA512_ZYNQ_FPGA.sdk/CPU_wrapper.hdf
INFO: [Vivado 12-3157] SDK launch initiated. Please check console for any further messages.
ipx::edit_ip_in_project -upgrade true -name AXI4_DEV_v1_0_project -directory C:/Users/admin/Desktop/SDHW-CCU-FPGA-ZYNQ-I/SD_DA512_ZYNQ_FPGA.tmp/AXI4_DEV_v1_0_project c:/Users/admin/Desktop/SDHW-CCU-FPGA-ZYNQ-I/SD_DA512_ZYNQ_FPGA.ipdefs/AXI4_DEV_0_0_0/component.xml
INFO: [ProjectBase 1-489] The host OS only allows 260 characters in a normal path. The project is stored in a path with more than 80 characters. If you experience issues with IP, Block Designs, or files not being found, please consider moving the project to a location with a shorter path. Alternately consider using the OS subst command to map part of the path to a drive letter.
Current project path is 'c:/users/admin/desktop/sdhw-ccu-fpga-zynq-i/sd_da512_zynq_fpga.tmp/axi4_dev_v1_0_project'
INFO: [IP_Flow 19-234] Refreshing IP repositories
INFO: [IP_Flow 19-1704] No user IP repositories specified
INFO: [IP_Flow 19-2313] Loaded Vivado IP repository 'D:/Xilinx/Vivado/2018.2/data/ip'.
INFO: [IP_Flow 19-234] Refreshing IP repositories
INFO: [IP_Flow 19-1700] Loaded user IP repository 'c:/Users/admin/Desktop/SDHW-CCU-FPGA-ZYNQ-I/SD_DA512_ZYNQ_FPGA.ipdefs/AXI4_DEV_0_0_0'.
INFO: [IP_Flow 19-795] Syncing license key meta-data
ipx::edit_ip_in_project: Time (s): cpu = 00:00:04 ; elapsed = 00:00:05 . Memory (MB): peak = 2155.938 ; gain = 0.000
update_compile_order -fileset sources_1
launch_runs synth_1 -jobs 6
[Fri Feb  1 18:05:28 2019] Launched synth_1...
Run output will be captured here: c:/users/admin/desktop/sdhw-ccu-fpga-zynq-i/sd_da512_zynq_fpga.tmp/axi4_dev_v1_0_project/AXI4_DEV_v1_0_project.runs/synth_1/runme.log
ipx::merge_project_changes files [ipx::current_core]
CRITICAL WARNING: [IP_Flow 19-5376] File 'c:/Users/admin/Desktop/SDHW-CCU-FPGA-ZYNQ-I/SD_DA512_ZYNQ_FPGA.ipdefs/AXI4_DEV_0_0_0/src/zynqfpgaregdef.vh' is marked as a global include. The packaging process cannot preserve this information, instead the file will be marked as an include file.
CRITICAL WARNING: [IP_Flow 19-5376] File 'c:/Users/admin/Desktop/SDHW-CCU-FPGA-ZYNQ-I/SD_DA512_ZYNQ_FPGA.ipdefs/AXI4_DEV_0_0_0/src/timescale.vh' is marked as a global include. The packaging process cannot preserve this information, instead the file will be marked as an include file.
CRITICAL WARNING: [IP_Flow 19-5376] File 'c:/Users/admin/Desktop/SDHW-CCU-FPGA-ZYNQ-I/SD_DA512_ZYNQ_FPGA.ipdefs/AXI4_DEV_0_0_0/src/simulation.vh' is marked as a global include. The packaging process cannot preserve this information, instead the file will be marked as an include file.
CRITICAL WARNING: [IP_Flow 19-5376] File 'c:/Users/admin/Desktop/SDHW-CCU-FPGA-ZYNQ-I/SD_DA512_ZYNQ_FPGA.ipdefs/AXI4_DEV_0_0_0/src/hardwarefpgadefine.vh' is marked as a global include. The packaging process cannot preserve this information, instead the file will be marked as an include file.
WARNING: [IP_Flow 19-5226] Project source file 'c:/Users/admin/Desktop/SDHW-CCU-FPGA-ZYNQ-I/SD_DA512_ZYNQ_FPGA.ipdefs/AXI4_DEV_0_0_0/component.xml' ignored by IP packager.
set_property core_revision 136 [ipx::current_core]
ipx::update_source_project_archive -component [ipx::current_core]
ipx::create_xgui_files [ipx::current_core]
ipx::update_checksums [ipx::current_core]
ipx::save_core [ipx::current_core]
ipx::move_temp_component_back -component [ipx::current_core]
close_project -delete
update_ip_catalog -rebuild -repo_path c:/Users/admin/Desktop/SDHW-CCU-FPGA-ZYNQ-I/SD_DA512_ZYNQ_FPGA.ipdefs/AXI4_DEV_0_0_0
INFO: [IP_Flow 19-725] Reloaded user IP repository 'c:/Users/admin/Desktop/SDHW-CCU-FPGA-ZYNQ-I/SD_DA512_ZYNQ_FPGA.ipdefs/AXI4_DEV_0_0_0'
report_ip_status -name ip_status 
upgrade_ip -vlnv xilinx.com:user:AXI4_DEV:1.0 [get_ips  CPU_AXI4_DEV_0_1] -log ip_upgrade.log
Upgrading 'C:/Users/admin/Desktop/SDHW-CCU-FPGA-ZYNQ-I/SD_DA512_ZYNQ_FPGA.srcs/sources_1/bd/CPU/CPU.bd'
INFO: [IP_Flow 19-3422] Upgraded CPU_AXI4_DEV_0_1 (AXI4_DEV_v1.0 1.0) from revision 135 to revision 136
Wrote  : <C:/Users/admin/Desktop/SDHW-CCU-FPGA-ZYNQ-I/SD_DA512_ZYNQ_FPGA.srcs/sources_1/bd/CPU/CPU.bd> 
INFO: [Coretcl 2-1525] Wrote upgrade log to 'C:/Users/admin/Desktop/SDHW-CCU-FPGA-ZYNQ-I/ip_upgrade.log'.
export_ip_user_files -of_objects [get_ips CPU_AXI4_DEV_0_1] -no_script -sync -force -quiet
generate_target all [get_files  C:/Users/admin/Desktop/SDHW-CCU-FPGA-ZYNQ-I/SD_DA512_ZYNQ_FPGA.srcs/sources_1/bd/CPU/CPU.bd]
Wrote  : <C:/Users/admin/Desktop/SDHW-CCU-FPGA-ZYNQ-I/SD_DA512_ZYNQ_FPGA.srcs/sources_1/bd/CPU/CPU.bd> 
VHDL Output written to : C:/Users/admin/Desktop/SDHW-CCU-FPGA-ZYNQ-I/SD_DA512_ZYNQ_FPGA.srcs/sources_1/bd/CPU/synth/CPU.v
VHDL Output written to : C:/Users/admin/Desktop/SDHW-CCU-FPGA-ZYNQ-I/SD_DA512_ZYNQ_FPGA.srcs/sources_1/bd/CPU/sim/CPU.v
VHDL Output written to : C:/Users/admin/Desktop/SDHW-CCU-FPGA-ZYNQ-I/SD_DA512_ZYNQ_FPGA.srcs/sources_1/bd/CPU/hdl/CPU_wrapper.v
INFO: [BD 41-1029] Generation completed for the IP Integrator block AXI4_DEV_0 .
INFO: [BD 41-1029] Generation completed for the IP Integrator block processing_system7_0 .
INFO: [BD 41-1029] Generation completed for the IP Integrator block rst_ps7_0_100M .
WARNING: [IP_Flow 19-3452] Invalid long/float value '5e+07' specified for parameter 'FREQ_HZ(CLK)' for CPU_auto_pc_0.
INFO: [BD 41-1029] Generation completed for the IP Integrator block ps7_0_axi_periph/s00_couplers/auto_pc .
Exporting to file C:/Users/admin/Desktop/SDHW-CCU-FPGA-ZYNQ-I/SD_DA512_ZYNQ_FPGA.srcs/sources_1/bd/CPU/hw_handoff/CPU.hwh
Generated Block Design Tcl file C:/Users/admin/Desktop/SDHW-CCU-FPGA-ZYNQ-I/SD_DA512_ZYNQ_FPGA.srcs/sources_1/bd/CPU/hw_handoff/CPU_bd.tcl
Generated Hardware Definition File C:/Users/admin/Desktop/SDHW-CCU-FPGA-ZYNQ-I/SD_DA512_ZYNQ_FPGA.srcs/sources_1/bd/CPU/synth/CPU.hwdef
export_ip_user_files -of_objects [get_files C:/Users/admin/Desktop/SDHW-CCU-FPGA-ZYNQ-I/SD_DA512_ZYNQ_FPGA.srcs/sources_1/bd/CPU/CPU.bd] -no_script -sync -force -quiet
export_simulation -of_objects [get_files C:/Users/admin/Desktop/SDHW-CCU-FPGA-ZYNQ-I/SD_DA512_ZYNQ_FPGA.srcs/sources_1/bd/CPU/CPU.bd] -directory C:/Users/admin/Desktop/SDHW-CCU-FPGA-ZYNQ-I/SD_DA512_ZYNQ_FPGA.ip_user_files/sim_scripts -ip_user_files_dir C:/Users/admin/Desktop/SDHW-CCU-FPGA-ZYNQ-I/SD_DA512_ZYNQ_FPGA.ip_user_files -ipstatic_source_dir C:/Users/admin/Desktop/SDHW-CCU-FPGA-ZYNQ-I/SD_DA512_ZYNQ_FPGA.ip_user_files/ipstatic -lib_map_path [list {modelsim=C:/Users/admin/Desktop/SDHW-CCU-FPGA-ZYNQ-I/SD_DA512_ZYNQ_FPGA.cache/compile_simlib/modelsim} {questa=C:/Users/admin/Desktop/SDHW-CCU-FPGA-ZYNQ-I/SD_DA512_ZYNQ_FPGA.cache/compile_simlib/questa} {riviera=C:/Users/admin/Desktop/SDHW-CCU-FPGA-ZYNQ-I/SD_DA512_ZYNQ_FPGA.cache/compile_simlib/riviera} {activehdl=C:/Users/admin/Desktop/SDHW-CCU-FPGA-ZYNQ-I/SD_DA512_ZYNQ_FPGA.cache/compile_simlib/activehdl}] -use_ip_compiled_libs -force -quiet
reset_run synth_1
WARNING: [Vivado 12-1017] Problems encountered:
1. Failed to delete one or more files in run directory C:/Users/admin/Desktop/SDHW-CCU-FPGA-ZYNQ-I/SD_DA512_ZYNQ_FPGA.runs/synth_1

launch_runs impl_1 -to_step write_bitstream -jobs 6
[Fri Feb  1 18:10:25 2019] Launched synth_1...
Run output will be captured here: C:/Users/admin/Desktop/SDHW-CCU-FPGA-ZYNQ-I/SD_DA512_ZYNQ_FPGA.runs/synth_1/runme.log
[Fri Feb  1 18:10:25 2019] Launched impl_1...
Run output will be captured here: C:/Users/admin/Desktop/SDHW-CCU-FPGA-ZYNQ-I/SD_DA512_ZYNQ_FPGA.runs/impl_1/runme.log
reset_run synth_1
WARNING: [Vivado 12-1017] Problems encountered:
1. Failed to delete one or more files in run directory C:/Users/admin/Desktop/SDHW-CCU-FPGA-ZYNQ-I/SD_DA512_ZYNQ_FPGA.runs/synth_1

report_ip_status -name ip_status 
launch_runs impl_1 -to_step write_bitstream -jobs 6
[Fri Feb  1 18:10:41 2019] Launched synth_1...
Run output will be captured here: C:/Users/admin/Desktop/SDHW-CCU-FPGA-ZYNQ-I/SD_DA512_ZYNQ_FPGA.runs/synth_1/runme.log
[Fri Feb  1 18:10:41 2019] Launched impl_1...
Run output will be captured here: C:/Users/admin/Desktop/SDHW-CCU-FPGA-ZYNQ-I/SD_DA512_ZYNQ_FPGA.runs/impl_1/runme.log
file copy -force C:/Users/admin/Desktop/SDHW-CCU-FPGA-ZYNQ-I/SD_DA512_ZYNQ_FPGA.runs/impl_1/CPU_wrapper.sysdef C:/Users/admin/Desktop/SDHW-CCU-FPGA-ZYNQ-I/SD_DA512_ZYNQ_FPGA.sdk/CPU_wrapper.hdf

launch_sdk -workspace C:/Users/admin/Desktop/SDHW-CCU-FPGA-ZYNQ-I/SD_DA512_ZYNQ_FPGA.sdk -hwspec C:/Users/admin/Desktop/SDHW-CCU-FPGA-ZYNQ-I/SD_DA512_ZYNQ_FPGA.sdk/CPU_wrapper.hdf
INFO: [Vivado 12-393] Launching SDK...
INFO: [Vivado 12-417] Running xsdk -workspace C:/Users/admin/Desktop/SDHW-CCU-FPGA-ZYNQ-I/SD_DA512_ZYNQ_FPGA.sdk -hwspec C:/Users/admin/Desktop/SDHW-CCU-FPGA-ZYNQ-I/SD_DA512_ZYNQ_FPGA.sdk/CPU_wrapper.hdf
INFO: [Vivado 12-3157] SDK launch initiated. Please check console for any further messages.
file copy -force C:/Users/admin/Desktop/SDHW-CCU-FPGA-ZYNQ-I/SD_DA512_ZYNQ_FPGA.runs/impl_1/CPU_wrapper.sysdef C:/Users/admin/Desktop/SDHW-CCU-FPGA-ZYNQ-I/SD_DA512_ZYNQ_FPGA.sdk/CPU_wrapper.hdf

launch_sdk -workspace C:/Users/admin/Desktop/SDHW-CCU-FPGA-ZYNQ-I/SD_DA512_ZYNQ_FPGA.sdk -hwspec C:/Users/admin/Desktop/SDHW-CCU-FPGA-ZYNQ-I/SD_DA512_ZYNQ_FPGA.sdk/CPU_wrapper.hdf
INFO: [Vivado 12-393] Launching SDK...
INFO: [Vivado 12-417] Running xsdk -workspace C:/Users/admin/Desktop/SDHW-CCU-FPGA-ZYNQ-I/SD_DA512_ZYNQ_FPGA.sdk -hwspec C:/Users/admin/Desktop/SDHW-CCU-FPGA-ZYNQ-I/SD_DA512_ZYNQ_FPGA.sdk/CPU_wrapper.hdf
INFO: [Vivado 12-3157] SDK launch initiated. Please check console for any further messages.
exit
INFO: [Common 17-206] Exiting Vivado at Fri Feb  1 18:34:23 2019...
