Copyright 1986-2018 Xilinx, Inc. All Rights Reserved.
------------------------------------------------------------------------------------
| Tool Version : Vivado v.2018.2 (win64) Build 2258646 Thu Jun 14 20:03:12 MDT 2018
| Date         : Thu Apr 18 18:38:41 2019
| Host         : SDHW-GL running 64-bit major release  (build 9200)
| Command      : upgrade_ip
| Device       : xc7z020clg484-1
------------------------------------------------------------------------------------

Upgrade Log for IP 'CPU_AXI4_DEV_0_1'

1. Summary
----------

SUCCESS in the upgrade of CPU_AXI4_DEV_0_1 (xilinx.com:user:AXI4_DEV:1.0) from (Rev. 178) to (Rev. 179)






Copyright 1986-2018 Xilinx, Inc. All Rights Reserved.
------------------------------------------------------------------------------------
| Tool Version : Vivado v.2018.2 (win64) Build 2258646 Thu Jun 14 20:03:12 MDT 2018
| Date         : Thu Apr 18 15:18:05 2019
| Host         : SDHW-GL running 64-bit major release  (build 9200)
| Command      : upgrade_ip
| Device       : xc7z020clg484-1
------------------------------------------------------------------------------------

Upgrade Log for IP 'CPU_AXI4_DEV_0_1'

1. Summary
----------

SUCCESS in the upgrade of CPU_AXI4_DEV_0_1 (xilinx.com:user:AXI4_DEV:1.0) from (Rev. 177) to (Rev. 178)






Copyright 1986-2018 Xilinx, Inc. All Rights Reserved.
------------------------------------------------------------------------------------
| Tool Version : Vivado v.2018.2 (win64) Build 2258646 Thu Jun 14 20:03:12 MDT 2018
| Date         : Thu Apr 18 15:16:11 2019
| Host         : SDHW-GL running 64-bit major release  (build 9200)
| Command      : upgrade_ip
| Device       : xc7z020clg484-1
------------------------------------------------------------------------------------

Upgrade Log for IP 'CPU_AXI4_DEV_0_1'

1. Summary
----------

SUCCESS in the upgrade of CPU_AXI4_DEV_0_1 (xilinx.com:user:AXI4_DEV:1.0) from (Rev. 176) to (Rev. 177)






Copyright 1986-2018 Xilinx, Inc. All Rights Reserved.
------------------------------------------------------------------------------------
| Tool Version : Vivado v.2018.2 (win64) Build 2258646 Thu Jun 14 20:03:12 MDT 2018
| Date         : Thu Apr 18 14:44:01 2019
| Host         : SDHW-GL running 64-bit major release  (build 9200)
| Command      : upgrade_ip
| Device       : xc7z020clg484-1
------------------------------------------------------------------------------------

Upgrade Log for IP 'CPU_AXI4_DEV_0_1'

1. Summary
----------

SUCCESS in the upgrade of CPU_AXI4_DEV_0_1 (xilinx.com:user:AXI4_DEV:1.0) from (Rev. 175) to (Rev. 176)






Copyright 1986-2018 Xilinx, Inc. All Rights Reserved.
------------------------------------------------------------------------------------
| Tool Version : Vivado v.2018.2 (win64) Build 2258646 Thu Jun 14 20:03:12 MDT 2018
| Date         : Tue Apr 16 10:00:10 2019
| Host         : SDHW-GL running 64-bit major release  (build 9200)
| Command      : upgrade_ip
| Device       : xc7z020clg484-1
------------------------------------------------------------------------------------

Upgrade Log for IP 'CPU_AXI4_DEV_0_1'

1. Summary
----------

SUCCESS in the upgrade of CPU_AXI4_DEV_0_1 (xilinx.com:user:AXI4_DEV:1.0) from (Rev. 174) to (Rev. 175)






Copyright 1986-2018 Xilinx, Inc. All Rights Reserved.
------------------------------------------------------------------------------------
| Tool Version : Vivado v.2018.2 (win64) Build 2258646 Thu Jun 14 20:03:12 MDT 2018
| Date         : Mon Apr 15 18:35:21 2019
| Host         : SDHW-GL running 64-bit major release  (build 9200)
| Command      : upgrade_ip
| Device       : xc7z020clg484-1
------------------------------------------------------------------------------------

Upgrade Log for IP 'CPU_AXI4_DEV_0_1'

1. Summary
----------

SUCCESS in the upgrade of CPU_AXI4_DEV_0_1 (xilinx.com:user:AXI4_DEV:1.0) from (Rev. 173) to (Rev. 174)






Copyright 1986-2018 Xilinx, Inc. All Rights Reserved.
------------------------------------------------------------------------------------
| Tool Version : Vivado v.2018.2 (win64) Build 2258646 Thu Jun 14 20:03:12 MDT 2018
| Date         : Mon Apr 15 17:02:08 2019
| Host         : SDHW-GL running 64-bit major release  (build 9200)
| Command      : upgrade_ip
| Device       : xc7z020clg484-1
------------------------------------------------------------------------------------

Upgrade Log for IP 'CPU_AXI4_DEV_0_1'

1. Summary
----------

SUCCESS in the upgrade of CPU_AXI4_DEV_0_1 (xilinx.com:user:AXI4_DEV:1.0) from (Rev. 172) to (Rev. 173)






Copyright 1986-2018 Xilinx, Inc. All Rights Reserved.
------------------------------------------------------------------------------------
| Tool Version : Vivado v.2018.2 (win64) Build 2258646 Thu Jun 14 20:03:12 MDT 2018
| Date         : Mon Apr 15 15:42:41 2019
| Host         : SDHW-GL running 64-bit major release  (build 9200)
| Command      : upgrade_ip
| Device       : xc7z020clg484-1
------------------------------------------------------------------------------------

Upgrade Log for IP 'CPU_AXI4_DEV_0_1'

1. Summary
----------

SUCCESS in the upgrade of CPU_AXI4_DEV_0_1 (xilinx.com:user:AXI4_DEV:1.0) from (Rev. 171) to (Rev. 172)






Copyright 1986-2018 Xilinx, Inc. All Rights Reserved.
------------------------------------------------------------------------------------
| Tool Version : Vivado v.2018.2 (win64) Build 2258646 Thu Jun 14 20:03:12 MDT 2018
| Date         : Mon Apr 15 13:26:55 2019
| Host         : SDHW-GL running 64-bit major release  (build 9200)
| Command      : upgrade_ip
| Device       : xc7z020clg484-1
------------------------------------------------------------------------------------

Upgrade Log for IP 'CPU_AXI4_DEV_0_1'

1. Summary
----------

SUCCESS in the upgrade of CPU_AXI4_DEV_0_1 (xilinx.com:user:AXI4_DEV:1.0) from (Rev. 169) to (Rev. 171)






Copyright 1986-2018 Xilinx, Inc. All Rights Reserved.
------------------------------------------------------------------------------------
| Tool Version : Vivado v.2018.2 (win64) Build 2258646 Thu Jun 14 20:03:12 MDT 2018
| Date         : Sun Apr 14 21:26:54 2019
| Host         : SDHW-GL running 64-bit major release  (build 9200)
| Command      : upgrade_ip
| Device       : xc7z020clg484-1
------------------------------------------------------------------------------------

Upgrade Log for IP 'CPU_AXI4_DEV_0_1'

1. Summary
----------

SUCCESS in the upgrade of CPU_AXI4_DEV_0_1 (xilinx.com:user:AXI4_DEV:1.0) from (Rev. 168) to (Rev. 169)






Copyright 1986-2018 Xilinx, Inc. All Rights Reserved.
------------------------------------------------------------------------------------
| Tool Version : Vivado v.2018.2 (win64) Build 2258646 Thu Jun 14 20:03:12 MDT 2018
| Date         : Sun Apr 14 20:47:37 2019
| Host         : SDHW-GL running 64-bit major release  (build 9200)
| Command      : upgrade_ip
| Device       : xc7z020clg484-1
------------------------------------------------------------------------------------

Upgrade Log for IP 'CPU_AXI4_DEV_0_1'

1. Summary
----------

SUCCESS in the upgrade of CPU_AXI4_DEV_0_1 (xilinx.com:user:AXI4_DEV:1.0) from (Rev. 167) to (Rev. 168)






Copyright 1986-2018 Xilinx, Inc. All Rights Reserved.
------------------------------------------------------------------------------------
| Tool Version : Vivado v.2018.2 (win64) Build 2258646 Thu Jun 14 20:03:12 MDT 2018
| Date         : Sun Apr 14 20:00:04 2019
| Host         : SDHW-GL running 64-bit major release  (build 9200)
| Command      : upgrade_ip
| Device       : xc7z020clg484-1
------------------------------------------------------------------------------------

Upgrade Log for IP 'CPU_AXI4_DEV_0_1'

1. Summary
----------

SUCCESS in the upgrade of CPU_AXI4_DEV_0_1 (xilinx.com:user:AXI4_DEV:1.0) from (Rev. 166) to (Rev. 167)






Copyright 1986-2018 Xilinx, Inc. All Rights Reserved.
------------------------------------------------------------------------------------
| Tool Version : Vivado v.2018.2 (win64) Build 2258646 Thu Jun 14 20:03:12 MDT 2018
| Date         : Sun Apr 14 19:25:06 2019
| Host         : SDHW-GL running 64-bit major release  (build 9200)
| Command      : upgrade_ip
| Device       : xc7z020clg484-1
------------------------------------------------------------------------------------

Upgrade Log for IP 'CPU_AXI4_DEV_0_1'

1. Summary
----------

SUCCESS in the upgrade of CPU_AXI4_DEV_0_1 (xilinx.com:user:AXI4_DEV:1.0) from (Rev. 165) to (Rev. 166)






Copyright 1986-2018 Xilinx, Inc. All Rights Reserved.
------------------------------------------------------------------------------------
| Tool Version : Vivado v.2018.2 (win64) Build 2258646 Thu Jun 14 20:03:12 MDT 2018
| Date         : Sun Apr 14 17:13:19 2019
| Host         : SDHW-GL running 64-bit major release  (build 9200)
| Command      : upgrade_ip
| Device       : xc7z020clg484-1
------------------------------------------------------------------------------------

Upgrade Log for IP 'CPU_AXI4_DEV_0_1'

1. Summary
----------

SUCCESS in the upgrade of CPU_AXI4_DEV_0_1 (xilinx.com:user:AXI4_DEV:1.0) from (Rev. 164) to (Rev. 165)






Copyright 1986-2018 Xilinx, Inc. All Rights Reserved.
------------------------------------------------------------------------------------
| Tool Version : Vivado v.2018.2 (win64) Build 2258646 Thu Jun 14 20:03:12 MDT 2018
| Date         : Sun Apr 14 15:20:33 2019
| Host         : SDHW-GL running 64-bit major release  (build 9200)
| Command      : upgrade_ip
| Device       : xc7z020clg484-1
------------------------------------------------------------------------------------

Upgrade Log for IP 'CPU_AXI4_DEV_0_1'

1. Summary
----------

SUCCESS in the upgrade of CPU_AXI4_DEV_0_1 (xilinx.com:user:AXI4_DEV:1.0) from (Rev. 163) to (Rev. 164)






Copyright 1986-2018 Xilinx, Inc. All Rights Reserved.
------------------------------------------------------------------------------------
| Tool Version : Vivado v.2018.2 (win64) Build 2258646 Thu Jun 14 20:03:12 MDT 2018
| Date         : Fri Apr 12 15:06:33 2019
| Host         : SDHW-GL running 64-bit major release  (build 9200)
| Command      : upgrade_ip
| Device       : xc7z020clg484-1
------------------------------------------------------------------------------------

Upgrade Log for IP 'CPU_AXI4_DEV_0_1'

1. Summary
----------

SUCCESS in the upgrade of CPU_AXI4_DEV_0_1 (xilinx.com:user:AXI4_DEV:1.0) from (Rev. 162) to (Rev. 163)






Copyright 1986-2018 Xilinx, Inc. All Rights Reserved.
------------------------------------------------------------------------------------
| Tool Version : Vivado v.2018.2 (win64) Build 2258646 Thu Jun 14 20:03:12 MDT 2018
| Date         : Fri Apr 12 14:07:36 2019
| Host         : SDHW-GL running 64-bit major release  (build 9200)
| Command      : upgrade_ip
| Device       : xc7z020clg484-1
------------------------------------------------------------------------------------

Upgrade Log for IP 'CPU_AXI4_DEV_0_1'

1. Summary
----------

SUCCESS in the upgrade of CPU_AXI4_DEV_0_1 (xilinx.com:user:AXI4_DEV:1.0) from (Rev. 161) to (Rev. 162)






Copyright 1986-2018 Xilinx, Inc. All Rights Reserved.
------------------------------------------------------------------------------------
| Tool Version : Vivado v.2018.2 (win64) Build 2258646 Thu Jun 14 20:03:12 MDT 2018
| Date         : Fri Apr 12 13:52:55 2019
| Host         : SDHW-GL running 64-bit major release  (build 9200)
| Command      : upgrade_ip
| Device       : xc7z020clg484-1
------------------------------------------------------------------------------------

Upgrade Log for IP 'CPU_AXI4_DEV_0_1'

1. Summary
----------

SUCCESS in the upgrade of CPU_AXI4_DEV_0_1 (xilinx.com:user:AXI4_DEV:1.0) from (Rev. 160) to (Rev. 161)






Copyright 1986-2018 Xilinx, Inc. All Rights Reserved.
------------------------------------------------------------------------------------
| Tool Version : Vivado v.2018.2 (win64) Build 2258646 Thu Jun 14 20:03:12 MDT 2018
| Date         : Fri Apr 12 10:55:29 2019
| Host         : SDHW-GL running 64-bit major release  (build 9200)
| Command      : upgrade_ip
| Device       : xc7z020clg484-1
------------------------------------------------------------------------------------

Upgrade Log for IP 'CPU_AXI4_DEV_0_1'

1. Summary
----------

SUCCESS in the upgrade of CPU_AXI4_DEV_0_1 (xilinx.com:user:AXI4_DEV:1.0) from (Rev. 159) to (Rev. 160)






Copyright 1986-2018 Xilinx, Inc. All Rights Reserved.
------------------------------------------------------------------------------------
| Tool Version : Vivado v.2018.2 (win64) Build 2258646 Thu Jun 14 20:03:12 MDT 2018
| Date         : Fri Apr 12 09:38:56 2019
| Host         : SDHW-GL running 64-bit major release  (build 9200)
| Command      : upgrade_ip
| Device       : xc7z020clg484-1
------------------------------------------------------------------------------------

Upgrade Log for IP 'CPU_AXI4_DEV_0_1'

1. Summary
----------

SUCCESS in the upgrade of CPU_AXI4_DEV_0_1 (xilinx.com:user:AXI4_DEV:1.0) from (Rev. 157) to (Rev. 159)






Copyright 1986-2018 Xilinx, Inc. All Rights Reserved.
------------------------------------------------------------------------------------
| Tool Version : Vivado v.2018.2 (win64) Build 2258646 Thu Jun 14 20:03:12 MDT 2018
| Date         : Fri Apr 12 09:26:26 2019
| Host         : SDHW-GL running 64-bit major release  (build 9200)
| Command      : upgrade_ip
| Device       : xc7z020clg484-1
------------------------------------------------------------------------------------

Upgrade Log for IP 'CPU_AXI4_DEV_0_1'

1. Summary
----------

SUCCESS in the upgrade of CPU_AXI4_DEV_0_1 (xilinx.com:user:AXI4_DEV:1.0) from (Rev. 156) to (Rev. 157)






Copyright 1986-2018 Xilinx, Inc. All Rights Reserved.
------------------------------------------------------------------------------------
| Tool Version : Vivado v.2018.2 (win64) Build 2258646 Thu Jun 14 20:03:12 MDT 2018
| Date         : Thu Apr 11 22:33:06 2019
| Host         : SDHW-GL running 64-bit major release  (build 9200)
| Command      : upgrade_ip
| Device       : xc7z020clg484-1
------------------------------------------------------------------------------------

Upgrade Log for IP 'CPU_AXI4_DEV_0_1'

1. Summary
----------

SUCCESS in the upgrade of CPU_AXI4_DEV_0_1 (xilinx.com:user:AXI4_DEV:1.0) from (Rev. 155) to (Rev. 156)






Copyright 1986-2018 Xilinx, Inc. All Rights Reserved.
------------------------------------------------------------------------------------
| Tool Version : Vivado v.2018.2 (win64) Build 2258646 Thu Jun 14 20:03:12 MDT 2018
| Date         : Thu Apr 11 21:11:01 2019
| Host         : SDHW-GL running 64-bit major release  (build 9200)
| Command      : upgrade_ip
| Device       : xc7z020clg484-1
------------------------------------------------------------------------------------

Upgrade Log for IP 'CPU_AXI4_DEV_0_1'

1. Summary
----------

SUCCESS in the upgrade of CPU_AXI4_DEV_0_1 (xilinx.com:user:AXI4_DEV:1.0) from (Rev. 154) to (Rev. 155)






Copyright 1986-2018 Xilinx, Inc. All Rights Reserved.
------------------------------------------------------------------------------------
| Tool Version : Vivado v.2018.2 (win64) Build 2258646 Thu Jun 14 20:03:12 MDT 2018
| Date         : Thu Apr 11 20:44:36 2019
| Host         : SDHW-GL running 64-bit major release  (build 9200)
| Command      : upgrade_ip
| Device       : xc7z020clg484-1
------------------------------------------------------------------------------------

Upgrade Log for IP 'CPU_AXI4_DEV_0_1'

1. Summary
----------

SUCCESS in the upgrade of CPU_AXI4_DEV_0_1 (xilinx.com:user:AXI4_DEV:1.0) from (Rev. 153) to (Rev. 154)






Copyright 1986-2018 Xilinx, Inc. All Rights Reserved.
------------------------------------------------------------------------------------
| Tool Version : Vivado v.2018.2 (win64) Build 2258646 Thu Jun 14 20:03:12 MDT 2018
| Date         : Thu Apr 11 18:11:39 2019
| Host         : SDHW-GL running 64-bit major release  (build 9200)
| Command      : upgrade_ip
| Device       : xc7z020clg484-1
------------------------------------------------------------------------------------

Upgrade Log for IP 'CPU_AXI4_DEV_0_1'

1. Summary
----------

SUCCESS in the upgrade of CPU_AXI4_DEV_0_1 (xilinx.com:user:AXI4_DEV:1.0) from (Rev. 152) to (Rev. 153)






Copyright 1986-2018 Xilinx, Inc. All Rights Reserved.
------------------------------------------------------------------------------------
| Tool Version : Vivado v.2018.2 (win64) Build 2258646 Thu Jun 14 20:03:12 MDT 2018
| Date         : Thu Apr 11 17:42:24 2019
| Host         : SDHW-GL running 64-bit major release  (build 9200)
| Command      : upgrade_ip
| Device       : xc7z020clg484-1
------------------------------------------------------------------------------------

Upgrade Log for IP 'CPU_AXI4_DEV_0_1'

1. Summary
----------

SUCCESS in the upgrade of CPU_AXI4_DEV_0_1 (xilinx.com:user:AXI4_DEV:1.0) from (Rev. 151) to (Rev. 152)






Copyright 1986-2018 Xilinx, Inc. All Rights Reserved.
------------------------------------------------------------------------------------
| Tool Version : Vivado v.2018.2 (win64) Build 2258646 Thu Jun 14 20:03:12 MDT 2018
| Date         : Thu Apr 11 16:54:22 2019
| Host         : SDHW-GL running 64-bit major release  (build 9200)
| Command      : upgrade_ip
| Device       : xc7z020clg484-1
------------------------------------------------------------------------------------

Upgrade Log for IP 'CPU_AXI4_DEV_0_1'

1. Summary
----------

SUCCESS in the upgrade of CPU_AXI4_DEV_0_1 (xilinx.com:user:AXI4_DEV:1.0) from (Rev. 150) to (Rev. 151)






Copyright 1986-2018 Xilinx, Inc. All Rights Reserved.
------------------------------------------------------------------------------------
| Tool Version : Vivado v.2018.2 (win64) Build 2258646 Thu Jun 14 20:03:12 MDT 2018
| Date         : Wed Apr 10 23:37:12 2019
| Host         : SDHW-GL running 64-bit major release  (build 9200)
| Command      : upgrade_ip
| Device       : xc7z020clg484-1
------------------------------------------------------------------------------------

Upgrade Log for IP 'CPU_AXI4_DEV_0_1'

1. Summary
----------

SUCCESS in the upgrade of CPU_AXI4_DEV_0_1 (xilinx.com:user:AXI4_DEV:1.0) from (Rev. 149) to (Rev. 150)






Copyright 1986-2018 Xilinx, Inc. All Rights Reserved.
------------------------------------------------------------------------------------
| Tool Version : Vivado v.2018.2 (win64) Build 2258646 Thu Jun 14 20:03:12 MDT 2018
| Date         : Wed Apr 10 22:57:16 2019
| Host         : SDHW-GL running 64-bit major release  (build 9200)
| Command      : upgrade_ip
| Device       : xc7z020clg484-1
------------------------------------------------------------------------------------

Upgrade Log for IP 'CPU_AXI4_DEV_0_1'

1. Summary
----------

SUCCESS in the upgrade of CPU_AXI4_DEV_0_1 (xilinx.com:user:AXI4_DEV:1.0) from (Rev. 148) to (Rev. 149)






Copyright 1986-2018 Xilinx, Inc. All Rights Reserved.
------------------------------------------------------------------------------------
| Tool Version : Vivado v.2018.2 (win64) Build 2258646 Thu Jun 14 20:03:12 MDT 2018
| Date         : Wed Apr 10 11:52:18 2019
| Host         : SDHW-GL running 64-bit major release  (build 9200)
| Command      : upgrade_ip
| Device       : xc7z020clg484-1
------------------------------------------------------------------------------------

Upgrade Log for IP 'CPU_AXI4_DEV_0_1'

1. Summary
----------

SUCCESS in the conversion of CPU_AXI4_DEV_0_1 (xilinx.com:user:AXI4_DEV:1.0 (Rev. 148)) to Vivado generation flows.






Copyright 1986-2018 Xilinx, Inc. All Rights Reserved.
------------------------------------------------------------------------------------
| Tool Version : Vivado v.2018.2 (win64) Build 2258646 Thu Jun 14 20:03:12 MDT 2018
| Date         : Wed Apr 10 11:47:23 2019
| Host         : SDHW-GL running 64-bit major release  (build 9200)
| Command      : upgrade_ip
| Device       : xc7z020clg484-1
------------------------------------------------------------------------------------

Upgrade Log for IP 'CPU_AXI4_DEV_0_1'

1. Summary
----------

SUCCESS in the upgrade of CPU_AXI4_DEV_0_1 (xilinx.com:user:AXI4_DEV:1.0) from (Rev. 147) to (Rev. 148)






Copyright 1986-2018 Xilinx, Inc. All Rights Reserved.
------------------------------------------------------------------------------------
| Tool Version : Vivado v.2018.2 (win64) Build 2258646 Thu Jun 14 20:03:12 MDT 2018
| Date         : Wed Apr 10 10:40:52 2019
| Host         : SDHW-GL running 64-bit major release  (build 9200)
| Command      : upgrade_ip
| Device       : xc7z020clg484-1
------------------------------------------------------------------------------------

Upgrade Log for IP 'CPU_AXI4_DEV_0_1'

1. Summary
----------

SUCCESS in the upgrade of CPU_AXI4_DEV_0_1 (xilinx.com:user:AXI4_DEV:1.0) from (Rev. 146) to (Rev. 147)






Copyright 1986-2018 Xilinx, Inc. All Rights Reserved.
------------------------------------------------------------------------------------
| Tool Version : Vivado v.2018.2 (win64) Build 2258646 Thu Jun 14 20:03:12 MDT 2018
| Date         : Thu Mar 21 14:41:45 2019
| Host         : SDHW-GL running 64-bit major release  (build 9200)
| Command      : upgrade_ip
| Device       : xc7z020clg484-1
------------------------------------------------------------------------------------

Upgrade Log for IP 'CPU_AXI4_DEV_0_1'

1. Summary
----------

SUCCESS in the upgrade of CPU_AXI4_DEV_0_1 (xilinx.com:user:AXI4_DEV:1.0) from (Rev. 145) to (Rev. 146)






Copyright 1986-2018 Xilinx, Inc. All Rights Reserved.
------------------------------------------------------------------------------------
| Tool Version : Vivado v.2018.2 (win64) Build 2258646 Thu Jun 14 20:03:12 MDT 2018
| Date         : Wed Mar 13 11:46:48 2019
| Host         : SDHW-GL running 64-bit major release  (build 9200)
| Command      : upgrade_ip
| Device       : xc7z020clg484-1
------------------------------------------------------------------------------------

Upgrade Log for IP 'CPU_AXI4_DEV_0_1'

1. Summary
----------

SUCCESS in the upgrade of CPU_AXI4_DEV_0_1 (xilinx.com:user:AXI4_DEV:1.0) from (Rev. 144) to (Rev. 145)






Copyright 1986-2018 Xilinx, Inc. All Rights Reserved.
------------------------------------------------------------------------------------
| Tool Version : Vivado v.2018.2 (win64) Build 2258646 Thu Jun 14 20:03:12 MDT 2018
| Date         : Tue Mar 12 18:19:17 2019
| Host         : SDHW-GL running 64-bit major release  (build 9200)
| Command      : upgrade_ip
| Device       : xc7z020clg484-1
------------------------------------------------------------------------------------

Upgrade Log for IP 'CPU_AXI4_DEV_0_1'

1. Summary
----------

SUCCESS in the upgrade of CPU_AXI4_DEV_0_1 (xilinx.com:user:AXI4_DEV:1.0) from (Rev. 143) to (Rev. 144)






Copyright 1986-2018 Xilinx, Inc. All Rights Reserved.
------------------------------------------------------------------------------------
| Tool Version : Vivado v.2018.2 (win64) Build 2258646 Thu Jun 14 20:03:12 MDT 2018
| Date         : Tue Mar 12 17:44:44 2019
| Host         : SDHW-GL running 64-bit major release  (build 9200)
| Command      : upgrade_ip
| Device       : xc7z020clg484-1
------------------------------------------------------------------------------------

Upgrade Log for IP 'CPU_AXI4_DEV_0_1'

1. Summary
----------

SUCCESS in the upgrade of CPU_AXI4_DEV_0_1 (xilinx.com:user:AXI4_DEV:1.0) from (Rev. 142) to (Rev. 143)






Copyright 1986-2018 Xilinx, Inc. All Rights Reserved.
------------------------------------------------------------------------------------
| Tool Version : Vivado v.2018.2 (win64) Build 2258646 Thu Jun 14 20:03:12 MDT 2018
| Date         : Tue Mar 12 16:55:08 2019
| Host         : SDHW-GL running 64-bit major release  (build 9200)
| Command      : upgrade_ip
| Device       : xc7z020clg484-1
------------------------------------------------------------------------------------

Upgrade Log for IP 'CPU_AXI4_DEV_0_1'

1. Summary
----------

SUCCESS in the upgrade of CPU_AXI4_DEV_0_1 (xilinx.com:user:AXI4_DEV:1.0) from (Rev. 141) to (Rev. 142)






Copyright 1986-2018 Xilinx, Inc. All Rights Reserved.
------------------------------------------------------------------------------------
| Tool Version : Vivado v.2018.2 (win64) Build 2258646 Thu Jun 14 20:03:12 MDT 2018
| Date         : Tue Mar 12 16:00:41 2019
| Host         : SDHW-GL running 64-bit major release  (build 9200)
| Command      : upgrade_ip
| Device       : xc7z020clg484-1
------------------------------------------------------------------------------------

Upgrade Log for IP 'CPU_AXI4_DEV_0_1'

1. Summary
----------

SUCCESS in the upgrade of CPU_AXI4_DEV_0_1 (xilinx.com:user:AXI4_DEV:1.0) from (Rev. 140) to (Rev. 141)






Copyright 1986-2018 Xilinx, Inc. All Rights Reserved.
------------------------------------------------------------------------------------
| Tool Version : Vivado v.2018.2 (win64) Build 2258646 Thu Jun 14 20:03:12 MDT 2018
| Date         : Tue Mar 12 15:28:08 2019
| Host         : SDHW-GL running 64-bit major release  (build 9200)
| Command      : upgrade_ip
| Device       : xc7z020clg484-1
------------------------------------------------------------------------------------

Upgrade Log for IP 'CPU_AXI4_DEV_0_1'

1. Summary
----------

SUCCESS in the upgrade of CPU_AXI4_DEV_0_1 (xilinx.com:user:AXI4_DEV:1.0) from (Rev. 139) to (Rev. 140)






Copyright 1986-2018 Xilinx, Inc. All Rights Reserved.
------------------------------------------------------------------------------------
| Tool Version : Vivado v.2018.2 (win64) Build 2258646 Thu Jun 14 20:03:12 MDT 2018
| Date         : Mon Mar 11 10:54:22 2019
| Host         : SDHW-GL running 64-bit major release  (build 9200)
| Command      : upgrade_ip
| Device       : xc7z020clg484-1
------------------------------------------------------------------------------------

Upgrade Log for IP 'CPU_AXI4_DEV_0_1'

1. Summary
----------

SUCCESS in the upgrade of CPU_AXI4_DEV_0_1 (xilinx.com:user:AXI4_DEV:1.0) from (Rev. 138) to (Rev. 139)






Copyright 1986-2018 Xilinx, Inc. All Rights Reserved.
------------------------------------------------------------------------------------
| Tool Version : Vivado v.2018.2 (win64) Build 2258646 Thu Jun 14 20:03:12 MDT 2018
| Date         : Wed Mar  6 17:39:39 2019
| Host         : SDHW-GL running 64-bit major release  (build 9200)
| Command      : upgrade_ip
| Device       : xc7z020clg484-1
------------------------------------------------------------------------------------

Upgrade Log for IP 'CPU_AXI4_DEV_0_1'

1. Summary
----------

SUCCESS in the upgrade of CPU_AXI4_DEV_0_1 (xilinx.com:user:AXI4_DEV:1.0) from (Rev. 137) to (Rev. 138)






Copyright 1986-2018 Xilinx, Inc. All Rights Reserved.
------------------------------------------------------------------------------------
| Tool Version : Vivado v.2018.2 (win64) Build 2258646 Thu Jun 14 20:03:12 MDT 2018
| Date         : Thu Feb 21 11:01:17 2019
| Host         : SDHW-GL running 64-bit major release  (build 9200)
| Command      : upgrade_ip
| Device       : xc7z020clg484-1
------------------------------------------------------------------------------------

Upgrade Log for IP 'CPU_AXI4_DEV_0_1'

1. Summary
----------

SUCCESS in the upgrade of CPU_AXI4_DEV_0_1 (xilinx.com:user:AXI4_DEV:1.0) from (Rev. 136) to (Rev. 137)






Copyright 1986-2018 Xilinx, Inc. All Rights Reserved.
------------------------------------------------------------------------------------
| Tool Version : Vivado v.2018.2 (win64) Build 2258646 Thu Jun 14 20:03:12 MDT 2018
| Date         : Fri Feb  1 18:10:00 2019
| Host         : SDHW-GL running 64-bit major release  (build 9200)
| Command      : upgrade_ip
| Device       : xc7z020clg484-1
------------------------------------------------------------------------------------

Upgrade Log for IP 'CPU_AXI4_DEV_0_1'

1. Summary
----------

SUCCESS in the upgrade of CPU_AXI4_DEV_0_1 (xilinx.com:user:AXI4_DEV:1.0) from (Rev. 135) to (Rev. 136)






Copyright 1986-2018 Xilinx, Inc. All Rights Reserved.
------------------------------------------------------------------------------------
| Tool Version : Vivado v.2018.2 (win64) Build 2258646 Thu Jun 14 20:03:12 MDT 2018
| Date         : Fri Feb  1 16:59:53 2019
| Host         : SDHW-GL running 64-bit major release  (build 9200)
| Command      : upgrade_ip
| Device       : xc7z020clg484-1
------------------------------------------------------------------------------------

Upgrade Log for IP 'CPU_AXI4_DEV_0_1'

1. Summary
----------

SUCCESS in the upgrade of CPU_AXI4_DEV_0_1 (xilinx.com:user:AXI4_DEV:1.0) from (Rev. 134) to (Rev. 135)






Copyright 1986-2018 Xilinx, Inc. All Rights Reserved.
------------------------------------------------------------------------------------
| Tool Version : Vivado v.2018.2 (win64) Build 2258646 Thu Jun 14 20:03:12 MDT 2018
| Date         : Fri Feb  1 16:32:59 2019
| Host         : SDHW-GL running 64-bit major release  (build 9200)
| Command      : upgrade_ip
| Device       : xc7z020clg484-1
------------------------------------------------------------------------------------

Upgrade Log for IP 'CPU_AXI4_DEV_0_1'

1. Summary
----------

SUCCESS in the upgrade of CPU_AXI4_DEV_0_1 (xilinx.com:user:AXI4_DEV:1.0) from (Rev. 133) to (Rev. 134)






Copyright 1986-2018 Xilinx, Inc. All Rights Reserved.
------------------------------------------------------------------------------------
| Tool Version : Vivado v.2018.2 (win64) Build 2258646 Thu Jun 14 20:03:12 MDT 2018
| Date         : Fri Feb  1 16:10:49 2019
| Host         : SDHW-GL running 64-bit major release  (build 9200)
| Command      : upgrade_ip
| Device       : xc7z020clg484-1
------------------------------------------------------------------------------------

Upgrade Log for IP 'CPU_AXI4_DEV_0_1'

1. Summary
----------

SUCCESS in the upgrade of CPU_AXI4_DEV_0_1 (xilinx.com:user:AXI4_DEV:1.0) from (Rev. 132) to (Rev. 133)






Copyright 1986-2018 Xilinx, Inc. All Rights Reserved.
------------------------------------------------------------------------------------
| Tool Version : Vivado v.2018.2 (win64) Build 2258646 Thu Jun 14 20:03:12 MDT 2018
| Date         : Thu Jan 31 17:18:15 2019
| Host         : SDHW-GL running 64-bit major release  (build 9200)
| Command      : upgrade_ip
| Device       : xc7z020clg484-1
------------------------------------------------------------------------------------

Upgrade Log for IP 'CPU_AXI4_DEV_0_1'

1. Summary
----------

SUCCESS in the upgrade of CPU_AXI4_DEV_0_1 (xilinx.com:user:AXI4_DEV:1.0) from (Rev. 131) to (Rev. 132)






Copyright 1986-2018 Xilinx, Inc. All Rights Reserved.
------------------------------------------------------------------------------------
| Tool Version : Vivado v.2018.2 (win64) Build 2258646 Thu Jun 14 20:03:12 MDT 2018
| Date         : Thu Jan 31 15:33:18 2019
| Host         : SDHW-GL running 64-bit major release  (build 9200)
| Command      : upgrade_ip
| Device       : xc7z020clg484-1
------------------------------------------------------------------------------------

Upgrade Log for IP 'CPU_AXI4_DEV_0_1'

1. Summary
----------

SUCCESS in the upgrade of CPU_AXI4_DEV_0_1 (xilinx.com:user:AXI4_DEV:1.0) from (Rev. 130) to (Rev. 131)






Copyright 1986-2018 Xilinx, Inc. All Rights Reserved.
------------------------------------------------------------------------------------
| Tool Version : Vivado v.2018.2 (win64) Build 2258646 Thu Jun 14 20:03:12 MDT 2018
| Date         : Thu Jan 31 15:23:25 2019
| Host         : SDHW-GL running 64-bit major release  (build 9200)
| Command      : upgrade_ip
| Device       : xc7z020clg484-1
------------------------------------------------------------------------------------

Upgrade Log for IP 'CPU_AXI4_DEV_0_1'

1. Summary
----------

SUCCESS in the upgrade of CPU_AXI4_DEV_0_1 (xilinx.com:user:AXI4_DEV:1.0) from (Rev. 129) to (Rev. 130)






Copyright 1986-2018 Xilinx, Inc. All Rights Reserved.
------------------------------------------------------------------------------------
| Tool Version : Vivado v.2018.2 (win64) Build 2258646 Thu Jun 14 20:03:12 MDT 2018
| Date         : Mon Jan 14 14:33:30 2019
| Host         : SDHW-GL running 64-bit major release  (build 9200)
| Command      : upgrade_ip
| Device       : xc7z020clg484-1
------------------------------------------------------------------------------------

Upgrade Log for IP 'CPU_AXI4_DEV_0_1'

1. Summary
----------

SUCCESS in the upgrade of CPU_AXI4_DEV_0_1 (xilinx.com:user:AXI4_DEV:1.0) from (Rev. 128) to (Rev. 129)






Copyright 1986-2018 Xilinx, Inc. All Rights Reserved.
------------------------------------------------------------------------------------
| Tool Version : Vivado v.2018.2 (win64) Build 2258646 Thu Jun 14 20:03:12 MDT 2018
| Date         : Mon Jan 14 13:31:16 2019
| Host         : SDHW-GL running 64-bit major release  (build 9200)
| Command      : upgrade_ip
| Device       : xc7z020clg484-1
------------------------------------------------------------------------------------

Upgrade Log for IP 'CPU_AXI4_DEV_0_1'

1. Summary
----------

SUCCESS in the upgrade of CPU_AXI4_DEV_0_1 (xilinx.com:user:AXI4_DEV:1.0) from (Rev. 127) to (Rev. 128)






Copyright 1986-2018 Xilinx, Inc. All Rights Reserved.
------------------------------------------------------------------------------------
| Tool Version : Vivado v.2018.2 (win64) Build 2258646 Thu Jun 14 20:03:12 MDT 2018
| Date         : Mon Jan 14 13:24:15 2019
| Host         : SDHW-GL running 64-bit major release  (build 9200)
| Command      : upgrade_ip
| Device       : xc7z020clg484-1
------------------------------------------------------------------------------------

Upgrade Log for IP 'CPU_AXI4_DEV_0_1'

1. Summary
----------

SUCCESS in the upgrade of CPU_AXI4_DEV_0_1 (xilinx.com:user:AXI4_DEV:1.0) from (Rev. 126) to (Rev. 127)






Copyright 1986-2018 Xilinx, Inc. All Rights Reserved.
------------------------------------------------------------------------------------
| Tool Version : Vivado v.2018.2 (win64) Build 2258646 Thu Jun 14 20:03:12 MDT 2018
| Date         : Mon Jan 14 09:56:03 2019
| Host         : SDHW-GL running 64-bit major release  (build 9200)
| Command      : upgrade_ip
| Device       : xc7z020clg484-1
------------------------------------------------------------------------------------

Upgrade Log for IP 'CPU_AXI4_DEV_0_1'

1. Summary
----------

SUCCESS in the upgrade of CPU_AXI4_DEV_0_1 (xilinx.com:user:AXI4_DEV:1.0) from (Rev. 124) to (Rev. 126)






Copyright 1986-2018 Xilinx, Inc. All Rights Reserved.
------------------------------------------------------------------------------------
| Tool Version : Vivado v.2018.2 (win64) Build 2258646 Thu Jun 14 20:03:12 MDT 2018
| Date         : Wed Oct 24 19:47:49 2018
| Host         : lwjiee-pc running 64-bit major release  (build 9200)
| Command      : upgrade_ip
| Device       : xc7z020clg484-1
------------------------------------------------------------------------------------

Upgrade Log for IP 'CPU_AXI4_DEV_0_1'

1. Summary
----------

SUCCESS in the upgrade of CPU_AXI4_DEV_0_1 (xilinx.com:user:AXI4_DEV:1.0) from (Rev. 123) to (Rev. 124)






Copyright 1986-2018 Xilinx, Inc. All Rights Reserved.
------------------------------------------------------------------------------------
| Tool Version : Vivado v.2018.2 (win64) Build 2258646 Thu Jun 14 20:03:12 MDT 2018
| Date         : Thu Oct 11 18:12:14 2018
| Host         : lwjiee-pc running 64-bit major release  (build 9200)
| Command      : upgrade_ip
| Device       : xc7z020clg484-1
------------------------------------------------------------------------------------

Upgrade Log for IP 'CPU_AXI4_DEV_0_1'

1. Summary
----------

SUCCESS in the upgrade of CPU_AXI4_DEV_0_1 (xilinx.com:user:AXI4_DEV:1.0) from (Rev. 122) to (Rev. 123)






Copyright 1986-2018 Xilinx, Inc. All Rights Reserved.
------------------------------------------------------------------------------------
| Tool Version : Vivado v.2018.2 (win64) Build 2258646 Thu Jun 14 20:03:12 MDT 2018
| Date         : Fri Sep 28 11:29:56 2018
| Host         : lwjiee-pc running 64-bit major release  (build 9200)
| Command      : upgrade_ip
| Device       : xc7z020clg484-1
------------------------------------------------------------------------------------

Upgrade Log for IP 'CPU_AXI4_DEV_0_1'

1. Summary
----------

SUCCESS in the upgrade of CPU_AXI4_DEV_0_1 (xilinx.com:user:AXI4_DEV:1.0) from (Rev. 121) to (Rev. 122)






Copyright 1986-2018 Xilinx, Inc. All Rights Reserved.
------------------------------------------------------------------------------------
| Tool Version : Vivado v.2018.2 (win64) Build 2258646 Thu Jun 14 20:03:12 MDT 2018
| Date         : Fri Sep 28 11:20:53 2018
| Host         : lwjiee-pc running 64-bit major release  (build 9200)
| Command      : upgrade_ip
| Device       : xc7z020clg484-1
------------------------------------------------------------------------------------

Upgrade Log for IP 'CPU_AXI4_DEV_0_1'

1. Summary
----------

CAUTION (success, with warnings) in the upgrade of CPU_AXI4_DEV_0_1 (xilinx.com:user:AXI4_DEV:1.0) from (Rev. 120) to (Rev. 121)

After upgrade, an IP may have parameter and port differences compared to the original customization. Please review the parameters within the IP customization GUI to ensure proper functionality. Also, please review the updated IP instantiation template to ensure proper connectivity, and update your design if required.

2. Connection Warnings
----------------------

Detected external port differences while upgrading 'CPU_AXI4_DEV_0_1'. These changes may impact your design.


-Upgrade has added port 'XDCR_PRESENT'

-Upgrade has added port 'XDCR_SCL'

-Upgrade has added port 'XDCR_SDA'







Copyright 1986-2018 Xilinx, Inc. All Rights Reserved.
------------------------------------------------------------------------------------
| Tool Version : Vivado v.2018.2 (win64) Build 2258646 Thu Jun 14 20:03:12 MDT 2018
| Date         : Thu Sep  6 14:47:47 2018
| Host         : lwjiee-pc running 64-bit major release  (build 9200)
| Command      : upgrade_ip
| Device       : xc7z020clg484-1
------------------------------------------------------------------------------------

Upgrade Log for IP 'CPU_AXI4_DEV_0_1'

1. Summary
----------

SUCCESS in the upgrade of CPU_AXI4_DEV_0_1 (xilinx.com:user:AXI4_DEV:1.0) from (Rev. 119) to (Rev. 120)






Copyright 1986-2018 Xilinx, Inc. All Rights Reserved.
------------------------------------------------------------------------------------
| Tool Version : Vivado v.2018.2 (win64) Build 2258646 Thu Jun 14 20:03:12 MDT 2018
| Date         : Thu Sep  6 14:44:26 2018
| Host         : lwjiee-pc running 64-bit major release  (build 9200)
| Command      : upgrade_ip
| Device       : xc7z020clg484-1
------------------------------------------------------------------------------------

Upgrade Log for IP 'CPU_ps7_0_axi_periph_0'

1. Summary
----------

SUCCESS in the upgrade of CPU_ps7_0_axi_periph_0 (xilinx.com:ip:axi_interconnect:2.1) from (Rev. 17) to (Rev. 18)






Copyright 1986-2018 Xilinx, Inc. All Rights Reserved.
------------------------------------------------------------------------------------
| Tool Version : Vivado v.2018.2 (win64) Build 2258646 Thu Jun 14 20:03:12 MDT 2018
| Date         : Thu Sep  6 14:44:26 2018
| Host         : lwjiee-pc running 64-bit major release  (build 9200)
| Command      : upgrade_ip
| Device       : xc7z020clg484-1
------------------------------------------------------------------------------------

Upgrade Log for IP 'CPU_AXI4_DEV_0_1'

1. Summary
----------

SUCCESS in the upgrade of CPU_AXI4_DEV_0_1 (xilinx.com:user:AXI4_DEV:1.0) from (Rev. 118) to (Rev. 119)






Copyright 1986-2018 Xilinx, Inc. All Rights Reserved.
------------------------------------------------------------------------------------
| Tool Version : Vivado v.2018.1 (win64) Build 2188600 Wed Apr  4 18:40:38 MDT 2018
| Date         : Fri Aug 31 15:50:10 2018
| Host         : SDHW-GL running 64-bit major release  (build 9200)
| Command      : upgrade_ip
| Device       : xc7z020clg484-1
------------------------------------------------------------------------------------

Upgrade Log for IP 'CPU_AXI4_DEV_0_1'

1. Summary
----------

SUCCESS in the upgrade of CPU_AXI4_DEV_0_1 (xilinx.com:user:AXI4_DEV:1.0) from (Rev. 117) to (Rev. 118)






Copyright 1986-2018 Xilinx, Inc. All Rights Reserved.
------------------------------------------------------------------------------------
| Tool Version : Vivado v.2018.1 (win64) Build 2188600 Wed Apr  4 18:40:38 MDT 2018
| Date         : Fri Aug 31 14:15:54 2018
| Host         : SDHW-GL running 64-bit major release  (build 9200)
| Command      : upgrade_ip
| Device       : xc7z020clg484-1
------------------------------------------------------------------------------------

Upgrade Log for IP 'CPU_AXI4_DEV_0_1'

1. Summary
----------

SUCCESS in the upgrade of CPU_AXI4_DEV_0_1 (xilinx.com:user:AXI4_DEV:1.0) from (Rev. 116) to (Rev. 117)






Copyright 1986-2018 Xilinx, Inc. All Rights Reserved.
------------------------------------------------------------------------------------
| Tool Version : Vivado v.2018.1 (win64) Build 2188600 Wed Apr  4 18:40:38 MDT 2018
| Date         : Thu Aug 30 16:50:18 2018
| Host         : SDHW-GL running 64-bit major release  (build 9200)
| Command      : upgrade_ip
| Device       : xc7z020clg484-1
------------------------------------------------------------------------------------

Upgrade Log for IP 'CPU_AXI4_DEV_0_1'

1. Summary
----------

SUCCESS in the upgrade of CPU_AXI4_DEV_0_1 (xilinx.com:user:AXI4_DEV:1.0) from (Rev. 115) to (Rev. 116)






Copyright 1986-2018 Xilinx, Inc. All Rights Reserved.
------------------------------------------------------------------------------------
| Tool Version : Vivado v.2018.1 (win64) Build 2188600 Wed Apr  4 18:40:38 MDT 2018
| Date         : Thu Aug 30 14:18:15 2018
| Host         : SDHW-GL running 64-bit major release  (build 9200)
| Command      : upgrade_ip
| Device       : xc7z020clg484-1
------------------------------------------------------------------------------------

Upgrade Log for IP 'CPU_AXI4_DEV_0_1'

1. Summary
----------

SUCCESS in the upgrade of CPU_AXI4_DEV_0_1 (xilinx.com:user:AXI4_DEV:1.0) from (Rev. 114) to (Rev. 115)






Copyright 1986-2018 Xilinx, Inc. All Rights Reserved.
------------------------------------------------------------------------------------
| Tool Version : Vivado v.2018.1 (win64) Build 2188600 Wed Apr  4 18:40:38 MDT 2018
| Date         : Wed Aug 29 18:53:55 2018
| Host         : SDHW-GL running 64-bit major release  (build 9200)
| Command      : upgrade_ip
| Device       : xc7z020clg484-1
------------------------------------------------------------------------------------

Upgrade Log for IP 'CPU_AXI4_DEV_0_1'

1. Summary
----------

SUCCESS in the upgrade of CPU_AXI4_DEV_0_1 (xilinx.com:user:AXI4_DEV:1.0) from (Rev. 113) to (Rev. 114)






Copyright 1986-2018 Xilinx, Inc. All Rights Reserved.
------------------------------------------------------------------------------------
| Tool Version : Vivado v.2018.1 (win64) Build 2188600 Wed Apr  4 18:40:38 MDT 2018
| Date         : Thu Aug 23 15:16:42 2018
| Host         : SDHW-GL running 64-bit major release  (build 9200)
| Command      : upgrade_ip
| Device       : xc7z020clg484-1
------------------------------------------------------------------------------------

Upgrade Log for IP 'CPU_AXI4_DEV_0_1'

1. Summary
----------

SUCCESS in the upgrade of CPU_AXI4_DEV_0_1 (xilinx.com:user:AXI4_DEV:1.0) from (Rev. 112) to (Rev. 113)






Copyright 1986-2018 Xilinx, Inc. All Rights Reserved.
------------------------------------------------------------------------------------
| Tool Version : Vivado v.2018.1 (win64) Build 2188600 Wed Apr  4 18:40:38 MDT 2018
| Date         : Mon Aug 20 16:10:02 2018
| Host         : SDHW-GL running 64-bit major release  (build 9200)
| Command      : upgrade_ip
| Device       : xc7z020clg484-1
------------------------------------------------------------------------------------

Upgrade Log for IP 'CPU_AXI4_DEV_0_1'

1. Summary
----------

SUCCESS in the upgrade of CPU_AXI4_DEV_0_1 (xilinx.com:user:AXI4_DEV:1.0) from (Rev. 111) to (Rev. 112)






Copyright 1986-2018 Xilinx, Inc. All Rights Reserved.
------------------------------------------------------------------------------------
| Tool Version : Vivado v.2018.1 (win64) Build 2188600 Wed Apr  4 18:40:38 MDT 2018
| Date         : Mon Aug 20 15:02:40 2018
| Host         : SDHW-GL running 64-bit major release  (build 9200)
| Command      : upgrade_ip
| Device       : xc7z020clg484-1
------------------------------------------------------------------------------------

Upgrade Log for IP 'CPU_AXI4_DEV_0_1'

1. Summary
----------

SUCCESS in the upgrade of CPU_AXI4_DEV_0_1 (xilinx.com:user:AXI4_DEV:1.0) from (Rev. 110) to (Rev. 111)






Copyright 1986-2018 Xilinx, Inc. All Rights Reserved.
------------------------------------------------------------------------------------
| Tool Version : Vivado v.2018.1 (win64) Build 2188600 Wed Apr  4 18:40:38 MDT 2018
| Date         : Fri Aug 17 15:41:08 2018
| Host         : SDHW-GL running 64-bit major release  (build 9200)
| Command      : upgrade_ip
| Device       : xc7z020clg484-1
------------------------------------------------------------------------------------

Upgrade Log for IP 'CPU_AXI4_DEV_0_1'

1. Summary
----------

SUCCESS in the upgrade of CPU_AXI4_DEV_0_1 (xilinx.com:user:AXI4_DEV:1.0) from (Rev. 109) to (Rev. 110)






Copyright 1986-2018 Xilinx, Inc. All Rights Reserved.
------------------------------------------------------------------------------------
| Tool Version : Vivado v.2018.1 (win64) Build 2188600 Wed Apr  4 18:40:38 MDT 2018
| Date         : Thu Aug 16 17:26:05 2018
| Host         : SDHW-GL running 64-bit major release  (build 9200)
| Command      : upgrade_ip
| Device       : xc7z020clg484-1
------------------------------------------------------------------------------------

Upgrade Log for IP 'CPU_AXI4_DEV_0_1'

1. Summary
----------

SUCCESS in the upgrade of CPU_AXI4_DEV_0_1 (xilinx.com:user:AXI4_DEV:1.0) from (Rev. 108) to (Rev. 109)






Copyright 1986-2018 Xilinx, Inc. All Rights Reserved.
------------------------------------------------------------------------------------
| Tool Version : Vivado v.2018.1 (win64) Build 2188600 Wed Apr  4 18:40:38 MDT 2018
| Date         : Thu Aug 16 17:04:34 2018
| Host         : SDHW-GL running 64-bit major release  (build 9200)
| Command      : upgrade_ip
| Device       : xc7z020clg484-1
------------------------------------------------------------------------------------

Upgrade Log for IP 'CPU_rst_ps7_0_100M_0'

1. Summary
----------

SUCCESS in the upgrade of CPU_rst_ps7_0_100M_0 (xilinx.com:ip:proc_sys_reset:5.0) from (Rev. 11) to (Rev. 12)






Copyright 1986-2018 Xilinx, Inc. All Rights Reserved.
------------------------------------------------------------------------------------
| Tool Version : Vivado v.2018.1 (win64) Build 2188600 Wed Apr  4 18:40:38 MDT 2018
| Date         : Thu Aug 16 17:04:34 2018
| Host         : SDHW-GL running 64-bit major release  (build 9200)
| Command      : upgrade_ip
| Device       : xc7z020clg484-1
------------------------------------------------------------------------------------

Upgrade Log for IP 'CPU_ps7_0_axi_periph_0'

1. Summary
----------

SUCCESS in the upgrade of CPU_ps7_0_axi_periph_0 (xilinx.com:ip:axi_interconnect:2.1) from (Rev. 14) to (Rev. 17)






Copyright 1986-2018 Xilinx, Inc. All Rights Reserved.
------------------------------------------------------------------------------------
| Tool Version : Vivado v.2018.1 (win64) Build 2188600 Wed Apr  4 18:40:38 MDT 2018
| Date         : Thu Aug 16 17:04:34 2018
| Host         : SDHW-GL running 64-bit major release  (build 9200)
| Command      : upgrade_ip
| Device       : xc7z020clg484-1
------------------------------------------------------------------------------------

Upgrade Log for IP 'CPU_processing_system7_0_0'

1. Summary
----------

SUCCESS in the upgrade of CPU_processing_system7_0_0 (xilinx.com:ip:processing_system7:5.5) from (Rev. 5) to (Rev. 6)

2. Upgrade messages
-------------------

WARNING: upgrade cannot add parameter PCW_TRACE_INTERNAL_WIDTH with default value 32 : a parameter called PCW_TRACE_INTERNAL_WIDTH already exists in processing_system7_v5_5
WARNING: upgrade cannot add parameter PCW_USE_AXI_NONSECURE with default value 0 : a parameter called PCW_USE_AXI_NONSECURE already exists in processing_system7_v5_5
WARNING: upgrade cannot add parameter PCW_EN_PTP_ENET0 with default value 1 : a parameter called PCW_EN_PTP_ENET0 already exists in processing_system7_v5_5
WARNING: upgrade cannot add parameter PCW_EN_PTP_ENET0 with default value 1 : a parameter called PCW_EN_PTP_ENET0 already exists in processing_system7_v5_5
WARNING: upgrade cannot add parameter PCW_GP0_NUM_WRITE_THREADS with default value 4 : a parameter called PCW_GP0_NUM_WRITE_THREADS already exists in processing_system7_v5_5
WARNING: upgrade cannot add parameter PCW_GP0_NUM_READ_THREADS with default value 4 : a parameter called PCW_GP0_NUM_READ_THREADS already exists in processing_system7_v5_5
WARNING: upgrade cannot add parameter PCW_GP1_NUM_WRITE_THREADS with default value 4 : a parameter called PCW_GP1_NUM_WRITE_THREADS already exists in processing_system7_v5_5
WARNING: upgrade cannot add parameter PCW_GP1_NUM_READ_THREADS with default value 4 : a parameter called PCW_GP1_NUM_READ_THREADS already exists in processing_system7_v5_5
WARNING: upgrade cannot add parameter PCW_GP0_EN_MODIFIABLE_TXN with default value 0 : a parameter called PCW_GP0_EN_MODIFIABLE_TXN already exists in processing_system7_v5_5
WARNING: upgrade cannot add parameter PCW_GP1_EN_MODIFIABLE_TXN with default value 0 : a parameter called PCW_GP1_EN_MODIFIABLE_TXN already exists in processing_system7_v5_5






Copyright 1986-2017 Xilinx, Inc. All Rights Reserved.
------------------------------------------------------------------------------------
| Tool Version : Vivado v.2017.2 (win64) Build 1909853 Thu Jun 15 18:39:09 MDT 2017
| Date         : Wed Jun 20 16:09:40 2018
| Host         : lwjiee-pc running 64-bit major release  (build 9200)
| Command      : upgrade_ip
| Device       : xc7z020clg484-1
------------------------------------------------------------------------------------

Upgrade Log for IP 'CPU_AXI4_DEV_0_1'

1. Summary
----------

SUCCESS in the upgrade of CPU_AXI4_DEV_0_1 (xilinx.com:user:AXI4_DEV:1.0) from (Rev. 107) to (Rev. 108)






Copyright 1986-2017 Xilinx, Inc. All Rights Reserved.
------------------------------------------------------------------------------------
| Tool Version : Vivado v.2017.2 (win64) Build 1909853 Thu Jun 15 18:39:09 MDT 2017
| Date         : Wed Jun 20 14:28:58 2018
| Host         : lwjiee-pc running 64-bit major release  (build 9200)
| Command      : upgrade_ip
| Device       : xc7z020clg484-1
------------------------------------------------------------------------------------

Upgrade Log for IP 'CPU_AXI4_DEV_0_1'

1. Summary
----------

SUCCESS in the upgrade of CPU_AXI4_DEV_0_1 (xilinx.com:user:AXI4_DEV:1.0) from (Rev. 106) to (Rev. 107)






Copyright 1986-2017 Xilinx, Inc. All Rights Reserved.
------------------------------------------------------------------------------------
| Tool Version : Vivado v.2017.2 (win64) Build 1909853 Thu Jun 15 18:39:09 MDT 2017
| Date         : Wed Jun 13 10:59:17 2018
| Host         : lwjiee-pc running 64-bit major release  (build 9200)
| Command      : upgrade_ip
| Device       : xc7z020clg484-1
------------------------------------------------------------------------------------

Upgrade Log for IP 'CPU_AXI4_DEV_0_1'

1. Summary
----------

SUCCESS in the upgrade of CPU_AXI4_DEV_0_1 (xilinx.com:user:AXI4_DEV:1.0) from (Rev. 105) to (Rev. 106)






Copyright 1986-2017 Xilinx, Inc. All Rights Reserved.
------------------------------------------------------------------------------------
| Tool Version : Vivado v.2017.2 (win64) Build 1909853 Thu Jun 15 18:39:09 MDT 2017
| Date         : Wed May 23 17:41:14 2018
| Host         : lwjiee-pc running 64-bit major release  (build 9200)
| Command      : upgrade_ip
| Device       : xc7z020clg484-1
------------------------------------------------------------------------------------

Upgrade Log for IP 'CPU_AXI4_DEV_0_1'

1. Summary
----------

SUCCESS in the upgrade of CPU_AXI4_DEV_0_1 (xilinx.com:user:AXI4_DEV:1.0) from (Rev. 104) to (Rev. 105)






Copyright 1986-2017 Xilinx, Inc. All Rights Reserved.
------------------------------------------------------------------------------------
| Tool Version : Vivado v.2017.2 (win64) Build 1909853 Thu Jun 15 18:39:09 MDT 2017
| Date         : Wed May 23 16:43:12 2018
| Host         : lwjiee-pc running 64-bit major release  (build 9200)
| Command      : upgrade_ip
| Device       : xc7z020clg484-1
------------------------------------------------------------------------------------

Upgrade Log for IP 'CPU_AXI4_DEV_0_1'

1. Summary
----------

SUCCESS in the upgrade of CPU_AXI4_DEV_0_1 (xilinx.com:user:AXI4_DEV:1.0) from (Rev. 103) to (Rev. 104)






Copyright 1986-2017 Xilinx, Inc. All Rights Reserved.
------------------------------------------------------------------------------------
| Tool Version : Vivado v.2017.2 (win64) Build 1909853 Thu Jun 15 18:39:09 MDT 2017
| Date         : Wed May 23 16:41:13 2018
| Host         : lwjiee-pc running 64-bit major release  (build 9200)
| Command      : upgrade_ip
| Device       : xc7z020clg484-1
------------------------------------------------------------------------------------

Upgrade Log for IP 'CPU_AXI4_DEV_0_1'

1. Summary
----------

SUCCESS in the upgrade of CPU_AXI4_DEV_0_1 (xilinx.com:user:AXI4_DEV:1.0) from (Rev. 102) to (Rev. 103)






Copyright 1986-2017 Xilinx, Inc. All Rights Reserved.
------------------------------------------------------------------------------------
| Tool Version : Vivado v.2017.2 (win64) Build 1909853 Thu Jun 15 18:39:09 MDT 2017
| Date         : Wed May 23 16:05:58 2018
| Host         : lwjiee-pc running 64-bit major release  (build 9200)
| Command      : upgrade_ip
| Device       : xc7z020clg484-1
------------------------------------------------------------------------------------

Upgrade Log for IP 'CPU_AXI4_DEV_0_1'

1. Summary
----------

SUCCESS in the upgrade of CPU_AXI4_DEV_0_1 (xilinx.com:user:AXI4_DEV:1.0) from (Rev. 101) to (Rev. 102)






Copyright 1986-2017 Xilinx, Inc. All Rights Reserved.
------------------------------------------------------------------------------------
| Tool Version : Vivado v.2017.2 (win64) Build 1909853 Thu Jun 15 18:39:09 MDT 2017
| Date         : Wed May 23 15:54:18 2018
| Host         : lwjiee-pc running 64-bit major release  (build 9200)
| Command      : upgrade_ip
| Device       : xc7z020clg484-1
------------------------------------------------------------------------------------

Upgrade Log for IP 'CPU_AXI4_DEV_0_1'

1. Summary
----------

SUCCESS in the conversion of CPU_AXI4_DEV_0_1 (xilinx.com:user:AXI4_DEV:1.0 (Rev. 101)) to Vivado generation flows.






Copyright 1986-2017 Xilinx, Inc. All Rights Reserved.
------------------------------------------------------------------------------------
| Tool Version : Vivado v.2017.2 (win64) Build 1909853 Thu Jun 15 18:39:09 MDT 2017
| Date         : Wed May 23 15:33:54 2018
| Host         : lwjiee-pc running 64-bit major release  (build 9200)
| Command      : upgrade_ip
| Device       : xc7z020clg484-1
------------------------------------------------------------------------------------

Upgrade Log for IP 'CPU_AXI4_DEV_0_1'

1. Summary
----------

CAUTION (success, with warnings) in the upgrade of CPU_AXI4_DEV_0_1 (xilinx.com:user:AXI4_DEV:1.0) from (Rev. 100) to (Rev. 101)

2. Interface Information
------------------------

Detected external interface differences while upgrading 'CPU_AXI4_DEV_0_1'.


-Upgrade has added interface 'CLOCK_SCL' (xilinx.com:signal:clock:1.0)

-Upgrade has added interface 'CLOCK_SDA' (xilinx.com:signal:clock:1.0)


