#-----------------------------------------------------------
# Vivado v2018.2 (64-bit)
# SW Build 2258646 on Thu Jun 14 20:03:12 MDT 2018
# IP Build 2256618 on Thu Jun 14 22:10:49 MDT 2018
# Start of session at: Mon Apr  1 22:46:38 2019
# Process ID: 8196
# Current directory: C:/Users/admin/Desktop/SDHW-CCU-FPGA-ZYNQ-I
# Command line: vivado.exe -gui_launcher_event rodinguilauncherevent43740 C:\Users\admin\Desktop\SDHW-CCU-FPGA-ZYNQ-I\SD_DA512_ZYNQ_FPGA.xpr
# Log file: C:/Users/admin/Desktop/SDHW-CCU-FPGA-ZYNQ-I/vivado.log
# Journal file: C:/Users/admin/Desktop/SDHW-CCU-FPGA-ZYNQ-I\vivado.jou
#-----------------------------------------------------------
start_gui
open_project C:/Users/admin/Desktop/SDHW-CCU-FPGA-ZYNQ-I/SD_DA512_ZYNQ_FPGA.xpr
INFO: [Project 1-313] Project file moved from 'C:/Users/admin/Desktop/no_delete_SDHW-CCU-FPGA-ZYNQ-I' since last save.
Scanning sources...
Finished scanning sources
INFO: [IP_Flow 19-234] Refreshing IP repositories
INFO: [IP_Flow 19-1700] Loaded user IP repository 'c:/Users/admin/Desktop/SDHW-CCU-FPGA-ZYNQ-I/SD_DA512_ZYNQ_FPGA.ipdefs/AXI4_DEV_0_0_0'.
INFO: [IP_Flow 19-2313] Loaded Vivado IP repository 'D:/Xilinx/Vivado/2018.2/data/ip'.
WARNING: [IP_Flow 19-3664] IP 'CPU_AXI4_DEV_0_1' generated file not found 'c:/Users/admin/Desktop/SDHW-CCU-FPGA-ZYNQ-I/SD_DA512_ZYNQ_FPGA.srcs/sources_1/bd/CPU/ipshared/923b/hdl/AXI4_DEV_v1_0_S00_AXI.v'. Please regenerate to continue.
WARNING: [IP_Flow 19-3664] IP 'CPU_AXI4_DEV_0_1' generated file not found 'c:/Users/admin/Desktop/SDHW-CCU-FPGA-ZYNQ-I/SD_DA512_ZYNQ_FPGA.srcs/sources_1/bd/CPU/ipshared/923b/src/timescale.vh'. Please regenerate to continue.
WARNING: [IP_Flow 19-3664] IP 'CPU_AXI4_DEV_0_1' generated file not found 'c:/Users/admin/Desktop/SDHW-CCU-FPGA-ZYNQ-I/SD_DA512_ZYNQ_FPGA.srcs/sources_1/bd/CPU/ipshared/923b/src/hardwarefpgadefine.vh'. Please regenerate to continue.
WARNING: [IP_Flow 19-3664] IP 'CPU_AXI4_DEV_0_1' generated file not found 'c:/Users/admin/Desktop/SDHW-CCU-FPGA-ZYNQ-I/SD_DA512_ZYNQ_FPGA.srcs/sources_1/bd/CPU/ipshared/923b/src/zynqfpgaregdef.vh'. Please regenerate to continue.
WARNING: [IP_Flow 19-3664] IP 'CPU_AXI4_DEV_0_1' generated file not found 'c:/Users/admin/Desktop/SDHW-CCU-FPGA-ZYNQ-I/SD_DA512_ZYNQ_FPGA.srcs/sources_1/bd/CPU/ipshared/923b/src/AXI_REG.v'. Please regenerate to continue.
WARNING: [IP_Flow 19-3664] IP 'CPU_AXI4_DEV_0_1' generated file not found 'c:/Users/admin/Desktop/SDHW-CCU-FPGA-ZYNQ-I/SD_DA512_ZYNQ_FPGA.srcs/sources_1/bd/CPU/ipshared/923b/src/I2CMaster.v'. Please regenerate to continue.
WARNING: [IP_Flow 19-3664] IP 'CPU_AXI4_DEV_0_1' generated file not found 'c:/Users/admin/Desktop/SDHW-CCU-FPGA-ZYNQ-I/SD_DA512_ZYNQ_FPGA.srcs/sources_1/bd/CPU/ipshared/923b/src/cur_meas.v'. Please regenerate to continue.
WARNING: [IP_Flow 19-3664] IP 'CPU_AXI4_DEV_0_1' generated file not found 'c:/Users/admin/Desktop/SDHW-CCU-FPGA-ZYNQ-I/SD_DA512_ZYNQ_FPGA.srcs/sources_1/bd/CPU/ipshared/923b/src/deb_cnt.v'. Please regenerate to continue.
WARNING: [IP_Flow 19-3664] IP 'CPU_AXI4_DEV_0_1' generated file not found 'c:/Users/admin/Desktop/SDHW-CCU-FPGA-ZYNQ-I/SD_DA512_ZYNQ_FPGA.srcs/sources_1/bd/CPU/ipshared/923b/src/dna.v'. Please regenerate to continue.
WARNING: [IP_Flow 19-3664] IP 'CPU_AXI4_DEV_0_1' generated file not found 'c:/Users/admin/Desktop/SDHW-CCU-FPGA-ZYNQ-I/SD_DA512_ZYNQ_FPGA.srcs/sources_1/bd/CPU/ipshared/923b/src/hold_up.v'. Please regenerate to continue.
WARNING: [IP_Flow 19-3664] IP 'CPU_AXI4_DEV_0_1' generated file not found 'c:/Users/admin/Desktop/SDHW-CCU-FPGA-ZYNQ-I/SD_DA512_ZYNQ_FPGA.srcs/sources_1/bd/CPU/ipshared/923b/src/input_debounce.v'. Please regenerate to continue.
WARNING: [IP_Flow 19-3664] IP 'CPU_AXI4_DEV_0_1' generated file not found 'c:/Users/admin/Desktop/SDHW-CCU-FPGA-ZYNQ-I/SD_DA512_ZYNQ_FPGA.srcs/sources_1/bd/CPU/ipshared/923b/src/usm.v'. Please regenerate to continue.
WARNING: [IP_Flow 19-3664] IP 'CPU_AXI4_DEV_0_1' generated file not found 'c:/Users/admin/Desktop/SDHW-CCU-FPGA-ZYNQ-I/SD_DA512_ZYNQ_FPGA.srcs/sources_1/bd/CPU/ipshared/923b/src/simulation.vh'. Please regenerate to continue.
WARNING: [IP_Flow 19-3664] IP 'CPU_AXI4_DEV_0_1' generated file not found 'c:/Users/admin/Desktop/SDHW-CCU-FPGA-ZYNQ-I/SD_DA512_ZYNQ_FPGA.srcs/sources_1/bd/CPU/ipshared/923b/src/wave_gen.v'. Please regenerate to continue.
WARNING: [IP_Flow 19-3664] IP 'CPU_AXI4_DEV_0_1' generated file not found 'c:/Users/admin/Desktop/SDHW-CCU-FPGA-ZYNQ-I/SD_DA512_ZYNQ_FPGA.srcs/sources_1/bd/CPU/ipshared/923b/hdl/AXI4_DEV_v1_0.v'. Please regenerate to continue.
WARNING: [IP_Flow 19-3664] IP 'CPU_AXI4_DEV_0_1' generated file not found 'c:/Users/admin/Desktop/SDHW-CCU-FPGA-ZYNQ-I/SD_DA512_ZYNQ_FPGA.srcs/sources_1/bd/CPU/ipshared/923b/hdl/AXI4_DEV_v1_0_S00_AXI.v'. Please regenerate to continue.
WARNING: [IP_Flow 19-3664] IP 'CPU_AXI4_DEV_0_1' generated file not found 'c:/Users/admin/Desktop/SDHW-CCU-FPGA-ZYNQ-I/SD_DA512_ZYNQ_FPGA.srcs/sources_1/bd/CPU/ipshared/923b/src/timescale.vh'. Please regenerate to continue.
WARNING: [IP_Flow 19-3664] IP 'CPU_AXI4_DEV_0_1' generated file not found 'c:/Users/admin/Desktop/SDHW-CCU-FPGA-ZYNQ-I/SD_DA512_ZYNQ_FPGA.srcs/sources_1/bd/CPU/ipshared/923b/src/hardwarefpgadefine.vh'. Please regenerate to continue.
WARNING: [IP_Flow 19-3664] IP 'CPU_AXI4_DEV_0_1' generated file not found 'c:/Users/admin/Desktop/SDHW-CCU-FPGA-ZYNQ-I/SD_DA512_ZYNQ_FPGA.srcs/sources_1/bd/CPU/ipshared/923b/src/zynqfpgaregdef.vh'. Please regenerate to continue.
WARNING: [IP_Flow 19-3664] IP 'CPU_AXI4_DEV_0_1' generated file not found 'c:/Users/admin/Desktop/SDHW-CCU-FPGA-ZYNQ-I/SD_DA512_ZYNQ_FPGA.srcs/sources_1/bd/CPU/ipshared/923b/src/AXI_REG.v'. Please regenerate to continue.
WARNING: [IP_Flow 19-3664] IP 'CPU_AXI4_DEV_0_1' generated file not found 'c:/Users/admin/Desktop/SDHW-CCU-FPGA-ZYNQ-I/SD_DA512_ZYNQ_FPGA.srcs/sources_1/bd/CPU/ipshared/923b/src/I2CMaster.v'. Please regenerate to continue.
WARNING: [IP_Flow 19-3664] IP 'CPU_AXI4_DEV_0_1' generated file not found 'c:/Users/admin/Desktop/SDHW-CCU-FPGA-ZYNQ-I/SD_DA512_ZYNQ_FPGA.srcs/sources_1/bd/CPU/ipshared/923b/src/cur_meas.v'. Please regenerate to continue.
WARNING: [IP_Flow 19-3664] IP 'CPU_AXI4_DEV_0_1' generated file not found 'c:/Users/admin/Desktop/SDHW-CCU-FPGA-ZYNQ-I/SD_DA512_ZYNQ_FPGA.srcs/sources_1/bd/CPU/ipshared/923b/src/deb_cnt.v'. Please regenerate to continue.
WARNING: [IP_Flow 19-3664] IP 'CPU_AXI4_DEV_0_1' generated file not found 'c:/Users/admin/Desktop/SDHW-CCU-FPGA-ZYNQ-I/SD_DA512_ZYNQ_FPGA.srcs/sources_1/bd/CPU/ipshared/923b/src/dna.v'. Please regenerate to continue.
WARNING: [IP_Flow 19-3664] IP 'CPU_AXI4_DEV_0_1' generated file not found 'c:/Users/admin/Desktop/SDHW-CCU-FPGA-ZYNQ-I/SD_DA512_ZYNQ_FPGA.srcs/sources_1/bd/CPU/ipshared/923b/src/hold_up.v'. Please regenerate to continue.
WARNING: [IP_Flow 19-3664] IP 'CPU_AXI4_DEV_0_1' generated file not found 'c:/Users/admin/Desktop/SDHW-CCU-FPGA-ZYNQ-I/SD_DA512_ZYNQ_FPGA.srcs/sources_1/bd/CPU/ipshared/923b/src/input_debounce.v'. Please regenerate to continue.
WARNING: [IP_Flow 19-3664] IP 'CPU_AXI4_DEV_0_1' generated file not found 'c:/Users/admin/Desktop/SDHW-CCU-FPGA-ZYNQ-I/SD_DA512_ZYNQ_FPGA.srcs/sources_1/bd/CPU/ipshared/923b/src/usm.v'. Please regenerate to continue.
WARNING: [IP_Flow 19-3664] IP 'CPU_AXI4_DEV_0_1' generated file not found 'c:/Users/admin/Desktop/SDHW-CCU-FPGA-ZYNQ-I/SD_DA512_ZYNQ_FPGA.srcs/sources_1/bd/CPU/ipshared/923b/src/simulation.vh'. Please regenerate to continue.
WARNING: [IP_Flow 19-3664] IP 'CPU_AXI4_DEV_0_1' generated file not found 'c:/Users/admin/Desktop/SDHW-CCU-FPGA-ZYNQ-I/SD_DA512_ZYNQ_FPGA.srcs/sources_1/bd/CPU/ipshared/923b/src/wave_gen.v'. Please regenerate to continue.
WARNING: [IP_Flow 19-3664] IP 'CPU_AXI4_DEV_0_1' generated file not found 'c:/Users/admin/Desktop/SDHW-CCU-FPGA-ZYNQ-I/SD_DA512_ZYNQ_FPGA.srcs/sources_1/bd/CPU/ipshared/923b/hdl/AXI4_DEV_v1_0.v'. Please regenerate to continue.
WARNING: [IP_Flow 19-3664] IP 'CPU_processing_system7_0_0' generated file not found 'c:/Users/admin/Desktop/SDHW-CCU-FPGA-ZYNQ-I/SD_DA512_ZYNQ_FPGA.srcs/sources_1/bd/CPU/ipshared/8fd3/hdl/verilog/processing_system7_v5_5_aw_atc.v'. Please regenerate to continue.
WARNING: [IP_Flow 19-3664] IP 'CPU_processing_system7_0_0' generated file not found 'c:/Users/admin/Desktop/SDHW-CCU-FPGA-ZYNQ-I/SD_DA512_ZYNQ_FPGA.srcs/sources_1/bd/CPU/ipshared/8fd3/hdl/verilog/processing_system7_v5_5_b_atc.v'. Please regenerate to continue.
WARNING: [IP_Flow 19-3664] IP 'CPU_processing_system7_0_0' generated file not found 'c:/Users/admin/Desktop/SDHW-CCU-FPGA-ZYNQ-I/SD_DA512_ZYNQ_FPGA.srcs/sources_1/bd/CPU/ipshared/8fd3/hdl/verilog/processing_system7_v5_5_w_atc.v'. Please regenerate to continue.
WARNING: [IP_Flow 19-3664] IP 'CPU_processing_system7_0_0' generated file not found 'c:/Users/admin/Desktop/SDHW-CCU-FPGA-ZYNQ-I/SD_DA512_ZYNQ_FPGA.srcs/sources_1/bd/CPU/ipshared/8fd3/hdl/verilog/processing_system7_v5_5_atc.v'. Please regenerate to continue.
WARNING: [IP_Flow 19-3664] IP 'CPU_processing_system7_0_0' generated file not found 'c:/Users/admin/Desktop/SDHW-CCU-FPGA-ZYNQ-I/SD_DA512_ZYNQ_FPGA.srcs/sources_1/bd/CPU/ipshared/8fd3/hdl/verilog/processing_system7_v5_5_trace_buffer.v'. Please regenerate to continue.
WARNING: [IP_Flow 19-3664] IP 'CPU_processing_system7_0_0' generated file not found 'c:/Users/admin/Desktop/SDHW-CCU-FPGA-ZYNQ-I/SD_DA512_ZYNQ_FPGA.srcs/sources_1/bd/CPU/ipshared/ec67/hdl/axi_infrastructure_v1_1_0.vh'. Please regenerate to continue.
WARNING: [IP_Flow 19-3664] IP 'CPU_processing_system7_0_0' generated file not found 'c:/Users/admin/Desktop/SDHW-CCU-FPGA-ZYNQ-I/SD_DA512_ZYNQ_FPGA.srcs/sources_1/bd/CPU/ipshared/ec67/hdl/axi_infrastructure_v1_1_vl_rfs.v'. Please regenerate to continue.
WARNING: [IP_Flow 19-3664] IP 'CPU_processing_system7_0_0' generated file not found 'c:/Users/admin/Desktop/SDHW-CCU-FPGA-ZYNQ-I/SD_DA512_ZYNQ_FPGA.srcs/sources_1/bd/CPU/ipshared/5bb9/hdl/verilog/sc_util_v1_0_3_constants.vh'. Please regenerate to continue.
WARNING: [IP_Flow 19-3664] IP 'CPU_processing_system7_0_0' generated file not found 'c:/Users/admin/Desktop/SDHW-CCU-FPGA-ZYNQ-I/SD_DA512_ZYNQ_FPGA.srcs/sources_1/bd/CPU/ipshared/5bb9/hdl/verilog/sc_util_v1_0_3_structs.svh'. Please regenerate to continue.
WARNING: [IP_Flow 19-3664] IP 'CPU_processing_system7_0_0' generated file not found 'c:/Users/admin/Desktop/SDHW-CCU-FPGA-ZYNQ-I/SD_DA512_ZYNQ_FPGA.srcs/sources_1/bd/CPU/ipshared/5bb9/hdl/sc_util_v1_0_vl_rfs.sv'. Please regenerate to continue.
WARNING: [IP_Flow 19-3664] IP 'CPU_processing_system7_0_0' generated file not found 'c:/Users/admin/Desktop/SDHW-CCU-FPGA-ZYNQ-I/SD_DA512_ZYNQ_FPGA.srcs/sources_1/bd/CPU/ipshared/03a9/hdl/axi_protocol_checker_v2_0_vl_rfs.sv'. Please regenerate to continue.
WARNING: [IP_Flow 19-3664] IP 'CPU_processing_system7_0_0' generated file not found 'c:/Users/admin/Desktop/SDHW-CCU-FPGA-ZYNQ-I/SD_DA512_ZYNQ_FPGA.srcs/sources_1/bd/CPU/ipshared/b9a8/hdl/axi_vip_v1_1_vl_rfs.sv'. Please regenerate to continue.
WARNING: [IP_Flow 19-3664] IP 'CPU_processing_system7_0_0' generated file not found 'c:/Users/admin/Desktop/SDHW-CCU-FPGA-ZYNQ-I/SD_DA512_ZYNQ_FPGA.srcs/sources_1/bd/CPU/ipshared/70fd/hdl/processing_system7_vip_v1_0_5_local_params.v'. Please regenerate to continue.
WARNING: [IP_Flow 19-3664] IP 'CPU_processing_system7_0_0' generated file not found 'c:/Users/admin/Desktop/SDHW-CCU-FPGA-ZYNQ-I/SD_DA512_ZYNQ_FPGA.srcs/sources_1/bd/CPU/ipshared/70fd/hdl/processing_system7_vip_v1_0_vl_rfs.sv'. Please regenerate to continue.
WARNING: [IP_Flow 19-3664] IP 'CPU_processing_system7_0_0' generated file not found 'c:/Users/admin/Desktop/SDHW-CCU-FPGA-ZYNQ-I/SD_DA512_ZYNQ_FPGA.srcs/sources_1/bd/CPU/ipshared/70fd/hdl/processing_system7_vip_v1_0_5_reg_params.v'. Please regenerate to continue.
WARNING: [IP_Flow 19-3664] IP 'CPU_processing_system7_0_0' generated file not found 'c:/Users/admin/Desktop/SDHW-CCU-FPGA-ZYNQ-I/SD_DA512_ZYNQ_FPGA.srcs/sources_1/bd/CPU/ipshared/70fd/hdl/processing_system7_vip_v1_0_5_reg_init.v'. Please regenerate to continue.
WARNING: [IP_Flow 19-3664] IP 'CPU_processing_system7_0_0' generated file not found 'c:/Users/admin/Desktop/SDHW-CCU-FPGA-ZYNQ-I/SD_DA512_ZYNQ_FPGA.srcs/sources_1/bd/CPU/ipshared/70fd/hdl/processing_system7_vip_v1_0_5_apis.v'. Please regenerate to continue.
WARNING: [IP_Flow 19-3664] IP 'CPU_processing_system7_0_0' generated file not found 'c:/Users/admin/Desktop/SDHW-CCU-FPGA-ZYNQ-I/SD_DA512_ZYNQ_FPGA.srcs/sources_1/bd/CPU/ipshared/70fd/hdl/processing_system7_vip_v1_0_5_unused_ports.v'. Please regenerate to continue.
WARNING: [IP_Flow 19-3664] IP 'CPU_processing_system7_0_0' generated file not found 'c:/Users/admin/Desktop/SDHW-CCU-FPGA-ZYNQ-I/SD_DA512_ZYNQ_FPGA.srcs/sources_1/bd/CPU/ipshared/70fd/hdl/processing_system7_vip_v1_0_5_axi_gp.v'. Please regenerate to continue.
WARNING: [IP_Flow 19-3664] IP 'CPU_processing_system7_0_0' generated file not found 'c:/Users/admin/Desktop/SDHW-CCU-FPGA-ZYNQ-I/SD_DA512_ZYNQ_FPGA.srcs/sources_1/bd/CPU/ipshared/70fd/hdl/processing_system7_vip_v1_0_5_axi_acp.v'. Please regenerate to continue.
WARNING: [IP_Flow 19-3664] IP 'CPU_processing_system7_0_0' generated file not found 'c:/Users/admin/Desktop/SDHW-CCU-FPGA-ZYNQ-I/SD_DA512_ZYNQ_FPGA.srcs/sources_1/bd/CPU/ipshared/70fd/hdl/processing_system7_vip_v1_0_5_axi_hp.v'. Please regenerate to continue.
WARNING: [IP_Flow 19-3664] IP 'CPU_processing_system7_0_0' generated file not found 'c:/Users/admin/Desktop/SDHW-CCU-FPGA-ZYNQ-I/SD_DA512_ZYNQ_FPGA.srcs/sources_1/bd/CPU/ip/CPU_processing_system7_0_0_1/sim/libps7.so'. Please regenerate to continue.
WARNING: [IP_Flow 19-3664] IP 'CPU_processing_system7_0_0' generated file not found 'c:/Users/admin/Desktop/SDHW-CCU-FPGA-ZYNQ-I/SD_DA512_ZYNQ_FPGA.srcs/sources_1/bd/CPU/ip/CPU_processing_system7_0_0_1/sim/libremoteport.so'. Please regenerate to continue.
WARNING: [IP_Flow 19-3664] IP 'CPU_rst_ps7_0_100M_0' generated file not found 'c:/Users/admin/Desktop/SDHW-CCU-FPGA-ZYNQ-I/SD_DA512_ZYNQ_FPGA.srcs/sources_1/bd/CPU/ipshared/ef1e/hdl/lib_cdc_v1_0_rfs.vhd'. Please regenerate to continue.
WARNING: [IP_Flow 19-3664] IP 'CPU_rst_ps7_0_100M_0' generated file not found 'c:/Users/admin/Desktop/SDHW-CCU-FPGA-ZYNQ-I/SD_DA512_ZYNQ_FPGA.srcs/sources_1/bd/CPU/ipshared/f86a/hdl/proc_sys_reset_v5_0_vh_rfs.vhd'. Please regenerate to continue.
WARNING: [IP_Flow 19-3664] IP 'CPU_rst_ps7_0_100M_0' generated file not found 'c:/Users/admin/Desktop/SDHW-CCU-FPGA-ZYNQ-I/SD_DA512_ZYNQ_FPGA.srcs/sources_1/bd/CPU/ipshared/ef1e/hdl/lib_cdc_v1_0_rfs.vhd'. Please regenerate to continue.
WARNING: [IP_Flow 19-3664] IP 'CPU_rst_ps7_0_100M_0' generated file not found 'c:/Users/admin/Desktop/SDHW-CCU-FPGA-ZYNQ-I/SD_DA512_ZYNQ_FPGA.srcs/sources_1/bd/CPU/ipshared/f86a/hdl/proc_sys_reset_v5_0_vh_rfs.vhd'. Please regenerate to continue.
WARNING: [IP_Flow 19-3664] IP 'CPU_auto_pc_0' generated file not found 'c:/Users/admin/Desktop/SDHW-CCU-FPGA-ZYNQ-I/SD_DA512_ZYNQ_FPGA.srcs/sources_1/bd/CPU/ipshared/b752/hdl/generic_baseblocks_v2_1_vl_rfs.v'. Please regenerate to continue.
WARNING: [IP_Flow 19-3664] IP 'CPU_auto_pc_0' generated file not found 'c:/Users/admin/Desktop/SDHW-CCU-FPGA-ZYNQ-I/SD_DA512_ZYNQ_FPGA.srcs/sources_1/bd/CPU/ipshared/67d8/hdl/blk_mem_gen_v8_4_vhsyn_rfs.vhd'. Please regenerate to continue.
WARNING: [IP_Flow 19-3664] IP 'CPU_auto_pc_0' generated file not found 'c:/Users/admin/Desktop/SDHW-CCU-FPGA-ZYNQ-I/SD_DA512_ZYNQ_FPGA.srcs/sources_1/bd/CPU/ipshared/7aff/hdl/fifo_generator_v13_2_vhsyn_rfs.vhd'. Please regenerate to continue.
WARNING: [IP_Flow 19-3664] IP 'CPU_auto_pc_0' generated file not found 'c:/Users/admin/Desktop/SDHW-CCU-FPGA-ZYNQ-I/SD_DA512_ZYNQ_FPGA.srcs/sources_1/bd/CPU/ipshared/247d/hdl/axi_data_fifo_v2_1_vl_rfs.v'. Please regenerate to continue.
WARNING: [IP_Flow 19-3664] IP 'CPU_auto_pc_0' generated file not found 'c:/Users/admin/Desktop/SDHW-CCU-FPGA-ZYNQ-I/SD_DA512_ZYNQ_FPGA.srcs/sources_1/bd/CPU/ipshared/ec67/hdl/axi_infrastructure_v1_1_0.vh'. Please regenerate to continue.
WARNING: [IP_Flow 19-3664] IP 'CPU_auto_pc_0' generated file not found 'c:/Users/admin/Desktop/SDHW-CCU-FPGA-ZYNQ-I/SD_DA512_ZYNQ_FPGA.srcs/sources_1/bd/CPU/ipshared/ec67/hdl/axi_infrastructure_v1_1_vl_rfs.v'. Please regenerate to continue.
WARNING: [IP_Flow 19-3664] IP 'CPU_auto_pc_0' generated file not found 'c:/Users/admin/Desktop/SDHW-CCU-FPGA-ZYNQ-I/SD_DA512_ZYNQ_FPGA.srcs/sources_1/bd/CPU/ipshared/6020/hdl/axi_register_slice_v2_1_vl_rfs.v'. Please regenerate to continue.
WARNING: [IP_Flow 19-3664] IP 'CPU_auto_pc_0' generated file not found 'c:/Users/admin/Desktop/SDHW-CCU-FPGA-ZYNQ-I/SD_DA512_ZYNQ_FPGA.srcs/sources_1/bd/CPU/ipshared/ccfb/hdl/axi_protocol_converter_v2_1_vl_rfs.v'. Please regenerate to continue.
WARNING: [IP_Flow 19-3664] IP 'CPU_auto_pc_0' generated file not found 'c:/Users/admin/Desktop/SDHW-CCU-FPGA-ZYNQ-I/SD_DA512_ZYNQ_FPGA.srcs/sources_1/bd/CPU/ipshared/b752/hdl/generic_baseblocks_v2_1_vl_rfs.v'. Please regenerate to continue.
WARNING: [IP_Flow 19-3664] IP 'CPU_auto_pc_0' generated file not found 'c:/Users/admin/Desktop/SDHW-CCU-FPGA-ZYNQ-I/SD_DA512_ZYNQ_FPGA.srcs/sources_1/bd/CPU/ipshared/7aff/simulation/fifo_generator_vlog_beh.v'. Please regenerate to continue.
WARNING: [IP_Flow 19-3664] IP 'CPU_auto_pc_0' generated file not found 'c:/Users/admin/Desktop/SDHW-CCU-FPGA-ZYNQ-I/SD_DA512_ZYNQ_FPGA.srcs/sources_1/bd/CPU/ipshared/7aff/hdl/fifo_generator_v13_2_rfs.vhd'. Please regenerate to continue.
WARNING: [IP_Flow 19-3664] IP 'CPU_auto_pc_0' generated file not found 'c:/Users/admin/Desktop/SDHW-CCU-FPGA-ZYNQ-I/SD_DA512_ZYNQ_FPGA.srcs/sources_1/bd/CPU/ipshared/7aff/hdl/fifo_generator_v13_2_rfs.v'. Please regenerate to continue.
WARNING: [IP_Flow 19-3664] IP 'CPU_auto_pc_0' generated file not found 'c:/Users/admin/Desktop/SDHW-CCU-FPGA-ZYNQ-I/SD_DA512_ZYNQ_FPGA.srcs/sources_1/bd/CPU/ipshared/247d/hdl/axi_data_fifo_v2_1_vl_rfs.v'. Please regenerate to continue.
WARNING: [IP_Flow 19-3664] IP 'CPU_auto_pc_0' generated file not found 'c:/Users/admin/Desktop/SDHW-CCU-FPGA-ZYNQ-I/SD_DA512_ZYNQ_FPGA.srcs/sources_1/bd/CPU/ipshared/ec67/hdl/axi_infrastructure_v1_1_0.vh'. Please regenerate to continue.
WARNING: [IP_Flow 19-3664] IP 'CPU_auto_pc_0' generated file not found 'c:/Users/admin/Desktop/SDHW-CCU-FPGA-ZYNQ-I/SD_DA512_ZYNQ_FPGA.srcs/sources_1/bd/CPU/ipshared/ec67/hdl/axi_infrastructure_v1_1_vl_rfs.v'. Please regenerate to continue.
WARNING: [IP_Flow 19-3664] IP 'CPU_auto_pc_0' generated file not found 'c:/Users/admin/Desktop/SDHW-CCU-FPGA-ZYNQ-I/SD_DA512_ZYNQ_FPGA.srcs/sources_1/bd/CPU/ipshared/6020/hdl/axi_register_slice_v2_1_vl_rfs.v'. Please regenerate to continue.
WARNING: [IP_Flow 19-3664] IP 'CPU_auto_pc_0' generated file not found 'c:/Users/admin/Desktop/SDHW-CCU-FPGA-ZYNQ-I/SD_DA512_ZYNQ_FPGA.srcs/sources_1/bd/CPU/ipshared/ccfb/hdl/axi_protocol_converter_v2_1_vl_rfs.v'. Please regenerate to continue.
open_project: Time (s): cpu = 00:00:11 ; elapsed = 00:00:07 . Memory (MB): peak = 955.809 ; gain = 243.957
update_compile_order -fileset sources_1
ipx::edit_ip_in_project -upgrade true -name AXI4_DEV_v1_0_project -directory C:/Users/admin/Desktop/SDHW-CCU-FPGA-ZYNQ-I/SD_DA512_ZYNQ_FPGA.tmp/AXI4_DEV_v1_0_project c:/Users/admin/Desktop/SDHW-CCU-FPGA-ZYNQ-I/SD_DA512_ZYNQ_FPGA.ipdefs/AXI4_DEV_0_0_0/component.xml
INFO: [ProjectBase 1-489] The host OS only allows 260 characters in a normal path. The project is stored in a path with more than 80 characters. If you experience issues with IP, Block Designs, or files not being found, please consider moving the project to a location with a shorter path. Alternately consider using the OS subst command to map part of the path to a drive letter.
Current project path is 'c:/users/admin/desktop/sdhw-ccu-fpga-zynq-i/sd_da512_zynq_fpga.tmp/axi4_dev_v1_0_project'
INFO: [IP_Flow 19-234] Refreshing IP repositories
INFO: [IP_Flow 19-1704] No user IP repositories specified
INFO: [IP_Flow 19-2313] Loaded Vivado IP repository 'D:/Xilinx/Vivado/2018.2/data/ip'.
INFO: [IP_Flow 19-234] Refreshing IP repositories
INFO: [IP_Flow 19-1700] Loaded user IP repository 'c:/Users/admin/Desktop/SDHW-CCU-FPGA-ZYNQ-I/SD_DA512_ZYNQ_FPGA.ipdefs/AXI4_DEV_0_0_0'.
INFO: [IP_Flow 19-795] Syncing license key meta-data
ipx::edit_ip_in_project: Time (s): cpu = 00:00:11 ; elapsed = 00:00:07 . Memory (MB): peak = 1022.508 ; gain = 56.102
update_compile_order -fileset sources_1
close_project
exit
INFO: [Common 17-206] Exiting Vivado at Tue Apr  2 13:31:07 2019...
