#-----------------------------------------------------------
# Vivado v2018.2 (64-bit)
# SW Build 2258646 on Thu Jun 14 20:03:12 MDT 2018
# IP Build 2256618 on Thu Jun 14 22:10:49 MDT 2018
# Start of session at: Mon Apr 15 16:16:58 2019
# Process ID: 16176
# Current directory: C:/Users/admin/Desktop/SDHW-CCU-FPGA-ZYNQ-I
# Command line: vivado.exe -gui_launcher_event rodinguilauncherevent32504 C:\Users\admin\Desktop\SDHW-CCU-FPGA-ZYNQ-I\SD_DA512_ZYNQ_FPGA.xpr
# Log file: C:/Users/admin/Desktop/SDHW-CCU-FPGA-ZYNQ-I/vivado.log
# Journal file: C:/Users/admin/Desktop/SDHW-CCU-FPGA-ZYNQ-I\vivado.jou
#-----------------------------------------------------------
start_gui
open_project C:/Users/admin/Desktop/SDHW-CCU-FPGA-ZYNQ-I/SD_DA512_ZYNQ_FPGA.xpr
Scanning sources...
Finished scanning sources
INFO: [IP_Flow 19-234] Refreshing IP repositories
INFO: [IP_Flow 19-1700] Loaded user IP repository 'c:/Users/admin/Desktop/SDHW-CCU-FPGA-ZYNQ-I/SD_DA512_ZYNQ_FPGA.ipdefs/AXI4_DEV_0_0_0'.
INFO: [IP_Flow 19-2313] Loaded Vivado IP repository 'D:/Xilinx/Vivado/2018.2/data/ip'.
open_project: Time (s): cpu = 00:00:11 ; elapsed = 00:00:07 . Memory (MB): peak = 974.402 ; gain = 230.555
update_compile_order -fileset sources_1
ipx::edit_ip_in_project -upgrade true -name AXI4_DEV_v1_0_project -directory C:/Users/admin/Desktop/SDHW-CCU-FPGA-ZYNQ-I/SD_DA512_ZYNQ_FPGA.tmp/AXI4_DEV_v1_0_project c:/Users/admin/Desktop/SDHW-CCU-FPGA-ZYNQ-I/SD_DA512_ZYNQ_FPGA.ipdefs/AXI4_DEV_0_0_0/component.xml
INFO: [ProjectBase 1-489] The host OS only allows 260 characters in a normal path. The project is stored in a path with more than 80 characters. If you experience issues with IP, Block Designs, or files not being found, please consider moving the project to a location with a shorter path. Alternately consider using the OS subst command to map part of the path to a drive letter.
Current project path is 'c:/users/admin/desktop/sdhw-ccu-fpga-zynq-i/sd_da512_zynq_fpga.tmp/axi4_dev_v1_0_project'
INFO: [IP_Flow 19-234] Refreshing IP repositories
INFO: [IP_Flow 19-1704] No user IP repositories specified
INFO: [IP_Flow 19-2313] Loaded Vivado IP repository 'D:/Xilinx/Vivado/2018.2/data/ip'.
INFO: [IP_Flow 19-234] Refreshing IP repositories
INFO: [IP_Flow 19-1700] Loaded user IP repository 'c:/Users/admin/Desktop/SDHW-CCU-FPGA-ZYNQ-I/SD_DA512_ZYNQ_FPGA.ipdefs/AXI4_DEV_0_0_0'.
INFO: [IP_Flow 19-795] Syncing license key meta-data
ipx::edit_ip_in_project: Time (s): cpu = 00:00:09 ; elapsed = 00:00:08 . Memory (MB): peak = 1033.703 ; gain = 37.016
update_compile_order -fileset sources_1
current_project SD_DA512_ZYNQ_FPGA
open_run impl_1
INFO: [Netlist 29-17] Analyzing 3263 Unisim elements for replacement
INFO: [Netlist 29-28] Unisim Transformation completed in 0 CPU seconds
INFO: [Project 1-479] Netlist was created with Vivado 2018.2
INFO: [Device 21-403] Loading part xc7z020clg484-1
INFO: [Project 1-570] Preparing netlist for logic optimization
INFO: [Timing 38-478] Restoring timing data from binary archive.
INFO: [Timing 38-479] Binary timing data restore complete.
INFO: [Project 1-856] Restoring constraints from binary archive.
INFO: [Constraints 18-5170] The checkpoint was created with non-default parameter values which do not match the current Vivado settings.  Mismatching parameters are:
  general.maxThreads
INFO: [Project 1-853] Binary constraint restore complete.
Reading XDEF placement.
Reading placer database...
Reading XDEF routing.
Read XDEF File: Time (s): cpu = 00:00:02 ; elapsed = 00:00:03 . Memory (MB): peak = 1994.559 ; gain = 21.867
Restored from archive | CPU: 3.000000 secs | Memory: 0.000000 MB |
Finished XDEF File Restore: Time (s): cpu = 00:00:02 ; elapsed = 00:00:03 . Memory (MB): peak = 1994.559 ; gain = 21.867
INFO: [Project 1-111] Unisim Transformation Summary:
  A total of 16 instances were transformed.
  IOBUF => IOBUF (IBUF, OBUFT): 16 instances

open_run: Time (s): cpu = 00:00:29 ; elapsed = 00:00:27 . Memory (MB): peak = 2119.063 ; gain = 1065.965
open_report: Time (s): cpu = 00:00:09 ; elapsed = 00:00:06 . Memory (MB): peak = 2199.426 ; gain = 61.930
report_timing_summary -delay_type min_max -report_unconstrained -check_timing_verbose -max_paths 10 -input_pins -routable_nets -name timing_1
INFO: [Timing 38-91] UpdateTimingParams: Speed grade: -1, Delay Type: min_max.
INFO: [Timing 38-191] Multithreading enabled for timing update using a maximum of 2 CPUs
report_timing_summary: Time (s): cpu = 00:00:11 ; elapsed = 00:00:06 . Memory (MB): peak = 2250.754 ; gain = 46.352
current_project AXI4_DEV_v1_0_project
launch_runs synth_1 -jobs 6
[Mon Apr 15 16:51:36 2019] Launched synth_1...
Run output will be captured here: c:/users/admin/desktop/sdhw-ccu-fpga-zynq-i/sd_da512_zynq_fpga.tmp/axi4_dev_v1_0_project/AXI4_DEV_v1_0_project.runs/synth_1/runme.log
ipx::merge_project_changes files [ipx::current_core]
WARNING: [IP_Flow 19-4963] bram has board value specified. The packaged IP will be restricted to usage with board 'em.avnet.com:zed:part0:1.3'
CRITICAL WARNING: [IP_Flow 19-5376] File 'c:/Users/admin/Desktop/SDHW-CCU-FPGA-ZYNQ-I/SD_DA512_ZYNQ_FPGA.ipdefs/AXI4_DEV_0_0_0/src/zynqfpgaregdef.vh' is marked as a global include. The packaging process cannot preserve this information, instead the file will be marked as an include file.
CRITICAL WARNING: [IP_Flow 19-5376] File 'c:/Users/admin/Desktop/SDHW-CCU-FPGA-ZYNQ-I/SD_DA512_ZYNQ_FPGA.ipdefs/AXI4_DEV_0_0_0/src/timescale.vh' is marked as a global include. The packaging process cannot preserve this information, instead the file will be marked as an include file.
CRITICAL WARNING: [IP_Flow 19-5376] File 'c:/Users/admin/Desktop/SDHW-CCU-FPGA-ZYNQ-I/SD_DA512_ZYNQ_FPGA.ipdefs/AXI4_DEV_0_0_0/src/simulation.vh' is marked as a global include. The packaging process cannot preserve this information, instead the file will be marked as an include file.
CRITICAL WARNING: [IP_Flow 19-5376] File 'c:/Users/admin/Desktop/SDHW-CCU-FPGA-ZYNQ-I/SD_DA512_ZYNQ_FPGA.ipdefs/AXI4_DEV_0_0_0/src/hardwarefpgadefine.vh' is marked as a global include. The packaging process cannot preserve this information, instead the file will be marked as an include file.
WARNING: [IP_Flow 19-5226] Project source file 'c:/Users/admin/Desktop/SDHW-CCU-FPGA-ZYNQ-I/SD_DA512_ZYNQ_FPGA.ipdefs/AXI4_DEV_0_0_0/component.xml' ignored by IP packager.
set_property core_revision 173 [ipx::current_core]
ipx::update_source_project_archive -component [ipx::current_core]
ipx::create_xgui_files [ipx::current_core]
ipx::update_checksums [ipx::current_core]
ipx::save_core [ipx::current_core]
ipx::move_temp_component_back -component [ipx::current_core]
close_project -delete
update_ip_catalog -rebuild -repo_path c:/Users/admin/Desktop/SDHW-CCU-FPGA-ZYNQ-I/SD_DA512_ZYNQ_FPGA.ipdefs/AXI4_DEV_0_0_0
INFO: [IP_Flow 19-725] Reloaded user IP repository 'c:/Users/admin/Desktop/SDHW-CCU-FPGA-ZYNQ-I/SD_DA512_ZYNQ_FPGA.ipdefs/AXI4_DEV_0_0_0'
close_design
report_ip_status -name ip_status 
upgrade_ip -vlnv xilinx.com:user:AXI4_DEV:1.0 [get_ips  CPU_AXI4_DEV_0_1] -log ip_upgrade.log
Adding cell -- xilinx.com:ip:processing_system7:5.5 - processing_system7_0
Adding cell -- xilinx.com:ip:proc_sys_reset:5.0 - rst_ps7_0_100M
Adding cell -- xilinx.com:user:AXI4_DEV:1.0 - AXI4_DEV_0
Adding cell -- xilinx.com:ip:axi_protocol_converter:2.1 - auto_pc
Successfully read diagram <CPU> from BD file <C:/Users/admin/Desktop/SDHW-CCU-FPGA-ZYNQ-I/SD_DA512_ZYNQ_FPGA.srcs/sources_1/bd/CPU/CPU.bd>
Upgrading 'C:/Users/admin/Desktop/SDHW-CCU-FPGA-ZYNQ-I/SD_DA512_ZYNQ_FPGA.srcs/sources_1/bd/CPU/CPU.bd'
INFO: [IP_Flow 19-3422] Upgraded CPU_AXI4_DEV_0_1 (AXI4_DEV_v1.0 1.0) from revision 172 to revision 173
Wrote  : <C:/Users/admin/Desktop/SDHW-CCU-FPGA-ZYNQ-I/SD_DA512_ZYNQ_FPGA.srcs/sources_1/bd/CPU/CPU.bd> 
INFO: [Coretcl 2-1525] Wrote upgrade log to 'C:/Users/admin/Desktop/SDHW-CCU-FPGA-ZYNQ-I/ip_upgrade.log'.
upgrade_ip: Time (s): cpu = 00:00:06 ; elapsed = 00:00:10 . Memory (MB): peak = 2265.594 ; gain = 0.000
export_ip_user_files -of_objects [get_ips CPU_AXI4_DEV_0_1] -no_script -sync -force -quiet
generate_target all [get_files  C:/Users/admin/Desktop/SDHW-CCU-FPGA-ZYNQ-I/SD_DA512_ZYNQ_FPGA.srcs/sources_1/bd/CPU/CPU.bd]
Wrote  : <C:/Users/admin/Desktop/SDHW-CCU-FPGA-ZYNQ-I/SD_DA512_ZYNQ_FPGA.srcs/sources_1/bd/CPU/CPU.bd> 
VHDL Output written to : C:/Users/admin/Desktop/SDHW-CCU-FPGA-ZYNQ-I/SD_DA512_ZYNQ_FPGA.srcs/sources_1/bd/CPU/synth/CPU.v
VHDL Output written to : C:/Users/admin/Desktop/SDHW-CCU-FPGA-ZYNQ-I/SD_DA512_ZYNQ_FPGA.srcs/sources_1/bd/CPU/sim/CPU.v
VHDL Output written to : C:/Users/admin/Desktop/SDHW-CCU-FPGA-ZYNQ-I/SD_DA512_ZYNQ_FPGA.srcs/sources_1/bd/CPU/hdl/CPU_wrapper.v
INFO: [BD 41-1029] Generation completed for the IP Integrator block AXI4_DEV_0 .
INFO: [BD 41-1029] Generation completed for the IP Integrator block processing_system7_0 .
INFO: [BD 41-1029] Generation completed for the IP Integrator block rst_ps7_0_100M .
WARNING: [IP_Flow 19-3452] Invalid long/float value '5e+07' specified for parameter 'FREQ_HZ(CLK)' for CPU_auto_pc_0.
INFO: [BD 41-1029] Generation completed for the IP Integrator block ps7_0_axi_periph/s00_couplers/auto_pc .
Exporting to file C:/Users/admin/Desktop/SDHW-CCU-FPGA-ZYNQ-I/SD_DA512_ZYNQ_FPGA.srcs/sources_1/bd/CPU/hw_handoff/CPU.hwh
Generated Block Design Tcl file C:/Users/admin/Desktop/SDHW-CCU-FPGA-ZYNQ-I/SD_DA512_ZYNQ_FPGA.srcs/sources_1/bd/CPU/hw_handoff/CPU_bd.tcl
Generated Hardware Definition File C:/Users/admin/Desktop/SDHW-CCU-FPGA-ZYNQ-I/SD_DA512_ZYNQ_FPGA.srcs/sources_1/bd/CPU/synth/CPU.hwdef
generate_target: Time (s): cpu = 00:00:05 ; elapsed = 00:00:08 . Memory (MB): peak = 2265.594 ; gain = 0.000
export_ip_user_files -of_objects [get_files C:/Users/admin/Desktop/SDHW-CCU-FPGA-ZYNQ-I/SD_DA512_ZYNQ_FPGA.srcs/sources_1/bd/CPU/CPU.bd] -no_script -sync -force -quiet
export_simulation -of_objects [get_files C:/Users/admin/Desktop/SDHW-CCU-FPGA-ZYNQ-I/SD_DA512_ZYNQ_FPGA.srcs/sources_1/bd/CPU/CPU.bd] -directory C:/Users/admin/Desktop/SDHW-CCU-FPGA-ZYNQ-I/SD_DA512_ZYNQ_FPGA.ip_user_files/sim_scripts -ip_user_files_dir C:/Users/admin/Desktop/SDHW-CCU-FPGA-ZYNQ-I/SD_DA512_ZYNQ_FPGA.ip_user_files -ipstatic_source_dir C:/Users/admin/Desktop/SDHW-CCU-FPGA-ZYNQ-I/SD_DA512_ZYNQ_FPGA.ip_user_files/ipstatic -lib_map_path [list {modelsim=C:/Users/admin/Desktop/SDHW-CCU-FPGA-ZYNQ-I/SD_DA512_ZYNQ_FPGA.cache/compile_simlib/modelsim} {questa=C:/Users/admin/Desktop/SDHW-CCU-FPGA-ZYNQ-I/SD_DA512_ZYNQ_FPGA.cache/compile_simlib/questa} {riviera=C:/Users/admin/Desktop/SDHW-CCU-FPGA-ZYNQ-I/SD_DA512_ZYNQ_FPGA.cache/compile_simlib/riviera} {activehdl=C:/Users/admin/Desktop/SDHW-CCU-FPGA-ZYNQ-I/SD_DA512_ZYNQ_FPGA.cache/compile_simlib/activehdl}] -use_ip_compiled_libs -force -quiet
reset_run synth_1
launch_runs impl_1 -to_step write_bitstream -jobs 6
[Mon Apr 15 17:02:38 2019] Launched synth_1...
Run output will be captured here: C:/Users/admin/Desktop/SDHW-CCU-FPGA-ZYNQ-I/SD_DA512_ZYNQ_FPGA.runs/synth_1/runme.log
[Mon Apr 15 17:02:38 2019] Launched impl_1...
Run output will be captured here: C:/Users/admin/Desktop/SDHW-CCU-FPGA-ZYNQ-I/SD_DA512_ZYNQ_FPGA.runs/impl_1/runme.log
set_param general.MaxThreads 8
8
file copy -force C:/Users/admin/Desktop/SDHW-CCU-FPGA-ZYNQ-I/SD_DA512_ZYNQ_FPGA.runs/impl_1/CPU_wrapper.sysdef C:/Users/admin/Desktop/SDHW-CCU-FPGA-ZYNQ-I/SD_DA512_ZYNQ_FPGA.sdk/CPU_wrapper.hdf

launch_sdk -workspace C:/Users/admin/Desktop/SDHW-CCU-FPGA-ZYNQ-I/SD_DA512_ZYNQ_FPGA.sdk -hwspec C:/Users/admin/Desktop/SDHW-CCU-FPGA-ZYNQ-I/SD_DA512_ZYNQ_FPGA.sdk/CPU_wrapper.hdf
INFO: [Vivado 12-393] Launching SDK...
INFO: [Vivado 12-417] Running xsdk -workspace C:/Users/admin/Desktop/SDHW-CCU-FPGA-ZYNQ-I/SD_DA512_ZYNQ_FPGA.sdk -hwspec C:/Users/admin/Desktop/SDHW-CCU-FPGA-ZYNQ-I/SD_DA512_ZYNQ_FPGA.sdk/CPU_wrapper.hdf
INFO: [Vivado 12-3157] SDK launch initiated. Please check console for any further messages.
ipx::edit_ip_in_project -upgrade true -name AXI4_DEV_v1_0_project -directory C:/Users/admin/Desktop/SDHW-CCU-FPGA-ZYNQ-I/SD_DA512_ZYNQ_FPGA.tmp/AXI4_DEV_v1_0_project c:/Users/admin/Desktop/SDHW-CCU-FPGA-ZYNQ-I/SD_DA512_ZYNQ_FPGA.ipdefs/AXI4_DEV_0_0_0/component.xml
INFO: [ProjectBase 1-489] The host OS only allows 260 characters in a normal path. The project is stored in a path with more than 80 characters. If you experience issues with IP, Block Designs, or files not being found, please consider moving the project to a location with a shorter path. Alternately consider using the OS subst command to map part of the path to a drive letter.
Current project path is 'c:/users/admin/desktop/sdhw-ccu-fpga-zynq-i/sd_da512_zynq_fpga.tmp/axi4_dev_v1_0_project'
INFO: [IP_Flow 19-234] Refreshing IP repositories
INFO: [IP_Flow 19-1704] No user IP repositories specified
INFO: [IP_Flow 19-2313] Loaded Vivado IP repository 'D:/Xilinx/Vivado/2018.2/data/ip'.
INFO: [IP_Flow 19-234] Refreshing IP repositories
INFO: [IP_Flow 19-1700] Loaded user IP repository 'c:/Users/admin/Desktop/SDHW-CCU-FPGA-ZYNQ-I/SD_DA512_ZYNQ_FPGA.ipdefs/AXI4_DEV_0_0_0'.
INFO: [IP_Flow 19-795] Syncing license key meta-data
ipx::edit_ip_in_project: Time (s): cpu = 00:00:06 ; elapsed = 00:00:05 . Memory (MB): peak = 2265.594 ; gain = 0.000
update_compile_order -fileset sources_1
launch_runs synth_1 -jobs 6
[Mon Apr 15 18:30:14 2019] Launched synth_1...
Run output will be captured here: c:/users/admin/desktop/sdhw-ccu-fpga-zynq-i/sd_da512_zynq_fpga.tmp/axi4_dev_v1_0_project/AXI4_DEV_v1_0_project.runs/synth_1/runme.log
ipx::merge_project_changes files [ipx::current_core]
WARNING: [IP_Flow 19-4963] bram has board value specified. The packaged IP will be restricted to usage with board 'em.avnet.com:zed:part0:1.3'
CRITICAL WARNING: [IP_Flow 19-5376] File 'c:/Users/admin/Desktop/SDHW-CCU-FPGA-ZYNQ-I/SD_DA512_ZYNQ_FPGA.ipdefs/AXI4_DEV_0_0_0/src/zynqfpgaregdef.vh' is marked as a global include. The packaging process cannot preserve this information, instead the file will be marked as an include file.
CRITICAL WARNING: [IP_Flow 19-5376] File 'c:/Users/admin/Desktop/SDHW-CCU-FPGA-ZYNQ-I/SD_DA512_ZYNQ_FPGA.ipdefs/AXI4_DEV_0_0_0/src/timescale.vh' is marked as a global include. The packaging process cannot preserve this information, instead the file will be marked as an include file.
CRITICAL WARNING: [IP_Flow 19-5376] File 'c:/Users/admin/Desktop/SDHW-CCU-FPGA-ZYNQ-I/SD_DA512_ZYNQ_FPGA.ipdefs/AXI4_DEV_0_0_0/src/simulation.vh' is marked as a global include. The packaging process cannot preserve this information, instead the file will be marked as an include file.
CRITICAL WARNING: [IP_Flow 19-5376] File 'c:/Users/admin/Desktop/SDHW-CCU-FPGA-ZYNQ-I/SD_DA512_ZYNQ_FPGA.ipdefs/AXI4_DEV_0_0_0/src/hardwarefpgadefine.vh' is marked as a global include. The packaging process cannot preserve this information, instead the file will be marked as an include file.
WARNING: [IP_Flow 19-5226] Project source file 'c:/Users/admin/Desktop/SDHW-CCU-FPGA-ZYNQ-I/SD_DA512_ZYNQ_FPGA.ipdefs/AXI4_DEV_0_0_0/component.xml' ignored by IP packager.
set_property core_revision 174 [ipx::current_core]
ipx::update_source_project_archive -component [ipx::current_core]
ipx::create_xgui_files [ipx::current_core]
ipx::update_checksums [ipx::current_core]
ipx::save_core [ipx::current_core]
ipx::move_temp_component_back -component [ipx::current_core]
close_project -delete
update_ip_catalog -rebuild -repo_path c:/Users/admin/Desktop/SDHW-CCU-FPGA-ZYNQ-I/SD_DA512_ZYNQ_FPGA.ipdefs/AXI4_DEV_0_0_0
INFO: [IP_Flow 19-725] Reloaded user IP repository 'c:/Users/admin/Desktop/SDHW-CCU-FPGA-ZYNQ-I/SD_DA512_ZYNQ_FPGA.ipdefs/AXI4_DEV_0_0_0'
upgrade_ip -vlnv xilinx.com:user:AXI4_DEV:1.0 [get_ips  CPU_AXI4_DEV_0_1] -log ip_upgrade.log
Upgrading 'C:/Users/admin/Desktop/SDHW-CCU-FPGA-ZYNQ-I/SD_DA512_ZYNQ_FPGA.srcs/sources_1/bd/CPU/CPU.bd'
INFO: [IP_Flow 19-3422] Upgraded CPU_AXI4_DEV_0_1 (AXI4_DEV_v1.0 1.0) from revision 173 to revision 174
Wrote  : <C:/Users/admin/Desktop/SDHW-CCU-FPGA-ZYNQ-I/SD_DA512_ZYNQ_FPGA.srcs/sources_1/bd/CPU/CPU.bd> 
INFO: [Coretcl 2-1525] Wrote upgrade log to 'C:/Users/admin/Desktop/SDHW-CCU-FPGA-ZYNQ-I/ip_upgrade.log'.
export_ip_user_files -of_objects [get_ips CPU_AXI4_DEV_0_1] -no_script -sync -force -quiet
generate_target all [get_files  C:/Users/admin/Desktop/SDHW-CCU-FPGA-ZYNQ-I/SD_DA512_ZYNQ_FPGA.srcs/sources_1/bd/CPU/CPU.bd]
Wrote  : <C:/Users/admin/Desktop/SDHW-CCU-FPGA-ZYNQ-I/SD_DA512_ZYNQ_FPGA.srcs/sources_1/bd/CPU/CPU.bd> 
VHDL Output written to : C:/Users/admin/Desktop/SDHW-CCU-FPGA-ZYNQ-I/SD_DA512_ZYNQ_FPGA.srcs/sources_1/bd/CPU/synth/CPU.v
VHDL Output written to : C:/Users/admin/Desktop/SDHW-CCU-FPGA-ZYNQ-I/SD_DA512_ZYNQ_FPGA.srcs/sources_1/bd/CPU/sim/CPU.v
VHDL Output written to : C:/Users/admin/Desktop/SDHW-CCU-FPGA-ZYNQ-I/SD_DA512_ZYNQ_FPGA.srcs/sources_1/bd/CPU/hdl/CPU_wrapper.v
INFO: [BD 41-1029] Generation completed for the IP Integrator block AXI4_DEV_0 .
INFO: [BD 41-1029] Generation completed for the IP Integrator block processing_system7_0 .
INFO: [BD 41-1029] Generation completed for the IP Integrator block rst_ps7_0_100M .
WARNING: [IP_Flow 19-3452] Invalid long/float value '5e+07' specified for parameter 'FREQ_HZ(CLK)' for CPU_auto_pc_0.
INFO: [BD 41-1029] Generation completed for the IP Integrator block ps7_0_axi_periph/s00_couplers/auto_pc .
Exporting to file C:/Users/admin/Desktop/SDHW-CCU-FPGA-ZYNQ-I/SD_DA512_ZYNQ_FPGA.srcs/sources_1/bd/CPU/hw_handoff/CPU.hwh
Generated Block Design Tcl file C:/Users/admin/Desktop/SDHW-CCU-FPGA-ZYNQ-I/SD_DA512_ZYNQ_FPGA.srcs/sources_1/bd/CPU/hw_handoff/CPU_bd.tcl
Generated Hardware Definition File C:/Users/admin/Desktop/SDHW-CCU-FPGA-ZYNQ-I/SD_DA512_ZYNQ_FPGA.srcs/sources_1/bd/CPU/synth/CPU.hwdef
generate_target: Time (s): cpu = 00:00:05 ; elapsed = 00:00:07 . Memory (MB): peak = 2265.594 ; gain = 0.000
export_ip_user_files -of_objects [get_files C:/Users/admin/Desktop/SDHW-CCU-FPGA-ZYNQ-I/SD_DA512_ZYNQ_FPGA.srcs/sources_1/bd/CPU/CPU.bd] -no_script -sync -force -quiet
export_simulation -of_objects [get_files C:/Users/admin/Desktop/SDHW-CCU-FPGA-ZYNQ-I/SD_DA512_ZYNQ_FPGA.srcs/sources_1/bd/CPU/CPU.bd] -directory C:/Users/admin/Desktop/SDHW-CCU-FPGA-ZYNQ-I/SD_DA512_ZYNQ_FPGA.ip_user_files/sim_scripts -ip_user_files_dir C:/Users/admin/Desktop/SDHW-CCU-FPGA-ZYNQ-I/SD_DA512_ZYNQ_FPGA.ip_user_files -ipstatic_source_dir C:/Users/admin/Desktop/SDHW-CCU-FPGA-ZYNQ-I/SD_DA512_ZYNQ_FPGA.ip_user_files/ipstatic -lib_map_path [list {modelsim=C:/Users/admin/Desktop/SDHW-CCU-FPGA-ZYNQ-I/SD_DA512_ZYNQ_FPGA.cache/compile_simlib/modelsim} {questa=C:/Users/admin/Desktop/SDHW-CCU-FPGA-ZYNQ-I/SD_DA512_ZYNQ_FPGA.cache/compile_simlib/questa} {riviera=C:/Users/admin/Desktop/SDHW-CCU-FPGA-ZYNQ-I/SD_DA512_ZYNQ_FPGA.cache/compile_simlib/riviera} {activehdl=C:/Users/admin/Desktop/SDHW-CCU-FPGA-ZYNQ-I/SD_DA512_ZYNQ_FPGA.cache/compile_simlib/activehdl}] -use_ip_compiled_libs -force -quiet
report_ip_status -name ip_status 
reset_run synth_1
launch_runs impl_1 -to_step write_bitstream -jobs 6
[Mon Apr 15 18:36:00 2019] Launched synth_1...
Run output will be captured here: C:/Users/admin/Desktop/SDHW-CCU-FPGA-ZYNQ-I/SD_DA512_ZYNQ_FPGA.runs/synth_1/runme.log
[Mon Apr 15 18:36:00 2019] Launched impl_1...
Run output will be captured here: C:/Users/admin/Desktop/SDHW-CCU-FPGA-ZYNQ-I/SD_DA512_ZYNQ_FPGA.runs/impl_1/runme.log
file copy -force C:/Users/admin/Desktop/SDHW-CCU-FPGA-ZYNQ-I/SD_DA512_ZYNQ_FPGA.runs/impl_1/CPU_wrapper.sysdef C:/Users/admin/Desktop/SDHW-CCU-FPGA-ZYNQ-I/SD_DA512_ZYNQ_FPGA.sdk/CPU_wrapper.hdf

launch_sdk -workspace C:/Users/admin/Desktop/SDHW-CCU-FPGA-ZYNQ-I/SD_DA512_ZYNQ_FPGA.sdk -hwspec C:/Users/admin/Desktop/SDHW-CCU-FPGA-ZYNQ-I/SD_DA512_ZYNQ_FPGA.sdk/CPU_wrapper.hdf
INFO: [Vivado 12-393] Launching SDK...
INFO: [Vivado 12-417] Running xsdk -workspace C:/Users/admin/Desktop/SDHW-CCU-FPGA-ZYNQ-I/SD_DA512_ZYNQ_FPGA.sdk -hwspec C:/Users/admin/Desktop/SDHW-CCU-FPGA-ZYNQ-I/SD_DA512_ZYNQ_FPGA.sdk/CPU_wrapper.hdf
INFO: [Vivado 12-3157] SDK launch initiated. Please check console for any further messages.
ipx::edit_ip_in_project -upgrade true -name AXI4_DEV_v1_0_project -directory C:/Users/admin/Desktop/SDHW-CCU-FPGA-ZYNQ-I/SD_DA512_ZYNQ_FPGA.tmp/AXI4_DEV_v1_0_project c:/Users/admin/Desktop/SDHW-CCU-FPGA-ZYNQ-I/SD_DA512_ZYNQ_FPGA.ipdefs/AXI4_DEV_0_0_0/component.xml
INFO: [ProjectBase 1-489] The host OS only allows 260 characters in a normal path. The project is stored in a path with more than 80 characters. If you experience issues with IP, Block Designs, or files not being found, please consider moving the project to a location with a shorter path. Alternately consider using the OS subst command to map part of the path to a drive letter.
Current project path is 'c:/users/admin/desktop/sdhw-ccu-fpga-zynq-i/sd_da512_zynq_fpga.tmp/axi4_dev_v1_0_project'
INFO: [IP_Flow 19-234] Refreshing IP repositories
INFO: [IP_Flow 19-1704] No user IP repositories specified
INFO: [IP_Flow 19-2313] Loaded Vivado IP repository 'D:/Xilinx/Vivado/2018.2/data/ip'.
INFO: [IP_Flow 19-234] Refreshing IP repositories
INFO: [IP_Flow 19-1700] Loaded user IP repository 'c:/Users/admin/Desktop/SDHW-CCU-FPGA-ZYNQ-I/SD_DA512_ZYNQ_FPGA.ipdefs/AXI4_DEV_0_0_0'.
INFO: [IP_Flow 19-795] Syncing license key meta-data
ipx::edit_ip_in_project: Time (s): cpu = 00:00:05 ; elapsed = 00:00:05 . Memory (MB): peak = 2265.594 ; gain = 0.000
update_compile_order -fileset sources_1
launch_runs synth_1 -jobs 6
[Tue Apr 16 09:53:43 2019] Launched synth_1...
Run output will be captured here: c:/users/admin/desktop/sdhw-ccu-fpga-zynq-i/sd_da512_zynq_fpga.tmp/axi4_dev_v1_0_project/AXI4_DEV_v1_0_project.runs/synth_1/runme.log
reset_run synth_1
launch_runs synth_1 -jobs 6
[Tue Apr 16 09:55:56 2019] Launched synth_1...
Run output will be captured here: c:/users/admin/desktop/sdhw-ccu-fpga-zynq-i/sd_da512_zynq_fpga.tmp/axi4_dev_v1_0_project/AXI4_DEV_v1_0_project.runs/synth_1/runme.log
ipx::merge_project_changes files [ipx::current_core]
WARNING: [IP_Flow 19-4963] bram has board value specified. The packaged IP will be restricted to usage with board 'em.avnet.com:zed:part0:1.3'
CRITICAL WARNING: [IP_Flow 19-5376] File 'c:/Users/admin/Desktop/SDHW-CCU-FPGA-ZYNQ-I/SD_DA512_ZYNQ_FPGA.ipdefs/AXI4_DEV_0_0_0/src/zynqfpgaregdef.vh' is marked as a global include. The packaging process cannot preserve this information, instead the file will be marked as an include file.
CRITICAL WARNING: [IP_Flow 19-5376] File 'c:/Users/admin/Desktop/SDHW-CCU-FPGA-ZYNQ-I/SD_DA512_ZYNQ_FPGA.ipdefs/AXI4_DEV_0_0_0/src/timescale.vh' is marked as a global include. The packaging process cannot preserve this information, instead the file will be marked as an include file.
CRITICAL WARNING: [IP_Flow 19-5376] File 'c:/Users/admin/Desktop/SDHW-CCU-FPGA-ZYNQ-I/SD_DA512_ZYNQ_FPGA.ipdefs/AXI4_DEV_0_0_0/src/simulation.vh' is marked as a global include. The packaging process cannot preserve this information, instead the file will be marked as an include file.
CRITICAL WARNING: [IP_Flow 19-5376] File 'c:/Users/admin/Desktop/SDHW-CCU-FPGA-ZYNQ-I/SD_DA512_ZYNQ_FPGA.ipdefs/AXI4_DEV_0_0_0/src/hardwarefpgadefine.vh' is marked as a global include. The packaging process cannot preserve this information, instead the file will be marked as an include file.
WARNING: [IP_Flow 19-5226] Project source file 'c:/Users/admin/Desktop/SDHW-CCU-FPGA-ZYNQ-I/SD_DA512_ZYNQ_FPGA.ipdefs/AXI4_DEV_0_0_0/component.xml' ignored by IP packager.
set_property core_revision 175 [ipx::current_core]
ipx::update_source_project_archive -component [ipx::current_core]
ipx::create_xgui_files [ipx::current_core]
ipx::update_checksums [ipx::current_core]
ipx::save_core [ipx::current_core]
ipx::move_temp_component_back -component [ipx::current_core]
close_project -delete
update_ip_catalog -rebuild -repo_path c:/Users/admin/Desktop/SDHW-CCU-FPGA-ZYNQ-I/SD_DA512_ZYNQ_FPGA.ipdefs/AXI4_DEV_0_0_0
INFO: [IP_Flow 19-725] Reloaded user IP repository 'c:/Users/admin/Desktop/SDHW-CCU-FPGA-ZYNQ-I/SD_DA512_ZYNQ_FPGA.ipdefs/AXI4_DEV_0_0_0'
report_ip_status -name ip_status 
upgrade_ip -vlnv xilinx.com:user:AXI4_DEV:1.0 [get_ips  CPU_AXI4_DEV_0_1] -log ip_upgrade.log
Upgrading 'C:/Users/admin/Desktop/SDHW-CCU-FPGA-ZYNQ-I/SD_DA512_ZYNQ_FPGA.srcs/sources_1/bd/CPU/CPU.bd'
INFO: [IP_Flow 19-3422] Upgraded CPU_AXI4_DEV_0_1 (AXI4_DEV_v1.0 1.0) from revision 174 to revision 175
Wrote  : <C:/Users/admin/Desktop/SDHW-CCU-FPGA-ZYNQ-I/SD_DA512_ZYNQ_FPGA.srcs/sources_1/bd/CPU/CPU.bd> 
INFO: [Coretcl 2-1525] Wrote upgrade log to 'C:/Users/admin/Desktop/SDHW-CCU-FPGA-ZYNQ-I/ip_upgrade.log'.
export_ip_user_files -of_objects [get_ips CPU_AXI4_DEV_0_1] -no_script -sync -force -quiet
generate_target all [get_files  C:/Users/admin/Desktop/SDHW-CCU-FPGA-ZYNQ-I/SD_DA512_ZYNQ_FPGA.srcs/sources_1/bd/CPU/CPU.bd]
Wrote  : <C:/Users/admin/Desktop/SDHW-CCU-FPGA-ZYNQ-I/SD_DA512_ZYNQ_FPGA.srcs/sources_1/bd/CPU/CPU.bd> 
VHDL Output written to : C:/Users/admin/Desktop/SDHW-CCU-FPGA-ZYNQ-I/SD_DA512_ZYNQ_FPGA.srcs/sources_1/bd/CPU/synth/CPU.v
VHDL Output written to : C:/Users/admin/Desktop/SDHW-CCU-FPGA-ZYNQ-I/SD_DA512_ZYNQ_FPGA.srcs/sources_1/bd/CPU/sim/CPU.v
VHDL Output written to : C:/Users/admin/Desktop/SDHW-CCU-FPGA-ZYNQ-I/SD_DA512_ZYNQ_FPGA.srcs/sources_1/bd/CPU/hdl/CPU_wrapper.v
INFO: [BD 41-1029] Generation completed for the IP Integrator block AXI4_DEV_0 .
INFO: [BD 41-1029] Generation completed for the IP Integrator block processing_system7_0 .
INFO: [BD 41-1029] Generation completed for the IP Integrator block rst_ps7_0_100M .
WARNING: [IP_Flow 19-3452] Invalid long/float value '5e+07' specified for parameter 'FREQ_HZ(CLK)' for CPU_auto_pc_0.
INFO: [BD 41-1029] Generation completed for the IP Integrator block ps7_0_axi_periph/s00_couplers/auto_pc .
Exporting to file C:/Users/admin/Desktop/SDHW-CCU-FPGA-ZYNQ-I/SD_DA512_ZYNQ_FPGA.srcs/sources_1/bd/CPU/hw_handoff/CPU.hwh
Generated Block Design Tcl file C:/Users/admin/Desktop/SDHW-CCU-FPGA-ZYNQ-I/SD_DA512_ZYNQ_FPGA.srcs/sources_1/bd/CPU/hw_handoff/CPU_bd.tcl
Generated Hardware Definition File C:/Users/admin/Desktop/SDHW-CCU-FPGA-ZYNQ-I/SD_DA512_ZYNQ_FPGA.srcs/sources_1/bd/CPU/synth/CPU.hwdef
generate_target: Time (s): cpu = 00:00:04 ; elapsed = 00:00:07 . Memory (MB): peak = 2293.398 ; gain = 27.805
export_ip_user_files -of_objects [get_files C:/Users/admin/Desktop/SDHW-CCU-FPGA-ZYNQ-I/SD_DA512_ZYNQ_FPGA.srcs/sources_1/bd/CPU/CPU.bd] -no_script -sync -force -quiet
export_simulation -of_objects [get_files C:/Users/admin/Desktop/SDHW-CCU-FPGA-ZYNQ-I/SD_DA512_ZYNQ_FPGA.srcs/sources_1/bd/CPU/CPU.bd] -directory C:/Users/admin/Desktop/SDHW-CCU-FPGA-ZYNQ-I/SD_DA512_ZYNQ_FPGA.ip_user_files/sim_scripts -ip_user_files_dir C:/Users/admin/Desktop/SDHW-CCU-FPGA-ZYNQ-I/SD_DA512_ZYNQ_FPGA.ip_user_files -ipstatic_source_dir C:/Users/admin/Desktop/SDHW-CCU-FPGA-ZYNQ-I/SD_DA512_ZYNQ_FPGA.ip_user_files/ipstatic -lib_map_path [list {modelsim=C:/Users/admin/Desktop/SDHW-CCU-FPGA-ZYNQ-I/SD_DA512_ZYNQ_FPGA.cache/compile_simlib/modelsim} {questa=C:/Users/admin/Desktop/SDHW-CCU-FPGA-ZYNQ-I/SD_DA512_ZYNQ_FPGA.cache/compile_simlib/questa} {riviera=C:/Users/admin/Desktop/SDHW-CCU-FPGA-ZYNQ-I/SD_DA512_ZYNQ_FPGA.cache/compile_simlib/riviera} {activehdl=C:/Users/admin/Desktop/SDHW-CCU-FPGA-ZYNQ-I/SD_DA512_ZYNQ_FPGA.cache/compile_simlib/activehdl}] -use_ip_compiled_libs -force -quiet
report_ip_status -name ip_status 
reset_run synth_1
launch_runs impl_1 -to_step write_bitstream -jobs 6
[Tue Apr 16 10:00:43 2019] Launched synth_1...
Run output will be captured here: C:/Users/admin/Desktop/SDHW-CCU-FPGA-ZYNQ-I/SD_DA512_ZYNQ_FPGA.runs/synth_1/runme.log
[Tue Apr 16 10:00:43 2019] Launched impl_1...
Run output will be captured here: C:/Users/admin/Desktop/SDHW-CCU-FPGA-ZYNQ-I/SD_DA512_ZYNQ_FPGA.runs/impl_1/runme.log
file copy -force C:/Users/admin/Desktop/SDHW-CCU-FPGA-ZYNQ-I/SD_DA512_ZYNQ_FPGA.runs/impl_1/CPU_wrapper.sysdef C:/Users/admin/Desktop/SDHW-CCU-FPGA-ZYNQ-I/SD_DA512_ZYNQ_FPGA.sdk/CPU_wrapper.hdf

launch_sdk -workspace C:/Users/admin/Desktop/SDHW-CCU-FPGA-ZYNQ-I/SD_DA512_ZYNQ_FPGA.sdk -hwspec C:/Users/admin/Desktop/SDHW-CCU-FPGA-ZYNQ-I/SD_DA512_ZYNQ_FPGA.sdk/CPU_wrapper.hdf
INFO: [Vivado 12-393] Launching SDK...
INFO: [Vivado 12-417] Running xsdk -workspace C:/Users/admin/Desktop/SDHW-CCU-FPGA-ZYNQ-I/SD_DA512_ZYNQ_FPGA.sdk -hwspec C:/Users/admin/Desktop/SDHW-CCU-FPGA-ZYNQ-I/SD_DA512_ZYNQ_FPGA.sdk/CPU_wrapper.hdf
INFO: [Vivado 12-3157] SDK launch initiated. Please check console for any further messages.
exit
INFO: [Common 17-206] Exiting Vivado at Tue Apr 16 10:56:05 2019...
