#-----------------------------------------------------------
# Vivado v2018.2 (64-bit)
# SW Build 2258646 on Thu Jun 14 20:03:12 MDT 2018
# IP Build 2256618 on Thu Jun 14 22:10:49 MDT 2018
# Start of session at: Sun Apr 14 15:10:56 2019
# Process ID: 39920
# Current directory: C:/Users/admin/Desktop/SDHW-CCU-FPGA-ZYNQ-I
# Command line: vivado.exe -gui_launcher_event rodinguilauncherevent40880 C:\Users\admin\Desktop\SDHW-CCU-FPGA-ZYNQ-I\SD_DA512_ZYNQ_FPGA.xpr
# Log file: C:/Users/admin/Desktop/SDHW-CCU-FPGA-ZYNQ-I/vivado.log
# Journal file: C:/Users/admin/Desktop/SDHW-CCU-FPGA-ZYNQ-I\vivado.jou
#-----------------------------------------------------------
start_gui
open_project C:/Users/admin/Desktop/SDHW-CCU-FPGA-ZYNQ-I/SD_DA512_ZYNQ_FPGA.xpr
Scanning sources...
Finished scanning sources
INFO: [IP_Flow 19-234] Refreshing IP repositories
INFO: [IP_Flow 19-1700] Loaded user IP repository 'c:/Users/admin/Desktop/SDHW-CCU-FPGA-ZYNQ-I/SD_DA512_ZYNQ_FPGA.ipdefs/AXI4_DEV_0_0_0'.
INFO: [IP_Flow 19-2313] Loaded Vivado IP repository 'D:/Xilinx/Vivado/2018.2/data/ip'.
open_project: Time (s): cpu = 00:00:10 ; elapsed = 00:00:07 . Memory (MB): peak = 960.125 ; gain = 237.563
update_compile_order -fileset sources_1
ipx::edit_ip_in_project -upgrade true -name AXI4_DEV_v1_0_project -directory C:/Users/admin/Desktop/SDHW-CCU-FPGA-ZYNQ-I/SD_DA512_ZYNQ_FPGA.tmp/AXI4_DEV_v1_0_project c:/Users/admin/Desktop/SDHW-CCU-FPGA-ZYNQ-I/SD_DA512_ZYNQ_FPGA.ipdefs/AXI4_DEV_0_0_0/component.xml
INFO: [ProjectBase 1-489] The host OS only allows 260 characters in a normal path. The project is stored in a path with more than 80 characters. If you experience issues with IP, Block Designs, or files not being found, please consider moving the project to a location with a shorter path. Alternately consider using the OS subst command to map part of the path to a drive letter.
Current project path is 'c:/users/admin/desktop/sdhw-ccu-fpga-zynq-i/sd_da512_zynq_fpga.tmp/axi4_dev_v1_0_project'
INFO: [IP_Flow 19-234] Refreshing IP repositories
INFO: [IP_Flow 19-1704] No user IP repositories specified
INFO: [IP_Flow 19-2313] Loaded Vivado IP repository 'D:/Xilinx/Vivado/2018.2/data/ip'.
INFO: [IP_Flow 19-234] Refreshing IP repositories
INFO: [IP_Flow 19-1700] Loaded user IP repository 'c:/Users/admin/Desktop/SDHW-CCU-FPGA-ZYNQ-I/SD_DA512_ZYNQ_FPGA.ipdefs/AXI4_DEV_0_0_0'.
INFO: [IP_Flow 19-795] Syncing license key meta-data
ipx::edit_ip_in_project: Time (s): cpu = 00:00:09 ; elapsed = 00:00:07 . Memory (MB): peak = 1013.609 ; gain = 46.281
update_compile_order -fileset sources_1
ipx::merge_project_changes files [ipx::current_core]
WARNING: [IP_Flow 19-4963] bram has board value specified. The packaged IP will be restricted to usage with board 'em.avnet.com:zed:part0:1.3'
CRITICAL WARNING: [IP_Flow 19-5376] File 'c:/Users/admin/Desktop/SDHW-CCU-FPGA-ZYNQ-I/SD_DA512_ZYNQ_FPGA.ipdefs/AXI4_DEV_0_0_0/src/zynqfpgaregdef.vh' is marked as a global include. The packaging process cannot preserve this information, instead the file will be marked as an include file.
CRITICAL WARNING: [IP_Flow 19-5376] File 'c:/Users/admin/Desktop/SDHW-CCU-FPGA-ZYNQ-I/SD_DA512_ZYNQ_FPGA.ipdefs/AXI4_DEV_0_0_0/src/timescale.vh' is marked as a global include. The packaging process cannot preserve this information, instead the file will be marked as an include file.
CRITICAL WARNING: [IP_Flow 19-5376] File 'c:/Users/admin/Desktop/SDHW-CCU-FPGA-ZYNQ-I/SD_DA512_ZYNQ_FPGA.ipdefs/AXI4_DEV_0_0_0/src/simulation.vh' is marked as a global include. The packaging process cannot preserve this information, instead the file will be marked as an include file.
CRITICAL WARNING: [IP_Flow 19-5376] File 'c:/Users/admin/Desktop/SDHW-CCU-FPGA-ZYNQ-I/SD_DA512_ZYNQ_FPGA.ipdefs/AXI4_DEV_0_0_0/src/hardwarefpgadefine.vh' is marked as a global include. The packaging process cannot preserve this information, instead the file will be marked as an include file.
WARNING: [IP_Flow 19-5226] Project source file 'c:/Users/admin/Desktop/SDHW-CCU-FPGA-ZYNQ-I/SD_DA512_ZYNQ_FPGA.ipdefs/AXI4_DEV_0_0_0/component.xml' ignored by IP packager.
launch_runs synth_1 -jobs 6
[Sun Apr 14 15:15:11 2019] Launched synth_1...
Run output will be captured here: c:/users/admin/desktop/sdhw-ccu-fpga-zynq-i/sd_da512_zynq_fpga.tmp/axi4_dev_v1_0_project/AXI4_DEV_v1_0_project.runs/synth_1/runme.log
set_property core_revision 164 [ipx::current_core]
ipx::update_source_project_archive -component [ipx::current_core]
ipx::create_xgui_files [ipx::current_core]
ipx::update_checksums [ipx::current_core]
ipx::save_core [ipx::current_core]
ipx::move_temp_component_back -component [ipx::current_core]
close_project -delete
update_ip_catalog -rebuild -repo_path c:/Users/admin/Desktop/SDHW-CCU-FPGA-ZYNQ-I/SD_DA512_ZYNQ_FPGA.ipdefs/AXI4_DEV_0_0_0
INFO: [IP_Flow 19-725] Reloaded user IP repository 'c:/Users/admin/Desktop/SDHW-CCU-FPGA-ZYNQ-I/SD_DA512_ZYNQ_FPGA.ipdefs/AXI4_DEV_0_0_0'
report_ip_status -name ip_status 
upgrade_ip -vlnv xilinx.com:user:AXI4_DEV:1.0 [get_ips  CPU_AXI4_DEV_0_1] -log ip_upgrade.log
Adding cell -- xilinx.com:ip:processing_system7:5.5 - processing_system7_0
Adding cell -- xilinx.com:ip:proc_sys_reset:5.0 - rst_ps7_0_100M
Adding cell -- xilinx.com:user:AXI4_DEV:1.0 - AXI4_DEV_0
Adding cell -- xilinx.com:ip:axi_protocol_converter:2.1 - auto_pc
Successfully read diagram <CPU> from BD file <C:/Users/admin/Desktop/SDHW-CCU-FPGA-ZYNQ-I/SD_DA512_ZYNQ_FPGA.srcs/sources_1/bd/CPU/CPU.bd>
Upgrading 'C:/Users/admin/Desktop/SDHW-CCU-FPGA-ZYNQ-I/SD_DA512_ZYNQ_FPGA.srcs/sources_1/bd/CPU/CPU.bd'
INFO: [IP_Flow 19-3422] Upgraded CPU_AXI4_DEV_0_1 (AXI4_DEV_v1.0 1.0) from revision 163 to revision 164
Wrote  : <C:/Users/admin/Desktop/SDHW-CCU-FPGA-ZYNQ-I/SD_DA512_ZYNQ_FPGA.srcs/sources_1/bd/CPU/CPU.bd> 
INFO: [Coretcl 2-1525] Wrote upgrade log to 'C:/Users/admin/Desktop/SDHW-CCU-FPGA-ZYNQ-I/ip_upgrade.log'.
upgrade_ip: Time (s): cpu = 00:00:08 ; elapsed = 00:00:10 . Memory (MB): peak = 1240.688 ; gain = 196.586
export_ip_user_files -of_objects [get_ips CPU_AXI4_DEV_0_1] -no_script -sync -force -quiet
generate_target all [get_files  C:/Users/admin/Desktop/SDHW-CCU-FPGA-ZYNQ-I/SD_DA512_ZYNQ_FPGA.srcs/sources_1/bd/CPU/CPU.bd]
Wrote  : <C:/Users/admin/Desktop/SDHW-CCU-FPGA-ZYNQ-I/SD_DA512_ZYNQ_FPGA.srcs/sources_1/bd/CPU/CPU.bd> 
VHDL Output written to : C:/Users/admin/Desktop/SDHW-CCU-FPGA-ZYNQ-I/SD_DA512_ZYNQ_FPGA.srcs/sources_1/bd/CPU/synth/CPU.v
VHDL Output written to : C:/Users/admin/Desktop/SDHW-CCU-FPGA-ZYNQ-I/SD_DA512_ZYNQ_FPGA.srcs/sources_1/bd/CPU/sim/CPU.v
VHDL Output written to : C:/Users/admin/Desktop/SDHW-CCU-FPGA-ZYNQ-I/SD_DA512_ZYNQ_FPGA.srcs/sources_1/bd/CPU/hdl/CPU_wrapper.v
INFO: [Device 21-403] Loading part xc7z020clg484-1
INFO: [BD 41-1029] Generation completed for the IP Integrator block AXI4_DEV_0 .
INFO: [BD 41-1029] Generation completed for the IP Integrator block processing_system7_0 .
INFO: [BD 41-1029] Generation completed for the IP Integrator block rst_ps7_0_100M .
WARNING: [IP_Flow 19-3452] Invalid long/float value '5e+07' specified for parameter 'FREQ_HZ(CLK)' for CPU_auto_pc_0.
INFO: [BD 41-1029] Generation completed for the IP Integrator block ps7_0_axi_periph/s00_couplers/auto_pc .
Exporting to file C:/Users/admin/Desktop/SDHW-CCU-FPGA-ZYNQ-I/SD_DA512_ZYNQ_FPGA.srcs/sources_1/bd/CPU/hw_handoff/CPU.hwh
Generated Block Design Tcl file C:/Users/admin/Desktop/SDHW-CCU-FPGA-ZYNQ-I/SD_DA512_ZYNQ_FPGA.srcs/sources_1/bd/CPU/hw_handoff/CPU_bd.tcl
Generated Hardware Definition File C:/Users/admin/Desktop/SDHW-CCU-FPGA-ZYNQ-I/SD_DA512_ZYNQ_FPGA.srcs/sources_1/bd/CPU/synth/CPU.hwdef
generate_target: Time (s): cpu = 00:00:08 ; elapsed = 00:00:12 . Memory (MB): peak = 1525.500 ; gain = 272.445
export_ip_user_files -of_objects [get_files C:/Users/admin/Desktop/SDHW-CCU-FPGA-ZYNQ-I/SD_DA512_ZYNQ_FPGA.srcs/sources_1/bd/CPU/CPU.bd] -no_script -sync -force -quiet
export_simulation -of_objects [get_files C:/Users/admin/Desktop/SDHW-CCU-FPGA-ZYNQ-I/SD_DA512_ZYNQ_FPGA.srcs/sources_1/bd/CPU/CPU.bd] -directory C:/Users/admin/Desktop/SDHW-CCU-FPGA-ZYNQ-I/SD_DA512_ZYNQ_FPGA.ip_user_files/sim_scripts -ip_user_files_dir C:/Users/admin/Desktop/SDHW-CCU-FPGA-ZYNQ-I/SD_DA512_ZYNQ_FPGA.ip_user_files -ipstatic_source_dir C:/Users/admin/Desktop/SDHW-CCU-FPGA-ZYNQ-I/SD_DA512_ZYNQ_FPGA.ip_user_files/ipstatic -lib_map_path [list {modelsim=C:/Users/admin/Desktop/SDHW-CCU-FPGA-ZYNQ-I/SD_DA512_ZYNQ_FPGA.cache/compile_simlib/modelsim} {questa=C:/Users/admin/Desktop/SDHW-CCU-FPGA-ZYNQ-I/SD_DA512_ZYNQ_FPGA.cache/compile_simlib/questa} {riviera=C:/Users/admin/Desktop/SDHW-CCU-FPGA-ZYNQ-I/SD_DA512_ZYNQ_FPGA.cache/compile_simlib/riviera} {activehdl=C:/Users/admin/Desktop/SDHW-CCU-FPGA-ZYNQ-I/SD_DA512_ZYNQ_FPGA.cache/compile_simlib/activehdl}] -use_ip_compiled_libs -force -quiet
reset_run synth_1
launch_runs impl_1 -to_step write_bitstream -jobs 6
[Sun Apr 14 15:25:47 2019] Launched synth_1...
Run output will be captured here: C:/Users/admin/Desktop/SDHW-CCU-FPGA-ZYNQ-I/SD_DA512_ZYNQ_FPGA.runs/synth_1/runme.log
[Sun Apr 14 15:25:47 2019] Launched impl_1...
Run output will be captured here: C:/Users/admin/Desktop/SDHW-CCU-FPGA-ZYNQ-I/SD_DA512_ZYNQ_FPGA.runs/impl_1/runme.log
file copy -force C:/Users/admin/Desktop/SDHW-CCU-FPGA-ZYNQ-I/SD_DA512_ZYNQ_FPGA.runs/impl_1/CPU_wrapper.sysdef C:/Users/admin/Desktop/SDHW-CCU-FPGA-ZYNQ-I/SD_DA512_ZYNQ_FPGA.sdk/CPU_wrapper.hdf

launch_sdk -workspace C:/Users/admin/Desktop/SDHW-CCU-FPGA-ZYNQ-I/SD_DA512_ZYNQ_FPGA.sdk -hwspec C:/Users/admin/Desktop/SDHW-CCU-FPGA-ZYNQ-I/SD_DA512_ZYNQ_FPGA.sdk/CPU_wrapper.hdf
INFO: [Vivado 12-393] Launching SDK...
INFO: [Vivado 12-417] Running xsdk -workspace C:/Users/admin/Desktop/SDHW-CCU-FPGA-ZYNQ-I/SD_DA512_ZYNQ_FPGA.sdk -hwspec C:/Users/admin/Desktop/SDHW-CCU-FPGA-ZYNQ-I/SD_DA512_ZYNQ_FPGA.sdk/CPU_wrapper.hdf
INFO: [Vivado 12-3157] SDK launch initiated. Please check console for any further messages.
ipx::edit_ip_in_project -upgrade true -name AXI4_DEV_v1_0_project -directory C:/Users/admin/Desktop/SDHW-CCU-FPGA-ZYNQ-I/SD_DA512_ZYNQ_FPGA.tmp/AXI4_DEV_v1_0_project c:/Users/admin/Desktop/SDHW-CCU-FPGA-ZYNQ-I/SD_DA512_ZYNQ_FPGA.ipdefs/AXI4_DEV_0_0_0/component.xml
INFO: [ProjectBase 1-489] The host OS only allows 260 characters in a normal path. The project is stored in a path with more than 80 characters. If you experience issues with IP, Block Designs, or files not being found, please consider moving the project to a location with a shorter path. Alternately consider using the OS subst command to map part of the path to a drive letter.
Current project path is 'c:/users/admin/desktop/sdhw-ccu-fpga-zynq-i/sd_da512_zynq_fpga.tmp/axi4_dev_v1_0_project'
INFO: [IP_Flow 19-234] Refreshing IP repositories
INFO: [IP_Flow 19-1704] No user IP repositories specified
INFO: [IP_Flow 19-2313] Loaded Vivado IP repository 'D:/Xilinx/Vivado/2018.2/data/ip'.
INFO: [IP_Flow 19-234] Refreshing IP repositories
INFO: [IP_Flow 19-1700] Loaded user IP repository 'c:/Users/admin/Desktop/SDHW-CCU-FPGA-ZYNQ-I/SD_DA512_ZYNQ_FPGA.ipdefs/AXI4_DEV_0_0_0'.
INFO: [IP_Flow 19-795] Syncing license key meta-data
ipx::edit_ip_in_project: Time (s): cpu = 00:00:05 ; elapsed = 00:00:05 . Memory (MB): peak = 1538.262 ; gain = 12.762
update_compile_order -fileset sources_1
ipx::merge_project_changes files [ipx::current_core]
WARNING: [IP_Flow 19-4963] bram has board value specified. The packaged IP will be restricted to usage with board 'em.avnet.com:zed:part0:1.3'
CRITICAL WARNING: [IP_Flow 19-5376] File 'c:/Users/admin/Desktop/SDHW-CCU-FPGA-ZYNQ-I/SD_DA512_ZYNQ_FPGA.ipdefs/AXI4_DEV_0_0_0/src/zynqfpgaregdef.vh' is marked as a global include. The packaging process cannot preserve this information, instead the file will be marked as an include file.
CRITICAL WARNING: [IP_Flow 19-5376] File 'c:/Users/admin/Desktop/SDHW-CCU-FPGA-ZYNQ-I/SD_DA512_ZYNQ_FPGA.ipdefs/AXI4_DEV_0_0_0/src/timescale.vh' is marked as a global include. The packaging process cannot preserve this information, instead the file will be marked as an include file.
CRITICAL WARNING: [IP_Flow 19-5376] File 'c:/Users/admin/Desktop/SDHW-CCU-FPGA-ZYNQ-I/SD_DA512_ZYNQ_FPGA.ipdefs/AXI4_DEV_0_0_0/src/simulation.vh' is marked as a global include. The packaging process cannot preserve this information, instead the file will be marked as an include file.
CRITICAL WARNING: [IP_Flow 19-5376] File 'c:/Users/admin/Desktop/SDHW-CCU-FPGA-ZYNQ-I/SD_DA512_ZYNQ_FPGA.ipdefs/AXI4_DEV_0_0_0/src/hardwarefpgadefine.vh' is marked as a global include. The packaging process cannot preserve this information, instead the file will be marked as an include file.
WARNING: [IP_Flow 19-5226] Project source file 'c:/Users/admin/Desktop/SDHW-CCU-FPGA-ZYNQ-I/SD_DA512_ZYNQ_FPGA.ipdefs/AXI4_DEV_0_0_0/component.xml' ignored by IP packager.
launch_runs synth_1 -jobs 6
[Sun Apr 14 17:09:43 2019] Launched synth_1...
Run output will be captured here: c:/users/admin/desktop/sdhw-ccu-fpga-zynq-i/sd_da512_zynq_fpga.tmp/axi4_dev_v1_0_project/AXI4_DEV_v1_0_project.runs/synth_1/runme.log
set_property core_revision 165 [ipx::current_core]
ipx::update_source_project_archive -component [ipx::current_core]
ipx::create_xgui_files [ipx::current_core]
ipx::update_checksums [ipx::current_core]
ipx::save_core [ipx::current_core]
ipx::move_temp_component_back -component [ipx::current_core]
close_project -delete
update_ip_catalog -rebuild -repo_path c:/Users/admin/Desktop/SDHW-CCU-FPGA-ZYNQ-I/SD_DA512_ZYNQ_FPGA.ipdefs/AXI4_DEV_0_0_0
INFO: [IP_Flow 19-725] Reloaded user IP repository 'c:/Users/admin/Desktop/SDHW-CCU-FPGA-ZYNQ-I/SD_DA512_ZYNQ_FPGA.ipdefs/AXI4_DEV_0_0_0'
upgrade_ip -vlnv xilinx.com:user:AXI4_DEV:1.0 [get_ips  CPU_AXI4_DEV_0_1] -log ip_upgrade.log
Upgrading 'C:/Users/admin/Desktop/SDHW-CCU-FPGA-ZYNQ-I/SD_DA512_ZYNQ_FPGA.srcs/sources_1/bd/CPU/CPU.bd'
INFO: [IP_Flow 19-3422] Upgraded CPU_AXI4_DEV_0_1 (AXI4_DEV_v1.0 1.0) from revision 164 to revision 165
Wrote  : <C:/Users/admin/Desktop/SDHW-CCU-FPGA-ZYNQ-I/SD_DA512_ZYNQ_FPGA.srcs/sources_1/bd/CPU/CPU.bd> 
INFO: [Coretcl 2-1525] Wrote upgrade log to 'C:/Users/admin/Desktop/SDHW-CCU-FPGA-ZYNQ-I/ip_upgrade.log'.
export_ip_user_files -of_objects [get_ips CPU_AXI4_DEV_0_1] -no_script -sync -force -quiet
generate_target all [get_files  C:/Users/admin/Desktop/SDHW-CCU-FPGA-ZYNQ-I/SD_DA512_ZYNQ_FPGA.srcs/sources_1/bd/CPU/CPU.bd]
Wrote  : <C:/Users/admin/Desktop/SDHW-CCU-FPGA-ZYNQ-I/SD_DA512_ZYNQ_FPGA.srcs/sources_1/bd/CPU/CPU.bd> 
VHDL Output written to : C:/Users/admin/Desktop/SDHW-CCU-FPGA-ZYNQ-I/SD_DA512_ZYNQ_FPGA.srcs/sources_1/bd/CPU/synth/CPU.v
VHDL Output written to : C:/Users/admin/Desktop/SDHW-CCU-FPGA-ZYNQ-I/SD_DA512_ZYNQ_FPGA.srcs/sources_1/bd/CPU/sim/CPU.v
VHDL Output written to : C:/Users/admin/Desktop/SDHW-CCU-FPGA-ZYNQ-I/SD_DA512_ZYNQ_FPGA.srcs/sources_1/bd/CPU/hdl/CPU_wrapper.v
INFO: [BD 41-1029] Generation completed for the IP Integrator block AXI4_DEV_0 .
INFO: [BD 41-1029] Generation completed for the IP Integrator block processing_system7_0 .
INFO: [BD 41-1029] Generation completed for the IP Integrator block rst_ps7_0_100M .
WARNING: [IP_Flow 19-3452] Invalid long/float value '5e+07' specified for parameter 'FREQ_HZ(CLK)' for CPU_auto_pc_0.
INFO: [BD 41-1029] Generation completed for the IP Integrator block ps7_0_axi_periph/s00_couplers/auto_pc .
Exporting to file C:/Users/admin/Desktop/SDHW-CCU-FPGA-ZYNQ-I/SD_DA512_ZYNQ_FPGA.srcs/sources_1/bd/CPU/hw_handoff/CPU.hwh
Generated Block Design Tcl file C:/Users/admin/Desktop/SDHW-CCU-FPGA-ZYNQ-I/SD_DA512_ZYNQ_FPGA.srcs/sources_1/bd/CPU/hw_handoff/CPU_bd.tcl
Generated Hardware Definition File C:/Users/admin/Desktop/SDHW-CCU-FPGA-ZYNQ-I/SD_DA512_ZYNQ_FPGA.srcs/sources_1/bd/CPU/synth/CPU.hwdef
generate_target: Time (s): cpu = 00:00:04 ; elapsed = 00:00:07 . Memory (MB): peak = 1621.117 ; gain = 45.598
export_ip_user_files -of_objects [get_files C:/Users/admin/Desktop/SDHW-CCU-FPGA-ZYNQ-I/SD_DA512_ZYNQ_FPGA.srcs/sources_1/bd/CPU/CPU.bd] -no_script -sync -force -quiet
export_simulation -of_objects [get_files C:/Users/admin/Desktop/SDHW-CCU-FPGA-ZYNQ-I/SD_DA512_ZYNQ_FPGA.srcs/sources_1/bd/CPU/CPU.bd] -directory C:/Users/admin/Desktop/SDHW-CCU-FPGA-ZYNQ-I/SD_DA512_ZYNQ_FPGA.ip_user_files/sim_scripts -ip_user_files_dir C:/Users/admin/Desktop/SDHW-CCU-FPGA-ZYNQ-I/SD_DA512_ZYNQ_FPGA.ip_user_files -ipstatic_source_dir C:/Users/admin/Desktop/SDHW-CCU-FPGA-ZYNQ-I/SD_DA512_ZYNQ_FPGA.ip_user_files/ipstatic -lib_map_path [list {modelsim=C:/Users/admin/Desktop/SDHW-CCU-FPGA-ZYNQ-I/SD_DA512_ZYNQ_FPGA.cache/compile_simlib/modelsim} {questa=C:/Users/admin/Desktop/SDHW-CCU-FPGA-ZYNQ-I/SD_DA512_ZYNQ_FPGA.cache/compile_simlib/questa} {riviera=C:/Users/admin/Desktop/SDHW-CCU-FPGA-ZYNQ-I/SD_DA512_ZYNQ_FPGA.cache/compile_simlib/riviera} {activehdl=C:/Users/admin/Desktop/SDHW-CCU-FPGA-ZYNQ-I/SD_DA512_ZYNQ_FPGA.cache/compile_simlib/activehdl}] -use_ip_compiled_libs -force -quiet
reset_run synth_1
launch_runs impl_1 -to_step write_bitstream -jobs 6
[Sun Apr 14 17:13:45 2019] Launched synth_1...
Run output will be captured here: C:/Users/admin/Desktop/SDHW-CCU-FPGA-ZYNQ-I/SD_DA512_ZYNQ_FPGA.runs/synth_1/runme.log
[Sun Apr 14 17:13:45 2019] Launched impl_1...
Run output will be captured here: C:/Users/admin/Desktop/SDHW-CCU-FPGA-ZYNQ-I/SD_DA512_ZYNQ_FPGA.runs/impl_1/runme.log
set_param general.MaxThreads 8
8
file copy -force C:/Users/admin/Desktop/SDHW-CCU-FPGA-ZYNQ-I/SD_DA512_ZYNQ_FPGA.runs/impl_1/CPU_wrapper.sysdef C:/Users/admin/Desktop/SDHW-CCU-FPGA-ZYNQ-I/SD_DA512_ZYNQ_FPGA.sdk/CPU_wrapper.hdf

launch_sdk -workspace C:/Users/admin/Desktop/SDHW-CCU-FPGA-ZYNQ-I/SD_DA512_ZYNQ_FPGA.sdk -hwspec C:/Users/admin/Desktop/SDHW-CCU-FPGA-ZYNQ-I/SD_DA512_ZYNQ_FPGA.sdk/CPU_wrapper.hdf
INFO: [Vivado 12-393] Launching SDK...
INFO: [Vivado 12-417] Running xsdk -workspace C:/Users/admin/Desktop/SDHW-CCU-FPGA-ZYNQ-I/SD_DA512_ZYNQ_FPGA.sdk -hwspec C:/Users/admin/Desktop/SDHW-CCU-FPGA-ZYNQ-I/SD_DA512_ZYNQ_FPGA.sdk/CPU_wrapper.hdf
INFO: [Vivado 12-3157] SDK launch initiated. Please check console for any further messages.
ipx::edit_ip_in_project -upgrade true -name AXI4_DEV_v1_0_project -directory C:/Users/admin/Desktop/SDHW-CCU-FPGA-ZYNQ-I/SD_DA512_ZYNQ_FPGA.tmp/AXI4_DEV_v1_0_project c:/Users/admin/Desktop/SDHW-CCU-FPGA-ZYNQ-I/SD_DA512_ZYNQ_FPGA.ipdefs/AXI4_DEV_0_0_0/component.xml
INFO: [ProjectBase 1-489] The host OS only allows 260 characters in a normal path. The project is stored in a path with more than 80 characters. If you experience issues with IP, Block Designs, or files not being found, please consider moving the project to a location with a shorter path. Alternately consider using the OS subst command to map part of the path to a drive letter.
Current project path is 'c:/users/admin/desktop/sdhw-ccu-fpga-zynq-i/sd_da512_zynq_fpga.tmp/axi4_dev_v1_0_project'
INFO: [IP_Flow 19-234] Refreshing IP repositories
INFO: [IP_Flow 19-1704] No user IP repositories specified
INFO: [IP_Flow 19-2313] Loaded Vivado IP repository 'D:/Xilinx/Vivado/2018.2/data/ip'.
INFO: [IP_Flow 19-234] Refreshing IP repositories
INFO: [IP_Flow 19-1700] Loaded user IP repository 'c:/Users/admin/Desktop/SDHW-CCU-FPGA-ZYNQ-I/SD_DA512_ZYNQ_FPGA.ipdefs/AXI4_DEV_0_0_0'.
INFO: [IP_Flow 19-795] Syncing license key meta-data
ipx::edit_ip_in_project: Time (s): cpu = 00:00:04 ; elapsed = 00:00:05 . Memory (MB): peak = 1621.117 ; gain = 0.000
update_compile_order -fileset sources_1
ipx::merge_project_changes files [ipx::current_core]
WARNING: [IP_Flow 19-4963] bram has board value specified. The packaged IP will be restricted to usage with board 'em.avnet.com:zed:part0:1.3'
CRITICAL WARNING: [IP_Flow 19-5376] File 'c:/Users/admin/Desktop/SDHW-CCU-FPGA-ZYNQ-I/SD_DA512_ZYNQ_FPGA.ipdefs/AXI4_DEV_0_0_0/src/zynqfpgaregdef.vh' is marked as a global include. The packaging process cannot preserve this information, instead the file will be marked as an include file.
CRITICAL WARNING: [IP_Flow 19-5376] File 'c:/Users/admin/Desktop/SDHW-CCU-FPGA-ZYNQ-I/SD_DA512_ZYNQ_FPGA.ipdefs/AXI4_DEV_0_0_0/src/timescale.vh' is marked as a global include. The packaging process cannot preserve this information, instead the file will be marked as an include file.
CRITICAL WARNING: [IP_Flow 19-5376] File 'c:/Users/admin/Desktop/SDHW-CCU-FPGA-ZYNQ-I/SD_DA512_ZYNQ_FPGA.ipdefs/AXI4_DEV_0_0_0/src/simulation.vh' is marked as a global include. The packaging process cannot preserve this information, instead the file will be marked as an include file.
CRITICAL WARNING: [IP_Flow 19-5376] File 'c:/Users/admin/Desktop/SDHW-CCU-FPGA-ZYNQ-I/SD_DA512_ZYNQ_FPGA.ipdefs/AXI4_DEV_0_0_0/src/hardwarefpgadefine.vh' is marked as a global include. The packaging process cannot preserve this information, instead the file will be marked as an include file.
WARNING: [IP_Flow 19-5226] Project source file 'c:/Users/admin/Desktop/SDHW-CCU-FPGA-ZYNQ-I/SD_DA512_ZYNQ_FPGA.ipdefs/AXI4_DEV_0_0_0/component.xml' ignored by IP packager.
launch_runs synth_1 -jobs 6
[Sun Apr 14 18:37:17 2019] Launched synth_1...
Run output will be captured here: c:/users/admin/desktop/sdhw-ccu-fpga-zynq-i/sd_da512_zynq_fpga.tmp/axi4_dev_v1_0_project/AXI4_DEV_v1_0_project.runs/synth_1/runme.log
reset_run synth_1
launch_runs synth_1 -jobs 6
[Sun Apr 14 18:40:53 2019] Launched synth_1...
Run output will be captured here: c:/users/admin/desktop/sdhw-ccu-fpga-zynq-i/sd_da512_zynq_fpga.tmp/axi4_dev_v1_0_project/AXI4_DEV_v1_0_project.runs/synth_1/runme.log
reset_run synth_1
launch_runs synth_1 -jobs 6
[Sun Apr 14 19:21:36 2019] Launched synth_1...
Run output will be captured here: c:/users/admin/desktop/sdhw-ccu-fpga-zynq-i/sd_da512_zynq_fpga.tmp/axi4_dev_v1_0_project/AXI4_DEV_v1_0_project.runs/synth_1/runme.log
ipx::merge_project_changes files [ipx::current_core]
WARNING: [IP_Flow 19-4963] bram has board value specified. The packaged IP will be restricted to usage with board 'em.avnet.com:zed:part0:1.3'
CRITICAL WARNING: [IP_Flow 19-5376] File 'c:/Users/admin/Desktop/SDHW-CCU-FPGA-ZYNQ-I/SD_DA512_ZYNQ_FPGA.ipdefs/AXI4_DEV_0_0_0/src/zynqfpgaregdef.vh' is marked as a global include. The packaging process cannot preserve this information, instead the file will be marked as an include file.
CRITICAL WARNING: [IP_Flow 19-5376] File 'c:/Users/admin/Desktop/SDHW-CCU-FPGA-ZYNQ-I/SD_DA512_ZYNQ_FPGA.ipdefs/AXI4_DEV_0_0_0/src/timescale.vh' is marked as a global include. The packaging process cannot preserve this information, instead the file will be marked as an include file.
CRITICAL WARNING: [IP_Flow 19-5376] File 'c:/Users/admin/Desktop/SDHW-CCU-FPGA-ZYNQ-I/SD_DA512_ZYNQ_FPGA.ipdefs/AXI4_DEV_0_0_0/src/simulation.vh' is marked as a global include. The packaging process cannot preserve this information, instead the file will be marked as an include file.
CRITICAL WARNING: [IP_Flow 19-5376] File 'c:/Users/admin/Desktop/SDHW-CCU-FPGA-ZYNQ-I/SD_DA512_ZYNQ_FPGA.ipdefs/AXI4_DEV_0_0_0/src/hardwarefpgadefine.vh' is marked as a global include. The packaging process cannot preserve this information, instead the file will be marked as an include file.
WARNING: [IP_Flow 19-5226] Project source file 'c:/Users/admin/Desktop/SDHW-CCU-FPGA-ZYNQ-I/SD_DA512_ZYNQ_FPGA.ipdefs/AXI4_DEV_0_0_0/component.xml' ignored by IP packager.
set_property core_revision 166 [ipx::current_core]
ipx::update_source_project_archive -component [ipx::current_core]
ipx::create_xgui_files [ipx::current_core]
ipx::update_checksums [ipx::current_core]
ipx::save_core [ipx::current_core]
ipx::move_temp_component_back -component [ipx::current_core]
close_project -delete
update_ip_catalog -rebuild -repo_path c:/Users/admin/Desktop/SDHW-CCU-FPGA-ZYNQ-I/SD_DA512_ZYNQ_FPGA.ipdefs/AXI4_DEV_0_0_0
INFO: [IP_Flow 19-725] Reloaded user IP repository 'c:/Users/admin/Desktop/SDHW-CCU-FPGA-ZYNQ-I/SD_DA512_ZYNQ_FPGA.ipdefs/AXI4_DEV_0_0_0'
upgrade_ip -vlnv xilinx.com:user:AXI4_DEV:1.0 [get_ips  CPU_AXI4_DEV_0_1] -log ip_upgrade.log
Upgrading 'C:/Users/admin/Desktop/SDHW-CCU-FPGA-ZYNQ-I/SD_DA512_ZYNQ_FPGA.srcs/sources_1/bd/CPU/CPU.bd'
INFO: [IP_Flow 19-3422] Upgraded CPU_AXI4_DEV_0_1 (AXI4_DEV_v1.0 1.0) from revision 165 to revision 166
Wrote  : <C:/Users/admin/Desktop/SDHW-CCU-FPGA-ZYNQ-I/SD_DA512_ZYNQ_FPGA.srcs/sources_1/bd/CPU/CPU.bd> 
INFO: [Coretcl 2-1525] Wrote upgrade log to 'C:/Users/admin/Desktop/SDHW-CCU-FPGA-ZYNQ-I/ip_upgrade.log'.
export_ip_user_files -of_objects [get_ips CPU_AXI4_DEV_0_1] -no_script -sync -force -quiet
generate_target all [get_files  C:/Users/admin/Desktop/SDHW-CCU-FPGA-ZYNQ-I/SD_DA512_ZYNQ_FPGA.srcs/sources_1/bd/CPU/CPU.bd]
Wrote  : <C:/Users/admin/Desktop/SDHW-CCU-FPGA-ZYNQ-I/SD_DA512_ZYNQ_FPGA.srcs/sources_1/bd/CPU/CPU.bd> 
VHDL Output written to : C:/Users/admin/Desktop/SDHW-CCU-FPGA-ZYNQ-I/SD_DA512_ZYNQ_FPGA.srcs/sources_1/bd/CPU/synth/CPU.v
VHDL Output written to : C:/Users/admin/Desktop/SDHW-CCU-FPGA-ZYNQ-I/SD_DA512_ZYNQ_FPGA.srcs/sources_1/bd/CPU/sim/CPU.v
VHDL Output written to : C:/Users/admin/Desktop/SDHW-CCU-FPGA-ZYNQ-I/SD_DA512_ZYNQ_FPGA.srcs/sources_1/bd/CPU/hdl/CPU_wrapper.v
INFO: [BD 41-1029] Generation completed for the IP Integrator block AXI4_DEV_0 .
INFO: [BD 41-1029] Generation completed for the IP Integrator block processing_system7_0 .
INFO: [BD 41-1029] Generation completed for the IP Integrator block rst_ps7_0_100M .
WARNING: [IP_Flow 19-3452] Invalid long/float value '5e+07' specified for parameter 'FREQ_HZ(CLK)' for CPU_auto_pc_0.
INFO: [BD 41-1029] Generation completed for the IP Integrator block ps7_0_axi_periph/s00_couplers/auto_pc .
Exporting to file C:/Users/admin/Desktop/SDHW-CCU-FPGA-ZYNQ-I/SD_DA512_ZYNQ_FPGA.srcs/sources_1/bd/CPU/hw_handoff/CPU.hwh
Generated Block Design Tcl file C:/Users/admin/Desktop/SDHW-CCU-FPGA-ZYNQ-I/SD_DA512_ZYNQ_FPGA.srcs/sources_1/bd/CPU/hw_handoff/CPU_bd.tcl
Generated Hardware Definition File C:/Users/admin/Desktop/SDHW-CCU-FPGA-ZYNQ-I/SD_DA512_ZYNQ_FPGA.srcs/sources_1/bd/CPU/synth/CPU.hwdef
generate_target: Time (s): cpu = 00:00:04 ; elapsed = 00:00:07 . Memory (MB): peak = 1689.586 ; gain = 57.137
export_ip_user_files -of_objects [get_files C:/Users/admin/Desktop/SDHW-CCU-FPGA-ZYNQ-I/SD_DA512_ZYNQ_FPGA.srcs/sources_1/bd/CPU/CPU.bd] -no_script -sync -force -quiet
export_simulation -of_objects [get_files C:/Users/admin/Desktop/SDHW-CCU-FPGA-ZYNQ-I/SD_DA512_ZYNQ_FPGA.srcs/sources_1/bd/CPU/CPU.bd] -directory C:/Users/admin/Desktop/SDHW-CCU-FPGA-ZYNQ-I/SD_DA512_ZYNQ_FPGA.ip_user_files/sim_scripts -ip_user_files_dir C:/Users/admin/Desktop/SDHW-CCU-FPGA-ZYNQ-I/SD_DA512_ZYNQ_FPGA.ip_user_files -ipstatic_source_dir C:/Users/admin/Desktop/SDHW-CCU-FPGA-ZYNQ-I/SD_DA512_ZYNQ_FPGA.ip_user_files/ipstatic -lib_map_path [list {modelsim=C:/Users/admin/Desktop/SDHW-CCU-FPGA-ZYNQ-I/SD_DA512_ZYNQ_FPGA.cache/compile_simlib/modelsim} {questa=C:/Users/admin/Desktop/SDHW-CCU-FPGA-ZYNQ-I/SD_DA512_ZYNQ_FPGA.cache/compile_simlib/questa} {riviera=C:/Users/admin/Desktop/SDHW-CCU-FPGA-ZYNQ-I/SD_DA512_ZYNQ_FPGA.cache/compile_simlib/riviera} {activehdl=C:/Users/admin/Desktop/SDHW-CCU-FPGA-ZYNQ-I/SD_DA512_ZYNQ_FPGA.cache/compile_simlib/activehdl}] -use_ip_compiled_libs -force -quiet
reset_run synth_1
launch_runs impl_1 -to_step write_bitstream -jobs 6
[Sun Apr 14 19:25:33 2019] Launched synth_1...
Run output will be captured here: C:/Users/admin/Desktop/SDHW-CCU-FPGA-ZYNQ-I/SD_DA512_ZYNQ_FPGA.runs/synth_1/runme.log
[Sun Apr 14 19:25:33 2019] Launched impl_1...
Run output will be captured here: C:/Users/admin/Desktop/SDHW-CCU-FPGA-ZYNQ-I/SD_DA512_ZYNQ_FPGA.runs/impl_1/runme.log
report_ip_status -name ip_status 
file copy -force C:/Users/admin/Desktop/SDHW-CCU-FPGA-ZYNQ-I/SD_DA512_ZYNQ_FPGA.runs/impl_1/CPU_wrapper.sysdef C:/Users/admin/Desktop/SDHW-CCU-FPGA-ZYNQ-I/SD_DA512_ZYNQ_FPGA.sdk/CPU_wrapper.hdf

launch_sdk -workspace C:/Users/admin/Desktop/SDHW-CCU-FPGA-ZYNQ-I/SD_DA512_ZYNQ_FPGA.sdk -hwspec C:/Users/admin/Desktop/SDHW-CCU-FPGA-ZYNQ-I/SD_DA512_ZYNQ_FPGA.sdk/CPU_wrapper.hdf
INFO: [Vivado 12-393] Launching SDK...
INFO: [Vivado 12-417] Running xsdk -workspace C:/Users/admin/Desktop/SDHW-CCU-FPGA-ZYNQ-I/SD_DA512_ZYNQ_FPGA.sdk -hwspec C:/Users/admin/Desktop/SDHW-CCU-FPGA-ZYNQ-I/SD_DA512_ZYNQ_FPGA.sdk/CPU_wrapper.hdf
INFO: [Vivado 12-3157] SDK launch initiated. Please check console for any further messages.
ipx::edit_ip_in_project -upgrade true -name AXI4_DEV_v1_0_project -directory C:/Users/admin/Desktop/SDHW-CCU-FPGA-ZYNQ-I/SD_DA512_ZYNQ_FPGA.tmp/AXI4_DEV_v1_0_project c:/Users/admin/Desktop/SDHW-CCU-FPGA-ZYNQ-I/SD_DA512_ZYNQ_FPGA.ipdefs/AXI4_DEV_0_0_0/component.xml
INFO: [ProjectBase 1-489] The host OS only allows 260 characters in a normal path. The project is stored in a path with more than 80 characters. If you experience issues with IP, Block Designs, or files not being found, please consider moving the project to a location with a shorter path. Alternately consider using the OS subst command to map part of the path to a drive letter.
Current project path is 'c:/users/admin/desktop/sdhw-ccu-fpga-zynq-i/sd_da512_zynq_fpga.tmp/axi4_dev_v1_0_project'
INFO: [IP_Flow 19-234] Refreshing IP repositories
INFO: [IP_Flow 19-1704] No user IP repositories specified
INFO: [IP_Flow 19-2313] Loaded Vivado IP repository 'D:/Xilinx/Vivado/2018.2/data/ip'.
INFO: [IP_Flow 19-234] Refreshing IP repositories
INFO: [IP_Flow 19-1700] Loaded user IP repository 'c:/Users/admin/Desktop/SDHW-CCU-FPGA-ZYNQ-I/SD_DA512_ZYNQ_FPGA.ipdefs/AXI4_DEV_0_0_0'.
INFO: [IP_Flow 19-795] Syncing license key meta-data
ipx::edit_ip_in_project: Time (s): cpu = 00:00:04 ; elapsed = 00:00:05 . Memory (MB): peak = 1689.586 ; gain = 0.000
update_compile_order -fileset sources_1
launch_runs synth_1 -jobs 6
[Sun Apr 14 19:56:26 2019] Launched synth_1...
Run output will be captured here: c:/users/admin/desktop/sdhw-ccu-fpga-zynq-i/sd_da512_zynq_fpga.tmp/axi4_dev_v1_0_project/AXI4_DEV_v1_0_project.runs/synth_1/runme.log
ipx::merge_project_changes files [ipx::current_core]
WARNING: [IP_Flow 19-4963] bram has board value specified. The packaged IP will be restricted to usage with board 'em.avnet.com:zed:part0:1.3'
CRITICAL WARNING: [IP_Flow 19-5376] File 'c:/Users/admin/Desktop/SDHW-CCU-FPGA-ZYNQ-I/SD_DA512_ZYNQ_FPGA.ipdefs/AXI4_DEV_0_0_0/src/zynqfpgaregdef.vh' is marked as a global include. The packaging process cannot preserve this information, instead the file will be marked as an include file.
CRITICAL WARNING: [IP_Flow 19-5376] File 'c:/Users/admin/Desktop/SDHW-CCU-FPGA-ZYNQ-I/SD_DA512_ZYNQ_FPGA.ipdefs/AXI4_DEV_0_0_0/src/timescale.vh' is marked as a global include. The packaging process cannot preserve this information, instead the file will be marked as an include file.
CRITICAL WARNING: [IP_Flow 19-5376] File 'c:/Users/admin/Desktop/SDHW-CCU-FPGA-ZYNQ-I/SD_DA512_ZYNQ_FPGA.ipdefs/AXI4_DEV_0_0_0/src/simulation.vh' is marked as a global include. The packaging process cannot preserve this information, instead the file will be marked as an include file.
CRITICAL WARNING: [IP_Flow 19-5376] File 'c:/Users/admin/Desktop/SDHW-CCU-FPGA-ZYNQ-I/SD_DA512_ZYNQ_FPGA.ipdefs/AXI4_DEV_0_0_0/src/hardwarefpgadefine.vh' is marked as a global include. The packaging process cannot preserve this information, instead the file will be marked as an include file.
WARNING: [IP_Flow 19-5226] Project source file 'c:/Users/admin/Desktop/SDHW-CCU-FPGA-ZYNQ-I/SD_DA512_ZYNQ_FPGA.ipdefs/AXI4_DEV_0_0_0/component.xml' ignored by IP packager.
set_property core_revision 167 [ipx::current_core]
ipx::update_source_project_archive -component [ipx::current_core]
ipx::create_xgui_files [ipx::current_core]
ipx::update_checksums [ipx::current_core]
ipx::save_core [ipx::current_core]
ipx::move_temp_component_back -component [ipx::current_core]
close_project -delete
update_ip_catalog -rebuild -repo_path c:/Users/admin/Desktop/SDHW-CCU-FPGA-ZYNQ-I/SD_DA512_ZYNQ_FPGA.ipdefs/AXI4_DEV_0_0_0
INFO: [IP_Flow 19-725] Reloaded user IP repository 'c:/Users/admin/Desktop/SDHW-CCU-FPGA-ZYNQ-I/SD_DA512_ZYNQ_FPGA.ipdefs/AXI4_DEV_0_0_0'
report_ip_status -name ip_status 
upgrade_ip -vlnv xilinx.com:user:AXI4_DEV:1.0 [get_ips  CPU_AXI4_DEV_0_1] -log ip_upgrade.log
Upgrading 'C:/Users/admin/Desktop/SDHW-CCU-FPGA-ZYNQ-I/SD_DA512_ZYNQ_FPGA.srcs/sources_1/bd/CPU/CPU.bd'
INFO: [IP_Flow 19-3422] Upgraded CPU_AXI4_DEV_0_1 (AXI4_DEV_v1.0 1.0) from revision 166 to revision 167
Wrote  : <C:/Users/admin/Desktop/SDHW-CCU-FPGA-ZYNQ-I/SD_DA512_ZYNQ_FPGA.srcs/sources_1/bd/CPU/CPU.bd> 
INFO: [Coretcl 2-1525] Wrote upgrade log to 'C:/Users/admin/Desktop/SDHW-CCU-FPGA-ZYNQ-I/ip_upgrade.log'.
export_ip_user_files -of_objects [get_ips CPU_AXI4_DEV_0_1] -no_script -sync -force -quiet
generate_target all [get_files  C:/Users/admin/Desktop/SDHW-CCU-FPGA-ZYNQ-I/SD_DA512_ZYNQ_FPGA.srcs/sources_1/bd/CPU/CPU.bd]
Wrote  : <C:/Users/admin/Desktop/SDHW-CCU-FPGA-ZYNQ-I/SD_DA512_ZYNQ_FPGA.srcs/sources_1/bd/CPU/CPU.bd> 
VHDL Output written to : C:/Users/admin/Desktop/SDHW-CCU-FPGA-ZYNQ-I/SD_DA512_ZYNQ_FPGA.srcs/sources_1/bd/CPU/synth/CPU.v
VHDL Output written to : C:/Users/admin/Desktop/SDHW-CCU-FPGA-ZYNQ-I/SD_DA512_ZYNQ_FPGA.srcs/sources_1/bd/CPU/sim/CPU.v
VHDL Output written to : C:/Users/admin/Desktop/SDHW-CCU-FPGA-ZYNQ-I/SD_DA512_ZYNQ_FPGA.srcs/sources_1/bd/CPU/hdl/CPU_wrapper.v
INFO: [BD 41-1029] Generation completed for the IP Integrator block AXI4_DEV_0 .
INFO: [BD 41-1029] Generation completed for the IP Integrator block processing_system7_0 .
INFO: [BD 41-1029] Generation completed for the IP Integrator block rst_ps7_0_100M .
WARNING: [IP_Flow 19-3452] Invalid long/float value '5e+07' specified for parameter 'FREQ_HZ(CLK)' for CPU_auto_pc_0.
INFO: [BD 41-1029] Generation completed for the IP Integrator block ps7_0_axi_periph/s00_couplers/auto_pc .
Exporting to file C:/Users/admin/Desktop/SDHW-CCU-FPGA-ZYNQ-I/SD_DA512_ZYNQ_FPGA.srcs/sources_1/bd/CPU/hw_handoff/CPU.hwh
Generated Block Design Tcl file C:/Users/admin/Desktop/SDHW-CCU-FPGA-ZYNQ-I/SD_DA512_ZYNQ_FPGA.srcs/sources_1/bd/CPU/hw_handoff/CPU_bd.tcl
Generated Hardware Definition File C:/Users/admin/Desktop/SDHW-CCU-FPGA-ZYNQ-I/SD_DA512_ZYNQ_FPGA.srcs/sources_1/bd/CPU/synth/CPU.hwdef
generate_target: Time (s): cpu = 00:00:04 ; elapsed = 00:00:07 . Memory (MB): peak = 1739.199 ; gain = 49.613
export_ip_user_files -of_objects [get_files C:/Users/admin/Desktop/SDHW-CCU-FPGA-ZYNQ-I/SD_DA512_ZYNQ_FPGA.srcs/sources_1/bd/CPU/CPU.bd] -no_script -sync -force -quiet
export_simulation -of_objects [get_files C:/Users/admin/Desktop/SDHW-CCU-FPGA-ZYNQ-I/SD_DA512_ZYNQ_FPGA.srcs/sources_1/bd/CPU/CPU.bd] -directory C:/Users/admin/Desktop/SDHW-CCU-FPGA-ZYNQ-I/SD_DA512_ZYNQ_FPGA.ip_user_files/sim_scripts -ip_user_files_dir C:/Users/admin/Desktop/SDHW-CCU-FPGA-ZYNQ-I/SD_DA512_ZYNQ_FPGA.ip_user_files -ipstatic_source_dir C:/Users/admin/Desktop/SDHW-CCU-FPGA-ZYNQ-I/SD_DA512_ZYNQ_FPGA.ip_user_files/ipstatic -lib_map_path [list {modelsim=C:/Users/admin/Desktop/SDHW-CCU-FPGA-ZYNQ-I/SD_DA512_ZYNQ_FPGA.cache/compile_simlib/modelsim} {questa=C:/Users/admin/Desktop/SDHW-CCU-FPGA-ZYNQ-I/SD_DA512_ZYNQ_FPGA.cache/compile_simlib/questa} {riviera=C:/Users/admin/Desktop/SDHW-CCU-FPGA-ZYNQ-I/SD_DA512_ZYNQ_FPGA.cache/compile_simlib/riviera} {activehdl=C:/Users/admin/Desktop/SDHW-CCU-FPGA-ZYNQ-I/SD_DA512_ZYNQ_FPGA.cache/compile_simlib/activehdl}] -use_ip_compiled_libs -force -quiet
reset_run synth_1
launch_runs impl_1 -to_step write_bitstream -jobs 6
[Sun Apr 14 20:00:32 2019] Launched synth_1...
Run output will be captured here: C:/Users/admin/Desktop/SDHW-CCU-FPGA-ZYNQ-I/SD_DA512_ZYNQ_FPGA.runs/synth_1/runme.log
[Sun Apr 14 20:00:32 2019] Launched impl_1...
Run output will be captured here: C:/Users/admin/Desktop/SDHW-CCU-FPGA-ZYNQ-I/SD_DA512_ZYNQ_FPGA.runs/impl_1/runme.log
report_ip_status -name ip_status 
file copy -force C:/Users/admin/Desktop/SDHW-CCU-FPGA-ZYNQ-I/SD_DA512_ZYNQ_FPGA.runs/impl_1/CPU_wrapper.sysdef C:/Users/admin/Desktop/SDHW-CCU-FPGA-ZYNQ-I/SD_DA512_ZYNQ_FPGA.sdk/CPU_wrapper.hdf

launch_sdk -workspace C:/Users/admin/Desktop/SDHW-CCU-FPGA-ZYNQ-I/SD_DA512_ZYNQ_FPGA.sdk -hwspec C:/Users/admin/Desktop/SDHW-CCU-FPGA-ZYNQ-I/SD_DA512_ZYNQ_FPGA.sdk/CPU_wrapper.hdf
INFO: [Vivado 12-393] Launching SDK...
INFO: [Vivado 12-417] Running xsdk -workspace C:/Users/admin/Desktop/SDHW-CCU-FPGA-ZYNQ-I/SD_DA512_ZYNQ_FPGA.sdk -hwspec C:/Users/admin/Desktop/SDHW-CCU-FPGA-ZYNQ-I/SD_DA512_ZYNQ_FPGA.sdk/CPU_wrapper.hdf
INFO: [Vivado 12-3157] SDK launch initiated. Please check console for any further messages.
ipx::edit_ip_in_project -upgrade true -name AXI4_DEV_v1_0_project -directory C:/Users/admin/Desktop/SDHW-CCU-FPGA-ZYNQ-I/SD_DA512_ZYNQ_FPGA.tmp/AXI4_DEV_v1_0_project c:/Users/admin/Desktop/SDHW-CCU-FPGA-ZYNQ-I/SD_DA512_ZYNQ_FPGA.ipdefs/AXI4_DEV_0_0_0/component.xml
INFO: [ProjectBase 1-489] The host OS only allows 260 characters in a normal path. The project is stored in a path with more than 80 characters. If you experience issues with IP, Block Designs, or files not being found, please consider moving the project to a location with a shorter path. Alternately consider using the OS subst command to map part of the path to a drive letter.
Current project path is 'c:/users/admin/desktop/sdhw-ccu-fpga-zynq-i/sd_da512_zynq_fpga.tmp/axi4_dev_v1_0_project'
INFO: [IP_Flow 19-234] Refreshing IP repositories
INFO: [IP_Flow 19-1704] No user IP repositories specified
INFO: [IP_Flow 19-2313] Loaded Vivado IP repository 'D:/Xilinx/Vivado/2018.2/data/ip'.
INFO: [IP_Flow 19-234] Refreshing IP repositories
INFO: [IP_Flow 19-1700] Loaded user IP repository 'c:/Users/admin/Desktop/SDHW-CCU-FPGA-ZYNQ-I/SD_DA512_ZYNQ_FPGA.ipdefs/AXI4_DEV_0_0_0'.
INFO: [IP_Flow 19-795] Syncing license key meta-data
ipx::edit_ip_in_project: Time (s): cpu = 00:00:04 ; elapsed = 00:00:05 . Memory (MB): peak = 1739.199 ; gain = 0.000
update_compile_order -fileset sources_1
launch_runs synth_1 -jobs 6
[Sun Apr 14 20:43:04 2019] Launched synth_1...
Run output will be captured here: c:/users/admin/desktop/sdhw-ccu-fpga-zynq-i/sd_da512_zynq_fpga.tmp/axi4_dev_v1_0_project/AXI4_DEV_v1_0_project.runs/synth_1/runme.log
reset_run synth_1
launch_runs synth_1 -jobs 6
[Sun Apr 14 20:43:58 2019] Launched synth_1...
Run output will be captured here: c:/users/admin/desktop/sdhw-ccu-fpga-zynq-i/sd_da512_zynq_fpga.tmp/axi4_dev_v1_0_project/AXI4_DEV_v1_0_project.runs/synth_1/runme.log
ipx::merge_project_changes files [ipx::current_core]
WARNING: [IP_Flow 19-4963] bram has board value specified. The packaged IP will be restricted to usage with board 'em.avnet.com:zed:part0:1.3'
CRITICAL WARNING: [IP_Flow 19-5376] File 'c:/Users/admin/Desktop/SDHW-CCU-FPGA-ZYNQ-I/SD_DA512_ZYNQ_FPGA.ipdefs/AXI4_DEV_0_0_0/src/zynqfpgaregdef.vh' is marked as a global include. The packaging process cannot preserve this information, instead the file will be marked as an include file.
CRITICAL WARNING: [IP_Flow 19-5376] File 'c:/Users/admin/Desktop/SDHW-CCU-FPGA-ZYNQ-I/SD_DA512_ZYNQ_FPGA.ipdefs/AXI4_DEV_0_0_0/src/timescale.vh' is marked as a global include. The packaging process cannot preserve this information, instead the file will be marked as an include file.
CRITICAL WARNING: [IP_Flow 19-5376] File 'c:/Users/admin/Desktop/SDHW-CCU-FPGA-ZYNQ-I/SD_DA512_ZYNQ_FPGA.ipdefs/AXI4_DEV_0_0_0/src/simulation.vh' is marked as a global include. The packaging process cannot preserve this information, instead the file will be marked as an include file.
CRITICAL WARNING: [IP_Flow 19-5376] File 'c:/Users/admin/Desktop/SDHW-CCU-FPGA-ZYNQ-I/SD_DA512_ZYNQ_FPGA.ipdefs/AXI4_DEV_0_0_0/src/hardwarefpgadefine.vh' is marked as a global include. The packaging process cannot preserve this information, instead the file will be marked as an include file.
WARNING: [IP_Flow 19-5226] Project source file 'c:/Users/admin/Desktop/SDHW-CCU-FPGA-ZYNQ-I/SD_DA512_ZYNQ_FPGA.ipdefs/AXI4_DEV_0_0_0/component.xml' ignored by IP packager.
set_property core_revision 168 [ipx::current_core]
ipx::update_source_project_archive -component [ipx::current_core]
ipx::create_xgui_files [ipx::current_core]
ipx::update_checksums [ipx::current_core]
ipx::save_core [ipx::current_core]
ipx::move_temp_component_back -component [ipx::current_core]
close_project -delete
update_ip_catalog -rebuild -repo_path c:/Users/admin/Desktop/SDHW-CCU-FPGA-ZYNQ-I/SD_DA512_ZYNQ_FPGA.ipdefs/AXI4_DEV_0_0_0
INFO: [IP_Flow 19-725] Reloaded user IP repository 'c:/Users/admin/Desktop/SDHW-CCU-FPGA-ZYNQ-I/SD_DA512_ZYNQ_FPGA.ipdefs/AXI4_DEV_0_0_0'
report_ip_status -name ip_status 
upgrade_ip -vlnv xilinx.com:user:AXI4_DEV:1.0 [get_ips  CPU_AXI4_DEV_0_1] -log ip_upgrade.log
Upgrading 'C:/Users/admin/Desktop/SDHW-CCU-FPGA-ZYNQ-I/SD_DA512_ZYNQ_FPGA.srcs/sources_1/bd/CPU/CPU.bd'
INFO: [IP_Flow 19-3422] Upgraded CPU_AXI4_DEV_0_1 (AXI4_DEV_v1.0 1.0) from revision 167 to revision 168
Wrote  : <C:/Users/admin/Desktop/SDHW-CCU-FPGA-ZYNQ-I/SD_DA512_ZYNQ_FPGA.srcs/sources_1/bd/CPU/CPU.bd> 
INFO: [Coretcl 2-1525] Wrote upgrade log to 'C:/Users/admin/Desktop/SDHW-CCU-FPGA-ZYNQ-I/ip_upgrade.log'.
export_ip_user_files -of_objects [get_ips CPU_AXI4_DEV_0_1] -no_script -sync -force -quiet
generate_target all [get_files  C:/Users/admin/Desktop/SDHW-CCU-FPGA-ZYNQ-I/SD_DA512_ZYNQ_FPGA.srcs/sources_1/bd/CPU/CPU.bd]
Wrote  : <C:/Users/admin/Desktop/SDHW-CCU-FPGA-ZYNQ-I/SD_DA512_ZYNQ_FPGA.srcs/sources_1/bd/CPU/CPU.bd> 
VHDL Output written to : C:/Users/admin/Desktop/SDHW-CCU-FPGA-ZYNQ-I/SD_DA512_ZYNQ_FPGA.srcs/sources_1/bd/CPU/synth/CPU.v
VHDL Output written to : C:/Users/admin/Desktop/SDHW-CCU-FPGA-ZYNQ-I/SD_DA512_ZYNQ_FPGA.srcs/sources_1/bd/CPU/sim/CPU.v
VHDL Output written to : C:/Users/admin/Desktop/SDHW-CCU-FPGA-ZYNQ-I/SD_DA512_ZYNQ_FPGA.srcs/sources_1/bd/CPU/hdl/CPU_wrapper.v
INFO: [BD 41-1029] Generation completed for the IP Integrator block AXI4_DEV_0 .
INFO: [BD 41-1029] Generation completed for the IP Integrator block processing_system7_0 .
INFO: [BD 41-1029] Generation completed for the IP Integrator block rst_ps7_0_100M .
WARNING: [IP_Flow 19-3452] Invalid long/float value '5e+07' specified for parameter 'FREQ_HZ(CLK)' for CPU_auto_pc_0.
INFO: [BD 41-1029] Generation completed for the IP Integrator block ps7_0_axi_periph/s00_couplers/auto_pc .
Exporting to file C:/Users/admin/Desktop/SDHW-CCU-FPGA-ZYNQ-I/SD_DA512_ZYNQ_FPGA.srcs/sources_1/bd/CPU/hw_handoff/CPU.hwh
Generated Block Design Tcl file C:/Users/admin/Desktop/SDHW-CCU-FPGA-ZYNQ-I/SD_DA512_ZYNQ_FPGA.srcs/sources_1/bd/CPU/hw_handoff/CPU_bd.tcl
Generated Hardware Definition File C:/Users/admin/Desktop/SDHW-CCU-FPGA-ZYNQ-I/SD_DA512_ZYNQ_FPGA.srcs/sources_1/bd/CPU/synth/CPU.hwdef
generate_target: Time (s): cpu = 00:00:05 ; elapsed = 00:00:07 . Memory (MB): peak = 1785.785 ; gain = 46.586
export_ip_user_files -of_objects [get_files C:/Users/admin/Desktop/SDHW-CCU-FPGA-ZYNQ-I/SD_DA512_ZYNQ_FPGA.srcs/sources_1/bd/CPU/CPU.bd] -no_script -sync -force -quiet
export_simulation -of_objects [get_files C:/Users/admin/Desktop/SDHW-CCU-FPGA-ZYNQ-I/SD_DA512_ZYNQ_FPGA.srcs/sources_1/bd/CPU/CPU.bd] -directory C:/Users/admin/Desktop/SDHW-CCU-FPGA-ZYNQ-I/SD_DA512_ZYNQ_FPGA.ip_user_files/sim_scripts -ip_user_files_dir C:/Users/admin/Desktop/SDHW-CCU-FPGA-ZYNQ-I/SD_DA512_ZYNQ_FPGA.ip_user_files -ipstatic_source_dir C:/Users/admin/Desktop/SDHW-CCU-FPGA-ZYNQ-I/SD_DA512_ZYNQ_FPGA.ip_user_files/ipstatic -lib_map_path [list {modelsim=C:/Users/admin/Desktop/SDHW-CCU-FPGA-ZYNQ-I/SD_DA512_ZYNQ_FPGA.cache/compile_simlib/modelsim} {questa=C:/Users/admin/Desktop/SDHW-CCU-FPGA-ZYNQ-I/SD_DA512_ZYNQ_FPGA.cache/compile_simlib/questa} {riviera=C:/Users/admin/Desktop/SDHW-CCU-FPGA-ZYNQ-I/SD_DA512_ZYNQ_FPGA.cache/compile_simlib/riviera} {activehdl=C:/Users/admin/Desktop/SDHW-CCU-FPGA-ZYNQ-I/SD_DA512_ZYNQ_FPGA.cache/compile_simlib/activehdl}] -use_ip_compiled_libs -force -quiet
reset_run synth_1
launch_runs impl_1 -to_step write_bitstream -jobs 6
[Sun Apr 14 20:48:00 2019] Launched synth_1...
Run output will be captured here: C:/Users/admin/Desktop/SDHW-CCU-FPGA-ZYNQ-I/SD_DA512_ZYNQ_FPGA.runs/synth_1/runme.log
[Sun Apr 14 20:48:00 2019] Launched impl_1...
Run output will be captured here: C:/Users/admin/Desktop/SDHW-CCU-FPGA-ZYNQ-I/SD_DA512_ZYNQ_FPGA.runs/impl_1/runme.log
file copy -force C:/Users/admin/Desktop/SDHW-CCU-FPGA-ZYNQ-I/SD_DA512_ZYNQ_FPGA.runs/impl_1/CPU_wrapper.sysdef C:/Users/admin/Desktop/SDHW-CCU-FPGA-ZYNQ-I/SD_DA512_ZYNQ_FPGA.sdk/CPU_wrapper.hdf

launch_sdk -workspace C:/Users/admin/Desktop/SDHW-CCU-FPGA-ZYNQ-I/SD_DA512_ZYNQ_FPGA.sdk -hwspec C:/Users/admin/Desktop/SDHW-CCU-FPGA-ZYNQ-I/SD_DA512_ZYNQ_FPGA.sdk/CPU_wrapper.hdf
INFO: [Vivado 12-393] Launching SDK...
INFO: [Vivado 12-417] Running xsdk -workspace C:/Users/admin/Desktop/SDHW-CCU-FPGA-ZYNQ-I/SD_DA512_ZYNQ_FPGA.sdk -hwspec C:/Users/admin/Desktop/SDHW-CCU-FPGA-ZYNQ-I/SD_DA512_ZYNQ_FPGA.sdk/CPU_wrapper.hdf
INFO: [Vivado 12-3157] SDK launch initiated. Please check console for any further messages.
ipx::edit_ip_in_project -upgrade true -name AXI4_DEV_v1_0_project -directory C:/Users/admin/Desktop/SDHW-CCU-FPGA-ZYNQ-I/SD_DA512_ZYNQ_FPGA.tmp/AXI4_DEV_v1_0_project c:/Users/admin/Desktop/SDHW-CCU-FPGA-ZYNQ-I/SD_DA512_ZYNQ_FPGA.ipdefs/AXI4_DEV_0_0_0/component.xml
INFO: [ProjectBase 1-489] The host OS only allows 260 characters in a normal path. The project is stored in a path with more than 80 characters. If you experience issues with IP, Block Designs, or files not being found, please consider moving the project to a location with a shorter path. Alternately consider using the OS subst command to map part of the path to a drive letter.
Current project path is 'c:/users/admin/desktop/sdhw-ccu-fpga-zynq-i/sd_da512_zynq_fpga.tmp/axi4_dev_v1_0_project'
INFO: [IP_Flow 19-234] Refreshing IP repositories
INFO: [IP_Flow 19-1704] No user IP repositories specified
INFO: [IP_Flow 19-2313] Loaded Vivado IP repository 'D:/Xilinx/Vivado/2018.2/data/ip'.
INFO: [IP_Flow 19-234] Refreshing IP repositories
INFO: [IP_Flow 19-1700] Loaded user IP repository 'c:/Users/admin/Desktop/SDHW-CCU-FPGA-ZYNQ-I/SD_DA512_ZYNQ_FPGA.ipdefs/AXI4_DEV_0_0_0'.
INFO: [IP_Flow 19-795] Syncing license key meta-data
ipx::edit_ip_in_project: Time (s): cpu = 00:00:04 ; elapsed = 00:00:05 . Memory (MB): peak = 1785.785 ; gain = 0.000
update_compile_order -fileset sources_1
ipx::merge_project_changes files [ipx::current_core]
WARNING: [IP_Flow 19-4963] bram has board value specified. The packaged IP will be restricted to usage with board 'em.avnet.com:zed:part0:1.3'
CRITICAL WARNING: [IP_Flow 19-5376] File 'c:/Users/admin/Desktop/SDHW-CCU-FPGA-ZYNQ-I/SD_DA512_ZYNQ_FPGA.ipdefs/AXI4_DEV_0_0_0/src/zynqfpgaregdef.vh' is marked as a global include. The packaging process cannot preserve this information, instead the file will be marked as an include file.
CRITICAL WARNING: [IP_Flow 19-5376] File 'c:/Users/admin/Desktop/SDHW-CCU-FPGA-ZYNQ-I/SD_DA512_ZYNQ_FPGA.ipdefs/AXI4_DEV_0_0_0/src/timescale.vh' is marked as a global include. The packaging process cannot preserve this information, instead the file will be marked as an include file.
CRITICAL WARNING: [IP_Flow 19-5376] File 'c:/Users/admin/Desktop/SDHW-CCU-FPGA-ZYNQ-I/SD_DA512_ZYNQ_FPGA.ipdefs/AXI4_DEV_0_0_0/src/simulation.vh' is marked as a global include. The packaging process cannot preserve this information, instead the file will be marked as an include file.
CRITICAL WARNING: [IP_Flow 19-5376] File 'c:/Users/admin/Desktop/SDHW-CCU-FPGA-ZYNQ-I/SD_DA512_ZYNQ_FPGA.ipdefs/AXI4_DEV_0_0_0/src/hardwarefpgadefine.vh' is marked as a global include. The packaging process cannot preserve this information, instead the file will be marked as an include file.
WARNING: [IP_Flow 19-5226] Project source file 'c:/Users/admin/Desktop/SDHW-CCU-FPGA-ZYNQ-I/SD_DA512_ZYNQ_FPGA.ipdefs/AXI4_DEV_0_0_0/component.xml' ignored by IP packager.
set_property core_revision 169 [ipx::current_core]
ipx::update_source_project_archive -component [ipx::current_core]
ipx::create_xgui_files [ipx::current_core]
ipx::update_checksums [ipx::current_core]
ipx::save_core [ipx::current_core]
ipx::move_temp_component_back -component [ipx::current_core]
close_project -delete
update_ip_catalog -rebuild -repo_path c:/Users/admin/Desktop/SDHW-CCU-FPGA-ZYNQ-I/SD_DA512_ZYNQ_FPGA.ipdefs/AXI4_DEV_0_0_0
INFO: [IP_Flow 19-725] Reloaded user IP repository 'c:/Users/admin/Desktop/SDHW-CCU-FPGA-ZYNQ-I/SD_DA512_ZYNQ_FPGA.ipdefs/AXI4_DEV_0_0_0'
report_ip_status -name ip_status 
upgrade_ip -vlnv xilinx.com:user:AXI4_DEV:1.0 [get_ips  CPU_AXI4_DEV_0_1] -log ip_upgrade.log
Upgrading 'C:/Users/admin/Desktop/SDHW-CCU-FPGA-ZYNQ-I/SD_DA512_ZYNQ_FPGA.srcs/sources_1/bd/CPU/CPU.bd'
INFO: [IP_Flow 19-3422] Upgraded CPU_AXI4_DEV_0_1 (AXI4_DEV_v1.0 1.0) from revision 168 to revision 169
Wrote  : <C:/Users/admin/Desktop/SDHW-CCU-FPGA-ZYNQ-I/SD_DA512_ZYNQ_FPGA.srcs/sources_1/bd/CPU/CPU.bd> 
INFO: [Coretcl 2-1525] Wrote upgrade log to 'C:/Users/admin/Desktop/SDHW-CCU-FPGA-ZYNQ-I/ip_upgrade.log'.
export_ip_user_files -of_objects [get_ips CPU_AXI4_DEV_0_1] -no_script -sync -force -quiet
generate_target all [get_files  C:/Users/admin/Desktop/SDHW-CCU-FPGA-ZYNQ-I/SD_DA512_ZYNQ_FPGA.srcs/sources_1/bd/CPU/CPU.bd]
Wrote  : <C:/Users/admin/Desktop/SDHW-CCU-FPGA-ZYNQ-I/SD_DA512_ZYNQ_FPGA.srcs/sources_1/bd/CPU/CPU.bd> 
VHDL Output written to : C:/Users/admin/Desktop/SDHW-CCU-FPGA-ZYNQ-I/SD_DA512_ZYNQ_FPGA.srcs/sources_1/bd/CPU/synth/CPU.v
VHDL Output written to : C:/Users/admin/Desktop/SDHW-CCU-FPGA-ZYNQ-I/SD_DA512_ZYNQ_FPGA.srcs/sources_1/bd/CPU/sim/CPU.v
VHDL Output written to : C:/Users/admin/Desktop/SDHW-CCU-FPGA-ZYNQ-I/SD_DA512_ZYNQ_FPGA.srcs/sources_1/bd/CPU/hdl/CPU_wrapper.v
INFO: [BD 41-1029] Generation completed for the IP Integrator block AXI4_DEV_0 .
INFO: [BD 41-1029] Generation completed for the IP Integrator block processing_system7_0 .
INFO: [BD 41-1029] Generation completed for the IP Integrator block rst_ps7_0_100M .
WARNING: [IP_Flow 19-3452] Invalid long/float value '5e+07' specified for parameter 'FREQ_HZ(CLK)' for CPU_auto_pc_0.
INFO: [BD 41-1029] Generation completed for the IP Integrator block ps7_0_axi_periph/s00_couplers/auto_pc .
Exporting to file C:/Users/admin/Desktop/SDHW-CCU-FPGA-ZYNQ-I/SD_DA512_ZYNQ_FPGA.srcs/sources_1/bd/CPU/hw_handoff/CPU.hwh
Generated Block Design Tcl file C:/Users/admin/Desktop/SDHW-CCU-FPGA-ZYNQ-I/SD_DA512_ZYNQ_FPGA.srcs/sources_1/bd/CPU/hw_handoff/CPU_bd.tcl
Generated Hardware Definition File C:/Users/admin/Desktop/SDHW-CCU-FPGA-ZYNQ-I/SD_DA512_ZYNQ_FPGA.srcs/sources_1/bd/CPU/synth/CPU.hwdef
generate_target: Time (s): cpu = 00:00:04 ; elapsed = 00:00:07 . Memory (MB): peak = 1791.770 ; gain = 5.984
export_ip_user_files -of_objects [get_files C:/Users/admin/Desktop/SDHW-CCU-FPGA-ZYNQ-I/SD_DA512_ZYNQ_FPGA.srcs/sources_1/bd/CPU/CPU.bd] -no_script -sync -force -quiet
export_simulation -of_objects [get_files C:/Users/admin/Desktop/SDHW-CCU-FPGA-ZYNQ-I/SD_DA512_ZYNQ_FPGA.srcs/sources_1/bd/CPU/CPU.bd] -directory C:/Users/admin/Desktop/SDHW-CCU-FPGA-ZYNQ-I/SD_DA512_ZYNQ_FPGA.ip_user_files/sim_scripts -ip_user_files_dir C:/Users/admin/Desktop/SDHW-CCU-FPGA-ZYNQ-I/SD_DA512_ZYNQ_FPGA.ip_user_files -ipstatic_source_dir C:/Users/admin/Desktop/SDHW-CCU-FPGA-ZYNQ-I/SD_DA512_ZYNQ_FPGA.ip_user_files/ipstatic -lib_map_path [list {modelsim=C:/Users/admin/Desktop/SDHW-CCU-FPGA-ZYNQ-I/SD_DA512_ZYNQ_FPGA.cache/compile_simlib/modelsim} {questa=C:/Users/admin/Desktop/SDHW-CCU-FPGA-ZYNQ-I/SD_DA512_ZYNQ_FPGA.cache/compile_simlib/questa} {riviera=C:/Users/admin/Desktop/SDHW-CCU-FPGA-ZYNQ-I/SD_DA512_ZYNQ_FPGA.cache/compile_simlib/riviera} {activehdl=C:/Users/admin/Desktop/SDHW-CCU-FPGA-ZYNQ-I/SD_DA512_ZYNQ_FPGA.cache/compile_simlib/activehdl}] -use_ip_compiled_libs -force -quiet
reset_run synth_1
launch_runs impl_1 -to_step write_bitstream -jobs 6
[Sun Apr 14 21:27:17 2019] Launched synth_1...
Run output will be captured here: C:/Users/admin/Desktop/SDHW-CCU-FPGA-ZYNQ-I/SD_DA512_ZYNQ_FPGA.runs/synth_1/runme.log
[Sun Apr 14 21:27:17 2019] Launched impl_1...
Run output will be captured here: C:/Users/admin/Desktop/SDHW-CCU-FPGA-ZYNQ-I/SD_DA512_ZYNQ_FPGA.runs/impl_1/runme.log
report_ip_status -name ip_status 
file copy -force C:/Users/admin/Desktop/SDHW-CCU-FPGA-ZYNQ-I/SD_DA512_ZYNQ_FPGA.runs/impl_1/CPU_wrapper.sysdef C:/Users/admin/Desktop/SDHW-CCU-FPGA-ZYNQ-I/SD_DA512_ZYNQ_FPGA.sdk/CPU_wrapper.hdf

launch_sdk -workspace C:/Users/admin/Desktop/SDHW-CCU-FPGA-ZYNQ-I/SD_DA512_ZYNQ_FPGA.sdk -hwspec C:/Users/admin/Desktop/SDHW-CCU-FPGA-ZYNQ-I/SD_DA512_ZYNQ_FPGA.sdk/CPU_wrapper.hdf
INFO: [Vivado 12-393] Launching SDK...
INFO: [Vivado 12-417] Running xsdk -workspace C:/Users/admin/Desktop/SDHW-CCU-FPGA-ZYNQ-I/SD_DA512_ZYNQ_FPGA.sdk -hwspec C:/Users/admin/Desktop/SDHW-CCU-FPGA-ZYNQ-I/SD_DA512_ZYNQ_FPGA.sdk/CPU_wrapper.hdf
INFO: [Vivado 12-3157] SDK launch initiated. Please check console for any further messages.
ipx::edit_ip_in_project -upgrade true -name AXI4_DEV_v1_0_project -directory C:/Users/admin/Desktop/SDHW-CCU-FPGA-ZYNQ-I/SD_DA512_ZYNQ_FPGA.tmp/AXI4_DEV_v1_0_project c:/Users/admin/Desktop/SDHW-CCU-FPGA-ZYNQ-I/SD_DA512_ZYNQ_FPGA.ipdefs/AXI4_DEV_0_0_0/component.xml
INFO: [ProjectBase 1-489] The host OS only allows 260 characters in a normal path. The project is stored in a path with more than 80 characters. If you experience issues with IP, Block Designs, or files not being found, please consider moving the project to a location with a shorter path. Alternately consider using the OS subst command to map part of the path to a drive letter.
Current project path is 'c:/users/admin/desktop/sdhw-ccu-fpga-zynq-i/sd_da512_zynq_fpga.tmp/axi4_dev_v1_0_project'
INFO: [IP_Flow 19-234] Refreshing IP repositories
INFO: [IP_Flow 19-1704] No user IP repositories specified
INFO: [IP_Flow 19-2313] Loaded Vivado IP repository 'D:/Xilinx/Vivado/2018.2/data/ip'.
INFO: [IP_Flow 19-234] Refreshing IP repositories
INFO: [IP_Flow 19-1700] Loaded user IP repository 'c:/Users/admin/Desktop/SDHW-CCU-FPGA-ZYNQ-I/SD_DA512_ZYNQ_FPGA.ipdefs/AXI4_DEV_0_0_0'.
INFO: [IP_Flow 19-795] Syncing license key meta-data
ipx::edit_ip_in_project: Time (s): cpu = 00:00:05 ; elapsed = 00:00:05 . Memory (MB): peak = 1796.270 ; gain = 4.500
update_compile_order -fileset sources_1
ipx::merge_project_changes files [ipx::current_core]
WARNING: [IP_Flow 19-4963] bram has board value specified. The packaged IP will be restricted to usage with board 'em.avnet.com:zed:part0:1.3'
CRITICAL WARNING: [IP_Flow 19-5376] File 'c:/Users/admin/Desktop/SDHW-CCU-FPGA-ZYNQ-I/SD_DA512_ZYNQ_FPGA.ipdefs/AXI4_DEV_0_0_0/src/zynqfpgaregdef.vh' is marked as a global include. The packaging process cannot preserve this information, instead the file will be marked as an include file.
CRITICAL WARNING: [IP_Flow 19-5376] File 'c:/Users/admin/Desktop/SDHW-CCU-FPGA-ZYNQ-I/SD_DA512_ZYNQ_FPGA.ipdefs/AXI4_DEV_0_0_0/src/timescale.vh' is marked as a global include. The packaging process cannot preserve this information, instead the file will be marked as an include file.
CRITICAL WARNING: [IP_Flow 19-5376] File 'c:/Users/admin/Desktop/SDHW-CCU-FPGA-ZYNQ-I/SD_DA512_ZYNQ_FPGA.ipdefs/AXI4_DEV_0_0_0/src/simulation.vh' is marked as a global include. The packaging process cannot preserve this information, instead the file will be marked as an include file.
CRITICAL WARNING: [IP_Flow 19-5376] File 'c:/Users/admin/Desktop/SDHW-CCU-FPGA-ZYNQ-I/SD_DA512_ZYNQ_FPGA.ipdefs/AXI4_DEV_0_0_0/src/hardwarefpgadefine.vh' is marked as a global include. The packaging process cannot preserve this information, instead the file will be marked as an include file.
WARNING: [IP_Flow 19-5226] Project source file 'c:/Users/admin/Desktop/SDHW-CCU-FPGA-ZYNQ-I/SD_DA512_ZYNQ_FPGA.ipdefs/AXI4_DEV_0_0_0/component.xml' ignored by IP packager.
set_property core_revision 170 [ipx::current_core]
ipx::update_source_project_archive -component [ipx::current_core]
ipx::create_xgui_files [ipx::current_core]
ipx::update_checksums [ipx::current_core]
ipx::save_core [ipx::current_core]
launch_runs synth_1 -jobs 6
[Mon Apr 15 13:23:03 2019] Launched synth_1...
Run output will be captured here: c:/users/admin/desktop/sdhw-ccu-fpga-zynq-i/sd_da512_zynq_fpga.tmp/axi4_dev_v1_0_project/AXI4_DEV_v1_0_project.runs/synth_1/runme.log
ipx::update_checksums [ipx::current_core]
ipx::save_core [ipx::current_core]
set_property core_revision 171 [ipx::current_core]
ipx::update_source_project_archive -component [ipx::current_core]
ipx::create_xgui_files [ipx::current_core]
ipx::update_checksums [ipx::current_core]
ipx::save_core [ipx::current_core]
ipx::move_temp_component_back -component [ipx::current_core]
close_project -delete
update_ip_catalog -rebuild -repo_path c:/Users/admin/Desktop/SDHW-CCU-FPGA-ZYNQ-I/SD_DA512_ZYNQ_FPGA.ipdefs/AXI4_DEV_0_0_0
INFO: [IP_Flow 19-725] Reloaded user IP repository 'c:/Users/admin/Desktop/SDHW-CCU-FPGA-ZYNQ-I/SD_DA512_ZYNQ_FPGA.ipdefs/AXI4_DEV_0_0_0'
report_ip_status -name ip_status 
upgrade_ip -vlnv xilinx.com:user:AXI4_DEV:1.0 [get_ips  CPU_AXI4_DEV_0_1] -log ip_upgrade.log
Upgrading 'C:/Users/admin/Desktop/SDHW-CCU-FPGA-ZYNQ-I/SD_DA512_ZYNQ_FPGA.srcs/sources_1/bd/CPU/CPU.bd'
INFO: [IP_Flow 19-3422] Upgraded CPU_AXI4_DEV_0_1 (AXI4_DEV_v1.0 1.0) from revision 169 to revision 171
Wrote  : <C:/Users/admin/Desktop/SDHW-CCU-FPGA-ZYNQ-I/SD_DA512_ZYNQ_FPGA.srcs/sources_1/bd/CPU/CPU.bd> 
INFO: [Coretcl 2-1525] Wrote upgrade log to 'C:/Users/admin/Desktop/SDHW-CCU-FPGA-ZYNQ-I/ip_upgrade.log'.
export_ip_user_files -of_objects [get_ips CPU_AXI4_DEV_0_1] -no_script -sync -force -quiet
generate_target all [get_files  C:/Users/admin/Desktop/SDHW-CCU-FPGA-ZYNQ-I/SD_DA512_ZYNQ_FPGA.srcs/sources_1/bd/CPU/CPU.bd]
Wrote  : <C:/Users/admin/Desktop/SDHW-CCU-FPGA-ZYNQ-I/SD_DA512_ZYNQ_FPGA.srcs/sources_1/bd/CPU/CPU.bd> 
VHDL Output written to : C:/Users/admin/Desktop/SDHW-CCU-FPGA-ZYNQ-I/SD_DA512_ZYNQ_FPGA.srcs/sources_1/bd/CPU/synth/CPU.v
VHDL Output written to : C:/Users/admin/Desktop/SDHW-CCU-FPGA-ZYNQ-I/SD_DA512_ZYNQ_FPGA.srcs/sources_1/bd/CPU/sim/CPU.v
VHDL Output written to : C:/Users/admin/Desktop/SDHW-CCU-FPGA-ZYNQ-I/SD_DA512_ZYNQ_FPGA.srcs/sources_1/bd/CPU/hdl/CPU_wrapper.v
INFO: [BD 41-1029] Generation completed for the IP Integrator block AXI4_DEV_0 .
INFO: [BD 41-1029] Generation completed for the IP Integrator block processing_system7_0 .
INFO: [BD 41-1029] Generation completed for the IP Integrator block rst_ps7_0_100M .
WARNING: [IP_Flow 19-3452] Invalid long/float value '5e+07' specified for parameter 'FREQ_HZ(CLK)' for CPU_auto_pc_0.
INFO: [BD 41-1029] Generation completed for the IP Integrator block ps7_0_axi_periph/s00_couplers/auto_pc .
Exporting to file C:/Users/admin/Desktop/SDHW-CCU-FPGA-ZYNQ-I/SD_DA512_ZYNQ_FPGA.srcs/sources_1/bd/CPU/hw_handoff/CPU.hwh
Generated Block Design Tcl file C:/Users/admin/Desktop/SDHW-CCU-FPGA-ZYNQ-I/SD_DA512_ZYNQ_FPGA.srcs/sources_1/bd/CPU/hw_handoff/CPU_bd.tcl
Generated Hardware Definition File C:/Users/admin/Desktop/SDHW-CCU-FPGA-ZYNQ-I/SD_DA512_ZYNQ_FPGA.srcs/sources_1/bd/CPU/synth/CPU.hwdef
generate_target: Time (s): cpu = 00:00:04 ; elapsed = 00:00:08 . Memory (MB): peak = 1878.684 ; gain = 57.277
export_ip_user_files -of_objects [get_files C:/Users/admin/Desktop/SDHW-CCU-FPGA-ZYNQ-I/SD_DA512_ZYNQ_FPGA.srcs/sources_1/bd/CPU/CPU.bd] -no_script -sync -force -quiet
export_simulation -of_objects [get_files C:/Users/admin/Desktop/SDHW-CCU-FPGA-ZYNQ-I/SD_DA512_ZYNQ_FPGA.srcs/sources_1/bd/CPU/CPU.bd] -directory C:/Users/admin/Desktop/SDHW-CCU-FPGA-ZYNQ-I/SD_DA512_ZYNQ_FPGA.ip_user_files/sim_scripts -ip_user_files_dir C:/Users/admin/Desktop/SDHW-CCU-FPGA-ZYNQ-I/SD_DA512_ZYNQ_FPGA.ip_user_files -ipstatic_source_dir C:/Users/admin/Desktop/SDHW-CCU-FPGA-ZYNQ-I/SD_DA512_ZYNQ_FPGA.ip_user_files/ipstatic -lib_map_path [list {modelsim=C:/Users/admin/Desktop/SDHW-CCU-FPGA-ZYNQ-I/SD_DA512_ZYNQ_FPGA.cache/compile_simlib/modelsim} {questa=C:/Users/admin/Desktop/SDHW-CCU-FPGA-ZYNQ-I/SD_DA512_ZYNQ_FPGA.cache/compile_simlib/questa} {riviera=C:/Users/admin/Desktop/SDHW-CCU-FPGA-ZYNQ-I/SD_DA512_ZYNQ_FPGA.cache/compile_simlib/riviera} {activehdl=C:/Users/admin/Desktop/SDHW-CCU-FPGA-ZYNQ-I/SD_DA512_ZYNQ_FPGA.cache/compile_simlib/activehdl}] -use_ip_compiled_libs -force -quiet
report_ip_status -name ip_status 
reset_run synth_1
launch_runs impl_1 -to_step write_bitstream -jobs 6
[Mon Apr 15 13:27:33 2019] Launched synth_1...
Run output will be captured here: C:/Users/admin/Desktop/SDHW-CCU-FPGA-ZYNQ-I/SD_DA512_ZYNQ_FPGA.runs/synth_1/runme.log
[Mon Apr 15 13:27:33 2019] Launched impl_1...
Run output will be captured here: C:/Users/admin/Desktop/SDHW-CCU-FPGA-ZYNQ-I/SD_DA512_ZYNQ_FPGA.runs/impl_1/runme.log
file copy -force C:/Users/admin/Desktop/SDHW-CCU-FPGA-ZYNQ-I/SD_DA512_ZYNQ_FPGA.runs/impl_1/CPU_wrapper.sysdef C:/Users/admin/Desktop/SDHW-CCU-FPGA-ZYNQ-I/SD_DA512_ZYNQ_FPGA.sdk/CPU_wrapper.hdf

launch_sdk -workspace C:/Users/admin/Desktop/SDHW-CCU-FPGA-ZYNQ-I/SD_DA512_ZYNQ_FPGA.sdk -hwspec C:/Users/admin/Desktop/SDHW-CCU-FPGA-ZYNQ-I/SD_DA512_ZYNQ_FPGA.sdk/CPU_wrapper.hdf
INFO: [Vivado 12-393] Launching SDK...
INFO: [Vivado 12-417] Running xsdk -workspace C:/Users/admin/Desktop/SDHW-CCU-FPGA-ZYNQ-I/SD_DA512_ZYNQ_FPGA.sdk -hwspec C:/Users/admin/Desktop/SDHW-CCU-FPGA-ZYNQ-I/SD_DA512_ZYNQ_FPGA.sdk/CPU_wrapper.hdf
INFO: [Vivado 12-3157] SDK launch initiated. Please check console for any further messages.
ipx::edit_ip_in_project -upgrade true -name AXI4_DEV_v1_0_project -directory C:/Users/admin/Desktop/SDHW-CCU-FPGA-ZYNQ-I/SD_DA512_ZYNQ_FPGA.tmp/AXI4_DEV_v1_0_project c:/Users/admin/Desktop/SDHW-CCU-FPGA-ZYNQ-I/SD_DA512_ZYNQ_FPGA.ipdefs/AXI4_DEV_0_0_0/component.xml
INFO: [ProjectBase 1-489] The host OS only allows 260 characters in a normal path. The project is stored in a path with more than 80 characters. If you experience issues with IP, Block Designs, or files not being found, please consider moving the project to a location with a shorter path. Alternately consider using the OS subst command to map part of the path to a drive letter.
Current project path is 'c:/users/admin/desktop/sdhw-ccu-fpga-zynq-i/sd_da512_zynq_fpga.tmp/axi4_dev_v1_0_project'
INFO: [IP_Flow 19-234] Refreshing IP repositories
INFO: [IP_Flow 19-1704] No user IP repositories specified
INFO: [IP_Flow 19-2313] Loaded Vivado IP repository 'D:/Xilinx/Vivado/2018.2/data/ip'.
INFO: [IP_Flow 19-234] Refreshing IP repositories
INFO: [IP_Flow 19-1700] Loaded user IP repository 'c:/Users/admin/Desktop/SDHW-CCU-FPGA-ZYNQ-I/SD_DA512_ZYNQ_FPGA.ipdefs/AXI4_DEV_0_0_0'.
INFO: [IP_Flow 19-795] Syncing license key meta-data
ipx::edit_ip_in_project: Time (s): cpu = 00:00:05 ; elapsed = 00:00:06 . Memory (MB): peak = 1878.684 ; gain = 0.000
update_compile_order -fileset sources_1
launch_runs synth_1 -jobs 6
[Mon Apr 15 15:37:59 2019] Launched synth_1...
Run output will be captured here: c:/users/admin/desktop/sdhw-ccu-fpga-zynq-i/sd_da512_zynq_fpga.tmp/axi4_dev_v1_0_project/AXI4_DEV_v1_0_project.runs/synth_1/runme.log
ipx::merge_project_changes files [ipx::current_core]
WARNING: [IP_Flow 19-4963] bram has board value specified. The packaged IP will be restricted to usage with board 'em.avnet.com:zed:part0:1.3'
CRITICAL WARNING: [IP_Flow 19-5376] File 'c:/Users/admin/Desktop/SDHW-CCU-FPGA-ZYNQ-I/SD_DA512_ZYNQ_FPGA.ipdefs/AXI4_DEV_0_0_0/src/zynqfpgaregdef.vh' is marked as a global include. The packaging process cannot preserve this information, instead the file will be marked as an include file.
CRITICAL WARNING: [IP_Flow 19-5376] File 'c:/Users/admin/Desktop/SDHW-CCU-FPGA-ZYNQ-I/SD_DA512_ZYNQ_FPGA.ipdefs/AXI4_DEV_0_0_0/src/timescale.vh' is marked as a global include. The packaging process cannot preserve this information, instead the file will be marked as an include file.
CRITICAL WARNING: [IP_Flow 19-5376] File 'c:/Users/admin/Desktop/SDHW-CCU-FPGA-ZYNQ-I/SD_DA512_ZYNQ_FPGA.ipdefs/AXI4_DEV_0_0_0/src/simulation.vh' is marked as a global include. The packaging process cannot preserve this information, instead the file will be marked as an include file.
CRITICAL WARNING: [IP_Flow 19-5376] File 'c:/Users/admin/Desktop/SDHW-CCU-FPGA-ZYNQ-I/SD_DA512_ZYNQ_FPGA.ipdefs/AXI4_DEV_0_0_0/src/hardwarefpgadefine.vh' is marked as a global include. The packaging process cannot preserve this information, instead the file will be marked as an include file.
WARNING: [IP_Flow 19-5226] Project source file 'c:/Users/admin/Desktop/SDHW-CCU-FPGA-ZYNQ-I/SD_DA512_ZYNQ_FPGA.ipdefs/AXI4_DEV_0_0_0/component.xml' ignored by IP packager.
set_property core_revision 172 [ipx::current_core]
ipx::update_source_project_archive -component [ipx::current_core]
ipx::create_xgui_files [ipx::current_core]
ipx::update_checksums [ipx::current_core]
ipx::save_core [ipx::current_core]
ipx::move_temp_component_back -component [ipx::current_core]
close_project -delete
update_ip_catalog -rebuild -repo_path c:/Users/admin/Desktop/SDHW-CCU-FPGA-ZYNQ-I/SD_DA512_ZYNQ_FPGA.ipdefs/AXI4_DEV_0_0_0
INFO: [IP_Flow 19-725] Reloaded user IP repository 'c:/Users/admin/Desktop/SDHW-CCU-FPGA-ZYNQ-I/SD_DA512_ZYNQ_FPGA.ipdefs/AXI4_DEV_0_0_0'
report_ip_status -name ip_status 
upgrade_ip -vlnv xilinx.com:user:AXI4_DEV:1.0 [get_ips  CPU_AXI4_DEV_0_1] -log ip_upgrade.log
Upgrading 'C:/Users/admin/Desktop/SDHW-CCU-FPGA-ZYNQ-I/SD_DA512_ZYNQ_FPGA.srcs/sources_1/bd/CPU/CPU.bd'
INFO: [IP_Flow 19-3422] Upgraded CPU_AXI4_DEV_0_1 (AXI4_DEV_v1.0 1.0) from revision 171 to revision 172
Wrote  : <C:/Users/admin/Desktop/SDHW-CCU-FPGA-ZYNQ-I/SD_DA512_ZYNQ_FPGA.srcs/sources_1/bd/CPU/CPU.bd> 
INFO: [Coretcl 2-1525] Wrote upgrade log to 'C:/Users/admin/Desktop/SDHW-CCU-FPGA-ZYNQ-I/ip_upgrade.log'.
export_ip_user_files -of_objects [get_ips CPU_AXI4_DEV_0_1] -no_script -sync -force -quiet
generate_target all [get_files  C:/Users/admin/Desktop/SDHW-CCU-FPGA-ZYNQ-I/SD_DA512_ZYNQ_FPGA.srcs/sources_1/bd/CPU/CPU.bd]
Wrote  : <C:/Users/admin/Desktop/SDHW-CCU-FPGA-ZYNQ-I/SD_DA512_ZYNQ_FPGA.srcs/sources_1/bd/CPU/CPU.bd> 
VHDL Output written to : C:/Users/admin/Desktop/SDHW-CCU-FPGA-ZYNQ-I/SD_DA512_ZYNQ_FPGA.srcs/sources_1/bd/CPU/synth/CPU.v
VHDL Output written to : C:/Users/admin/Desktop/SDHW-CCU-FPGA-ZYNQ-I/SD_DA512_ZYNQ_FPGA.srcs/sources_1/bd/CPU/sim/CPU.v
VHDL Output written to : C:/Users/admin/Desktop/SDHW-CCU-FPGA-ZYNQ-I/SD_DA512_ZYNQ_FPGA.srcs/sources_1/bd/CPU/hdl/CPU_wrapper.v
INFO: [BD 41-1029] Generation completed for the IP Integrator block AXI4_DEV_0 .
INFO: [BD 41-1029] Generation completed for the IP Integrator block processing_system7_0 .
INFO: [BD 41-1029] Generation completed for the IP Integrator block rst_ps7_0_100M .
WARNING: [IP_Flow 19-3452] Invalid long/float value '5e+07' specified for parameter 'FREQ_HZ(CLK)' for CPU_auto_pc_0.
INFO: [BD 41-1029] Generation completed for the IP Integrator block ps7_0_axi_periph/s00_couplers/auto_pc .
Exporting to file C:/Users/admin/Desktop/SDHW-CCU-FPGA-ZYNQ-I/SD_DA512_ZYNQ_FPGA.srcs/sources_1/bd/CPU/hw_handoff/CPU.hwh
Generated Block Design Tcl file C:/Users/admin/Desktop/SDHW-CCU-FPGA-ZYNQ-I/SD_DA512_ZYNQ_FPGA.srcs/sources_1/bd/CPU/hw_handoff/CPU_bd.tcl
Generated Hardware Definition File C:/Users/admin/Desktop/SDHW-CCU-FPGA-ZYNQ-I/SD_DA512_ZYNQ_FPGA.srcs/sources_1/bd/CPU/synth/CPU.hwdef
generate_target: Time (s): cpu = 00:00:04 ; elapsed = 00:00:07 . Memory (MB): peak = 1932.824 ; gain = 54.141
export_ip_user_files -of_objects [get_files C:/Users/admin/Desktop/SDHW-CCU-FPGA-ZYNQ-I/SD_DA512_ZYNQ_FPGA.srcs/sources_1/bd/CPU/CPU.bd] -no_script -sync -force -quiet
export_simulation -of_objects [get_files C:/Users/admin/Desktop/SDHW-CCU-FPGA-ZYNQ-I/SD_DA512_ZYNQ_FPGA.srcs/sources_1/bd/CPU/CPU.bd] -directory C:/Users/admin/Desktop/SDHW-CCU-FPGA-ZYNQ-I/SD_DA512_ZYNQ_FPGA.ip_user_files/sim_scripts -ip_user_files_dir C:/Users/admin/Desktop/SDHW-CCU-FPGA-ZYNQ-I/SD_DA512_ZYNQ_FPGA.ip_user_files -ipstatic_source_dir C:/Users/admin/Desktop/SDHW-CCU-FPGA-ZYNQ-I/SD_DA512_ZYNQ_FPGA.ip_user_files/ipstatic -lib_map_path [list {modelsim=C:/Users/admin/Desktop/SDHW-CCU-FPGA-ZYNQ-I/SD_DA512_ZYNQ_FPGA.cache/compile_simlib/modelsim} {questa=C:/Users/admin/Desktop/SDHW-CCU-FPGA-ZYNQ-I/SD_DA512_ZYNQ_FPGA.cache/compile_simlib/questa} {riviera=C:/Users/admin/Desktop/SDHW-CCU-FPGA-ZYNQ-I/SD_DA512_ZYNQ_FPGA.cache/compile_simlib/riviera} {activehdl=C:/Users/admin/Desktop/SDHW-CCU-FPGA-ZYNQ-I/SD_DA512_ZYNQ_FPGA.cache/compile_simlib/activehdl}] -use_ip_compiled_libs -force -quiet
reset_run synth_1
launch_runs impl_1 -to_step write_bitstream -jobs 6
[Mon Apr 15 15:43:14 2019] Launched synth_1...
Run output will be captured here: C:/Users/admin/Desktop/SDHW-CCU-FPGA-ZYNQ-I/SD_DA512_ZYNQ_FPGA.runs/synth_1/runme.log
[Mon Apr 15 15:43:14 2019] Launched impl_1...
Run output will be captured here: C:/Users/admin/Desktop/SDHW-CCU-FPGA-ZYNQ-I/SD_DA512_ZYNQ_FPGA.runs/impl_1/runme.log
report_ip_status -name ip_status 
file copy -force C:/Users/admin/Desktop/SDHW-CCU-FPGA-ZYNQ-I/SD_DA512_ZYNQ_FPGA.runs/impl_1/CPU_wrapper.sysdef C:/Users/admin/Desktop/SDHW-CCU-FPGA-ZYNQ-I/SD_DA512_ZYNQ_FPGA.sdk/CPU_wrapper.hdf

launch_sdk -workspace C:/Users/admin/Desktop/SDHW-CCU-FPGA-ZYNQ-I/SD_DA512_ZYNQ_FPGA.sdk -hwspec C:/Users/admin/Desktop/SDHW-CCU-FPGA-ZYNQ-I/SD_DA512_ZYNQ_FPGA.sdk/CPU_wrapper.hdf
INFO: [Vivado 12-393] Launching SDK...
INFO: [Vivado 12-417] Running xsdk -workspace C:/Users/admin/Desktop/SDHW-CCU-FPGA-ZYNQ-I/SD_DA512_ZYNQ_FPGA.sdk -hwspec C:/Users/admin/Desktop/SDHW-CCU-FPGA-ZYNQ-I/SD_DA512_ZYNQ_FPGA.sdk/CPU_wrapper.hdf
INFO: [Vivado 12-3157] SDK launch initiated. Please check console for any further messages.
exit
INFO: [Common 17-206] Exiting Vivado at Mon Apr 15 15:53:02 2019...
